{"/app/src/app.js": {"path":"/app/src/app.js","statementMap":{"0":{"start":{"line":3,"column":0},"end":{"line":3,"column":27}},"1":{"start":{"line":5,"column":16},"end":{"line":5,"column":34}},"2":{"start":{"line":6,"column":13},"end":{"line":6,"column":28}},"3":{"start":{"line":7,"column":18},"end":{"line":7,"column":47}},"4":{"start":{"line":8,"column":15},"end":{"line":8,"column":40}},"5":{"start":{"line":9,"column":20},"end":{"line":9,"column":45}},"6":{"start":{"line":10,"column":11},"end":{"line":10,"column":41}},"7":{"start":{"line":11,"column":20},"end":{"line":11,"column":53}},"8":{"start":{"line":12,"column":26},"end":{"line":12,"column":65}},"9":{"start":{"line":13,"column":25},"end":{"line":13,"column":45}},"10":{"start":{"line":16,"column":12},"end":{"line":16,"column":21}},"11":{"start":{"line":17,"column":13},"end":{"line":17,"column":37}},"12":{"start":{"line":20,"column":0},"end":{"line":20,"column":26}},"13":{"start":{"line":22,"column":0},"end":{"line":22,"column":41}},"14":{"start":{"line":23,"column":0},"end":{"line":23,"column":63}},"15":{"start":{"line":26,"column":20},"end":{"line":32,"column":2}},"16":{"start":{"line":35,"column":0},"end":{"line":35,"column":70}},"17":{"start":{"line":38,"column":0},"end":{"line":42,"column":3}},"18":{"start":{"line":39,"column":2},"end":{"line":39,"column":53}},"19":{"start":{"line":40,"column":2},"end":{"line":40,"column":43}},"20":{"start":{"line":41,"column":2},"end":{"line":41,"column":9}},"21":{"start":{"line":45,"column":0},"end":{"line":45,"column":36}},"22":{"start":{"line":46,"column":0},"end":{"line":46,"column":39}},"23":{"start":{"line":47,"column":0},"end":{"line":47,"column":35}},"24":{"start":{"line":48,"column":0},"end":{"line":48,"column":36}},"25":{"start":{"line":49,"column":0},"end":{"line":49,"column":41}},"26":{"start":{"line":50,"column":0},"end":{"line":50,"column":42}},"27":{"start":{"line":52,"column":0},"end":{"line":81,"column":3}},"28":{"start":{"line":53,"column":17},"end":{"line":56,"column":3}},"29":{"start":{"line":58,"column":2},"end":{"line":65,"column":3}},"30":{"start":{"line":59,"column":17},"end":{"line":59,"column":43}},"31":{"start":{"line":60,"column":4},"end":{"line":62,"column":5}},"32":{"start":{"line":61,"column":6},"end":{"line":61,"column":35}},"33":{"start":{"line":64,"column":4},"end":{"line":64,"column":29}},"34":{"start":{"line":67,"column":2},"end":{"line":73,"column":3}},"35":{"start":{"line":68,"column":29},"end":{"line":68,"column":57}},"36":{"start":{"line":70,"column":4},"end":{"line":70,"column":74}},"37":{"start":{"line":72,"column":4},"end":{"line":72,"column":31}},"38":{"start":{"line":75,"column":17},"end":{"line":75,"column":61}},"39":{"start":{"line":76,"column":2},"end":{"line":80,"column":5}},"40":{"start":{"line":84,"column":0},"end":{"line":86,"column":1}},"41":{"start":{"line":85,"column":2},"end":{"line":85,"column":20}},"42":{"start":{"line":88,"column":0},"end":{"line":88,"column":31}},"43":{"start":{"line":89,"column":0},"end":{"line":89,"column":21}},"44":{"start":{"line":92,"column":0},"end":{"line":98,"column":3}},"45":{"start":{"line":93,"column":2},"end":{"line":93,"column":51}},"46":{"start":{"line":94,"column":2},"end":{"line":96,"column":3}},"47":{"start":{"line":95,"column":4},"end":{"line":95,"column":74}},"48":{"start":{"line":97,"column":2},"end":{"line":97,"column":99}},"49":{"start":{"line":102,"column":2},"end":{"line":102,"column":21}},"50":{"start":{"line":103,"column":2},"end":{"line":114,"column":3}},"51":{"start":{"line":104,"column":4},"end":{"line":113,"column":7}},"52":{"start":{"line":105,"column":6},"end":{"line":105,"column":66}},"53":{"start":{"line":106,"column":6},"end":{"line":106,"column":85}},"54":{"start":{"line":109,"column":6},"end":{"line":109,"column":37}},"55":{"start":{"line":112,"column":6},"end":{"line":112,"column":49}},"56":{"start":{"line":117,"column":0},"end":{"line":125,"column":1}},"57":{"start":{"line":118,"column":2},"end":{"line":121,"column":5}},"58":{"start":{"line":119,"column":4},"end":{"line":119,"column":74}},"59":{"start":{"line":120,"column":4},"end":{"line":120,"column":20}},"60":{"start":{"line":124,"column":2},"end":{"line":124,"column":88}},"61":{"start":{"line":124,"column":28},"end":{"line":124,"column":86}},"62":{"start":{"line":127,"column":0},"end":{"line":127,"column":21}}},"fnMap":{"0":{"name":"(anonymous_0)","decl":{"start":{"line":38,"column":8},"end":{"line":38,"column":9}},"loc":{"start":{"line":38,"column":28},"end":{"line":42,"column":1}},"line":38},"1":{"name":"(anonymous_1)","decl":{"start":{"line":52,"column":19},"end":{"line":52,"column":20}},"loc":{"start":{"line":52,"column":39},"end":{"line":81,"column":1}},"line":52},"2":{"name":"(anonymous_2)","decl":{"start":{"line":92,"column":8},"end":{"line":92,"column":9}},"loc":{"start":{"line":92,"column":33},"end":{"line":98,"column":1}},"line":92},"3":{"name":"start","decl":{"start":{"line":101,"column":15},"end":{"line":101,"column":20}},"loc":{"start":{"line":101,"column":23},"end":{"line":115,"column":1}},"line":101},"4":{"name":"(anonymous_4)","decl":{"start":{"line":104,"column":32},"end":{"line":104,"column":33}},"loc":{"start":{"line":104,"column":38},"end":{"line":113,"column":5}},"line":104},"5":{"name":"(anonymous_5)","decl":{"start":{"line":118,"column":16},"end":{"line":118,"column":17}},"loc":{"start":{"line":118,"column":23},"end":{"line":121,"column":3}},"line":118},"6":{"name":"(anonymous_6)","decl":{"start":{"line":124,"column":21},"end":{"line":124,"column":22}},"loc":{"start":{"line":124,"column":28},"end":{"line":124,"column":86}},"line":124}},"branchMap":{"0":{"loc":{"start":{"line":17,"column":13},"end":{"line":17,"column":37}},"type":"binary-expr","locations":[{"start":{"line":17,"column":13},"end":{"line":17,"column":29}},{"start":{"line":17,"column":33},"end":{"line":17,"column":37}}],"line":17},"1":{"loc":{"start":{"line":59,"column":17},"end":{"line":59,"column":43}},"type":"binary-expr","locations":[{"start":{"line":59,"column":17},"end":{"line":59,"column":27}},{"start":{"line":59,"column":31},"end":{"line":59,"column":43}}],"line":59},"2":{"loc":{"start":{"line":60,"column":4},"end":{"line":62,"column":5}},"type":"if","locations":[{"start":{"line":60,"column":4},"end":{"line":62,"column":5}},{"start":{},"end":{}}],"line":60},"3":{"loc":{"start":{"line":70,"column":24},"end":{"line":70,"column":73}},"type":"cond-expr","locations":[{"start":{"line":70,"column":52},"end":{"line":70,"column":56}},{"start":{"line":70,"column":59},"end":{"line":70,"column":73}}],"line":70},"4":{"loc":{"start":{"line":75,"column":17},"end":{"line":75,"column":61}},"type":"cond-expr","locations":[{"start":{"line":75,"column":44},"end":{"line":75,"column":48}},{"start":{"line":75,"column":51},"end":{"line":75,"column":61}}],"line":75},"5":{"loc":{"start":{"line":76,"column":13},"end":{"line":76,"column":40}},"type":"cond-expr","locations":[{"start":{"line":76,"column":31},"end":{"line":76,"column":34}},{"start":{"line":76,"column":37},"end":{"line":76,"column":40}}],"line":76},"6":{"loc":{"start":{"line":84,"column":0},"end":{"line":86,"column":1}},"type":"if","locations":[{"start":{"line":84,"column":0},"end":{"line":86,"column":1}},{"start":{},"end":{}}],"line":84},"7":{"loc":{"start":{"line":94,"column":2},"end":{"line":96,"column":3}},"type":"if","locations":[{"start":{"line":94,"column":2},"end":{"line":96,"column":3}},{"start":{},"end":{}}],"line":94},"8":{"loc":{"start":{"line":103,"column":2},"end":{"line":114,"column":3}},"type":"if","locations":[{"start":{"line":103,"column":2},"end":{"line":114,"column":3}},{"start":{},"end":{}}],"line":103},"9":{"loc":{"start":{"line":106,"column":38},"end":{"line":106,"column":81}},"type":"binary-expr","locations":[{"start":{"line":106,"column":38},"end":{"line":106,"column":61}},{"start":{"line":106,"column":65},"end":{"line":106,"column":81}}],"line":106},"10":{"loc":{"start":{"line":117,"column":0},"end":{"line":125,"column":1}},"type":"if","locations":[{"start":{"line":117,"column":0},"end":{"line":125,"column":1}},{"start":{"line":122,"column":7},"end":{"line":125,"column":1}}],"line":117}},"s":{"0":2,"1":2,"2":2,"3":2,"4":2,"5":2,"6":2,"7":2,"8":2,"9":2,"10":2,"11":2,"12":2,"13":2,"14":2,"15":2,"16":2,"17":2,"18":10,"19":10,"20":10,"21":2,"22":2,"23":2,"24":2,"25":2,"26":2,"27":2,"28":1,"29":1,"30":1,"31":1,"32":1,"33":0,"34":1,"35":1,"36":1,"37":0,"38":1,"39":1,"40":2,"41":0,"42":2,"43":2,"44":2,"45":0,"46":0,"47":0,"48":0,"49":0,"50":0,"51":0,"52":0,"53":0,"54":0,"55":0,"56":2,"57":0,"58":0,"59":0,"60":2,"61":0,"62":2},"f":{"0":10,"1":1,"2":0,"3":0,"4":0,"5":0,"6":0},"b":{"0":[2,2],"1":[1,1],"2":[1,0],"3":[0,1],"4":[1,0],"5":[1,0],"6":[0,2],"7":[0,0],"8":[0,0],"9":[0,0],"10":[0,2]},"_coverageSchema":"1a1c01bbd47fc00a2c39e90264f33305004495a9","hash":"753713fcab32a10fe64bbf80abae083de480e50a"}
,"/app/src/swagger.js": {"path":"/app/src/swagger.js","statementMap":{"0":{"start":{"line":3,"column":21},"end":{"line":3,"column":45}},"1":{"start":{"line":4,"column":18},"end":{"line":4,"column":47}},"2":{"start":{"line":6,"column":16},"end":{"line":22,"column":1}},"3":{"start":{"line":24,"column":14},"end":{"line":24,"column":35}},"4":{"start":{"line":27,"column":27},"end":{"line":30,"column":3}},"5":{"start":{"line":33,"column":2},"end":{"line":41,"column":3}},"6":{"start":{"line":34,"column":4},"end":{"line":40,"column":7}},"7":{"start":{"line":35,"column":20},"end":{"line":35,"column":67}},"8":{"start":{"line":36,"column":6},"end":{"line":38,"column":7}},"9":{"start":{"line":37,"column":8},"end":{"line":37,"column":22}},"10":{"start":{"line":39,"column":6},"end":{"line":39,"column":116}},"11":{"start":{"line":43,"column":2},"end":{"line":43,"column":78}},"12":{"start":{"line":44,"column":2},"end":{"line":47,"column":5}},"13":{"start":{"line":45,"column":4},"end":{"line":45,"column":54}},"14":{"start":{"line":46,"column":4},"end":{"line":46,"column":20}},"15":{"start":{"line":50,"column":0},"end":{"line":50,"column":34}}},"fnMap":{"0":{"name":"setupSwagger","decl":{"start":{"line":26,"column":9},"end":{"line":26,"column":21}},"loc":{"start":{"line":26,"column":27},"end":{"line":48,"column":1}},"line":26},"1":{"name":"(anonymous_1)","decl":{"start":{"line":34,"column":21},"end":{"line":34,"column":22}},"loc":{"start":{"line":34,"column":41},"end":{"line":40,"column":5}},"line":34},"2":{"name":"(anonymous_2)","decl":{"start":{"line":44,"column":27},"end":{"line":44,"column":28}},"loc":{"start":{"line":44,"column":41},"end":{"line":47,"column":3}},"line":44}},"branchMap":{"0":{"loc":{"start":{"line":33,"column":2},"end":{"line":41,"column":3}},"type":"if","locations":[{"start":{"line":33,"column":2},"end":{"line":41,"column":3}},{"start":{},"end":{}}],"line":33},"1":{"loc":{"start":{"line":35,"column":20},"end":{"line":35,"column":67}},"type":"binary-expr","locations":[{"start":{"line":35,"column":20},"end":{"line":35,"column":35}},{"start":{"line":35,"column":39},"end":{"line":35,"column":67}}],"line":35},"2":{"loc":{"start":{"line":36,"column":6},"end":{"line":38,"column":7}},"type":"if","locations":[{"start":{"line":36,"column":6},"end":{"line":38,"column":7}},{"start":{},"end":{}}],"line":36}},"s":{"0":2,"1":2,"2":2,"3":2,"4":0,"5":0,"6":0,"7":0,"8":0,"9":0,"10":0,"11":0,"12":0,"13":0,"14":0,"15":2},"f":{"0":0,"1":0,"2":0},"b":{"0":[0,0],"1":[0,0],"2":[0,0]},"_coverageSchema":"1a1c01bbd47fc00a2c39e90264f33305004495a9","hash":"c433de3e966d8a63c9fc9fc7564712f22a053d01"}
,"/app/src/routes/admin.js": {"path":"/app/src/routes/admin.js","statementMap":{"0":{"start":{"line":3,"column":16},"end":{"line":3,"column":34}},"1":{"start":{"line":4,"column":62},"end":{"line":4,"column":90}},"2":{"start":{"line":5,"column":15},"end":{"line":5,"column":31}},"3":{"start":{"line":6,"column":13},"end":{"line":6,"column":28}},"4":{"start":{"line":7,"column":11},"end":{"line":7,"column":24}},"5":{"start":{"line":8,"column":23},"end":{"line":8,"column":54}},"6":{"start":{"line":9,"column":23},"end":{"line":9,"column":60}},"7":{"start":{"line":10,"column":23},"end":{"line":10,"column":51}},"8":{"start":{"line":11,"column":23},"end":{"line":11,"column":51}},"9":{"start":{"line":12,"column":23},"end":{"line":12,"column":50}},"10":{"start":{"line":13,"column":23},"end":{"line":13,"column":39}},"11":{"start":{"line":14,"column":23},"end":{"line":14,"column":57}},"12":{"start":{"line":15,"column":45},"end":{"line":15,"column":73}},"13":{"start":{"line":17,"column":21},"end":{"line":17,"column":75}},"14":{"start":{"line":18,"column":15},"end":{"line":18,"column":51}},"15":{"start":{"line":21,"column":0},"end":{"line":26,"column":3}},"16":{"start":{"line":22,"column":2},"end":{"line":22,"column":90}},"17":{"start":{"line":23,"column":2},"end":{"line":23,"column":38}},"18":{"start":{"line":24,"column":2},"end":{"line":24,"column":32}},"19":{"start":{"line":25,"column":2},"end":{"line":25,"column":9}},"20":{"start":{"line":30,"column":2},"end":{"line":32,"column":3}},"21":{"start":{"line":31,"column":4},"end":{"line":31,"column":25}},"22":{"start":{"line":34,"column":16},"end":{"line":34,"column":38}},"23":{"start":{"line":35,"column":18},"end":{"line":35,"column":26}},"24":{"start":{"line":36,"column":15},"end":{"line":36,"column":67}},"25":{"start":{"line":38,"column":2},"end":{"line":40,"column":3}},"26":{"start":{"line":39,"column":4},"end":{"line":39,"column":16}},"27":{"start":{"line":42,"column":18},"end":{"line":49,"column":3}},"28":{"start":{"line":43,"column":20},"end":{"line":43,"column":40}},"29":{"start":{"line":44,"column":4},"end":{"line":44,"column":42}},"30":{"start":{"line":44,"column":30},"end":{"line":44,"column":42}},"31":{"start":{"line":45,"column":4},"end":{"line":48,"column":44}},"32":{"start":{"line":51,"column":16},"end":{"line":51,"column":27}},"33":{"start":{"line":52,"column":19},"end":{"line":52,"column":35}},"34":{"start":{"line":54,"column":2},"end":{"line":54,"column":56}},"35":{"start":{"line":54,"column":43},"end":{"line":54,"column":56}},"36":{"start":{"line":56,"column":2},"end":{"line":58,"column":3}},"37":{"start":{"line":57,"column":4},"end":{"line":57,"column":30}},"38":{"start":{"line":60,"column":21},"end":{"line":60,"column":54}},"39":{"start":{"line":61,"column":2},"end":{"line":61,"column":58}},"40":{"start":{"line":65,"column":0},"end":{"line":128,"column":3}},"41":{"start":{"line":66,"column":2},"end":{"line":127,"column":3}},"42":{"start":{"line":67,"column":19},"end":{"line":67,"column":65}},"43":{"start":{"line":68,"column":24},"end":{"line":68,"column":55}},"44":{"start":{"line":70,"column":21},"end":{"line":70,"column":37}},"45":{"start":{"line":72,"column":4},"end":{"line":74,"column":5}},"46":{"start":{"line":73,"column":6},"end":{"line":73,"column":20}},"47":{"start":{"line":76,"column":29},"end":{"line":76,"column":86}},"48":{"start":{"line":76,"column":61},"end":{"line":76,"column":69}},"49":{"start":{"line":77,"column":20},"end":{"line":77,"column":80}},"50":{"start":{"line":77,"column":50},"end":{"line":77,"column":79}},"51":{"start":{"line":79,"column":4},"end":{"line":122,"column":5}},"52":{"start":{"line":80,"column":6},"end":{"line":80,"column":113}},"53":{"start":{"line":82,"column":25},"end":{"line":82,"column":60}},"54":{"start":{"line":83,"column":27},"end":{"line":83,"column":59}},"55":{"start":{"line":84,"column":22},"end":{"line":84,"column":58}},"56":{"start":{"line":86,"column":6},"end":{"line":121,"column":9}},"57":{"start":{"line":124,"column":4},"end":{"line":124,"column":11}},"58":{"start":{"line":126,"column":4},"end":{"line":126,"column":14}},"59":{"start":{"line":133,"column":15},"end":{"line":133,"column":46}},"60":{"start":{"line":134,"column":14},"end":{"line":134,"column":116}},"61":{"start":{"line":135,"column":2},"end":{"line":137,"column":3}},"62":{"start":{"line":136,"column":4},"end":{"line":136,"column":80}},"63":{"start":{"line":139,"column":2},"end":{"line":158,"column":3}},"64":{"start":{"line":141,"column":4},"end":{"line":145,"column":5}},"65":{"start":{"line":142,"column":6},"end":{"line":142,"column":30}},"66":{"start":{"line":143,"column":6},"end":{"line":143,"column":42}},"67":{"start":{"line":144,"column":6},"end":{"line":144,"column":20}},"68":{"start":{"line":148,"column":20},"end":{"line":148,"column":58}},"69":{"start":{"line":149,"column":4},"end":{"line":151,"column":5}},"70":{"start":{"line":150,"column":6},"end":{"line":150,"column":77}},"71":{"start":{"line":153,"column":4},"end":{"line":153,"column":37}},"72":{"start":{"line":154,"column":4},"end":{"line":154,"column":46}},"73":{"start":{"line":155,"column":4},"end":{"line":155,"column":11}},"74":{"start":{"line":157,"column":4},"end":{"line":157,"column":14}},"75":{"start":{"line":166,"column":16},"end":{"line":166,"column":72}},"76":{"start":{"line":167,"column":19},"end":{"line":167,"column":61}},"77":{"start":{"line":167,"column":46},"end":{"line":167,"column":59}},"78":{"start":{"line":168,"column":2},"end":{"line":174,"column":4}},"79":{"start":{"line":169,"column":24},"end":{"line":169,"column":48}},"80":{"start":{"line":170,"column":4},"end":{"line":172,"column":5}},"81":{"start":{"line":171,"column":6},"end":{"line":171,"column":97}},"82":{"start":{"line":173,"column":4},"end":{"line":173,"column":11}},"83":{"start":{"line":179,"column":0},"end":{"line":181,"column":3}},"84":{"start":{"line":180,"column":2},"end":{"line":180,"column":48}},"85":{"start":{"line":185,"column":0},"end":{"line":189,"column":3}},"86":{"start":{"line":186,"column":2},"end":{"line":188,"column":30}},"87":{"start":{"line":187,"column":4},"end":{"line":187,"column":34}},"88":{"start":{"line":188,"column":18},"end":{"line":188,"column":28}},"89":{"start":{"line":193,"column":0},"end":{"line":226,"column":2}},"90":{"start":{"line":202,"column":4},"end":{"line":224,"column":32}},"91":{"start":{"line":203,"column":21},"end":{"line":203,"column":42}},"92":{"start":{"line":204,"column":6},"end":{"line":206,"column":7}},"93":{"start":{"line":205,"column":8},"end":{"line":205,"column":84}},"94":{"start":{"line":208,"column":114},"end":{"line":208,"column":123}},"95":{"start":{"line":211,"column":6},"end":{"line":221,"column":7}},"96":{"start":{"line":212,"column":8},"end":{"line":212,"column":88}},"97":{"start":{"line":213,"column":13},"end":{"line":221,"column":7}},"98":{"start":{"line":214,"column":8},"end":{"line":218,"column":9}},"99":{"start":{"line":215,"column":10},"end":{"line":215,"column":114}},"100":{"start":{"line":217,"column":10},"end":{"line":217,"column":102}},"101":{"start":{"line":219,"column":13},"end":{"line":221,"column":7}},"102":{"start":{"line":220,"column":8},"end":{"line":220,"column":92}},"103":{"start":{"line":223,"column":6},"end":{"line":223,"column":23}},"104":{"start":{"line":224,"column":20},"end":{"line":224,"column":30}},"105":{"start":{"line":228,"column":0},"end":{"line":233,"column":3}},"106":{"start":{"line":229,"column":2},"end":{"line":232,"column":30}},"107":{"start":{"line":230,"column":18},"end":{"line":230,"column":45}},"108":{"start":{"line":231,"column":4},"end":{"line":231,"column":24}},"109":{"start":{"line":232,"column":18},"end":{"line":232,"column":28}},"110":{"start":{"line":235,"column":0},"end":{"line":241,"column":3}},"111":{"start":{"line":236,"column":2},"end":{"line":240,"column":30}},"112":{"start":{"line":237,"column":20},"end":{"line":237,"column":30}},"113":{"start":{"line":238,"column":23},"end":{"line":238,"column":62}},"114":{"start":{"line":239,"column":4},"end":{"line":239,"column":25}},"115":{"start":{"line":240,"column":18},"end":{"line":240,"column":28}},"116":{"start":{"line":245,"column":0},"end":{"line":258,"column":2}},"117":{"start":{"line":250,"column":4},"end":{"line":256,"column":32}},"118":{"start":{"line":251,"column":22},"end":{"line":251,"column":88}},"119":{"start":{"line":252,"column":21},"end":{"line":252,"column":41}},"120":{"start":{"line":253,"column":21},"end":{"line":253,"column":41}},"121":{"start":{"line":254,"column":21},"end":{"line":254,"column":40}},"122":{"start":{"line":255,"column":6},"end":{"line":255,"column":67}},"123":{"start":{"line":256,"column":20},"end":{"line":256,"column":30}},"124":{"start":{"line":260,"column":0},"end":{"line":292,"column":2}},"125":{"start":{"line":264,"column":4},"end":{"line":290,"column":32}},"126":{"start":{"line":265,"column":21},"end":{"line":265,"column":42}},"127":{"start":{"line":266,"column":6},"end":{"line":268,"column":7}},"128":{"start":{"line":267,"column":8},"end":{"line":267,"column":132}},"129":{"start":{"line":269,"column":38},"end":{"line":269,"column":46}},"130":{"start":{"line":271,"column":25},"end":{"line":271,"column":52}},"131":{"start":{"line":272,"column":6},"end":{"line":274,"column":7}},"132":{"start":{"line":273,"column":8},"end":{"line":273,"column":95}},"133":{"start":{"line":276,"column":20},"end":{"line":276,"column":56}},"134":{"start":{"line":277,"column":19},"end":{"line":277,"column":51}},"135":{"start":{"line":278,"column":6},"end":{"line":280,"column":7}},"136":{"start":{"line":279,"column":8},"end":{"line":279,"column":136}},"137":{"start":{"line":282,"column":6},"end":{"line":282,"column":55}},"138":{"start":{"line":283,"column":6},"end":{"line":288,"column":9}},"139":{"start":{"line":289,"column":6},"end":{"line":289,"column":92}},"140":{"start":{"line":290,"column":20},"end":{"line":290,"column":30}},"141":{"start":{"line":294,"column":0},"end":{"line":330,"column":2}},"142":{"start":{"line":300,"column":4},"end":{"line":328,"column":32}},"143":{"start":{"line":301,"column":21},"end":{"line":301,"column":42}},"144":{"start":{"line":302,"column":6},"end":{"line":304,"column":7}},"145":{"start":{"line":303,"column":8},"end":{"line":303,"column":82}},"146":{"start":{"line":305,"column":75},"end":{"line":305,"column":83}},"147":{"start":{"line":307,"column":24},"end":{"line":307,"column":55}},"148":{"start":{"line":308,"column":6},"end":{"line":310,"column":7}},"149":{"start":{"line":309,"column":8},"end":{"line":309,"column":78}},"150":{"start":{"line":312,"column":6},"end":{"line":318,"column":7}},"151":{"start":{"line":313,"column":22},"end":{"line":313,"column":62}},"152":{"start":{"line":314,"column":21},"end":{"line":314,"column":57}},"153":{"start":{"line":315,"column":8},"end":{"line":317,"column":9}},"154":{"start":{"line":316,"column":10},"end":{"line":316,"column":139}},"155":{"start":{"line":320,"column":6},"end":{"line":320,"column":90}},"156":{"start":{"line":321,"column":6},"end":{"line":326,"column":9}},"157":{"start":{"line":327,"column":6},"end":{"line":327,"column":81}},"158":{"start":{"line":328,"column":20},"end":{"line":328,"column":30}},"159":{"start":{"line":332,"column":0},"end":{"line":373,"column":2}},"160":{"start":{"line":336,"column":4},"end":{"line":371,"column":32}},"161":{"start":{"line":337,"column":21},"end":{"line":337,"column":42}},"162":{"start":{"line":338,"column":6},"end":{"line":340,"column":7}},"163":{"start":{"line":339,"column":8},"end":{"line":339,"column":82}},"164":{"start":{"line":341,"column":38},"end":{"line":341,"column":46}},"165":{"start":{"line":344,"column":6},"end":{"line":344,"column":53}},"166":{"start":{"line":347,"column":6},"end":{"line":352,"column":9}},"167":{"start":{"line":355,"column":6},"end":{"line":360,"column":7}},"168":{"start":{"line":356,"column":8},"end":{"line":356,"column":81}},"169":{"start":{"line":357,"column":8},"end":{"line":357,"column":69}},"170":{"start":{"line":359,"column":8},"end":{"line":359,"column":108}},"171":{"start":{"line":363,"column":6},"end":{"line":368,"column":7}},"172":{"start":{"line":364,"column":8},"end":{"line":364,"column":90}},"173":{"start":{"line":365,"column":8},"end":{"line":365,"column":53}},"174":{"start":{"line":367,"column":8},"end":{"line":367,"column":108}},"175":{"start":{"line":370,"column":6},"end":{"line":370,"column":79}},"176":{"start":{"line":371,"column":20},"end":{"line":371,"column":30}},"177":{"start":{"line":377,"column":0},"end":{"line":403,"column":2}},"178":{"start":{"line":387,"column":4},"end":{"line":401,"column":32}},"179":{"start":{"line":388,"column":22},"end":{"line":388,"column":88}},"180":{"start":{"line":389,"column":21},"end":{"line":389,"column":41}},"181":{"start":{"line":390,"column":21},"end":{"line":390,"column":41}},"182":{"start":{"line":391,"column":21},"end":{"line":391,"column":40}},"183":{"start":{"line":392,"column":22},"end":{"line":392,"column":57}},"184":{"start":{"line":393,"column":23},"end":{"line":393,"column":49}},"185":{"start":{"line":394,"column":34},"end":{"line":394,"column":67}},"186":{"start":{"line":395,"column":32},"end":{"line":395,"column":63}},"187":{"start":{"line":396,"column":32},"end":{"line":396,"column":66}},"188":{"start":{"line":398,"column":6},"end":{"line":400,"column":10}},"189":{"start":{"line":401,"column":20},"end":{"line":401,"column":30}},"190":{"start":{"line":405,"column":0},"end":{"line":414,"column":2}},"191":{"start":{"line":408,"column":4},"end":{"line":412,"column":32}},"192":{"start":{"line":409,"column":19},"end":{"line":409,"column":60}},"193":{"start":{"line":410,"column":6},"end":{"line":410,"column":82}},"194":{"start":{"line":410,"column":17},"end":{"line":410,"column":82}},"195":{"start":{"line":411,"column":6},"end":{"line":411,"column":21}},"196":{"start":{"line":412,"column":20},"end":{"line":412,"column":30}},"197":{"start":{"line":416,"column":0},"end":{"line":441,"column":2}},"198":{"start":{"line":420,"column":4},"end":{"line":439,"column":32}},"199":{"start":{"line":421,"column":21},"end":{"line":421,"column":42}},"200":{"start":{"line":422,"column":6},"end":{"line":422,"column":93}},"201":{"start":{"line":422,"column":29},"end":{"line":422,"column":93}},"202":{"start":{"line":424,"column":21},"end":{"line":424,"column":38}},"203":{"start":{"line":425,"column":27},"end":{"line":425,"column":48}},"204":{"start":{"line":427,"column":6},"end":{"line":427,"column":52}},"205":{"start":{"line":430,"column":23},"end":{"line":430,"column":39}},"206":{"start":{"line":431,"column":6},"end":{"line":436,"column":9}},"207":{"start":{"line":438,"column":6},"end":{"line":438,"column":34}},"208":{"start":{"line":439,"column":20},"end":{"line":439,"column":30}},"209":{"start":{"line":443,"column":0},"end":{"line":467,"column":2}},"210":{"start":{"line":447,"column":4},"end":{"line":465,"column":32}},"211":{"start":{"line":448,"column":21},"end":{"line":448,"column":42}},"212":{"start":{"line":449,"column":6},"end":{"line":449,"column":93}},"213":{"start":{"line":449,"column":29},"end":{"line":449,"column":93}},"214":{"start":{"line":451,"column":40},"end":{"line":451,"column":48}},"215":{"start":{"line":453,"column":6},"end":{"line":453,"column":57}},"216":{"start":{"line":456,"column":23},"end":{"line":456,"column":39}},"217":{"start":{"line":457,"column":6},"end":{"line":462,"column":9}},"218":{"start":{"line":464,"column":6},"end":{"line":464,"column":34}},"219":{"start":{"line":465,"column":20},"end":{"line":465,"column":30}},"220":{"start":{"line":469,"column":0},"end":{"line":520,"column":2}},"221":{"start":{"line":473,"column":4},"end":{"line":518,"column":32}},"222":{"start":{"line":474,"column":21},"end":{"line":474,"column":42}},"223":{"start":{"line":475,"column":6},"end":{"line":475,"column":93}},"224":{"start":{"line":475,"column":29},"end":{"line":475,"column":93}},"225":{"start":{"line":477,"column":34},"end":{"line":477,"column":42}},"226":{"start":{"line":479,"column":6},"end":{"line":479,"column":53}},"227":{"start":{"line":482,"column":23},"end":{"line":482,"column":39}},"228":{"start":{"line":483,"column":6},"end":{"line":488,"column":9}},"229":{"start":{"line":491,"column":6},"end":{"line":515,"column":7}},"230":{"start":{"line":492,"column":8},"end":{"line":514,"column":11}},"231":{"start":{"line":493,"column":10},"end":{"line":511,"column":11}},"232":{"start":{"line":494,"column":24},"end":{"line":494,"column":37}},"233":{"start":{"line":495,"column":12},"end":{"line":510,"column":13}},"234":{"start":{"line":496,"column":14},"end":{"line":500,"column":15}},"235":{"start":{"line":497,"column":16},"end":{"line":499,"column":19}},"236":{"start":{"line":498,"column":18},"end":{"line":498,"column":111}},"237":{"start":{"line":502,"column":14},"end":{"line":506,"column":15}},"238":{"start":{"line":503,"column":16},"end":{"line":505,"column":19}},"239":{"start":{"line":504,"column":18},"end":{"line":504,"column":111}},"240":{"start":{"line":507,"column":14},"end":{"line":509,"column":17}},"241":{"start":{"line":508,"column":16},"end":{"line":508,"column":118}},"242":{"start":{"line":513,"column":10},"end":{"line":513,"column":126}},"243":{"start":{"line":517,"column":6},"end":{"line":517,"column":34}},"244":{"start":{"line":518,"column":20},"end":{"line":518,"column":30}},"245":{"start":{"line":522,"column":0},"end":{"line":581,"column":2}},"246":{"start":{"line":526,"column":4},"end":{"line":579,"column":32}},"247":{"start":{"line":527,"column":21},"end":{"line":527,"column":42}},"248":{"start":{"line":528,"column":6},"end":{"line":528,"column":93}},"249":{"start":{"line":528,"column":29},"end":{"line":528,"column":93}},"250":{"start":{"line":530,"column":40},"end":{"line":530,"column":48}},"251":{"start":{"line":533,"column":25},"end":{"line":533,"column":27}},"252":{"start":{"line":534,"column":6},"end":{"line":541,"column":7}},"253":{"start":{"line":535,"column":8},"end":{"line":540,"column":9}},"254":{"start":{"line":536,"column":23},"end":{"line":536,"column":51}},"255":{"start":{"line":537,"column":10},"end":{"line":537,"column":35}},"256":{"start":{"line":539,"column":10},"end":{"line":539,"column":112}},"257":{"start":{"line":544,"column":6},"end":{"line":544,"column":54}},"258":{"start":{"line":547,"column":23},"end":{"line":547,"column":39}},"259":{"start":{"line":548,"column":6},"end":{"line":553,"column":9}},"260":{"start":{"line":556,"column":6},"end":{"line":576,"column":7}},"261":{"start":{"line":557,"column":20},"end":{"line":557,"column":33}},"262":{"start":{"line":560,"column":8},"end":{"line":564,"column":9}},"263":{"start":{"line":561,"column":10},"end":{"line":563,"column":13}},"264":{"start":{"line":562,"column":12},"end":{"line":562,"column":103}},"265":{"start":{"line":567,"column":8},"end":{"line":571,"column":9}},"266":{"start":{"line":568,"column":10},"end":{"line":570,"column":13}},"267":{"start":{"line":569,"column":12},"end":{"line":569,"column":103}},"268":{"start":{"line":573,"column":8},"end":{"line":575,"column":11}},"269":{"start":{"line":574,"column":10},"end":{"line":574,"column":106}},"270":{"start":{"line":578,"column":6},"end":{"line":578,"column":34}},"271":{"start":{"line":579,"column":20},"end":{"line":579,"column":30}},"272":{"start":{"line":583,"column":0},"end":{"line":644,"column":2}},"273":{"start":{"line":587,"column":4},"end":{"line":642,"column":32}},"274":{"start":{"line":588,"column":21},"end":{"line":588,"column":42}},"275":{"start":{"line":589,"column":6},"end":{"line":589,"column":91}},"276":{"start":{"line":589,"column":29},"end":{"line":589,"column":91}},"277":{"start":{"line":591,"column":21},"end":{"line":591,"column":38}},"278":{"start":{"line":592,"column":21},"end":{"line":592,"column":36}},"279":{"start":{"line":595,"column":6},"end":{"line":595,"column":45}},"280":{"start":{"line":598,"column":23},"end":{"line":598,"column":39}},"281":{"start":{"line":599,"column":6},"end":{"line":604,"column":9}},"282":{"start":{"line":607,"column":6},"end":{"line":639,"column":9}},"283":{"start":{"line":608,"column":8},"end":{"line":636,"column":9}},"284":{"start":{"line":609,"column":22},"end":{"line":609,"column":35}},"285":{"start":{"line":611,"column":10},"end":{"line":635,"column":11}},"286":{"start":{"line":613,"column":12},"end":{"line":617,"column":13}},"287":{"start":{"line":614,"column":14},"end":{"line":616,"column":17}},"288":{"start":{"line":615,"column":16},"end":{"line":615,"column":101}},"289":{"start":{"line":620,"column":12},"end":{"line":624,"column":13}},"290":{"start":{"line":621,"column":14},"end":{"line":623,"column":17}},"291":{"start":{"line":622,"column":16},"end":{"line":622,"column":101}},"292":{"start":{"line":626,"column":12},"end":{"line":630,"column":13}},"293":{"start":{"line":627,"column":14},"end":{"line":629,"column":17}},"294":{"start":{"line":628,"column":16},"end":{"line":628,"column":105}},"295":{"start":{"line":632,"column":12},"end":{"line":634,"column":15}},"296":{"start":{"line":633,"column":14},"end":{"line":633,"column":108}},"297":{"start":{"line":638,"column":8},"end":{"line":638,"column":94}},"298":{"start":{"line":641,"column":6},"end":{"line":641,"column":29}},"299":{"start":{"line":642,"column":20},"end":{"line":642,"column":30}},"300":{"start":{"line":646,"column":0},"end":{"line":667,"column":2}},"301":{"start":{"line":650,"column":4},"end":{"line":665,"column":32}},"302":{"start":{"line":651,"column":21},"end":{"line":651,"column":42}},"303":{"start":{"line":652,"column":6},"end":{"line":652,"column":91}},"304":{"start":{"line":652,"column":29},"end":{"line":652,"column":91}},"305":{"start":{"line":653,"column":6},"end":{"line":653,"column":65}},"306":{"start":{"line":656,"column":23},"end":{"line":656,"column":39}},"307":{"start":{"line":657,"column":6},"end":{"line":662,"column":9}},"308":{"start":{"line":664,"column":6},"end":{"line":664,"column":29}},"309":{"start":{"line":665,"column":20},"end":{"line":665,"column":30}},"310":{"start":{"line":669,"column":0},"end":{"line":715,"column":2}},"311":{"start":{"line":672,"column":4},"end":{"line":713,"column":32}},"312":{"start":{"line":673,"column":21},"end":{"line":673,"column":38}},"313":{"start":{"line":674,"column":27},"end":{"line":674,"column":60}},"314":{"start":{"line":676,"column":22},"end":{"line":676,"column":53}},"315":{"start":{"line":679,"column":6},"end":{"line":679,"column":48}},"316":{"start":{"line":682,"column":23},"end":{"line":682,"column":39}},"317":{"start":{"line":683,"column":6},"end":{"line":688,"column":9}},"318":{"start":{"line":691,"column":6},"end":{"line":710,"column":7}},"319":{"start":{"line":692,"column":20},"end":{"line":692,"column":33}},"320":{"start":{"line":695,"column":8},"end":{"line":700,"column":9}},"321":{"start":{"line":696,"column":10},"end":{"line":696,"column":89}},"322":{"start":{"line":697,"column":10},"end":{"line":697,"column":63}},"323":{"start":{"line":699,"column":10},"end":{"line":699,"column":101}},"324":{"start":{"line":703,"column":8},"end":{"line":705,"column":29}},"325":{"start":{"line":704,"column":10},"end":{"line":704,"column":47}},"326":{"start":{"line":707,"column":8},"end":{"line":709,"column":30}},"327":{"start":{"line":708,"column":10},"end":{"line":708,"column":47}},"328":{"start":{"line":712,"column":6},"end":{"line":712,"column":29}},"329":{"start":{"line":713,"column":20},"end":{"line":713,"column":30}},"330":{"start":{"line":717,"column":0},"end":{"line":738,"column":2}},"331":{"start":{"line":721,"column":4},"end":{"line":736,"column":32}},"332":{"start":{"line":722,"column":21},"end":{"line":722,"column":42}},"333":{"start":{"line":723,"column":6},"end":{"line":723,"column":91}},"334":{"start":{"line":723,"column":29},"end":{"line":723,"column":91}},"335":{"start":{"line":724,"column":6},"end":{"line":724,"column":73}},"336":{"start":{"line":727,"column":23},"end":{"line":727,"column":39}},"337":{"start":{"line":728,"column":6},"end":{"line":733,"column":9}},"338":{"start":{"line":735,"column":6},"end":{"line":735,"column":29}},"339":{"start":{"line":736,"column":20},"end":{"line":736,"column":30}},"340":{"start":{"line":740,"column":0},"end":{"line":778,"column":2}},"341":{"start":{"line":744,"column":4},"end":{"line":776,"column":32}},"342":{"start":{"line":745,"column":30},"end":{"line":745,"column":40}},"343":{"start":{"line":748,"column":6},"end":{"line":748,"column":45}},"344":{"start":{"line":751,"column":23},"end":{"line":751,"column":39}},"345":{"start":{"line":752,"column":6},"end":{"line":757,"column":9}},"346":{"start":{"line":760,"column":6},"end":{"line":765,"column":7}},"347":{"start":{"line":761,"column":8},"end":{"line":761,"column":73}},"348":{"start":{"line":762,"column":8},"end":{"line":762,"column":61}},"349":{"start":{"line":764,"column":8},"end":{"line":764,"column":100}},"350":{"start":{"line":768,"column":6},"end":{"line":773,"column":7}},"351":{"start":{"line":769,"column":8},"end":{"line":769,"column":82}},"352":{"start":{"line":770,"column":8},"end":{"line":770,"column":45}},"353":{"start":{"line":772,"column":8},"end":{"line":772,"column":100}},"354":{"start":{"line":775,"column":6},"end":{"line":775,"column":29}},"355":{"start":{"line":776,"column":20},"end":{"line":776,"column":30}},"356":{"start":{"line":780,"column":0},"end":{"line":848,"column":2}},"357":{"start":{"line":784,"column":4},"end":{"line":846,"column":32}},"358":{"start":{"line":785,"column":25},"end":{"line":785,"column":35}},"359":{"start":{"line":786,"column":20},"end":{"line":786,"column":28}},"360":{"start":{"line":788,"column":6},"end":{"line":790,"column":7}},"361":{"start":{"line":789,"column":8},"end":{"line":789,"column":82}},"362":{"start":{"line":793,"column":6},"end":{"line":793,"column":56}},"363":{"start":{"line":794,"column":6},"end":{"line":796,"column":7}},"364":{"start":{"line":795,"column":8},"end":{"line":795,"column":125}},"365":{"start":{"line":799,"column":27},"end":{"line":799,"column":57}},"366":{"start":{"line":802,"column":27},"end":{"line":802,"column":68}},"367":{"start":{"line":803,"column":6},"end":{"line":805,"column":7}},"368":{"start":{"line":804,"column":8},"end":{"line":804,"column":131}},"369":{"start":{"line":808,"column":19},"end":{"line":808,"column":51}},"370":{"start":{"line":809,"column":6},"end":{"line":811,"column":7}},"371":{"start":{"line":810,"column":8},"end":{"line":810,"column":72}},"372":{"start":{"line":813,"column":27},"end":{"line":813,"column":63}},"373":{"start":{"line":814,"column":6},"end":{"line":816,"column":7}},"374":{"start":{"line":815,"column":8},"end":{"line":815,"column":132}},"375":{"start":{"line":819,"column":6},"end":{"line":819,"column":56}},"376":{"start":{"line":822,"column":23},"end":{"line":822,"column":39}},"377":{"start":{"line":823,"column":6},"end":{"line":828,"column":9}},"378":{"start":{"line":831,"column":6},"end":{"line":836,"column":7}},"379":{"start":{"line":832,"column":8},"end":{"line":832,"column":79}},"380":{"start":{"line":833,"column":8},"end":{"line":833,"column":68}},"381":{"start":{"line":835,"column":8},"end":{"line":835,"column":106}},"382":{"start":{"line":838,"column":6},"end":{"line":843,"column":7}},"383":{"start":{"line":839,"column":8},"end":{"line":839,"column":88}},"384":{"start":{"line":840,"column":8},"end":{"line":840,"column":52}},"385":{"start":{"line":842,"column":8},"end":{"line":842,"column":106}},"386":{"start":{"line":845,"column":6},"end":{"line":845,"column":55}},"387":{"start":{"line":846,"column":20},"end":{"line":846,"column":30}},"388":{"start":{"line":850,"column":0},"end":{"line":927,"column":2}},"389":{"start":{"line":855,"column":4},"end":{"line":925,"column":32}},"390":{"start":{"line":856,"column":30},"end":{"line":856,"column":40}},"391":{"start":{"line":857,"column":23},"end":{"line":857,"column":31}},"392":{"start":{"line":859,"column":6},"end":{"line":861,"column":7}},"393":{"start":{"line":860,"column":8},"end":{"line":860,"column":88}},"394":{"start":{"line":864,"column":6},"end":{"line":864,"column":62}},"395":{"start":{"line":865,"column":6},"end":{"line":867,"column":7}},"396":{"start":{"line":866,"column":8},"end":{"line":866,"column":125}},"397":{"start":{"line":869,"column":30},"end":{"line":869,"column":63}},"398":{"start":{"line":870,"column":30},"end":{"line":870,"column":66}},"399":{"start":{"line":872,"column":6},"end":{"line":874,"column":7}},"400":{"start":{"line":873,"column":8},"end":{"line":873,"column":67}},"401":{"start":{"line":877,"column":27},"end":{"line":877,"column":71}},"402":{"start":{"line":878,"column":6},"end":{"line":880,"column":7}},"403":{"start":{"line":879,"column":8},"end":{"line":879,"column":127}},"404":{"start":{"line":883,"column":6},"end":{"line":888,"column":7}},"405":{"start":{"line":884,"column":8},"end":{"line":884,"column":93}},"406":{"start":{"line":885,"column":8},"end":{"line":885,"column":73}},"407":{"start":{"line":887,"column":8},"end":{"line":887,"column":120}},"408":{"start":{"line":890,"column":6},"end":{"line":895,"column":7}},"409":{"start":{"line":891,"column":8},"end":{"line":891,"column":93}},"410":{"start":{"line":892,"column":8},"end":{"line":892,"column":57}},"411":{"start":{"line":894,"column":8},"end":{"line":894,"column":120}},"412":{"start":{"line":898,"column":6},"end":{"line":898,"column":82}},"413":{"start":{"line":901,"column":23},"end":{"line":901,"column":39}},"414":{"start":{"line":902,"column":6},"end":{"line":907,"column":9}},"415":{"start":{"line":910,"column":6},"end":{"line":915,"column":7}},"416":{"start":{"line":911,"column":8},"end":{"line":911,"column":88}},"417":{"start":{"line":912,"column":8},"end":{"line":912,"column":71}},"418":{"start":{"line":914,"column":8},"end":{"line":914,"column":115}},"419":{"start":{"line":917,"column":6},"end":{"line":922,"column":7}},"420":{"start":{"line":918,"column":8},"end":{"line":918,"column":88}},"421":{"start":{"line":919,"column":8},"end":{"line":919,"column":55}},"422":{"start":{"line":921,"column":8},"end":{"line":921,"column":115}},"423":{"start":{"line":924,"column":6},"end":{"line":924,"column":58}},"424":{"start":{"line":925,"column":20},"end":{"line":925,"column":30}},"425":{"start":{"line":931,"column":0},"end":{"line":935,"column":3}},"426":{"start":{"line":932,"column":2},"end":{"line":934,"column":30}},"427":{"start":{"line":933,"column":4},"end":{"line":933,"column":36}},"428":{"start":{"line":934,"column":18},"end":{"line":934,"column":28}},"429":{"start":{"line":937,"column":0},"end":{"line":960,"column":2}},"430":{"start":{"line":943,"column":4},"end":{"line":958,"column":32}},"431":{"start":{"line":944,"column":21},"end":{"line":944,"column":42}},"432":{"start":{"line":945,"column":6},"end":{"line":945,"column":91}},"433":{"start":{"line":945,"column":29},"end":{"line":945,"column":91}},"434":{"start":{"line":946,"column":19},"end":{"line":946,"column":55}},"435":{"start":{"line":949,"column":23},"end":{"line":949,"column":39}},"436":{"start":{"line":950,"column":6},"end":{"line":955,"column":9}},"437":{"start":{"line":957,"column":6},"end":{"line":957,"column":33}},"438":{"start":{"line":958,"column":20},"end":{"line":958,"column":30}},"439":{"start":{"line":962,"column":0},"end":{"line":980,"column":2}},"440":{"start":{"line":965,"column":4},"end":{"line":978,"column":32}},"441":{"start":{"line":966,"column":6},"end":{"line":966,"column":61}},"442":{"start":{"line":969,"column":23},"end":{"line":969,"column":39}},"443":{"start":{"line":970,"column":6},"end":{"line":975,"column":9}},"444":{"start":{"line":977,"column":6},"end":{"line":977,"column":29}},"445":{"start":{"line":978,"column":20},"end":{"line":978,"column":30}},"446":{"start":{"line":982,"column":0},"end":{"line":1003,"column":2}},"447":{"start":{"line":985,"column":4},"end":{"line":1001,"column":32}},"448":{"start":{"line":986,"column":6},"end":{"line":988,"column":7}},"449":{"start":{"line":987,"column":8},"end":{"line":987,"column":98}},"450":{"start":{"line":989,"column":6},"end":{"line":989,"column":49}},"451":{"start":{"line":992,"column":23},"end":{"line":992,"column":39}},"452":{"start":{"line":993,"column":6},"end":{"line":998,"column":9}},"453":{"start":{"line":1000,"column":6},"end":{"line":1000,"column":29}},"454":{"start":{"line":1001,"column":20},"end":{"line":1001,"column":30}},"455":{"start":{"line":1012,"column":14},"end":{"line":1012,"column":25}},"456":{"start":{"line":1013,"column":18},"end":{"line":1013,"column":24}},"457":{"start":{"line":1015,"column":2},"end":{"line":1026,"column":3}},"458":{"start":{"line":1016,"column":19},"end":{"line":1016,"column":64}},"459":{"start":{"line":1017,"column":4},"end":{"line":1025,"column":6}},"460":{"start":{"line":1027,"column":2},"end":{"line":1041,"column":3}},"461":{"start":{"line":1028,"column":17},"end":{"line":1028,"column":57}},"462":{"start":{"line":1029,"column":4},"end":{"line":1040,"column":6}},"463":{"start":{"line":1042,"column":2},"end":{"line":1055,"column":3}},"464":{"start":{"line":1043,"column":19},"end":{"line":1043,"column":70}},"465":{"start":{"line":1044,"column":4},"end":{"line":1054,"column":6}},"466":{"start":{"line":1056,"column":2},"end":{"line":1066,"column":3}},"467":{"start":{"line":1057,"column":17},"end":{"line":1057,"column":31}},"468":{"start":{"line":1058,"column":4},"end":{"line":1065,"column":6}},"469":{"start":{"line":1067,"column":2},"end":{"line":1074,"column":3}},"470":{"start":{"line":1068,"column":4},"end":{"line":1073,"column":6}},"471":{"start":{"line":1075,"column":2},"end":{"line":1083,"column":3}},"472":{"start":{"line":1076,"column":19},"end":{"line":1076,"column":35}},"473":{"start":{"line":1077,"column":4},"end":{"line":1082,"column":6}},"474":{"start":{"line":1084,"column":2},"end":{"line":1096,"column":3}},"475":{"start":{"line":1085,"column":28},"end":{"line":1085,"column":57}},"476":{"start":{"line":1086,"column":4},"end":{"line":1095,"column":6}},"477":{"start":{"line":1097,"column":2},"end":{"line":1097,"column":12}},"478":{"start":{"line":1105,"column":14},"end":{"line":1105,"column":25}},"479":{"start":{"line":1107,"column":2},"end":{"line":1114,"column":3}},"480":{"start":{"line":1108,"column":4},"end":{"line":1113,"column":6}},"481":{"start":{"line":1115,"column":2},"end":{"line":1123,"column":3}},"482":{"start":{"line":1116,"column":4},"end":{"line":1122,"column":6}},"483":{"start":{"line":1124,"column":2},"end":{"line":1131,"column":3}},"484":{"start":{"line":1125,"column":4},"end":{"line":1130,"column":6}},"485":{"start":{"line":1132,"column":2},"end":{"line":1138,"column":3}},"486":{"start":{"line":1133,"column":4},"end":{"line":1137,"column":6}},"487":{"start":{"line":1139,"column":2},"end":{"line":1144,"column":3}},"488":{"start":{"line":1140,"column":4},"end":{"line":1143,"column":6}},"489":{"start":{"line":1145,"column":2},"end":{"line":1149,"column":3}},"490":{"start":{"line":1146,"column":4},"end":{"line":1148,"column":6}},"491":{"start":{"line":1150,"column":2},"end":{"line":1158,"column":3}},"492":{"start":{"line":1151,"column":4},"end":{"line":1157,"column":6}},"493":{"start":{"line":1159,"column":2},"end":{"line":1159,"column":12}},"494":{"start":{"line":1163,"column":0},"end":{"line":1173,"column":3}},"495":{"start":{"line":1164,"column":2},"end":{"line":1172,"column":30}},"496":{"start":{"line":1165,"column":20},"end":{"line":1165,"column":96}},"497":{"start":{"line":1166,"column":20},"end":{"line":1166,"column":22}},"498":{"start":{"line":1167,"column":4},"end":{"line":1170,"column":5}},"499":{"start":{"line":1168,"column":20},"end":{"line":1168,"column":56}},"500":{"start":{"line":1169,"column":6},"end":{"line":1169,"column":62}},"501":{"start":{"line":1171,"column":4},"end":{"line":1171,"column":21}},"502":{"start":{"line":1172,"column":18},"end":{"line":1172,"column":28}},"503":{"start":{"line":1176,"column":0},"end":{"line":1268,"column":2}},"504":{"start":{"line":1179,"column":4},"end":{"line":1266,"column":32}},"505":{"start":{"line":1180,"column":21},"end":{"line":1180,"column":42}},"506":{"start":{"line":1181,"column":6},"end":{"line":1181,"column":88}},"507":{"start":{"line":1181,"column":29},"end":{"line":1181,"column":88}},"508":{"start":{"line":1183,"column":23},"end":{"line":1183,"column":40}},"509":{"start":{"line":1184,"column":23},"end":{"line":1184,"column":65}},"510":{"start":{"line":1185,"column":23},"end":{"line":1185,"column":31}},"511":{"start":{"line":1188,"column":23},"end":{"line":1188,"column":76}},"512":{"start":{"line":1188,"column":30},"end":{"line":1188,"column":76}},"513":{"start":{"line":1189,"column":21},"end":{"line":1194,"column":7}},"514":{"start":{"line":1190,"column":8},"end":{"line":1190,"column":54}},"515":{"start":{"line":1190,"column":34},"end":{"line":1190,"column":54}},"516":{"start":{"line":1191,"column":24},"end":{"line":1191,"column":45}},"517":{"start":{"line":1192,"column":8},"end":{"line":1192,"column":63}},"518":{"start":{"line":1192,"column":43},"end":{"line":1192,"column":63}},"519":{"start":{"line":1193,"column":8},"end":{"line":1193,"column":23}},"520":{"start":{"line":1196,"column":24},"end":{"line":1198,"column":107}},"521":{"start":{"line":1201,"column":6},"end":{"line":1252,"column":7}},"522":{"start":{"line":1202,"column":8},"end":{"line":1208,"column":10}},"523":{"start":{"line":1209,"column":13},"end":{"line":1252,"column":7}},"524":{"start":{"line":1210,"column":8},"end":{"line":1217,"column":10}},"525":{"start":{"line":1218,"column":13},"end":{"line":1252,"column":7}},"526":{"start":{"line":1219,"column":8},"end":{"line":1225,"column":10}},"527":{"start":{"line":1226,"column":13},"end":{"line":1252,"column":7}},"528":{"start":{"line":1227,"column":8},"end":{"line":1232,"column":10}},"529":{"start":{"line":1233,"column":13},"end":{"line":1252,"column":7}},"530":{"start":{"line":1234,"column":8},"end":{"line":1237,"column":10}},"531":{"start":{"line":1238,"column":13},"end":{"line":1252,"column":7}},"532":{"start":{"line":1239,"column":8},"end":{"line":1242,"column":10}},"533":{"start":{"line":1243,"column":13},"end":{"line":1252,"column":7}},"534":{"start":{"line":1244,"column":8},"end":{"line":1251,"column":10}},"535":{"start":{"line":1254,"column":6},"end":{"line":1254,"column":52}},"536":{"start":{"line":1257,"column":23},"end":{"line":1257,"column":39}},"537":{"start":{"line":1258,"column":6},"end":{"line":1263,"column":9}},"538":{"start":{"line":1265,"column":6},"end":{"line":1265,"column":29}},"539":{"start":{"line":1266,"column":20},"end":{"line":1266,"column":30}},"540":{"start":{"line":1271,"column":0},"end":{"line":1296,"column":3}},"541":{"start":{"line":1272,"column":2},"end":{"line":1295,"column":3}},"542":{"start":{"line":1273,"column":101},"end":{"line":1273,"column":109}},"543":{"start":{"line":1274,"column":4},"end":{"line":1276,"column":5}},"544":{"start":{"line":1275,"column":6},"end":{"line":1275,"column":119}},"545":{"start":{"line":1278,"column":23},"end":{"line":1286,"column":6}},"546":{"start":{"line":1288,"column":4},"end":{"line":1292,"column":5}},"547":{"start":{"line":1289,"column":6},"end":{"line":1289,"column":105}},"548":{"start":{"line":1291,"column":6},"end":{"line":1291,"column":60}},"549":{"start":{"line":1294,"column":4},"end":{"line":1294,"column":53}},"550":{"start":{"line":1298,"column":0},"end":{"line":1325,"column":2}},"551":{"start":{"line":1301,"column":4},"end":{"line":1323,"column":32}},"552":{"start":{"line":1302,"column":21},"end":{"line":1302,"column":42}},"553":{"start":{"line":1303,"column":6},"end":{"line":1303,"column":88}},"554":{"start":{"line":1303,"column":29},"end":{"line":1303,"column":88}},"555":{"start":{"line":1305,"column":21},"end":{"line":1305,"column":38}},"556":{"start":{"line":1306,"column":21},"end":{"line":1306,"column":57}},"557":{"start":{"line":1307,"column":21},"end":{"line":1307,"column":57}},"558":{"start":{"line":1310,"column":6},"end":{"line":1321,"column":7}},"559":{"start":{"line":1311,"column":27},"end":{"line":1311,"column":77}},"560":{"start":{"line":1311,"column":78},"end":{"line":1311,"column":84}},"561":{"start":{"line":1312,"column":27},"end":{"line":1312,"column":72}},"562":{"start":{"line":1312,"column":78},"end":{"line":1312,"column":84}},"563":{"start":{"line":1313,"column":27},"end":{"line":1313,"column":72}},"564":{"start":{"line":1313,"column":78},"end":{"line":1313,"column":84}},"565":{"start":{"line":1314,"column":27},"end":{"line":1314,"column":75}},"566":{"start":{"line":1314,"column":78},"end":{"line":1314,"column":84}},"567":{"start":{"line":1316,"column":10},"end":{"line":1316,"column":82}},"568":{"start":{"line":1317,"column":10},"end":{"line":1317,"column":16}},"569":{"start":{"line":1319,"column":10},"end":{"line":1319,"column":105}},"570":{"start":{"line":1320,"column":10},"end":{"line":1320,"column":16}},"571":{"start":{"line":1322,"column":6},"end":{"line":1322,"column":66}},"572":{"start":{"line":1323,"column":20},"end":{"line":1323,"column":30}},"573":{"start":{"line":1328,"column":0},"end":{"line":1348,"column":3}},"574":{"start":{"line":1329,"column":2},"end":{"line":1347,"column":30}},"575":{"start":{"line":1330,"column":19},"end":{"line":1330,"column":65}},"576":{"start":{"line":1331,"column":4},"end":{"line":1346,"column":7}},"577":{"start":{"line":1347,"column":18},"end":{"line":1347,"column":28}},"578":{"start":{"line":1351,"column":0},"end":{"line":1451,"column":3}},"579":{"start":{"line":1352,"column":2},"end":{"line":1450,"column":30}},"580":{"start":{"line":1353,"column":18},"end":{"line":1353,"column":26}},"581":{"start":{"line":1355,"column":22},"end":{"line":1355,"column":67}},"582":{"start":{"line":1358,"column":29},"end":{"line":1358,"column":86}},"583":{"start":{"line":1358,"column":61},"end":{"line":1358,"column":69}},"584":{"start":{"line":1359,"column":24},"end":{"line":1359,"column":91}},"585":{"start":{"line":1360,"column":4},"end":{"line":1364,"column":5}},"586":{"start":{"line":1361,"column":6},"end":{"line":1363,"column":7}},"587":{"start":{"line":1362,"column":8},"end":{"line":1362,"column":216}},"588":{"start":{"line":1367,"column":21},"end":{"line":1367,"column":37}},"589":{"start":{"line":1368,"column":4},"end":{"line":1373,"column":5}},"590":{"start":{"line":1369,"column":22},"end":{"line":1369,"column":82}},"591":{"start":{"line":1369,"column":52},"end":{"line":1369,"column":81}},"592":{"start":{"line":1370,"column":6},"end":{"line":1372,"column":7}},"593":{"start":{"line":1371,"column":8},"end":{"line":1371,"column":224}},"594":{"start":{"line":1375,"column":19},"end":{"line":1375,"column":65}},"595":{"start":{"line":1376,"column":25},"end":{"line":1376,"column":47}},"596":{"start":{"line":1377,"column":25},"end":{"line":1377,"column":55}},"597":{"start":{"line":1379,"column":25},"end":{"line":1379,"column":54}},"598":{"start":{"line":1380,"column":4},"end":{"line":1382,"column":5}},"599":{"start":{"line":1381,"column":6},"end":{"line":1381,"column":48}},"600":{"start":{"line":1384,"column":18},"end":{"line":1384,"column":68}},"601":{"start":{"line":1387,"column":4},"end":{"line":1396,"column":5}},"602":{"start":{"line":1388,"column":16},"end":{"line":1388,"column":53}},"603":{"start":{"line":1389,"column":6},"end":{"line":1389,"column":68}},"604":{"start":{"line":1389,"column":20},"end":{"line":1389,"column":68}},"605":{"start":{"line":1390,"column":17},"end":{"line":1390,"column":30}},"606":{"start":{"line":1391,"column":19},"end":{"line":1391,"column":34}},"607":{"start":{"line":1392,"column":24},"end":{"line":1392,"column":60}},"608":{"start":{"line":1393,"column":23},"end":{"line":1393,"column":45}},"609":{"start":{"line":1394,"column":6},"end":{"line":1394,"column":65}},"610":{"start":{"line":1395,"column":6},"end":{"line":1395,"column":38}},"611":{"start":{"line":1398,"column":21},"end":{"line":1398,"column":43}},"612":{"start":{"line":1399,"column":4},"end":{"line":1408,"column":5}},"613":{"start":{"line":1400,"column":16},"end":{"line":1400,"column":51}},"614":{"start":{"line":1401,"column":6},"end":{"line":1401,"column":68}},"615":{"start":{"line":1401,"column":20},"end":{"line":1401,"column":68}},"616":{"start":{"line":1402,"column":17},"end":{"line":1402,"column":30}},"617":{"start":{"line":1403,"column":19},"end":{"line":1403,"column":34}},"618":{"start":{"line":1404,"column":24},"end":{"line":1404,"column":60}},"619":{"start":{"line":1405,"column":23},"end":{"line":1405,"column":43}},"620":{"start":{"line":1406,"column":6},"end":{"line":1406,"column":65}},"621":{"start":{"line":1407,"column":6},"end":{"line":1407,"column":41}},"622":{"start":{"line":1410,"column":27},"end":{"line":1410,"column":55}},"623":{"start":{"line":1411,"column":4},"end":{"line":1420,"column":5}},"624":{"start":{"line":1412,"column":16},"end":{"line":1412,"column":57}},"625":{"start":{"line":1413,"column":6},"end":{"line":1413,"column":68}},"626":{"start":{"line":1413,"column":20},"end":{"line":1413,"column":68}},"627":{"start":{"line":1414,"column":17},"end":{"line":1414,"column":30}},"628":{"start":{"line":1415,"column":19},"end":{"line":1415,"column":34}},"629":{"start":{"line":1416,"column":24},"end":{"line":1416,"column":60}},"630":{"start":{"line":1417,"column":23},"end":{"line":1417,"column":50}},"631":{"start":{"line":1418,"column":6},"end":{"line":1418,"column":65}},"632":{"start":{"line":1419,"column":6},"end":{"line":1419,"column":47}},"633":{"start":{"line":1422,"column":19},"end":{"line":1438,"column":5}},"634":{"start":{"line":1439,"column":4},"end":{"line":1439,"column":54}},"635":{"start":{"line":1442,"column":4},"end":{"line":1447,"column":7}},"636":{"start":{"line":1449,"column":4},"end":{"line":1449,"column":27}},"637":{"start":{"line":1450,"column":18},"end":{"line":1450,"column":28}},"638":{"start":{"line":1454,"column":0},"end":{"line":1463,"column":3}},"639":{"start":{"line":1455,"column":2},"end":{"line":1462,"column":30}},"640":{"start":{"line":1456,"column":19},"end":{"line":1460,"column":5}},"641":{"start":{"line":1461,"column":4},"end":{"line":1461,"column":21}},"642":{"start":{"line":1462,"column":18},"end":{"line":1462,"column":28}},"643":{"start":{"line":1466,"column":0},"end":{"line":1513,"column":3}},"644":{"start":{"line":1467,"column":2},"end":{"line":1512,"column":30}},"645":{"start":{"line":1468,"column":18},"end":{"line":1468,"column":26}},"646":{"start":{"line":1471,"column":4},"end":{"line":1473,"column":5}},"647":{"start":{"line":1472,"column":6},"end":{"line":1472,"column":86}},"648":{"start":{"line":1475,"column":28},"end":{"line":1479,"column":5}},"649":{"start":{"line":1476,"column":19},"end":{"line":1476,"column":40}},"650":{"start":{"line":1477,"column":17},"end":{"line":1477,"column":36}},"651":{"start":{"line":1478,"column":6},"end":{"line":1478,"column":62}},"652":{"start":{"line":1481,"column":4},"end":{"line":1483,"column":5}},"653":{"start":{"line":1482,"column":6},"end":{"line":1482,"column":115}},"654":{"start":{"line":1485,"column":19},"end":{"line":1498,"column":5}},"655":{"start":{"line":1500,"column":4},"end":{"line":1500,"column":64}},"656":{"start":{"line":1503,"column":21},"end":{"line":1503,"column":37}},"657":{"start":{"line":1504,"column":4},"end":{"line":1509,"column":7}},"658":{"start":{"line":1511,"column":4},"end":{"line":1511,"column":27}},"659":{"start":{"line":1512,"column":18},"end":{"line":1512,"column":28}},"660":{"start":{"line":1516,"column":0},"end":{"line":1521,"column":3}},"661":{"start":{"line":1517,"column":2},"end":{"line":1520,"column":30}},"662":{"start":{"line":1518,"column":17},"end":{"line":1518,"column":46}},"663":{"start":{"line":1519,"column":4},"end":{"line":1519,"column":19}},"664":{"start":{"line":1520,"column":18},"end":{"line":1520,"column":28}},"665":{"start":{"line":1523,"column":0},"end":{"line":1604,"column":3}},"666":{"start":{"line":1524,"column":2},"end":{"line":1603,"column":30}},"667":{"start":{"line":1525,"column":43},"end":{"line":1525,"column":51}},"668":{"start":{"line":1526,"column":4},"end":{"line":1528,"column":5}},"669":{"start":{"line":1527,"column":6},"end":{"line":1527,"column":112}},"670":{"start":{"line":1530,"column":24},"end":{"line":1530,"column":36}},"671":{"start":{"line":1533,"column":4},"end":{"line":1540,"column":5}},"672":{"start":{"line":1534,"column":25},"end":{"line":1534,"column":61}},"673":{"start":{"line":1535,"column":29},"end":{"line":1535,"column":108}},"674":{"start":{"line":1536,"column":27},"end":{"line":1536,"column":94}},"675":{"start":{"line":1537,"column":6},"end":{"line":1539,"column":7}},"676":{"start":{"line":1538,"column":8},"end":{"line":1538,"column":195}},"677":{"start":{"line":1542,"column":18},"end":{"line":1542,"column":59}},"678":{"start":{"line":1543,"column":4},"end":{"line":1549,"column":5}},"679":{"start":{"line":1544,"column":16},"end":{"line":1544,"column":59}},"680":{"start":{"line":1545,"column":6},"end":{"line":1545,"column":68}},"681":{"start":{"line":1545,"column":20},"end":{"line":1545,"column":68}},"682":{"start":{"line":1546,"column":23},"end":{"line":1546,"column":87}},"683":{"start":{"line":1547,"column":6},"end":{"line":1547,"column":62}},"684":{"start":{"line":1548,"column":6},"end":{"line":1548,"column":38}},"685":{"start":{"line":1551,"column":21},"end":{"line":1551,"column":49}},"686":{"start":{"line":1552,"column":4},"end":{"line":1558,"column":5}},"687":{"start":{"line":1553,"column":16},"end":{"line":1553,"column":57}},"688":{"start":{"line":1554,"column":6},"end":{"line":1554,"column":68}},"689":{"start":{"line":1554,"column":20},"end":{"line":1554,"column":68}},"690":{"start":{"line":1555,"column":23},"end":{"line":1555,"column":85}},"691":{"start":{"line":1556,"column":6},"end":{"line":1556,"column":62}},"692":{"start":{"line":1557,"column":6},"end":{"line":1557,"column":41}},"693":{"start":{"line":1560,"column":27},"end":{"line":1560,"column":61}},"694":{"start":{"line":1561,"column":4},"end":{"line":1567,"column":5}},"695":{"start":{"line":1562,"column":16},"end":{"line":1562,"column":63}},"696":{"start":{"line":1563,"column":6},"end":{"line":1563,"column":68}},"697":{"start":{"line":1563,"column":20},"end":{"line":1563,"column":68}},"698":{"start":{"line":1564,"column":23},"end":{"line":1564,"column":92}},"699":{"start":{"line":1565,"column":6},"end":{"line":1565,"column":62}},"700":{"start":{"line":1566,"column":6},"end":{"line":1566,"column":47}},"701":{"start":{"line":1569,"column":24},"end":{"line":1591,"column":5}},"702":{"start":{"line":1593,"column":4},"end":{"line":1593,"column":75}},"703":{"start":{"line":1595,"column":4},"end":{"line":1600,"column":7}},"704":{"start":{"line":1602,"column":4},"end":{"line":1602,"column":27}},"705":{"start":{"line":1603,"column":18},"end":{"line":1603,"column":28}},"706":{"start":{"line":1606,"column":0},"end":{"line":1624,"column":3}},"707":{"start":{"line":1607,"column":2},"end":{"line":1623,"column":30}},"708":{"start":{"line":1608,"column":25},"end":{"line":1608,"column":35}},"709":{"start":{"line":1609,"column":4},"end":{"line":1611,"column":5}},"710":{"start":{"line":1610,"column":6},"end":{"line":1610,"column":83}},"711":{"start":{"line":1613,"column":4},"end":{"line":1613,"column":40}},"712":{"start":{"line":1615,"column":4},"end":{"line":1620,"column":7}},"713":{"start":{"line":1622,"column":4},"end":{"line":1622,"column":27}},"714":{"start":{"line":1623,"column":18},"end":{"line":1623,"column":28}},"715":{"start":{"line":1629,"column":0},"end":{"line":1634,"column":3}},"716":{"start":{"line":1630,"column":2},"end":{"line":1633,"column":30}},"717":{"start":{"line":1631,"column":17},"end":{"line":1631,"column":41}},"718":{"start":{"line":1632,"column":4},"end":{"line":1632,"column":19}},"719":{"start":{"line":1633,"column":18},"end":{"line":1633,"column":28}},"720":{"start":{"line":1637,"column":0},"end":{"line":1667,"column":3}},"721":{"start":{"line":1638,"column":2},"end":{"line":1666,"column":30}},"722":{"start":{"line":1639,"column":61},"end":{"line":1639,"column":69}},"723":{"start":{"line":1640,"column":4},"end":{"line":1642,"column":5}},"724":{"start":{"line":1641,"column":6},"end":{"line":1641,"column":100}},"725":{"start":{"line":1645,"column":21},"end":{"line":1645,"column":71}},"726":{"start":{"line":1646,"column":4},"end":{"line":1648,"column":5}},"727":{"start":{"line":1647,"column":6},"end":{"line":1647,"column":132}},"728":{"start":{"line":1651,"column":19},"end":{"line":1651,"column":55}},"729":{"start":{"line":1652,"column":4},"end":{"line":1654,"column":5}},"730":{"start":{"line":1653,"column":6},"end":{"line":1653,"column":127}},"731":{"start":{"line":1656,"column":22},"end":{"line":1656,"column":90}},"732":{"start":{"line":1658,"column":4},"end":{"line":1663,"column":7}},"733":{"start":{"line":1665,"column":4},"end":{"line":1665,"column":24}},"734":{"start":{"line":1666,"column":18},"end":{"line":1666,"column":28}},"735":{"start":{"line":1670,"column":0},"end":{"line":1711,"column":3}},"736":{"start":{"line":1671,"column":2},"end":{"line":1710,"column":30}},"737":{"start":{"line":1672,"column":19},"end":{"line":1672,"column":29}},"738":{"start":{"line":1673,"column":61},"end":{"line":1673,"column":69}},"739":{"start":{"line":1675,"column":4},"end":{"line":1677,"column":5}},"740":{"start":{"line":1676,"column":6},"end":{"line":1676,"column":100}},"741":{"start":{"line":1679,"column":21},"end":{"line":1679,"column":71}},"742":{"start":{"line":1680,"column":4},"end":{"line":1682,"column":5}},"743":{"start":{"line":1681,"column":6},"end":{"line":1681,"column":132}},"744":{"start":{"line":1685,"column":21},"end":{"line":1685,"column":57}},"745":{"start":{"line":1686,"column":4},"end":{"line":1688,"column":5}},"746":{"start":{"line":1687,"column":6},"end":{"line":1687,"column":118}},"747":{"start":{"line":1690,"column":20},"end":{"line":1690,"column":92}},"748":{"start":{"line":1691,"column":4},"end":{"line":1693,"column":5}},"749":{"start":{"line":1692,"column":6},"end":{"line":1692,"column":72}},"750":{"start":{"line":1696,"column":4},"end":{"line":1700,"column":5}},"751":{"start":{"line":1697,"column":6},"end":{"line":1697,"column":48}},"752":{"start":{"line":1699,"column":6},"end":{"line":1699,"column":103}},"753":{"start":{"line":1702,"column":4},"end":{"line":1707,"column":7}},"754":{"start":{"line":1709,"column":4},"end":{"line":1709,"column":44}},"755":{"start":{"line":1710,"column":18},"end":{"line":1710,"column":28}},"756":{"start":{"line":1714,"column":0},"end":{"line":1744,"column":3}},"757":{"start":{"line":1715,"column":2},"end":{"line":1743,"column":30}},"758":{"start":{"line":1716,"column":19},"end":{"line":1716,"column":29}},"759":{"start":{"line":1717,"column":23},"end":{"line":1717,"column":31}},"760":{"start":{"line":1719,"column":19},"end":{"line":1719,"column":48}},"761":{"start":{"line":1720,"column":4},"end":{"line":1722,"column":5}},"762":{"start":{"line":1721,"column":6},"end":{"line":1721,"column":75}},"763":{"start":{"line":1724,"column":20},"end":{"line":1724,"column":62}},"764":{"start":{"line":1726,"column":4},"end":{"line":1731,"column":7}},"765":{"start":{"line":1734,"column":4},"end":{"line":1740,"column":5}},"766":{"start":{"line":1735,"column":6},"end":{"line":1739,"column":7}},"767":{"start":{"line":1736,"column":8},"end":{"line":1736,"column":60}},"768":{"start":{"line":1738,"column":8},"end":{"line":1738,"column":115}},"769":{"start":{"line":1742,"column":4},"end":{"line":1742,"column":22}},"770":{"start":{"line":1743,"column":18},"end":{"line":1743,"column":28}},"771":{"start":{"line":1747,"column":0},"end":{"line":1774,"column":3}},"772":{"start":{"line":1748,"column":2},"end":{"line":1773,"column":30}},"773":{"start":{"line":1749,"column":19},"end":{"line":1749,"column":29}},"774":{"start":{"line":1751,"column":19},"end":{"line":1751,"column":48}},"775":{"start":{"line":1752,"column":4},"end":{"line":1754,"column":5}},"776":{"start":{"line":1753,"column":6},"end":{"line":1753,"column":75}},"777":{"start":{"line":1756,"column":4},"end":{"line":1756,"column":33}},"778":{"start":{"line":1758,"column":4},"end":{"line":1763,"column":7}},"779":{"start":{"line":1766,"column":4},"end":{"line":1770,"column":5}},"780":{"start":{"line":1767,"column":6},"end":{"line":1767,"column":58}},"781":{"start":{"line":1769,"column":6},"end":{"line":1769,"column":111}},"782":{"start":{"line":1772,"column":4},"end":{"line":1772,"column":27}},"783":{"start":{"line":1773,"column":18},"end":{"line":1773,"column":28}},"784":{"start":{"line":1777,"column":0},"end":{"line":1812,"column":3}},"785":{"start":{"line":1778,"column":2},"end":{"line":1811,"column":30}},"786":{"start":{"line":1779,"column":26},"end":{"line":1779,"column":34}},"787":{"start":{"line":1780,"column":4},"end":{"line":1782,"column":5}},"788":{"start":{"line":1781,"column":6},"end":{"line":1781,"column":90}},"789":{"start":{"line":1784,"column":22},"end":{"line":1784,"column":55}},"790":{"start":{"line":1787,"column":4},"end":{"line":1787,"column":53}},"791":{"start":{"line":1790,"column":4},"end":{"line":1800,"column":5}},"792":{"start":{"line":1791,"column":6},"end":{"line":1799,"column":9}},"793":{"start":{"line":1792,"column":8},"end":{"line":1796,"column":9}},"794":{"start":{"line":1793,"column":10},"end":{"line":1795,"column":13}},"795":{"start":{"line":1794,"column":12},"end":{"line":1794,"column":94}},"796":{"start":{"line":1798,"column":8},"end":{"line":1798,"column":90}},"797":{"start":{"line":1803,"column":4},"end":{"line":1808,"column":7}},"798":{"start":{"line":1810,"column":4},"end":{"line":1810,"column":27}},"799":{"start":{"line":1811,"column":18},"end":{"line":1811,"column":28}},"800":{"start":{"line":1816,"column":0},"end":{"line":1821,"column":3}},"801":{"start":{"line":1817,"column":2},"end":{"line":1820,"column":30}},"802":{"start":{"line":1818,"column":19},"end":{"line":1818,"column":45}},"803":{"start":{"line":1819,"column":4},"end":{"line":1819,"column":21}},"804":{"start":{"line":1820,"column":18},"end":{"line":1820,"column":28}},"805":{"start":{"line":1823,"column":0},"end":{"line":1847,"column":3}},"806":{"start":{"line":1824,"column":2},"end":{"line":1846,"column":30}},"807":{"start":{"line":1825,"column":94},"end":{"line":1825,"column":102}},"808":{"start":{"line":1826,"column":4},"end":{"line":1828,"column":5}},"809":{"start":{"line":1827,"column":6},"end":{"line":1827,"column":103}},"810":{"start":{"line":1829,"column":18},"end":{"line":1836,"column":6}},"811":{"start":{"line":1838,"column":4},"end":{"line":1843,"column":7}},"812":{"start":{"line":1845,"column":4},"end":{"line":1845,"column":20}},"813":{"start":{"line":1846,"column":18},"end":{"line":1846,"column":28}},"814":{"start":{"line":1849,"column":0},"end":{"line":1865,"column":3}},"815":{"start":{"line":1850,"column":2},"end":{"line":1864,"column":30}},"816":{"start":{"line":1851,"column":18},"end":{"line":1851,"column":58}},"817":{"start":{"line":1852,"column":4},"end":{"line":1854,"column":5}},"818":{"start":{"line":1853,"column":6},"end":{"line":1853,"column":71}},"819":{"start":{"line":1856,"column":4},"end":{"line":1861,"column":7}},"820":{"start":{"line":1863,"column":4},"end":{"line":1863,"column":27}},"821":{"start":{"line":1864,"column":18},"end":{"line":1864,"column":28}},"822":{"start":{"line":1869,"column":0},"end":{"line":1874,"column":3}},"823":{"start":{"line":1870,"column":2},"end":{"line":1873,"column":30}},"824":{"start":{"line":1871,"column":17},"end":{"line":1871,"column":46}},"825":{"start":{"line":1872,"column":4},"end":{"line":1872,"column":19}},"826":{"start":{"line":1873,"column":18},"end":{"line":1873,"column":28}},"827":{"start":{"line":1876,"column":0},"end":{"line":1898,"column":3}},"828":{"start":{"line":1877,"column":2},"end":{"line":1897,"column":30}},"829":{"start":{"line":1878,"column":70},"end":{"line":1878,"column":78}},"830":{"start":{"line":1879,"column":4},"end":{"line":1881,"column":5}},"831":{"start":{"line":1880,"column":6},"end":{"line":1880,"column":69}},"832":{"start":{"line":1882,"column":19},"end":{"line":1887,"column":6}},"833":{"start":{"line":1889,"column":4},"end":{"line":1894,"column":7}},"834":{"start":{"line":1896,"column":4},"end":{"line":1896,"column":21}},"835":{"start":{"line":1897,"column":18},"end":{"line":1897,"column":28}},"836":{"start":{"line":1900,"column":0},"end":{"line":1916,"column":3}},"837":{"start":{"line":1901,"column":2},"end":{"line":1915,"column":30}},"838":{"start":{"line":1902,"column":19},"end":{"line":1902,"column":62}},"839":{"start":{"line":1903,"column":4},"end":{"line":1905,"column":5}},"840":{"start":{"line":1904,"column":6},"end":{"line":1904,"column":67}},"841":{"start":{"line":1907,"column":4},"end":{"line":1912,"column":7}},"842":{"start":{"line":1914,"column":4},"end":{"line":1914,"column":27}},"843":{"start":{"line":1915,"column":18},"end":{"line":1915,"column":28}},"844":{"start":{"line":1919,"column":0},"end":{"line":1924,"column":3}},"845":{"start":{"line":1920,"column":2},"end":{"line":1923,"column":30}},"846":{"start":{"line":1921,"column":21},"end":{"line":1921,"column":49}},"847":{"start":{"line":1922,"column":4},"end":{"line":1922,"column":23}},"848":{"start":{"line":1923,"column":18},"end":{"line":1923,"column":28}},"849":{"start":{"line":1927,"column":0},"end":{"line":1945,"column":3}},"850":{"start":{"line":1928,"column":2},"end":{"line":1944,"column":30}},"851":{"start":{"line":1929,"column":20},"end":{"line":1929,"column":28}},"852":{"start":{"line":1930,"column":4},"end":{"line":1932,"column":5}},"853":{"start":{"line":1931,"column":6},"end":{"line":1931,"column":81}},"854":{"start":{"line":1934,"column":20},"end":{"line":1934,"column":56}},"855":{"start":{"line":1936,"column":4},"end":{"line":1941,"column":7}},"856":{"start":{"line":1943,"column":4},"end":{"line":1943,"column":36}},"857":{"start":{"line":1944,"column":18},"end":{"line":1944,"column":28}},"858":{"start":{"line":1948,"column":2},"end":{"line":1948,"column":21}},"859":{"start":{"line":1948,"column":11},"end":{"line":1948,"column":21}},"860":{"start":{"line":1949,"column":16},"end":{"line":1949,"column":39}},"861":{"start":{"line":1950,"column":2},"end":{"line":1950,"column":31}},"862":{"start":{"line":1954,"column":0},"end":{"line":2097,"column":3}},"863":{"start":{"line":1955,"column":2},"end":{"line":2096,"column":3}},"864":{"start":{"line":1956,"column":24},"end":{"line":1956,"column":51}},"865":{"start":{"line":1957,"column":21},"end":{"line":1957,"column":45}},"866":{"start":{"line":1958,"column":27},"end":{"line":1958,"column":57}},"867":{"start":{"line":1959,"column":25},"end":{"line":1959,"column":53}},"868":{"start":{"line":1960,"column":27},"end":{"line":1960,"column":57}},"869":{"start":{"line":1963,"column":4},"end":{"line":1974,"column":5}},"870":{"start":{"line":1964,"column":25},"end":{"line":1964,"column":61}},"871":{"start":{"line":1965,"column":6},"end":{"line":1971,"column":7}},"872":{"start":{"line":1966,"column":8},"end":{"line":1966,"column":79}},"873":{"start":{"line":1966,"column":38},"end":{"line":1966,"column":79}},"874":{"start":{"line":1967,"column":8},"end":{"line":1967,"column":70}},"875":{"start":{"line":1967,"column":35},"end":{"line":1967,"column":70}},"876":{"start":{"line":1968,"column":8},"end":{"line":1968,"column":94}},"877":{"start":{"line":1968,"column":44},"end":{"line":1968,"column":94}},"878":{"start":{"line":1969,"column":8},"end":{"line":1969,"column":82}},"879":{"start":{"line":1969,"column":39},"end":{"line":1969,"column":82}},"880":{"start":{"line":1970,"column":8},"end":{"line":1970,"column":102}},"881":{"start":{"line":1970,"column":55},"end":{"line":1970,"column":102}},"882":{"start":{"line":1973,"column":6},"end":{"line":1973,"column":101}},"883":{"start":{"line":1976,"column":4},"end":{"line":1978,"column":5}},"884":{"start":{"line":1977,"column":6},"end":{"line":1977,"column":74}},"885":{"start":{"line":1981,"column":23},"end":{"line":1981,"column":25}},"886":{"start":{"line":1982,"column":4},"end":{"line":1984,"column":5}},"887":{"start":{"line":1983,"column":6},"end":{"line":1983,"column":81}},"888":{"start":{"line":1987,"column":4},"end":{"line":1994,"column":5}},"889":{"start":{"line":1988,"column":25},"end":{"line":1988,"column":54}},"890":{"start":{"line":1989,"column":6},"end":{"line":1991,"column":9}},"891":{"start":{"line":1990,"column":8},"end":{"line":1990,"column":81}},"892":{"start":{"line":1993,"column":6},"end":{"line":1993,"column":84}},"893":{"start":{"line":1997,"column":25},"end":{"line":1997,"column":27}},"894":{"start":{"line":1998,"column":17},"end":{"line":1998,"column":26}},"895":{"start":{"line":1999,"column":4},"end":{"line":2005,"column":7}},"896":{"start":{"line":2000,"column":22},"end":{"line":2000,"column":46}},"897":{"start":{"line":2001,"column":6},"end":{"line":2004,"column":7}},"898":{"start":{"line":2002,"column":8},"end":{"line":2002,"column":26}},"899":{"start":{"line":2003,"column":8},"end":{"line":2003,"column":29}},"900":{"start":{"line":2007,"column":4},"end":{"line":2009,"column":5}},"901":{"start":{"line":2008,"column":6},"end":{"line":2008,"column":105}},"902":{"start":{"line":2012,"column":23},"end":{"line":2012,"column":25}},"903":{"start":{"line":2013,"column":4},"end":{"line":2017,"column":5}},"904":{"start":{"line":2014,"column":6},"end":{"line":2014,"column":51}},"905":{"start":{"line":2016,"column":6},"end":{"line":2016,"column":96}},"906":{"start":{"line":2018,"column":20},"end":{"line":2018,"column":29}},"907":{"start":{"line":2019,"column":4},"end":{"line":2021,"column":7}},"908":{"start":{"line":2020,"column":6},"end":{"line":2020,"column":55}},"909":{"start":{"line":2024,"column":26},"end":{"line":2024,"column":35}},"910":{"start":{"line":2025,"column":4},"end":{"line":2052,"column":8}},"911":{"start":{"line":2026,"column":6},"end":{"line":2051,"column":7}},"912":{"start":{"line":2027,"column":21},"end":{"line":2033,"column":10}},"913":{"start":{"line":2035,"column":8},"end":{"line":2048,"column":11}},"914":{"start":{"line":2036,"column":28},"end":{"line":2036,"column":60}},"915":{"start":{"line":2037,"column":29},"end":{"line":2037,"column":66}},"916":{"start":{"line":2039,"column":10},"end":{"line":2047,"column":11}},"917":{"start":{"line":2040,"column":12},"end":{"line":2046,"column":15}},"918":{"start":{"line":2050,"column":8},"end":{"line":2050,"column":102}},"919":{"start":{"line":2054,"column":20},"end":{"line":2054,"column":54}},"920":{"start":{"line":2057,"column":27},"end":{"line":2057,"column":55}},"921":{"start":{"line":2058,"column":30},"end":{"line":2058,"column":39}},"922":{"start":{"line":2059,"column":4},"end":{"line":2065,"column":7}},"923":{"start":{"line":2060,"column":6},"end":{"line":2064,"column":9}},"924":{"start":{"line":2068,"column":22},"end":{"line":2068,"column":72}},"925":{"start":{"line":2068,"column":39},"end":{"line":2068,"column":71}},"926":{"start":{"line":2069,"column":21},"end":{"line":2069,"column":23}},"927":{"start":{"line":2070,"column":4},"end":{"line":2076,"column":5}},"928":{"start":{"line":2071,"column":6},"end":{"line":2075,"column":7}},"929":{"start":{"line":2072,"column":8},"end":{"line":2072,"column":61}},"930":{"start":{"line":2074,"column":8},"end":{"line":2074,"column":111}},"931":{"start":{"line":2077,"column":27},"end":{"line":2077,"column":36}},"932":{"start":{"line":2078,"column":4},"end":{"line":2080,"column":7}},"933":{"start":{"line":2079,"column":6},"end":{"line":2079,"column":76}},"934":{"start":{"line":2082,"column":19},"end":{"line":2091,"column":6}},"935":{"start":{"line":2083,"column":24},"end":{"line":2083,"column":56}},"936":{"start":{"line":2084,"column":22},"end":{"line":2084,"column":54}},"937":{"start":{"line":2085,"column":6},"end":{"line":2090,"column":8}},"938":{"start":{"line":2093,"column":4},"end":{"line":2093,"column":21}},"939":{"start":{"line":2095,"column":4},"end":{"line":2095,"column":89}},"940":{"start":{"line":2100,"column":0},"end":{"line":2239,"column":3}},"941":{"start":{"line":2101,"column":2},"end":{"line":2238,"column":3}},"942":{"start":{"line":2102,"column":24},"end":{"line":2102,"column":51}},"943":{"start":{"line":2103,"column":21},"end":{"line":2103,"column":45}},"944":{"start":{"line":2104,"column":27},"end":{"line":2104,"column":57}},"945":{"start":{"line":2105,"column":25},"end":{"line":2105,"column":53}},"946":{"start":{"line":2106,"column":27},"end":{"line":2106,"column":57}},"947":{"start":{"line":2108,"column":4},"end":{"line":2119,"column":5}},"948":{"start":{"line":2109,"column":25},"end":{"line":2109,"column":61}},"949":{"start":{"line":2110,"column":6},"end":{"line":2116,"column":
[...]
,"column":8}},"101":{"start":{"line":335,"column":4},"end":{"line":335,"column":33}},"102":{"start":{"line":337,"column":4},"end":{"line":337,"column":35}},"103":{"start":{"line":338,"column":4},"end":{"line":338,"column":14}},"104":{"start":{"line":340,"column":4},"end":{"line":340,"column":21}},"105":{"start":{"line":345,"column":2},"end":{"line":345,"column":62}},"106":{"start":{"line":345,"column":55},"end":{"line":345,"column":62}},"107":{"start":{"line":346,"column":17},"end":{"line":346,"column":42}},"108":{"start":{"line":347,"column":2},"end":{"line":393,"column":3}},"109":{"start":{"line":348,"column":4},"end":{"line":348,"column":32}},"110":{"start":{"line":350,"column":4},"end":{"line":380,"column":5}},"111":{"start":{"line":352,"column":22},"end":{"line":355,"column":7}},"112":{"start":{"line":356,"column":19},"end":{"line":356,"column":21}},"113":{"start":{"line":357,"column":6},"end":{"line":361,"column":7}},"114":{"start":{"line":358,"column":22},"end":{"line":358,"column":56}},"115":{"start":{"line":359,"column":8},"end":{"line":359,"column":44}},"116":{"start":{"line":360,"column":8},"end":{"line":360,"column":44}},"117":{"start":{"line":364,"column":6},"end":{"line":367,"column":8}},"118":{"start":{"line":370,"column":6},"end":{"line":373,"column":8}},"119":{"start":{"line":376,"column":6},"end":{"line":379,"column":8}},"120":{"start":{"line":383,"column":4},"end":{"line":383,"column":86}},"121":{"start":{"line":384,"column":4},"end":{"line":384,"column":86}},"122":{"start":{"line":385,"column":4},"end":{"line":385,"column":87}},"123":{"start":{"line":386,"column":4},"end":{"line":386,"column":88}},"124":{"start":{"line":387,"column":4},"end":{"line":387,"column":33}},"125":{"start":{"line":389,"column":4},"end":{"line":389,"column":35}},"126":{"start":{"line":390,"column":4},"end":{"line":390,"column":14}},"127":{"start":{"line":392,"column":4},"end":{"line":392,"column":21}},"128":{"start":{"line":397,"column":2},"end":{"line":397,"column":62}},"129":{"start":{"line":397,"column":55},"end":{"line":397,"column":62}},"130":{"start":{"line":398,"column":17},"end":{"line":398,"column":42}},"131":{"start":{"line":399,"column":2},"end":{"line":434,"column":3}},"132":{"start":{"line":400,"column":4},"end":{"line":400,"column":32}},"133":{"start":{"line":401,"column":4},"end":{"line":404,"column":6}},"134":{"start":{"line":406,"column":4},"end":{"line":426,"column":5}},"135":{"start":{"line":408,"column":20},"end":{"line":411,"column":7}},"136":{"start":{"line":412,"column":6},"end":{"line":419,"column":7}},"137":{"start":{"line":413,"column":8},"end":{"line":418,"column":10}},"138":{"start":{"line":422,"column":6},"end":{"line":425,"column":8}},"139":{"start":{"line":428,"column":4},"end":{"line":428,"column":33}},"140":{"start":{"line":430,"column":4},"end":{"line":430,"column":35}},"141":{"start":{"line":431,"column":4},"end":{"line":431,"column":14}},"142":{"start":{"line":433,"column":4},"end":{"line":433,"column":21}},"143":{"start":{"line":441,"column":17},"end":{"line":441,"column":42}},"144":{"start":{"line":442,"column":2},"end":{"line":488,"column":3}},"145":{"start":{"line":443,"column":4},"end":{"line":443,"column":32}},"146":{"start":{"line":445,"column":4},"end":{"line":475,"column":5}},"147":{"start":{"line":447,"column":22},"end":{"line":450,"column":7}},"148":{"start":{"line":451,"column":19},"end":{"line":451,"column":21}},"149":{"start":{"line":452,"column":6},"end":{"line":456,"column":7}},"150":{"start":{"line":453,"column":22},"end":{"line":453,"column":56}},"151":{"start":{"line":454,"column":8},"end":{"line":454,"column":44}},"152":{"start":{"line":455,"column":8},"end":{"line":455,"column":44}},"153":{"start":{"line":459,"column":6},"end":{"line":462,"column":8}},"154":{"start":{"line":465,"column":6},"end":{"line":468,"column":8}},"155":{"start":{"line":471,"column":6},"end":{"line":474,"column":8}},"156":{"start":{"line":478,"column":4},"end":{"line":478,"column":80}},"157":{"start":{"line":479,"column":4},"end":{"line":479,"column":80}},"158":{"start":{"line":480,"column":4},"end":{"line":480,"column":81}},"159":{"start":{"line":481,"column":4},"end":{"line":481,"column":82}},"160":{"start":{"line":482,"column":4},"end":{"line":482,"column":33}},"161":{"start":{"line":484,"column":4},"end":{"line":484,"column":35}},"162":{"start":{"line":485,"column":4},"end":{"line":485,"column":14}},"163":{"start":{"line":487,"column":4},"end":{"line":487,"column":21}},"164":{"start":{"line":496,"column":17},"end":{"line":496,"column":42}},"165":{"start":{"line":497,"column":2},"end":{"line":512,"column":3}},"166":{"start":{"line":498,"column":4},"end":{"line":498,"column":32}},"167":{"start":{"line":499,"column":4},"end":{"line":499,"column":81}},"168":{"start":{"line":500,"column":4},"end":{"line":505,"column":5}},"169":{"start":{"line":501,"column":6},"end":{"line":504,"column":8}},"170":{"start":{"line":506,"column":4},"end":{"line":506,"column":33}},"171":{"start":{"line":508,"column":4},"end":{"line":508,"column":35}},"172":{"start":{"line":509,"column":4},"end":{"line":509,"column":14}},"173":{"start":{"line":511,"column":4},"end":{"line":511,"column":21}},"174":{"start":{"line":516,"column":2},"end":{"line":519,"column":4}},"175":{"start":{"line":522,"column":0},"end":{"line":537,"column":2}}},"fnMap":{"0":{"name":"userExists","decl":{"start":{"line":10,"column":15},"end":{"line":10,"column":25}},"loc":{"start":{"line":10,"column":34},"end":{"line":16,"column":1}},"line":10},"1":{"name":"getUserByCedula","decl":{"start":{"line":22,"column":15},"end":{"line":22,"column":30}},"loc":{"start":{"line":22,"column":39},"end":{"line":28,"column":1}},"line":22},"2":{"name":"createUser","decl":{"start":{"line":35,"column":15},"end":{"line":35,"column":25}},"loc":{"start":{"line":35,"column":110},"end":{"line":77,"column":1}},"line":35},"3":{"name":"updateTermsAcceptance","decl":{"start":{"line":82,"column":15},"end":{"line":82,"column":36}},"loc":{"start":{"line":82,"column":64},"end":{"line":93,"column":1}},"line":82},"4":{"name":"updateUserType","decl":{"start":{"line":95,"column":15},"end":{"line":95,"column":29}},"loc":{"start":{"line":95,"column":51},"end":{"line":122,"column":1}},"line":95},"5":{"name":"bulkUpdateUserType","decl":{"start":{"line":124,"column":15},"end":{"line":124,"column":33}},"loc":{"start":{"line":124,"column":56},"end":{"line":155,"column":1}},"line":124},"6":{"name":"listUsers","decl":{"start":{"line":162,"column":15},"end":{"line":162,"column":24}},"loc":{"start":{"line":171,"column":8},"end":{"line":266,"column":1}},"line":171},"7":{"name":"(anonymous_7)","decl":{"start":{"line":260,"column":27},"end":{"line":260,"column":28}},"loc":{"start":{"line":260,"column":33},"end":{"line":263,"column":5}},"line":260},"8":{"name":"getUserDetail","decl":{"start":{"line":271,"column":15},"end":{"line":271,"column":28}},"loc":{"start":{"line":271,"column":37},"end":{"line":302,"column":1}},"line":271},"9":{"name":"setUserActive","decl":{"start":{"line":307,"column":15},"end":{"line":307,"column":28}},"loc":{"start":{"line":307,"column":45},"end":{"line":342,"column":1}},"line":307},"10":{"name":"bulkDeleteUsers","decl":{"start":{"line":344,"column":15},"end":{"line":344,"column":30}},"loc":{"start":{"line":344,"column":62},"end":{"line":394,"column":1}},"line":344},"11":{"name":"bulkUpdateUserActive","decl":{"start":{"line":396,"column":15},"end":{"line":396,"column":35}},"loc":{"start":{"line":396,"column":53},"end":{"line":435,"column":1}},"line":396},"12":{"name":"deleteUser","decl":{"start":{"line":440,"column":15},"end":{"line":440,"column":25}},"loc":{"start":{"line":440,"column":56},"end":{"line":489,"column":1}},"line":440},"13":{"name":"setUserGroups","decl":{"start":{"line":494,"column":15},"end":{"line":494,"column":28}},"loc":{"start":{"line":494,"column":45},"end":{"line":513,"column":1}},"line":494},"14":{"name":"setUserMaxDevices","decl":{"start":{"line":515,"column":15},"end":{"line":515,"column":32}},"loc":{"start":{"line":515,"column":53},"end":{"line":520,"column":1}},"line":515}},"branchMap":{"0":{"loc":{"start":{"line":27,"column":9},"end":{"line":27,"column":31}},"type":"binary-expr","locations":[{"start":{"line":27,"column":9},"end":{"line":27,"column":23}},{"start":{"line":27,"column":27},"end":{"line":27,"column":31}}],"line":27},"1":{"loc":{"start":{"line":35,"column":82},"end":{"line":35,"column":106}},"type":"default-arg","locations":[{"start":{"line":35,"column":97},"end":{"line":35,"column":106}}],"line":35},"2":{"loc":{"start":{"line":47,"column":50},"end":{"line":47,"column":61}},"type":"binary-expr","locations":[{"start":{"line":47,"column":50},"end":{"line":47,"column":55}},{"start":{"line":47,"column":59},"end":{"line":47,"column":61}}],"line":47},"3":{"loc":{"start":{"line":47,"column":101},"end":{"line":47,"column":126}},"type":"binary-expr","locations":[{"start":{"line":47,"column":101},"end":{"line":47,"column":118}},{"start":{"line":47,"column":122},"end":{"line":47,"column":126}}],"line":47},"4":{"loc":{"start":{"line":60,"column":22},"end":{"line":60,"column":126}},"type":"cond-expr","locations":[{"start":{"line":60,"column":57},"end":{"line":60,"column":93}},{"start":{"line":60,"column":96},"end":{"line":60,"column":126}}],"line":60},"5":{"loc":{"start":{"line":88,"column":15},"end":{"line":88,"column":40}},"type":"binary-expr","locations":[{"start":{"line":88,"column":15},"end":{"line":88,"column":32}},{"start":{"line":88,"column":36},"end":{"line":88,"column":40}}],"line":88},"6":{"loc":{"start":{"line":103,"column":22},"end":{"line":103,"column":125}},"type":"cond-expr","locations":[{"start":{"line":103,"column":56},"end":{"line":103,"column":92}},{"start":{"line":103,"column":95},"end":{"line":103,"column":125}}],"line":103},"7":{"loc":{"start":{"line":125,"column":2},"end":{"line":125,"column":62}},"type":"if","locations":[{"start":{"line":125,"column":2},"end":{"line":125,"column":62}},{"start":{},"end":{}}],"line":125},"8":{"loc":{"start":{"line":125,"column":6},"end":{"line":125,"column":53}},"type":"binary-expr","locations":[{"start":{"line":125,"column":6},"end":{"line":125,"column":29}},{"start":{"line":125,"column":33},"end":{"line":125,"column":53}}],"line":125},"9":{"loc":{"start":{"line":133,"column":22},"end":{"line":133,"column":125}},"type":"cond-expr","locations":[{"start":{"line":133,"column":56},"end":{"line":133,"column":92}},{"start":{"line":133,"column":95},"end":{"line":133,"column":125}}],"line":133},"10":{"loc":{"start":{"line":162,"column":25},"end":{"line":171,"column":6}},"type":"default-arg","locations":[{"start":{"line":171,"column":4},"end":{"line":171,"column":6}}],"line":162},"11":{"loc":{"start":{"line":163,"column":2},"end":{"line":163,"column":13}},"type":"default-arg","locations":[{"start":{"line":163,"column":11},"end":{"line":163,"column":13}}],"line":163},"12":{"loc":{"start":{"line":164,"column":2},"end":{"line":164,"column":12}},"type":"default-arg","locations":[{"start":{"line":164,"column":10},"end":{"line":164,"column":12}}],"line":164},"13":{"loc":{"start":{"line":165,"column":2},"end":{"line":165,"column":12}},"type":"default-arg","locations":[{"start":{"line":165,"column":11},"end":{"line":165,"column":12}}],"line":165},"14":{"loc":{"start":{"line":166,"column":2},"end":{"line":166,"column":28}},"type":"default-arg","locations":[{"start":{"line":166,"column":12},"end":{"line":166,"column":28}}],"line":166},"15":{"loc":{"start":{"line":167,"column":2},"end":{"line":167,"column":19}},"type":"default-arg","locations":[{"start":{"line":167,"column":13},"end":{"line":167,"column":19}}],"line":167},"16":{"loc":{"start":{"line":168,"column":2},"end":{"line":168,"column":26}},"type":"default-arg","locations":[{"start":{"line":168,"column":24},"end":{"line":168,"column":26}}],"line":168},"17":{"loc":{"start":{"line":169,"column":2},"end":{"line":169,"column":24}},"type":"default-arg","locations":[{"start":{"line":169,"column":22},"end":{"line":169,"column":24}}],"line":169},"18":{"loc":{"start":{"line":170,"column":2},"end":{"line":170,"column":27}},"type":"default-arg","locations":[{"start":{"line":170,"column":22},"end":{"line":170,"column":27}}],"line":170},"19":{"loc":{"start":{"line":172,"column":19},"end":{"line":172,"column":31}},"type":"binary-expr","locations":[{"start":{"line":172,"column":19},"end":{"line":172,"column":25}},{"start":{"line":172,"column":29},"end":{"line":172,"column":31}}],"line":172},"20":{"loc":{"start":{"line":183,"column":18},"end":{"line":183,"column":60}},"type":"binary-expr","locations":[{"start":{"line":183,"column":18},"end":{"line":183,"column":40}},{"start":{"line":183,"column":44},"end":{"line":183,"column":60}}],"line":183},"21":{"loc":{"start":{"line":184,"column":18},"end":{"line":184,"column":53}},"type":"cond-expr","locations":[{"start":{"line":184,"column":39},"end":{"line":184,"column":44}},{"start":{"line":184,"column":47},"end":{"line":184,"column":53}}],"line":184},"22":{"loc":{"start":{"line":205,"column":2},"end":{"line":220,"column":3}},"type":"if","locations":[{"start":{"line":205,"column":2},"end":{"line":220,"column":3}},{"start":{},"end":{}}],"line":205},"23":{"loc":{"start":{"line":223,"column":2},"end":{"line":227,"column":3}},"type":"if","locations":[{"start":{"line":223,"column":2},"end":{"line":227,"column":3}},{"start":{},"end":{}}],"line":223},"24":{"loc":{"start":{"line":228,"column":2},"end":{"line":232,"column":3}},"type":"if","locations":[{"start":{"line":228,"column":2},"end":{"line":232,"column":3}},{"start":{},"end":{}}],"line":228},"25":{"loc":{"start":{"line":235,"column":2},"end":{"line":243,"column":3}},"type":"if","locations":[{"start":{"line":235,"column":2},"end":{"line":243,"column":3}},{"start":{"line":237,"column":9},"end":{"line":243,"column":3}}],"line":235},"26":{"loc":{"start":{"line":237,"column":9},"end":{"line":243,"column":3}},"type":"if","locations":[{"start":{"line":237,"column":9},"end":{"line":243,"column":3}},{"start":{"line":239,"column":9},"end":{"line":243,"column":3}}],"line":237},"27":{"loc":{"start":{"line":239,"column":9},"end":{"line":243,"column":3}},"type":"if","locations":[{"start":{"line":239,"column":9},"end":{"line":243,"column":3}},{"start":{"line":241,"column":9},"end":{"line":243,"column":3}}],"line":239},"28":{"loc":{"start":{"line":241,"column":9},"end":{"line":243,"column":3}},"type":"if","locations":[{"start":{"line":241,"column":9},"end":{"line":243,"column":3}},{"start":{},"end":{}}],"line":241},"29":{"loc":{"start":{"line":262,"column":30},"end":{"line":262,"column":50}},"type":"binary-expr","locations":[{"start":{"line":262,"column":30},"end":{"line":262,"column":45}},{"start":{"line":262,"column":49},"end":{"line":262,"column":50}}],"line":262},"30":{"loc":{"start":{"line":295,"column":2},"end":{"line":295,"column":33}},"type":"if","locations":[{"start":{"line":295,"column":2},"end":{"line":295,"column":33}},{"start":{},"end":{}}],"line":295},"31":{"loc":{"start":{"line":315,"column":4},"end":{"line":334,"column":5}},"type":"if","locations":[{"start":{"line":315,"column":4},"end":{"line":334,"column":5}},{"start":{"line":329,"column":11},"end":{"line":334,"column":5}}],"line":315},"32":{"loc":{"start":{"line":321,"column":6},"end":{"line":328,"column":7}},"type":"if","locations":[{"start":{"line":321,"column":6},"end":{"line":328,"column":7}},{"start":{},"end":{}}],"line":321},"33":{"loc":{"start":{"line":344,"column":40},"end":{"line":344,"column":60}},"type":"default-arg","locations":[{"start":{"line":344,"column":55},"end":{"line":344,"column":60}}],"line":344},"34":{"loc":{"start":{"line":345,"column":2},"end":{"line":345,"column":62}},"type":"if","locations":[{"start":{"line":345,"column":2},"end":{"line":345,"column":62}},{"start":{},"end":{}}],"line":345},"35":{"loc":{"start":{"line":345,"column":6},"end":{"line":345,"column":53}},"type":"binary-expr","locations":[{"start":{"line":345,"column":6},"end":{"line":345,"column":29}},{"start":{"line":345,"column":33},"end":{"line":345,"column":53}}],"line":345},"36":{"loc":{"start":{"line":350,"column":4},"end":{"line":380,"column":5}},"type":"if","locations":[{"start":{"line":350,"column":4},"end":{"line":380,"column":5}},{"start":{},"end":{}}],"line":350},"37":{"loc":{"start":{"line":397,"column":2},"end":{"line":397,"column":62}},"type":"if","locations":[{"start":{"line":397,"column":2},"end":{"line":397,"column":62}},{"start":{},"end":{}}],"line":397},"38":{"loc":{"start":{"line":397,"column":6},"end":{"line":397,"column":53}},"type":"binary-expr","locations":[{"start":{"line":397,"column":6},"end":{"line":397,"column":29}},{"start":{"line":397,"column":33},"end":{"line":397,"column":53}}],"line":397},"39":{"loc":{"start":{"line":406,"column":4},"end":{"line":426,"column":5}},"type":"if","locations":[{"start":{"line":406,"column":4},"end":{"line":426,"column":5}},{"start":{"line":420,"column":11},"end":{"line":426,"column":5}}],"line":406},"40":{"loc":{"start":{"line":440,"column":34},"end":{"line":440,"column":54}},"type":"default-arg","locations":[{"start":{"line":440,"column":49},"end":{"line":440,"column":54}}],"line":440},"41":{"loc":{"start":{"line":445,"column":4},"end":{"line":475,"column":5}},"type":"if","locations":[{"start":{"line":445,"column":4},"end":{"line":475,"column":5}},{"start":{},"end":{}}],"line":445},"42":{"loc":{"start":{"line":503,"column":30},"end":{"line":503,"column":45}},"type":"binary-expr","locations":[{"start":{"line":503,"column":30},"end":{"line":503,"column":40}},{"start":{"line":503,"column":44},"end":{"line":503,"column":45}}],"line":503},"43":{"loc":{"start":{"line":518,"column":13},"end":{"line":518,"column":69}},"type":"cond-expr","locations":[{"start":{"line":518,"column":35},"end":{"line":518,"column":39}},{"start":{"line":518,"column":43},"end":{"line":518,"column":68}}],"line":518},"44":{"loc":{"start":{"line":518,"column":43},"end":{"line":518,"column":68}},"type":"binary-expr","locations":[{"start":{"line":518,"column":43},"end":{"line":518,"column":63}},{"start":{"line":518,"column":67},"end":{"line":518,"column":68}}],"line":518}},"s":{"0":0,"1":0,"2":0,"3":0,"4":0,"5":0,"6":0,"7":0,"8":0,"9":0,"10":0,"11":0,"12":0,"13":0,"14":0,"15":0,"16":0,"17":0,"18":0,"19":0,"20":0,"21":0,"22":0,"23":0,"24":0,"25":0,"26":0,"27":0,"28":0,"29":0,"30":0,"31":0,"32":0,"33":0,"34":0,"35":0,"36":0,"37":0,"38":0,"39":0,"40":0,"41":0,"42":0,"43":0,"44":0,"45":0,"46":0,"47":0,"48":0,"49":0,"50":0,"51":0,"52":0,"53":0,"54":0,"55":0,"56":0,"57":0,"58":0,"59":0,"60":0,"61":0,"62":0,"63":0,"64":0,"65":0,"66":0,"67":0,"68":0,"69":0,"70":0,"71":0,"72":0,"73":0,"74":0,"75":0,"76":0,"77":0,"78":0,"79":0,"80":0,"81":0,"82":0,"83":0,"84":0,"85":0,"86":0,"87":0,"88":0,"89":0,"90":0,"91":0,"92":0,"93":0,"94":0,"95":0,"96":0,"97":0,"98":0,"99":0,"100":0,"101":0,"102":0,"103":0,"104":0,"105":0,"106":0,"107":0,"108":0,"109":0,"110":0,"111":0,"112":0,"113":0,"114":0,"115":0,"116":0,"117":0,"118":0,"119":0,"120":0,"121":0,"122":0,"123":0,"124":0,"125":0,"126":0,"127":0,"128":0,"129":0,"130":0,"131":0,"132":0,"133":0,"134":0,"135":0,"136":0,"137":0,"138":0,"139":0,"140":0,"141":0,"142":0,"143":0,"144":0,"145":0,"146":0,"147":0,"148":0,"149":0,"150":0,"151":0,"152":0,"153":0,"154":0,"155":0,"156":0,"157":0,"158":0,"159":0,"160":0,"161":0,"162":0,"163":0,"164":0,"165":0,"166":0,"167":0,"168":0,"169":0,"170":0,"171":0,"172":0,"173":0,"174":0,"175":0},"f":{"0":0,"1":0,"2":0,"3":0,"4":0,"5":0,"6":0,"7":0,"8":0,"9":0,"10":0,"11":0,"12":0,"13":0,"14":0},"b":{"0":[0,0],"1":[0],"2":[0,0],"3":[0,0],"4":[0,0],"5":[0,0],"6":[0,0],"7":[0,0],"8":[0,0],"9":[0,0],"10":[0],"11":[0],"12":[0],"13":[0],"14":[0],"15":[0],"16":[0],"17":[0],"18":[0],"19":[0,0],"20":[0,0],"21":[0,0],"22":[0,0],"23":[0,0],"24":[0,0],"25":[0,0],"26":[0,0],"27":[0,0],"28":[0,0],"29":[0,0],"30":[0,0],"31":[0,0],"32":[0,0],"33":[0],"34":[0,0],"35":[0,0],"36":[0,0],"37":[0,0],"38":[0,0],"39":[0,0],"40":[0],"41":[0,0],"42":[0,0],"43":[0,0],"44":[0,0]}}
}
