{"/opt/captiveportal/portal/src/app.js": {"path":"/opt/captiveportal/portal/src/app.js","statementMap":{"0":{"start":{"line":3,"column":0},"end":{"line":3,"column":27}},"1":{"start":{"line":5,"column":16},"end":{"line":5,"column":34}},"2":{"start":{"line":6,"column":13},"end":{"line":6,"column":28}},"3":{"start":{"line":7,"column":18},"end":{"line":7,"column":47}},"4":{"start":{"line":8,"column":15},"end":{"line":8,"column":40}},"5":{"start":{"line":9,"column":20},"end":{"line":9,"column":45}},"6":{"start":{"line":10,"column":11},"end":{"line":10,"column":41}},"7":{"start":{"line":11,"column":20},"end":{"line":11,"column":53}},"8":{"start":{"line":12,"column":26},"end":{"line":12,"column":65}},"9":{"start":{"line":13,"column":25},"end":{"line":13,"column":45}},"10":{"start":{"line":16,"column":12},"end":{"line":16,"column":21}},"11":{"start":{"line":17,"column":13},"end":{"line":17,"column":37}},"12":{"start":{"line":20,"column":2},"end":{"line":20,"column":52}},"13":{"start":{"line":20,"column":45},"end":{"line":20,"column":52}},"14":{"start":{"line":21,"column":19},"end":{"line":21,"column":123}},"15":{"start":{"line":22,"column":18},"end":{"line":22,"column":82}},"16":{"start":{"line":22,"column":42},"end":{"line":22,"column":81}},"17":{"start":{"line":23,"column":2},"end":{"line":25,"column":3}},"18":{"start":{"line":24,"column":4},"end":{"line":24,"column":87}},"19":{"start":{"line":29,"column":0},"end":{"line":29,"column":26}},"20":{"start":{"line":31,"column":0},"end":{"line":31,"column":41}},"21":{"start":{"line":32,"column":0},"end":{"line":32,"column":63}},"22":{"start":{"line":35,"column":20},"end":{"line":42,"column":2}},"23":{"start":{"line":40,"column":17},"end":{"line":40,"column":41}},"24":{"start":{"line":44,"column":26},"end":{"line":50,"column":2}},"25":{"start":{"line":53,"column":0},"end":{"line":53,"column":70}},"26":{"start":{"line":56,"column":0},"end":{"line":60,"column":3}},"27":{"start":{"line":57,"column":2},"end":{"line":57,"column":53}},"28":{"start":{"line":58,"column":2},"end":{"line":58,"column":43}},"29":{"start":{"line":59,"column":2},"end":{"line":59,"column":9}},"30":{"start":{"line":64,"column":0},"end":{"line":72,"column":3}},"31":{"start":{"line":65,"column":2},"end":{"line":70,"column":3}},"32":{"start":{"line":66,"column":4},"end":{"line":66,"column":54}},"33":{"start":{"line":67,"column":4},"end":{"line":67,"column":72}},"34":{"start":{"line":68,"column":4},"end":{"line":68,"column":66}},"35":{"start":{"line":69,"column":4},"end":{"line":69,"column":31}},"36":{"start":{"line":71,"column":2},"end":{"line":71,"column":9}},"37":{"start":{"line":73,"column":0},"end":{"line":73,"column":36}},"38":{"start":{"line":74,"column":0},"end":{"line":74,"column":39}},"39":{"start":{"line":75,"column":0},"end":{"line":75,"column":35}},"40":{"start":{"line":76,"column":0},"end":{"line":76,"column":36}},"41":{"start":{"line":77,"column":0},"end":{"line":77,"column":41}},"42":{"start":{"line":78,"column":0},"end":{"line":78,"column":42}},"43":{"start":{"line":79,"column":0},"end":{"line":79,"column":36}},"44":{"start":{"line":80,"column":0},"end":{"line":80,"column":40}},"45":{"start":{"line":81,"column":0},"end":{"line":81,"column":43}},"46":{"start":{"line":82,"column":0},"end":{"line":82,"column":47}},"47":{"start":{"line":85,"column":0},"end":{"line":88,"column":3}},"48":{"start":{"line":86,"column":2},"end":{"line":86,"column":52}},"49":{"start":{"line":87,"column":2},"end":{"line":87,"column":9}},"50":{"start":{"line":90,"column":0},"end":{"line":95,"column":3}},"51":{"start":{"line":91,"column":2},"end":{"line":93,"column":3}},"52":{"start":{"line":92,"column":4},"end":{"line":92,"column":91}},"53":{"start":{"line":94,"column":2},"end":{"line":94,"column":9}},"54":{"start":{"line":97,"column":0},"end":{"line":125,"column":3}},"55":{"start":{"line":98,"column":17},"end":{"line":101,"column":3}},"56":{"start":{"line":103,"column":2},"end":{"line":110,"column":3}},"57":{"start":{"line":104,"column":17},"end":{"line":104,"column":43}},"58":{"start":{"line":105,"column":4},"end":{"line":107,"column":5}},"59":{"start":{"line":106,"column":6},"end":{"line":106,"column":35}},"60":{"start":{"line":109,"column":4},"end":{"line":109,"column":29}},"61":{"start":{"line":112,"column":2},"end":{"line":117,"column":3}},"62":{"start":{"line":113,"column":22},"end":{"line":113,"column":50}},"63":{"start":{"line":114,"column":4},"end":{"line":114,"column":54}},"64":{"start":{"line":116,"column":4},"end":{"line":116,"column":31}},"65":{"start":{"line":119,"column":17},"end":{"line":119,"column":91}},"66":{"start":{"line":120,"column":2},"end":{"line":124,"column":5}},"67":{"start":{"line":128,"column":0},"end":{"line":130,"column":1}},"68":{"start":{"line":129,"column":2},"end":{"line":129,"column":20}},"69":{"start":{"line":132,"column":0},"end":{"line":132,"column":31}},"70":{"start":{"line":133,"column":0},"end":{"line":133,"column":21}},"71":{"start":{"line":136,"column":0},"end":{"line":142,"column":3}},"72":{"start":{"line":137,"column":2},"end":{"line":137,"column":51}},"73":{"start":{"line":138,"column":2},"end":{"line":140,"column":3}},"74":{"start":{"line":139,"column":4},"end":{"line":139,"column":74}},"75":{"start":{"line":141,"column":2},"end":{"line":141,"column":99}},"76":{"start":{"line":146,"column":2},"end":{"line":146,"column":34}},"77":{"start":{"line":147,"column":2},"end":{"line":147,"column":21}},"78":{"start":{"line":148,"column":2},"end":{"line":159,"column":3}},"79":{"start":{"line":149,"column":4},"end":{"line":158,"column":7}},"80":{"start":{"line":150,"column":6},"end":{"line":150,"column":66}},"81":{"start":{"line":151,"column":6},"end":{"line":151,"column":85}},"82":{"start":{"line":154,"column":6},"end":{"line":154,"column":37}},"83":{"start":{"line":157,"column":6},"end":{"line":157,"column":49}},"84":{"start":{"line":162,"column":0},"end":{"line":169,"column":1}},"85":{"start":{"line":163,"column":2},"end":{"line":166,"column":5}},"86":{"start":{"line":164,"column":4},"end":{"line":164,"column":74}},"87":{"start":{"line":165,"column":4},"end":{"line":165,"column":20}},"88":{"start":{"line":171,"column":0},"end":{"line":171,"column":21}}},"fnMap":{"0":{"name":"validateProductionEnvironment","decl":{"start":{"line":19,"column":9},"end":{"line":19,"column":38}},"loc":{"start":{"line":19,"column":41},"end":{"line":26,"column":1}},"line":19},"1":{"name":"(anonymous_1)","decl":{"start":{"line":22,"column":34},"end":{"line":22,"column":35}},"loc":{"start":{"line":22,"column":42},"end":{"line":22,"column":81}},"line":22},"2":{"name":"(anonymous_2)","decl":{"start":{"line":40,"column":8},"end":{"line":40,"column":9}},"loc":{"start":{"line":40,"column":17},"end":{"line":40,"column":41}},"line":40},"3":{"name":"(anonymous_3)","decl":{"start":{"line":56,"column":8},"end":{"line":56,"column":9}},"loc":{"start":{"line":56,"column":28},"end":{"line":60,"column":1}},"line":56},"4":{"name":"(anonymous_4)","decl":{"start":{"line":64,"column":8},"end":{"line":64,"column":9}},"loc":{"start":{"line":64,"column":28},"end":{"line":72,"column":1}},"line":64},"5":{"name":"(anonymous_5)","decl":{"start":{"line":85,"column":17},"end":{"line":85,"column":18}},"loc":{"start":{"line":85,"column":37},"end":{"line":88,"column":1}},"line":85},"6":{"name":"(anonymous_6)","decl":{"start":{"line":90,"column":17},"end":{"line":90,"column":18}},"loc":{"start":{"line":90,"column":37},"end":{"line":95,"column":1}},"line":90},"7":{"name":"(anonymous_7)","decl":{"start":{"line":97,"column":19},"end":{"line":97,"column":20}},"loc":{"start":{"line":97,"column":39},"end":{"line":125,"column":1}},"line":97},"8":{"name":"(anonymous_8)","decl":{"start":{"line":136,"column":8},"end":{"line":136,"column":9}},"loc":{"start":{"line":136,"column":33},"end":{"line":142,"column":1}},"line":136},"9":{"name":"start","decl":{"start":{"line":145,"column":15},"end":{"line":145,"column":20}},"loc":{"start":{"line":145,"column":23},"end":{"line":160,"column":1}},"line":145},"10":{"name":"(anonymous_10)","decl":{"start":{"line":149,"column":32},"end":{"line":149,"column":33}},"loc":{"start":{"line":149,"column":38},"end":{"line":158,"column":5}},"line":149},"11":{"name":"(anonymous_11)","decl":{"start":{"line":163,"column":16},"end":{"line":163,"column":17}},"loc":{"start":{"line":163,"column":23},"end":{"line":166,"column":3}},"line":163}},"branchMap":{"0":{"loc":{"start":{"line":17,"column":13},"end":{"line":17,"column":37}},"type":"binary-expr","locations":[{"start":{"line":17,"column":13},"end":{"line":17,"column":29}},{"start":{"line":17,"column":33},"end":{"line":17,"column":37}}],"line":17},"1":{"loc":{"start":{"line":20,"column":2},"end":{"line":20,"column":52}},"type":"if","locations":[{"start":{"line":20,"column":2},"end":{"line":20,"column":52}},{"start":{},"end":{}}],"line":20},"2":{"loc":{"start":{"line":22,"column":50},"end":{"line":22,"column":73}},"type":"binary-expr","locations":[{"start":{"line":22,"column":50},"end":{"line":22,"column":67}},{"start":{"line":22,"column":71},"end":{"line":22,"column":73}}],"line":22},"3":{"loc":{"start":{"line":23,"column":2},"end":{"line":25,"column":3}},"type":"if","locations":[{"start":{"line":23,"column":2},"end":{"line":25,"column":3}},{"start":{},"end":{}}],"line":23},"4":{"loc":{"start":{"line":65,"column":2},"end":{"line":70,"column":3}},"type":"if","locations":[{"start":{"line":65,"column":2},"end":{"line":70,"column":3}},{"start":{},"end":{}}],"line":65},"5":{"loc":{"start":{"line":65,"column":6},"end":{"line":65,"column":63}},"type":"binary-expr","locations":[{"start":{"line":65,"column":6},"end":{"line":65,"column":30}},{"start":{"line":65,"column":34},"end":{"line":65,"column":63}}],"line":65},"6":{"loc":{"start":{"line":91,"column":2},"end":{"line":93,"column":3}},"type":"if","locations":[{"start":{"line":91,"column":2},"end":{"line":93,"column":3}},{"start":{},"end":{}}],"line":91},"7":{"loc":{"start":{"line":91,"column":6},"end":{"line":91,"column":97}},"type":"binary-expr","locations":[{"start":{"line":91,"column":6},"end":{"line":91,"column":48}},{"start":{"line":91,"column":52},"end":{"line":91,"column":60}},{"start":{"line":91,"column":64},"end":{"line":91,"column":97}}],"line":91},"8":{"loc":{"start":{"line":104,"column":17},"end":{"line":104,"column":43}},"type":"binary-expr","locations":[{"start":{"line":104,"column":17},"end":{"line":104,"column":27}},{"start":{"line":104,"column":31},"end":{"line":104,"column":43}}],"line":104},"9":{"loc":{"start":{"line":105,"column":4},"end":{"line":107,"column":5}},"type":"if","locations":[{"start":{"line":105,"column":4},"end":{"line":107,"column":5}},{"start":{},"end":{}}],"line":105},"10":{"loc":{"start":{"line":114,"column":24},"end":{"line":114,"column":53}},"type":"cond-expr","locations":[{"start":{"line":114,"column":40},"end":{"line":114,"column":44}},{"start":{"line":114,"column":47},"end":{"line":114,"column":53}}],"line":114},"11":{"loc":{"start":{"line":119,"column":17},"end":{"line":119,"column":91}},"type":"cond-expr","locations":[{"start":{"line":119,"column":74},"end":{"line":119,"column":78}},{"start":{"line":119,"column":81},"end":{"line":119,"column":91}}],"line":119},"12":{"loc":{"start":{"line":119,"column":17},"end":{"line":119,"column":71}},"type":"binary-expr","locations":[{"start":{"line":119,"column":17},"end":{"line":119,"column":41}},{"start":{"line":119,"column":45},"end":{"line":119,"column":71}}],"line":119},"13":{"loc":{"start":{"line":120,"column":13},"end":{"line":120,"column":40}},"type":"cond-expr","locations":[{"start":{"line":120,"column":31},"end":{"line":120,"column":34}},{"start":{"line":120,"column":37},"end":{"line":120,"column":40}}],"line":120},"14":{"loc":{"start":{"line":128,"column":0},"end":{"line":130,"column":1}},"type":"if","locations":[{"start":{"line":128,"column":0},"end":{"line":130,"column":1}},{"start":{},"end":{}}],"line":128},"15":{"loc":{"start":{"line":138,"column":2},"end":{"line":140,"column":3}},"type":"if","locations":[{"start":{"line":138,"column":2},"end":{"line":140,"column":3}},{"start":{},"end":{}}],"line":138},"16":{"loc":{"start":{"line":148,"column":2},"end":{"line":159,"column":3}},"type":"if","locations":[{"start":{"line":148,"column":2},"end":{"line":159,"column":3}},{"start":{},"end":{}}],"line":148},"17":{"loc":{"start":{"line":151,"column":38},"end":{"line":151,"column":81}},"type":"binary-expr","locations":[{"start":{"line":151,"column":38},"end":{"line":151,"column":61}},{"start":{"line":151,"column":65},"end":{"line":151,"column":81}}],"line":151},"18":{"loc":{"start":{"line":162,"column":0},"end":{"line":169,"column":1}},"type":"if","locations":[{"start":{"line":162,"column":0},"end":{"line":169,"column":1}},{"start":{"line":167,"column":7},"end":{"line":169,"column":1}}],"line":162}},"s":{"0":2,"1":2,"2":2,"3":2,"4":2,"5":2,"6":2,"7":2,"8":2,"9":2,"10":2,"11":2,"12":0,"13":0,"14":0,"15":0,"16":0,"17":0,"18":0,"19":2,"20":2,"21":2,"22":2,"23":0,"24":2,"25":2,"26":2,"27":0,"28":0,"29":0,"30":2,"31":0,"32":0,"33":0,"34":0,"35":0,"36":0,"37":2,"38":2,"39":2,"40":2,"41":2,"42":2,"43":2,"44":2,"45":2,"46":2,"47":2,"48":0,"49":0,"50":2,"51":0,"52":0,"53":0,"54":2,"55":0,"56":0,"57":0,"58":0,"59":0,"60":0,"61":0,"62":0,"63":0,"64":0,"65":0,"66":0,"67":2,"68":0,"69":2,"70":2,"71":2,"72":0,"73":0,"74":0,"75":0,"76":0,"77":0,"78":0,"79":0,"80":0,"81":0,"82":0,"83":0,"84":2,"85":0,"86":0,"87":0,"88":2},"f":{"0":0,"1":0,"2":0,"3":0,"4":0,"5":0,"6":0,"7":0,"8":0,"9":0,"10":0,"11":0},"b":{"0":[2,2],"1":[0,0],"2":[0,0],"3":[0,0],"4":[0,0],"5":[0,0],"6":[0,0],"7":[0,0,0],"8":[0,0],"9":[0,0],"10":[0,0],"11":[0,0],"12":[0,0],"13":[0,0],"14":[0,2],"15":[0,0],"16":[0,0],"17":[0,0],"18":[0,2]},"_coverageSchema":"1a1c01bbd47fc00a2c39e90264f33305004495a9","hash":"20ea32c67879bfe2d8704e1dd9aa641e8880efa7"}
,"/opt/captiveportal/portal/src/swagger.js": {"path":"/opt/captiveportal/portal/src/swagger.js","statementMap":{"0":{"start":{"line":3,"column":21},"end":{"line":3,"column":45}},"1":{"start":{"line":4,"column":18},"end":{"line":4,"column":47}},"2":{"start":{"line":6,"column":16},"end":{"line":22,"column":1}},"3":{"start":{"line":24,"column":14},"end":{"line":24,"column":35}},"4":{"start":{"line":27,"column":27},"end":{"line":30,"column":3}},"5":{"start":{"line":33,"column":2},"end":{"line":41,"column":3}},"6":{"start":{"line":34,"column":4},"end":{"line":40,"column":7}},"7":{"start":{"line":35,"column":20},"end":{"line":35,"column":67}},"8":{"start":{"line":36,"column":6},"end":{"line":38,"column":7}},"9":{"start":{"line":37,"column":8},"end":{"line":37,"column":22}},"10":{"start":{"line":39,"column":6},"end":{"line":39,"column":116}},"11":{"start":{"line":43,"column":2},"end":{"line":43,"column":78}},"12":{"start":{"line":44,"column":2},"end":{"line":47,"column":5}},"13":{"start":{"line":45,"column":4},"end":{"line":45,"column":54}},"14":{"start":{"line":46,"column":4},"end":{"line":46,"column":20}},"15":{"start":{"line":50,"column":0},"end":{"line":50,"column":34}}},"fnMap":{"0":{"name":"setupSwagger","decl":{"start":{"line":26,"column":9},"end":{"line":26,"column":21}},"loc":{"start":{"line":26,"column":27},"end":{"line":48,"column":1}},"line":26},"1":{"name":"(anonymous_1)","decl":{"start":{"line":34,"column":21},"end":{"line":34,"column":22}},"loc":{"start":{"line":34,"column":41},"end":{"line":40,"column":5}},"line":34},"2":{"name":"(anonymous_2)","decl":{"start":{"line":44,"column":27},"end":{"line":44,"column":28}},"loc":{"start":{"line":44,"column":41},"end":{"line":47,"column":3}},"line":44}},"branchMap":{"0":{"loc":{"start":{"line":33,"column":2},"end":{"line":41,"column":3}},"type":"if","locations":[{"start":{"line":33,"column":2},"end":{"line":41,"column":3}},{"start":{},"end":{}}],"line":33},"1":{"loc":{"start":{"line":35,"column":20},"end":{"line":35,"column":67}},"type":"binary-expr","locations":[{"start":{"line":35,"column":20},"end":{"line":35,"column":35}},{"start":{"line":35,"column":39},"end":{"line":35,"column":67}}],"line":35},"2":{"loc":{"start":{"line":36,"column":6},"end":{"line":38,"column":7}},"type":"if","locations":[{"start":{"line":36,"column":6},"end":{"line":38,"column":7}},{"start":{},"end":{}}],"line":36}},"s":{"0":2,"1":2,"2":2,"3":2,"4":0,"5":0,"6":0,"7":0,"8":0,"9":0,"10":0,"11":0,"12":0,"13":0,"14":0,"15":2},"f":{"0":0,"1":0,"2":0},"b":{"0":[0,0],"1":[0,0],"2":[0,0]},"_coverageSchema":"1a1c01bbd47fc00a2c39e90264f33305004495a9","hash":"f67c8e5d42c65bc340b4c3b45d68c871923fb4ac"}
,"/opt/captiveportal/portal/src/routes/admin.js": {"path":"/opt/captiveportal/portal/src/routes/admin.js","statementMap":{"0":{"start":{"line":3,"column":16},"end":{"line":3,"column":34}},"1":{"start":{"line":4,"column":62},"end":{"line":4,"column":90}},"2":{"start":{"line":5,"column":15},"end":{"line":5,"column":31}},"3":{"start":{"line":6,"column":13},"end":{"line":6,"column":28}},"4":{"start":{"line":7,"column":11},"end":{"line":7,"column":24}},"5":{"start":{"line":8,"column":23},"end":{"line":8,"column":54}},"6":{"start":{"line":9,"column":23},"end":{"line":9,"column":60}},"7":{"start":{"line":10,"column":23},"end":{"line":10,"column":51}},"8":{"start":{"line":11,"column":23},"end":{"line":11,"column":51}},"9":{"start":{"line":12,"column":23},"end":{"line":12,"column":50}},"10":{"start":{"line":13,"column":23},"end":{"line":13,"column":60}},"11":{"start":{"line":14,"column":23},"end":{"line":14,"column":39}},"12":{"start":{"line":15,"column":23},"end":{"line":15,"column":57}},"13":{"start":{"line":16,"column":45},"end":{"line":16,"column":73}},"14":{"start":{"line":18,"column":21},"end":{"line":18,"column":75}},"15":{"start":{"line":19,"column":15},"end":{"line":19,"column":51}},"16":{"start":{"line":22,"column":0},"end":{"line":27,"column":3}},"17":{"start":{"line":23,"column":2},"end":{"line":23,"column":90}},"18":{"start":{"line":24,"column":2},"end":{"line":24,"column":38}},"19":{"start":{"line":25,"column":2},"end":{"line":25,"column":32}},"20":{"start":{"line":26,"column":2},"end":{"line":26,"column":9}},"21":{"start":{"line":31,"column":2},"end":{"line":33,"column":3}},"22":{"start":{"line":32,"column":4},"end":{"line":32,"column":25}},"23":{"start":{"line":35,"column":16},"end":{"line":35,"column":38}},"24":{"start":{"line":36,"column":18},"end":{"line":36,"column":26}},"25":{"start":{"line":37,"column":15},"end":{"line":37,"column":67}},"26":{"start":{"line":39,"column":2},"end":{"line":41,"column":3}},"27":{"start":{"line":40,"column":4},"end":{"line":40,"column":16}},"28":{"start":{"line":43,"column":18},"end":{"line":50,"column":3}},"29":{"start":{"line":44,"column":20},"end":{"line":44,"column":40}},"30":{"start":{"line":45,"column":4},"end":{"line":45,"column":42}},"31":{"start":{"line":45,"column":30},"end":{"line":45,"column":42}},"32":{"start":{"line":46,"column":4},"end":{"line":49,"column":44}},"33":{"start":{"line":52,"column":16},"end":{"line":52,"column":27}},"34":{"start":{"line":53,"column":19},"end":{"line":53,"column":35}},"35":{"start":{"line":55,"column":2},"end":{"line":55,"column":56}},"36":{"start":{"line":55,"column":43},"end":{"line":55,"column":56}},"37":{"start":{"line":57,"column":2},"end":{"line":59,"column":3}},"38":{"start":{"line":58,"column":4},"end":{"line":58,"column":30}},"39":{"start":{"line":61,"column":21},"end":{"line":61,"column":54}},"40":{"start":{"line":62,"column":2},"end":{"line":62,"column":58}},"41":{"start":{"line":66,"column":0},"end":{"line":129,"column":3}},"42":{"start":{"line":67,"column":2},"end":{"line":128,"column":3}},"43":{"start":{"line":68,"column":19},"end":{"line":68,"column":65}},"44":{"start":{"line":69,"column":24},"end":{"line":69,"column":55}},"45":{"start":{"line":71,"column":21},"end":{"line":71,"column":37}},"46":{"start":{"line":73,"column":4},"end":{"line":75,"column":5}},"47":{"start":{"line":74,"column":6},"end":{"line":74,"column":20}},"48":{"start":{"line":77,"column":29},"end":{"line":77,"column":86}},"49":{"start":{"line":77,"column":61},"end":{"line":77,"column":69}},"50":{"start":{"line":78,"column":20},"end":{"line":78,"column":80}},"51":{"start":{"line":78,"column":50},"end":{"line":78,"column":79}},"52":{"start":{"line":80,"column":4},"end":{"line":123,"column":5}},"53":{"start":{"line":81,"column":6},"end":{"line":81,"column":113}},"54":{"start":{"line":83,"column":25},"end":{"line":83,"column":60}},"55":{"start":{"line":84,"column":27},"end":{"line":84,"column":59}},"56":{"start":{"line":85,"column":22},"end":{"line":85,"column":58}},"57":{"start":{"line":87,"column":6},"end":{"line":122,"column":9}},"58":{"start":{"line":125,"column":4},"end":{"line":125,"column":11}},"59":{"start":{"line":127,"column":4},"end":{"line":127,"column":14}},"60":{"start":{"line":134,"column":15},"end":{"line":134,"column":46}},"61":{"start":{"line":135,"column":14},"end":{"line":135,"column":97}},"62":{"start":{"line":136,"column":2},"end":{"line":138,"column":3}},"63":{"start":{"line":137,"column":4},"end":{"line":137,"column":80}},"64":{"start":{"line":140,"column":2},"end":{"line":159,"column":3}},"65":{"start":{"line":142,"column":4},"end":{"line":146,"column":5}},"66":{"start":{"line":143,"column":6},"end":{"line":143,"column":30}},"67":{"start":{"line":144,"column":6},"end":{"line":144,"column":42}},"68":{"start":{"line":145,"column":6},"end":{"line":145,"column":20}},"69":{"start":{"line":149,"column":20},"end":{"line":149,"column":58}},"70":{"start":{"line":150,"column":4},"end":{"line":152,"column":5}},"71":{"start":{"line":151,"column":6},"end":{"line":151,"column":77}},"72":{"start":{"line":154,"column":4},"end":{"line":154,"column":37}},"73":{"start":{"line":155,"column":4},"end":{"line":155,"column":46}},"74":{"start":{"line":156,"column":4},"end":{"line":156,"column":11}},"75":{"start":{"line":158,"column":4},"end":{"line":158,"column":14}},"76":{"start":{"line":167,"column":16},"end":{"line":167,"column":72}},"77":{"start":{"line":168,"column":19},"end":{"line":168,"column":61}},"78":{"start":{"line":168,"column":46},"end":{"line":168,"column":59}},"79":{"start":{"line":169,"column":2},"end":{"line":175,"column":4}},"80":{"start":{"line":170,"column":24},"end":{"line":170,"column":48}},"81":{"start":{"line":171,"column":4},"end":{"line":173,"column":5}},"82":{"start":{"line":172,"column":6},"end":{"line":172,"column":97}},"83":{"start":{"line":174,"column":4},"end":{"line":174,"column":11}},"84":{"start":{"line":179,"column":2},"end":{"line":184,"column":4}},"85":{"start":{"line":180,"column":4},"end":{"line":182,"column":5}},"86":{"start":{"line":181,"column":6},"end":{"line":181,"column":20}},"87":{"start":{"line":183,"column":4},"end":{"line":183,"column":48}},"88":{"start":{"line":189,"column":0},"end":{"line":191,"column":3}},"89":{"start":{"line":190,"column":2},"end":{"line":190,"column":48}},"90":{"start":{"line":195,"column":0},"end":{"line":199,"column":3}},"91":{"start":{"line":196,"column":2},"end":{"line":198,"column":30}},"92":{"start":{"line":197,"column":4},"end":{"line":197,"column":34}},"93":{"start":{"line":198,"column":18},"end":{"line":198,"column":28}},"94":{"start":{"line":203,"column":0},"end":{"line":236,"column":2}},"95":{"start":{"line":212,"column":4},"end":{"line":234,"column":32}},"96":{"start":{"line":213,"column":21},"end":{"line":213,"column":42}},"97":{"start":{"line":214,"column":6},"end":{"line":216,"column":7}},"98":{"start":{"line":215,"column":8},"end":{"line":215,"column":84}},"99":{"start":{"line":218,"column":114},"end":{"line":218,"column":123}},"100":{"start":{"line":221,"column":6},"end":{"line":231,"column":7}},"101":{"start":{"line":222,"column":8},"end":{"line":222,"column":88}},"102":{"start":{"line":223,"column":13},"end":{"line":231,"column":7}},"103":{"start":{"line":224,"column":8},"end":{"line":228,"column":9}},"104":{"start":{"line":225,"column":10},"end":{"line":225,"column":114}},"105":{"start":{"line":227,"column":10},"end":{"line":227,"column":102}},"106":{"start":{"line":229,"column":13},"end":{"line":231,"column":7}},"107":{"start":{"line":230,"column":8},"end":{"line":230,"column":92}},"108":{"start":{"line":233,"column":6},"end":{"line":233,"column":23}},"109":{"start":{"line":234,"column":20},"end":{"line":234,"column":30}},"110":{"start":{"line":238,"column":0},"end":{"line":243,"column":3}},"111":{"start":{"line":239,"column":2},"end":{"line":242,"column":30}},"112":{"start":{"line":240,"column":18},"end":{"line":240,"column":45}},"113":{"start":{"line":241,"column":4},"end":{"line":241,"column":24}},"114":{"start":{"line":242,"column":18},"end":{"line":242,"column":28}},"115":{"start":{"line":245,"column":0},"end":{"line":251,"column":3}},"116":{"start":{"line":246,"column":2},"end":{"line":250,"column":30}},"117":{"start":{"line":247,"column":20},"end":{"line":247,"column":30}},"118":{"start":{"line":248,"column":23},"end":{"line":248,"column":62}},"119":{"start":{"line":249,"column":4},"end":{"line":249,"column":25}},"120":{"start":{"line":250,"column":18},"end":{"line":250,"column":28}},"121":{"start":{"line":255,"column":0},"end":{"line":268,"column":2}},"122":{"start":{"line":260,"column":4},"end":{"line":266,"column":32}},"123":{"start":{"line":261,"column":22},"end":{"line":261,"column":88}},"124":{"start":{"line":262,"column":21},"end":{"line":262,"column":41}},"125":{"start":{"line":263,"column":21},"end":{"line":263,"column":41}},"126":{"start":{"line":264,"column":21},"end":{"line":264,"column":40}},"127":{"start":{"line":265,"column":6},"end":{"line":265,"column":67}},"128":{"start":{"line":266,"column":20},"end":{"line":266,"column":30}},"129":{"start":{"line":270,"column":0},"end":{"line":302,"column":2}},"130":{"start":{"line":274,"column":4},"end":{"line":300,"column":32}},"131":{"start":{"line":275,"column":21},"end":{"line":275,"column":42}},"132":{"start":{"line":276,"column":6},"end":{"line":278,"column":7}},"133":{"start":{"line":277,"column":8},"end":{"line":277,"column":132}},"134":{"start":{"line":279,"column":38},"end":{"line":279,"column":46}},"135":{"start":{"line":281,"column":25},"end":{"line":281,"column":52}},"136":{"start":{"line":282,"column":6},"end":{"line":284,"column":7}},"137":{"start":{"line":283,"column":8},"end":{"line":283,"column":95}},"138":{"start":{"line":286,"column":20},"end":{"line":286,"column":56}},"139":{"start":{"line":287,"column":19},"end":{"line":287,"column":51}},"140":{"start":{"line":288,"column":6},"end":{"line":290,"column":7}},"141":{"start":{"line":289,"column":8},"end":{"line":289,"column":136}},"142":{"start":{"line":292,"column":6},"end":{"line":292,"column":55}},"143":{"start":{"line":293,"column":6},"end":{"line":298,"column":9}},"144":{"start":{"line":299,"column":6},"end":{"line":299,"column":92}},"145":{"start":{"line":300,"column":20},"end":{"line":300,"column":30}},"146":{"start":{"line":304,"column":0},"end":{"line":340,"column":2}},"147":{"start":{"line":310,"column":4},"end":{"line":338,"column":32}},"148":{"start":{"line":311,"column":21},"end":{"line":311,"column":42}},"149":{"start":{"line":312,"column":6},"end":{"line":314,"column":7}},"150":{"start":{"line":313,"column":8},"end":{"line":313,"column":82}},"151":{"start":{"line":315,"column":75},"end":{"line":315,"column":83}},"152":{"start":{"line":317,"column":24},"end":{"line":317,"column":55}},"153":{"start":{"line":318,"column":6},"end":{"line":320,"column":7}},"154":{"start":{"line":319,"column":8},"end":{"line":319,"column":78}},"155":{"start":{"line":322,"column":6},"end":{"line":328,"column":7}},"156":{"start":{"line":323,"column":22},"end":{"line":323,"column":62}},"157":{"start":{"line":324,"column":21},"end":{"line":324,"column":57}},"158":{"start":{"line":325,"column":8},"end":{"line":327,"column":9}},"159":{"start":{"line":326,"column":10},"end":{"line":326,"column":139}},"160":{"start":{"line":330,"column":6},"end":{"line":330,"column":90}},"161":{"start":{"line":331,"column":6},"end":{"line":336,"column":9}},"162":{"start":{"line":337,"column":6},"end":{"line":337,"column":81}},"163":{"start":{"line":338,"column":20},"end":{"line":338,"column":30}},"164":{"start":{"line":342,"column":0},"end":{"line":383,"column":2}},"165":{"start":{"line":346,"column":4},"end":{"line":381,"column":32}},"166":{"start":{"line":347,"column":21},"end":{"line":347,"column":42}},"167":{"start":{"line":348,"column":6},"end":{"line":350,"column":7}},"168":{"start":{"line":349,"column":8},"end":{"line":349,"column":82}},"169":{"start":{"line":351,"column":38},"end":{"line":351,"column":46}},"170":{"start":{"line":354,"column":6},"end":{"line":354,"column":53}},"171":{"start":{"line":357,"column":6},"end":{"line":362,"column":9}},"172":{"start":{"line":365,"column":6},"end":{"line":370,"column":7}},"173":{"start":{"line":366,"column":8},"end":{"line":366,"column":81}},"174":{"start":{"line":367,"column":8},"end":{"line":367,"column":69}},"175":{"start":{"line":369,"column":8},"end":{"line":369,"column":108}},"176":{"start":{"line":373,"column":6},"end":{"line":378,"column":7}},"177":{"start":{"line":374,"column":8},"end":{"line":374,"column":90}},"178":{"start":{"line":375,"column":8},"end":{"line":375,"column":53}},"179":{"start":{"line":377,"column":8},"end":{"line":377,"column":108}},"180":{"start":{"line":380,"column":6},"end":{"line":380,"column":79}},"181":{"start":{"line":381,"column":20},"end":{"line":381,"column":30}},"182":{"start":{"line":387,"column":0},"end":{"line":415,"column":2}},"183":{"start":{"line":398,"column":4},"end":{"line":413,"column":32}},"184":{"start":{"line":399,"column":22},"end":{"line":399,"column":88}},"185":{"start":{"line":400,"column":21},"end":{"line":400,"column":41}},"186":{"start":{"line":401,"column":21},"end":{"line":401,"column":41}},"187":{"start":{"line":402,"column":21},"end":{"line":402,"column":40}},"188":{"start":{"line":403,"column":22},"end":{"line":403,"column":57}},"189":{"start":{"line":404,"column":23},"end":{"line":404,"column":49}},"190":{"start":{"line":405,"column":34},"end":{"line":405,"column":67}},"191":{"start":{"line":406,"column":32},"end":{"line":406,"column":63}},"192":{"start":{"line":407,"column":32},"end":{"line":407,"column":66}},"193":{"start":{"line":408,"column":27},"end":{"line":408,"column":53}},"194":{"start":{"line":410,"column":6},"end":{"line":412,"column":10}},"195":{"start":{"line":413,"column":20},"end":{"line":413,"column":30}},"196":{"start":{"line":417,"column":0},"end":{"line":426,"column":2}},"197":{"start":{"line":420,"column":4},"end":{"line":424,"column":32}},"198":{"start":{"line":421,"column":19},"end":{"line":421,"column":60}},"199":{"start":{"line":422,"column":6},"end":{"line":422,"column":82}},"200":{"start":{"line":422,"column":17},"end":{"line":422,"column":82}},"201":{"start":{"line":423,"column":6},"end":{"line":423,"column":21}},"202":{"start":{"line":424,"column":20},"end":{"line":424,"column":30}},"203":{"start":{"line":428,"column":0},"end":{"line":453,"column":2}},"204":{"start":{"line":432,"column":4},"end":{"line":451,"column":32}},"205":{"start":{"line":433,"column":21},"end":{"line":433,"column":42}},"206":{"start":{"line":434,"column":6},"end":{"line":434,"column":93}},"207":{"start":{"line":434,"column":29},"end":{"line":434,"column":93}},"208":{"start":{"line":436,"column":21},"end":{"line":436,"column":38}},"209":{"start":{"line":437,"column":27},"end":{"line":437,"column":48}},"210":{"start":{"line":439,"column":6},"end":{"line":439,"column":52}},"211":{"start":{"line":442,"column":23},"end":{"line":442,"column":39}},"212":{"start":{"line":443,"column":6},"end":{"line":448,"column":9}},"213":{"start":{"line":450,"column":6},"end":{"line":450,"column":34}},"214":{"start":{"line":451,"column":20},"end":{"line":451,"column":30}},"215":{"start":{"line":455,"column":0},"end":{"line":479,"column":2}},"216":{"start":{"line":459,"column":4},"end":{"line":477,"column":32}},"217":{"start":{"line":460,"column":21},"end":{"line":460,"column":42}},"218":{"start":{"line":461,"column":6},"end":{"line":461,"column":93}},"219":{"start":{"line":461,"column":29},"end":{"line":461,"column":93}},"220":{"start":{"line":463,"column":40},"end":{"line":463,"column":48}},"221":{"start":{"line":465,"column":6},"end":{"line":465,"column":57}},"222":{"start":{"line":468,"column":23},"end":{"line":468,"column":39}},"223":{"start":{"line":469,"column":6},"end":{"line":474,"column":9}},"224":{"start":{"line":476,"column":6},"end":{"line":476,"column":34}},"225":{"start":{"line":477,"column":20},"end":{"line":477,"column":30}},"226":{"start":{"line":481,"column":0},"end":{"line":532,"column":2}},"227":{"start":{"line":485,"column":4},"end":{"line":530,"column":32}},"228":{"start":{"line":486,"column":21},"end":{"line":486,"column":42}},"229":{"start":{"line":487,"column":6},"end":{"line":487,"column":93}},"230":{"start":{"line":487,"column":29},"end":{"line":487,"column":93}},"231":{"start":{"line":489,"column":34},"end":{"line":489,"column":42}},"232":{"start":{"line":491,"column":6},"end":{"line":491,"column":53}},"233":{"start":{"line":494,"column":23},"end":{"line":494,"column":39}},"234":{"start":{"line":495,"column":6},"end":{"line":500,"column":9}},"235":{"start":{"line":503,"column":6},"end":{"line":527,"column":7}},"236":{"start":{"line":504,"column":8},"end":{"line":526,"column":11}},"237":{"start":{"line":505,"column":10},"end":{"line":523,"column":11}},"238":{"start":{"line":506,"column":24},"end":{"line":506,"column":37}},"239":{"start":{"line":507,"column":12},"end":{"line":522,"column":13}},"240":{"start":{"line":508,"column":14},"end":{"line":512,"column":15}},"241":{"start":{"line":509,"column":16},"end":{"line":511,"column":19}},"242":{"start":{"line":510,"column":18},"end":{"line":510,"column":111}},"243":{"start":{"line":514,"column":14},"end":{"line":518,"column":15}},"244":{"start":{"line":515,"column":16},"end":{"line":517,"column":19}},"245":{"start":{"line":516,"column":18},"end":{"line":516,"column":111}},"246":{"start":{"line":519,"column":14},"end":{"line":521,"column":17}},"247":{"start":{"line":520,"column":16},"end":{"line":520,"column":118}},"248":{"start":{"line":525,"column":10},"end":{"line":525,"column":126}},"249":{"start":{"line":529,"column":6},"end":{"line":529,"column":34}},"250":{"start":{"line":530,"column":20},"end":{"line":530,"column":30}},"251":{"start":{"line":534,"column":0},"end":{"line":593,"column":2}},"252":{"start":{"line":538,"column":4},"end":{"line":591,"column":32}},"253":{"start":{"line":539,"column":21},"end":{"line":539,"column":42}},"254":{"start":{"line":540,"column":6},"end":{"line":540,"column":93}},"255":{"start":{"line":540,"column":29},"end":{"line":540,"column":93}},"256":{"start":{"line":542,"column":40},"end":{"line":542,"column":48}},"257":{"start":{"line":545,"column":25},"end":{"line":545,"column":27}},"258":{"start":{"line":546,"column":6},"end":{"line":553,"column":7}},"259":{"start":{"line":547,"column":8},"end":{"line":552,"column":9}},"260":{"start":{"line":548,"column":23},"end":{"line":548,"column":51}},"261":{"start":{"line":549,"column":10},"end":{"line":549,"column":35}},"262":{"start":{"line":551,"column":10},"end":{"line":551,"column":112}},"263":{"start":{"line":556,"column":6},"end":{"line":556,"column":54}},"264":{"start":{"line":559,"column":23},"end":{"line":559,"column":39}},"265":{"start":{"line":560,"column":6},"end":{"line":565,"column":9}},"266":{"start":{"line":568,"column":6},"end":{"line":588,"column":7}},"267":{"start":{"line":569,"column":20},"end":{"line":569,"column":33}},"268":{"start":{"line":572,"column":8},"end":{"line":576,"column":9}},"269":{"start":{"line":573,"column":10},"end":{"line":575,"column":13}},"270":{"start":{"line":574,"column":12},"end":{"line":574,"column":103}},"271":{"start":{"line":579,"column":8},"end":{"line":583,"column":9}},"272":{"start":{"line":580,"column":10},"end":{"line":582,"column":13}},"273":{"start":{"line":581,"column":12},"end":{"line":581,"column":103}},"274":{"start":{"line":585,"column":8},"end":{"line":587,"column":11}},"275":{"start":{"line":586,"column":10},"end":{"line":586,"column":106}},"276":{"start":{"line":590,"column":6},"end":{"line":590,"column":34}},"277":{"start":{"line":591,"column":20},"end":{"line":591,"column":30}},"278":{"start":{"line":595,"column":0},"end":{"line":656,"column":2}},"279":{"start":{"line":599,"column":4},"end":{"line":654,"column":32}},"280":{"start":{"line":600,"column":21},"end":{"line":600,"column":42}},"281":{"start":{"line":601,"column":6},"end":{"line":601,"column":91}},"282":{"start":{"line":601,"column":29},"end":{"line":601,"column":91}},"283":{"start":{"line":603,"column":21},"end":{"line":603,"column":38}},"284":{"start":{"line":604,"column":21},"end":{"line":604,"column":36}},"285":{"start":{"line":607,"column":6},"end":{"line":607,"column":45}},"286":{"start":{"line":610,"column":23},"end":{"line":610,"column":39}},"287":{"start":{"line":611,"column":6},"end":{"line":616,"column":9}},"288":{"start":{"line":619,"column":6},"end":{"line":651,"column":9}},"289":{"start":{"line":620,"column":8},"end":{"line":648,"column":9}},"290":{"start":{"line":621,"column":22},"end":{"line":621,"column":35}},"291":{"start":{"line":623,"column":10},"end":{"line":647,"column":11}},"292":{"start":{"line":625,"column":12},"end":{"line":629,"column":13}},"293":{"start":{"line":626,"column":14},"end":{"line":628,"column":17}},"294":{"start":{"line":627,"column":16},"end":{"line":627,"column":101}},"295":{"start":{"line":632,"column":12},"end":{"line":636,"column":13}},"296":{"start":{"line":633,"column":14},"end":{"line":635,"column":17}},"297":{"start":{"line":634,"column":16},"end":{"line":634,"column":101}},"298":{"start":{"line":638,"column":12},"end":{"line":642,"column":13}},"299":{"start":{"line":639,"column":14},"end":{"line":641,"column":17}},"300":{"start":{"line":640,"column":16},"end":{"line":640,"column":105}},"301":{"start":{"line":644,"column":12},"end":{"line":646,"column":15}},"302":{"start":{"line":645,"column":14},"end":{"line":645,"column":108}},"303":{"start":{"line":650,"column":8},"end":{"line":650,"column":94}},"304":{"start":{"line":653,"column":6},"end":{"line":653,"column":29}},"305":{"start":{"line":654,"column":20},"end":{"line":654,"column":30}},"306":{"start":{"line":658,"column":0},"end":{"line":679,"column":2}},"307":{"start":{"line":662,"column":4},"end":{"line":677,"column":32}},"308":{"start":{"line":663,"column":21},"end":{"line":663,"column":42}},"309":{"start":{"line":664,"column":6},"end":{"line":664,"column":91}},"310":{"start":{"line":664,"column":29},"end":{"line":664,"column":91}},"311":{"start":{"line":665,"column":6},"end":{"line":665,"column":65}},"312":{"start":{"line":668,"column":23},"end":{"line":668,"column":39}},"313":{"start":{"line":669,"column":6},"end":{"line":674,"column":9}},"314":{"start":{"line":676,"column":6},"end":{"line":676,"column":29}},"315":{"start":{"line":677,"column":20},"end":{"line":677,"column":30}},"316":{"start":{"line":681,"column":0},"end":{"line":727,"column":2}},"317":{"start":{"line":684,"column":4},"end":{"line":725,"column":32}},"318":{"start":{"line":685,"column":21},"end":{"line":685,"column":38}},"319":{"start":{"line":686,"column":27},"end":{"line":686,"column":60}},"320":{"start":{"line":688,"column":22},"end":{"line":688,"column":53}},"321":{"start":{"line":691,"column":6},"end":{"line":691,"column":48}},"322":{"start":{"line":694,"column":23},"end":{"line":694,"column":39}},"323":{"start":{"line":695,"column":6},"end":{"line":700,"column":9}},"324":{"start":{"line":703,"column":6},"end":{"line":722,"column":7}},"325":{"start":{"line":704,"column":20},"end":{"line":704,"column":33}},"326":{"start":{"line":707,"column":8},"end":{"line":712,"column":9}},"327":{"start":{"line":708,"column":10},"end":{"line":708,"column":89}},"328":{"start":{"line":709,"column":10},"end":{"line":709,"column":63}},"329":{"start":{"line":711,"column":10},"end":{"line":711,"column":101}},"330":{"start":{"line":715,"column":8},"end":{"line":717,"column":29}},"331":{"start":{"line":716,"column":10},"end":{"line":716,"column":47}},"332":{"start":{"line":719,"column":8},"end":{"line":721,"column":30}},"333":{"start":{"line":720,"column":10},"end":{"line":720,"column":47}},"334":{"start":{"line":724,"column":6},"end":{"line":724,"column":29}},"335":{"start":{"line":725,"column":20},"end":{"line":725,"column":30}},"336":{"start":{"line":729,"column":0},"end":{"line":750,"column":2}},"337":{"start":{"line":733,"column":4},"end":{"line":748,"column":32}},"338":{"start":{"line":734,"column":21},"end":{"line":734,"column":42}},"339":{"start":{"line":735,"column":6},"end":{"line":735,"column":91}},"340":{"start":{"line":735,"column":29},"end":{"line":735,"column":91}},"341":{"start":{"line":736,"column":6},"end":{"line":736,"column":73}},"342":{"start":{"line":739,"column":23},"end":{"line":739,"column":39}},"343":{"start":{"line":740,"column":6},"end":{"line":745,"column":9}},"344":{"start":{"line":747,"column":6},"end":{"line":747,"column":29}},"345":{"start":{"line":748,"column":20},"end":{"line":748,"column":30}},"346":{"start":{"line":752,"column":0},"end":{"line":790,"column":2}},"347":{"start":{"line":756,"column":4},"end":{"line":788,"column":32}},"348":{"start":{"line":757,"column":30},"end":{"line":757,"column":40}},"349":{"start":{"line":760,"column":6},"end":{"line":760,"column":45}},"350":{"start":{"line":763,"column":23},"end":{"line":763,"column":39}},"351":{"start":{"line":764,"column":6},"end":{"line":769,"column":9}},"352":{"start":{"line":772,"column":6},"end":{"line":777,"column":7}},"353":{"start":{"line":773,"column":8},"end":{"line":773,"column":73}},"354":{"start":{"line":774,"column":8},"end":{"line":774,"column":61}},"355":{"start":{"line":776,"column":8},"end":{"line":776,"column":100}},"356":{"start":{"line":780,"column":6},"end":{"line":785,"column":7}},"357":{"start":{"line":781,"column":8},"end":{"line":781,"column":82}},"358":{"start":{"line":782,"column":8},"end":{"line":782,"column":45}},"359":{"start":{"line":784,"column":8},"end":{"line":784,"column":100}},"360":{"start":{"line":787,"column":6},"end":{"line":787,"column":29}},"361":{"start":{"line":788,"column":20},"end":{"line":788,"column":30}},"362":{"start":{"line":792,"column":0},"end":{"line":860,"column":2}},"363":{"start":{"line":796,"column":4},"end":{"line":858,"column":32}},"364":{"start":{"line":797,"column":25},"end":{"line":797,"column":35}},"365":{"start":{"line":798,"column":20},"end":{"line":798,"column":28}},"366":{"start":{"line":800,"column":6},"end":{"line":802,"column":7}},"367":{"start":{"line":801,"column":8},"end":{"line":801,"column":82}},"368":{"start":{"line":805,"column":6},"end":{"line":805,"column":56}},"369":{"start":{"line":806,"column":6},"end":{"line":808,"column":7}},"370":{"start":{"line":807,"column":8},"end":{"line":807,"column":125}},"371":{"start":{"line":811,"column":27},"end":{"line":811,"column":57}},"372":{"start":{"line":814,"column":27},"end":{"line":814,"column":68}},"373":{"start":{"line":815,"column":6},"end":{"line":817,"column":7}},"374":{"start":{"line":816,"column":8},"end":{"line":816,"column":131}},"375":{"start":{"line":820,"column":19},"end":{"line":820,"column":51}},"376":{"start":{"line":821,"column":6},"end":{"line":823,"column":7}},"377":{"start":{"line":822,"column":8},"end":{"line":822,"column":72}},"378":{"start":{"line":825,"column":27},"end":{"line":825,"column":63}},"379":{"start":{"line":826,"column":6},"end":{"line":828,"column":7}},"380":{"start":{"line":827,"column":8},"end":{"line":827,"column":132}},"381":{"start":{"line":831,"column":6},"end":{"line":831,"column":56}},"382":{"start":{"line":834,"column":23},"end":{"line":834,"column":39}},"383":{"start":{"line":835,"column":6},"end":{"line":840,"column":9}},"384":{"start":{"line":843,"column":6},"end":{"line":848,"column":7}},"385":{"start":{"line":844,"column":8},"end":{"line":844,"column":79}},"386":{"start":{"line":845,"column":8},"end":{"line":845,"column":68}},"387":{"start":{"line":847,"column":8},"end":{"line":847,"column":106}},"388":{"start":{"line":850,"column":6},"end":{"line":855,"column":7}},"389":{"start":{"line":851,"column":8},"end":{"line":851,"column":88}},"390":{"start":{"line":852,"column":8},"end":{"line":852,"column":52}},"391":{"start":{"line":854,"column":8},"end":{"line":854,"column":106}},"392":{"start":{"line":857,"column":6},"end":{"line":857,"column":55}},"393":{"start":{"line":858,"column":20},"end":{"line":858,"column":30}},"394":{"start":{"line":862,"column":0},"end":{"line":939,"column":2}},"395":{"start":{"line":867,"column":4},"end":{"line":937,"column":32}},"396":{"start":{"line":868,"column":30},"end":{"line":868,"column":40}},"397":{"start":{"line":869,"column":23},"end":{"line":869,"column":31}},"398":{"start":{"line":871,"column":6},"end":{"line":873,"column":7}},"399":{"start":{"line":872,"column":8},"end":{"line":872,"column":88}},"400":{"start":{"line":876,"column":6},"end":{"line":876,"column":62}},"401":{"start":{"line":877,"column":6},"end":{"line":879,"column":7}},"402":{"start":{"line":878,"column":8},"end":{"line":878,"column":125}},"403":{"start":{"line":881,"column":30},"end":{"line":881,"column":63}},"404":{"start":{"line":882,"column":30},"end":{"line":882,"column":66}},"405":{"start":{"line":884,"column":6},"end":{"line":886,"column":7}},"406":{"start":{"line":885,"column":8},"end":{"line":885,"column":67}},"407":{"start":{"line":889,"column":27},"end":{"line":889,"column":71}},"408":{"start":{"line":890,"column":6},"end":{"line":892,"column":7}},"409":{"start":{"line":891,"column":8},"end":{"line":891,"column":127}},"410":{"start":{"line":895,"column":6},"end":{"line":900,"column":7}},"411":{"start":{"line":896,"column":8},"end":{"line":896,"column":93}},"412":{"start":{"line":897,"column":8},"end":{"line":897,"column":73}},"413":{"start":{"line":899,"column":8},"end":{"line":899,"column":120}},"414":{"start":{"line":902,"column":6},"end":{"line":907,"column":7}},"415":{"start":{"line":903,"column":8},"end":{"line":903,"column":93}},"416":{"start":{"line":904,"column":8},"end":{"line":904,"column":57}},"417":{"start":{"line":906,"column":8},"end":{"line":906,"column":120}},"418":{"start":{"line":910,"column":6},"end":{"line":910,"column":82}},"419":{"start":{"line":913,"column":23},"end":{"line":913,"column":39}},"420":{"start":{"line":914,"column":6},"end":{"line":919,"column":9}},"421":{"start":{"line":922,"column":6},"end":{"line":927,"column":7}},"422":{"start":{"line":923,"column":8},"end":{"line":923,"column":88}},"423":{"start":{"line":924,"column":8},"end":{"line":924,"column":71}},"424":{"start":{"line":926,"column":8},"end":{"line":926,"column":115}},"425":{"start":{"line":929,"column":6},"end":{"line":934,"column":7}},"426":{"start":{"line":930,"column":8},"end":{"line":930,"column":88}},"427":{"start":{"line":931,"column":8},"end":{"line":931,"column":55}},"428":{"start":{"line":933,"column":8},"end":{"line":933,"column":115}},"429":{"start":{"line":936,"column":6},"end":{"line":936,"column":58}},"430":{"start":{"line":937,"column":20},"end":{"line":937,"column":30}},"431":{"start":{"line":943,"column":0},"end":{"line":947,"column":3}},"432":{"start":{"line":944,"column":2},"end":{"line":946,"column":30}},"433":{"start":{"line":945,"column":4},"end":{"line":945,"column":36}},"434":{"start":{"line":946,"column":18},"end":{"line":946,"column":28}},"435":{"start":{"line":949,"column":0},"end":{"line":972,"column":2}},"436":{"start":{"line":955,"column":4},"end":{"line":970,"column":32}},"437":{"start":{"line":956,"column":21},"end":{"line":956,"column":42}},"438":{"start":{"line":957,"column":6},"end":{"line":957,"column":91}},"439":{"start":{"line":957,"column":29},"end":{"line":957,"column":91}},"440":{"start":{"line":958,"column":19},"end":{"line":958,"column":55}},"441":{"start":{"line":961,"column":23},"end":{"line":961,"column":39}},"442":{"start":{"line":962,"column":6},"end":{"line":967,"column":9}},"443":{"start":{"line":969,"column":6},"end":{"line":969,"column":33}},"444":{"start":{"line":970,"column":20},"end":{"line":970,"column":30}},"445":{"start":{"line":974,"column":0},"end":{"line":992,"column":2}},"446":{"start":{"line":977,"column":4},"end":{"line":990,"column":32}},"447":{"start":{"line":978,"column":6},"end":{"line":978,"column":61}},"448":{"start":{"line":981,"column":23},"end":{"line":981,"column":39}},"449":{"start":{"line":982,"column":6},"end":{"line":987,"column":9}},"450":{"start":{"line":989,"column":6},"end":{"line":989,"column":29}},"451":{"start":{"line":990,"column":20},"end":{"line":990,"column":30}},"452":{"start":{"line":994,"column":0},"end":{"line":1015,"column":2}},"453":{"start":{"line":997,"column":4},"end":{"line":1013,"column":32}},"454":{"start":{"line":998,"column":6},"end":{"line":1000,"column":7}},"455":{"start":{"line":999,"column":8},"end":{"line":999,"column":98}},"456":{"start":{"line":1001,"column":6},"end":{"line":1001,"column":49}},"457":{"start":{"line":1004,"column":23},"end":{"line":1004,"column":39}},"458":{"start":{"line":1005,"column":6},"end":{"line":1010,"column":9}},"459":{"start":{"line":1012,"column":6},"end":{"line":1012,"column":29}},"460":{"start":{"line":1013,"column":20},"end":{"line":1013,"column":30}},"461":{"start":{"line":1024,"column":14},"end":{"line":1024,"column":25}},"462":{"start":{"line":1025,"column":18},"end":{"line":1025,"column":24}},"463":{"start":{"line":1027,"column":2},"end":{"line":1038,"column":3}},"464":{"start":{"line":1028,"column":19},"end":{"line":1028,"column":64}},"465":{"start":{"line":1029,"column":4},"end":{"line":1037,"column":6}},"466":{"start":{"line":1039,"column":2},"end":{"line":1053,"column":3}},"467":{"start":{"line":1040,"column":17},"end":{"line":1040,"column":57}},"468":{"start":{"line":1041,"column":4},"end":{"line":1052,"column":6}},"469":{"start":{"line":1054,"column":2},"end":{"line":1067,"column":3}},"470":{"start":{"line":1055,"column":19},"end":{"line":1055,"column":70}},"471":{"start":{"line":1056,"column":4},"end":{"line":1066,"column":6}},"472":{"start":{"line":1068,"column":2},"end":{"line":1078,"column":3}},"473":{"start":{"line":1069,"column":17},"end":{"line":1069,"column":31}},"474":{"start":{"line":1070,"column":4},"end":{"line":1077,"column":6}},"475":{"start":{"line":1079,"column":2},"end":{"line":1086,"column":3}},"476":{"start":{"line":1080,"column":4},"end":{"line":1085,"column":6}},"477":{"start":{"line":1087,"column":2},"end":{"line":1095,"column":3}},"478":{"start":{"line":1088,"column":19},"end":{"line":1088,"column":35}},"479":{"start":{"line":1089,"column":4},"end":{"line":1094,"column":6}},"480":{"start":{"line":1096,"column":2},"end":{"line":1108,"column":3}},"481":{"start":{"line":1097,"column":28},"end":{"line":1097,"column":57}},"482":{"start":{"line":1098,"column":4},"end":{"line":1107,"column":6}},"483":{"start":{"line":1109,"column":2},"end":{"line":1109,"column":12}},"484":{"start":{"line":1117,"column":14},"end":{"line":1117,"column":25}},"485":{"start":{"line":1119,"column":2},"end":{"line":1126,"column":3}},"486":{"start":{"line":1120,"column":4},"end":{"line":1125,"column":6}},"487":{"start":{"line":1127,"column":2},"end":{"line":1135,"column":3}},"488":{"start":{"line":1128,"column":4},"end":{"line":1134,"column":6}},"489":{"start":{"line":1136,"column":2},"end":{"line":1143,"column":3}},"490":{"start":{"line":1137,"column":4},"end":{"line":1142,"column":6}},"491":{"start":{"line":1144,"column":2},"end":{"line":1150,"column":3}},"492":{"start":{"line":1145,"column":4},"end":{"line":1149,"column":6}},"493":{"start":{"line":1151,"column":2},"end":{"line":1156,"column":3}},"494":{"start":{"line":1152,"column":4},"end":{"line":1155,"column":6}},"495":{"start":{"line":1157,"column":2},"end":{"line":1161,"column":3}},"496":{"start":{"line":1158,"column":4},"end":{"line":1160,"column":6}},"497":{"start":{"line":1162,"column":2},"end":{"line":1170,"column":3}},"498":{"start":{"line":1163,"column":4},"end":{"line":1169,"column":6}},"499":{"start":{"line":1171,"column":2},"end":{"line":1171,"column":12}},"500":{"start":{"line":1175,"column":0},"end":{"line":1185,"column":3}},"501":{"start":{"line":1176,"column":2},"end":{"line":1184,"column":30}},"502":{"start":{"line":1177,"column":20},"end":{"line":1177,"column":96}},"503":{"start":{"line":1178,"column":20},"end":{"line":1178,"column":22}},"504":{"start":{"line":1179,"column":4},"end":{"line":1182,"column":5}},"505":{"start":{"line":1180,"column":20},"end":{"line":1180,"column":56}},"506":{"start":{"line":1181,"column":6},"end":{"line":1181,"column":62}},"507":{"start":{"line":1183,"column":4},"end":{"line":1183,"column":21}},"508":{"start":{"line":1184,"column":18},"end":{"line":1184,"column":28}},"509":{"start":{"line":1188,"column":0},"end":{"line":1280,"column":2}},"510":{"start":{"line":1191,"column":4},"end":{"line":1278,"column":32}},"511":{"start":{"line":1192,"column":21},"end":{"line":1192,"column":42}},"512":{"start":{"line":1193,"column":6},"end":{"line":1193,"column":88}},"513":{"start":{"line":1193,"column":29},"end":{"line":1193,"column":88}},"514":{"start":{"line":1195,"column":23},"end":{"line":1195,"column":40}},"515":{"start":{"line":1196,"column":23},"end":{"line":1196,"column":65}},"516":{"start":{"line":1197,"column":23},"end":{"line":1197,"column":31}},"517":{"start":{"line":1200,"column":23},"end":{"line":1200,"column":76}},"518":{"start":{"line":1200,"column":30},"end":{"line":1200,"column":76}},"519":{"start":{"line":1201,"column":21},"end":{"line":1206,"column":7}},"520":{"start":{"line":1202,"column":8},"end":{"line":1202,"column":54}},"521":{"start":{"line":1202,"column":34},"end":{"line":1202,"column":54}},"522":{"start":{"line":1203,"column":24},"end":{"line":1203,"column":45}},"523":{"start":{"line":1204,"column":8},"end":{"line":1204,"column":63}},"524":{"start":{"line":1204,"column":43},"end":{"line":1204,"column":63}},"525":{"start":{"line":1205,"column":8},"end":{"line":1205,"column":23}},"526":{"start":{"line":1208,"column":24},"end":{"line":1210,"column":107}},"527":{"start":{"line":1213,"column":6},"end":{"line":1264,"column":7}},"528":{"start":{"line":1214,"column":8},"end":{"line":1220,"column":10}},"529":{"start":{"line":1221,"column":13},"end":{"line":1264,"column":7}},"530":{"start":{"line":1222,"column":8},"end":{"line":1229,"column":10}},"531":{"start":{"line":1230,"column":13},"end":{"line":1264,"column":7}},"532":{"start":{"line":1231,"column":8},"end":{"line":1237,"column":10}},"533":{"start":{"line":1238,"column":13},"end":{"line":1264,"column":7}},"534":{"start":{"line":1239,"column":8},"end":{"line":1244,"column":10}},"535":{"start":{"line":1245,"column":13},"end":{"line":1264,"column":7}},"536":{"start":{"line":1246,"column":8},"end":{"line":1249,"column":10}},"537":{"start":{"line":1250,"column":13},"end":{"line":1264,"column":7}},"538":{"start":{"line":1251,"column":8},"end":{"line":1254,"column":10}},"539":{"start":{"line":1255,"column":13},"end":{"line":1264,"column":7}},"540":{"start":{"line":1256,"column":8},"end":{"line":1263,"column":10}},"541":{"start":{"line":1266,"column":6},"end":{"line":1266,"column":52}},"542":{"start":{"line":1269,"column":23},"end":{"line":1269,"column":39}},"543":{"start":{"line":1270,"column":6},"end":{"line":1275,"column":9}},"544":{"start":{"line":1277,"column":6},"end":{"line":1277,"column":29}},"545":{"start":{"line":1278,"column":20},"end":{"line":1278,"column":30}},"546":{"start":{"line":1283,"column":0},"end":{"line":1308,"column":3}},"547":{"start":{"line":1284,"column":2},"end":{"line":1307,"column":3}},"548":{"start":{"line":1285,"column":101},"end":{"line":1285,"column":109}},"549":{"start":{"line":1286,"column":4},"end":{"line":1288,"column":5}},"550":{"start":{"line":1287,"column":6},"end":{"line":1287,"column":119}},"551":{"start":{"line":1290,"column":23},"end":{"line":1298,"column":6}},"552":{"start":{"line":1300,"column":4},"end":{"line":1304,"column":5}},"553":{"start":{"line":1301,"column":6},"end":{"line":1301,"column":105}},"554":{"start":{"line":1303,"column":6},"end":{"line":1303,"column":60}},"555":{"start":{"line":1306,"column":4},"end":{"line":1306,"column":53}},"556":{"start":{"line":1310,"column":0},"end":{"line":1337,"column":2}},"557":{"start":{"line":1313,"column":4},"end":{"line":1335,"column":32}},"558":{"start":{"line":1314,"column":21},"end":{"line":1314,"column":42}},"559":{"start":{"line":1315,"column":6},"end":{"line":1315,"column":88}},"560":{"start":{"line":1315,"column":29},"end":{"line":1315,"column":88}},"561":{"start":{"line":1317,"column":21},"end":{"line":1317,"column":38}},"562":{"start":{"line":1318,"column":21},"end":{"line":1318,"column":57}},"563":{"start":{"line":1319,"column":21},"end":{"line":1319,"column":57}},"564":{"start":{"line":1322,"column":6},"end":{"line":1333,"column":7}},"565":{"start":{"line":1323,"column":27},"end":{"line":1323,"column":77}},"566":{"start":{"line":1323,"column":78},"end":{"line":1323,"column":84}},"567":{"start":{"line":1324,"column":27},"end":{"line":1324,"column":72}},"568":{"start":{"line":1324,"column":78},"end":{"line":1324,"column":84}},"569":{"start":{"line":1325,"column":27},"end":{"line":1325,"column":72}},"570":{"start":{"line":1325,"column":78},"end":{"line":1325,"column":84}},"571":{"start":{"line":1326,"column":27},"end":{"line":1326,"column":75}},"572":{"start":{"line":1326,"column":78},"end":{"line":1326,"column":84}},"573":{"start":{"line":1328,"column":10},"end":{"line":1328,"column":82}},"574":{"start":{"line":1329,"column":10},"end":{"line":1329,"column":16}},"575":{"start":{"line":1331,"column":10},"end":{"line":1331,"column":105}},"576":{"start":{"line":1332,"column":10},"end":{"line":1332,"column":16}},"577":{"start":{"line":1334,"column":6},"end":{"line":1334,"column":66}},"578":{"start":{"line":1335,"column":20},"end":{"line":1335,"column":30}},"579":{"start":{"line":1340,"column":22},"end":{"line":1340,"column":105}},"580":{"start":{"line":1341,"column":24},"end":{"line":1341,"column":59}},"581":{"start":{"line":1342,"column":19},"end":{"line":1342,"column":154}},"582":{"start":{"line":1343,"column":21},"end":{"line":1343,"column":49}},"583":{"start":{"line":1345,"column":32},"end":{"line":1349,"column":1}},"584":{"start":{"line":1352,"column":17},"end":{"line":1354,"column":9}},"585":{"start":{"line":1355,"column":2},"end":{"line":1355,"column":97}},"586":{"start":{"line":1358,"column":0},"end":{"line":1364,"column":3}},"587":{"start":{"line":1359,"column":2},"end":{"line":1363,"column":3}},"588":{"start":{"line":1360,"column":4},"end":{"line":1360,"column":47}},"589":{"start":{"line":1362,"column":4},"end":{"line":1362,"column":29}},"590":{"start":{"line":1366,"column":0},"end":{"line":1381,"column":3}},"591":{"start":{"line":1368,"column":77},"end":{"line":1368,"column":100}},"592":{"start":{"line":1370,"column":17},"end":{"line":1370,"column":38}},"593":{"start":{"line":1371,"column":2},"end":{"line":1371,"column":109}},"594":{"start":{"line":1371,"column":25},"end":{"line":1371,"column":109}},"595":{"start":{"line":1372,"column":2},"end":{"line":1380,"column":3}},"596":{"start":{"line":1373,"column":19},"end":{"line":1376,"column":6}},"597":{"start":{"line":1377,"column":4},"end":{"line":1377,"column":98}},"598":{"start":{"line":1379,"column":4},"end":{"line":1379,"column":29}},"599":{"start":{"line":1383,"column":0},"end":{"line":1396,"column":3}},"600":{"start":{"line":1384,"column":17},"end":{"line":1384,"column":38}},"601":{"start":{"line":1385,"column":2},"end":{"line":1385,"column":114}},"602":{"start":{"line":1385,"column":25},"end":{"line":1385,"column":114}},"603":{"start":{"line":1386,"column":2},"end":{"line":1395,"column":3}},"604":{"start":{"line":1387,"column":19},"end":{"line":1391,"column":6}},"605":{"start":{"line":1392,"column":4},"end":{"line":1392,"column":59}},"606":{"start":{"line":1394,"column":4},"end":{"line":1394,"column":29}},"607":{"start":{"line":1398,"column":0},"end":{"line":1417,"column":3}},"608":{"start":{"line":1401,"column":77},"end":{"line":1401,"column":100}},"609":{"start":{"line":1403,"column":17},"end":{"line":1403,"column":38}},"610":{"start":{"line":1404,"column":2},"end":{"line":1404,"column":129}},"611":{"start":{"line":1404,"column":25},"end":{"line":1404,"column":129}},"612":{"start":{"line":1405,"column":2},"end":{"line":1416,"column":3}},"613":{"start":{"line":1406,"column":19},"end":{"line":1412,"column":6}},"614":{"start":{"line":1413,"column":4},"end":{"line":1413,"column":89}},"615":{"start":{"line":1415,"column":4},"end":{"line":1415,"column":29}},"616":{"start":{"line":1420,"column":0},"end":{"line":1440,"column":3}},"617":{"start":{"line":1421,"column":2},"end":{"line":1439,"column":30}},"618":{"start":{"line":1422,"column":19},"end":{"line":1422,"column":65}},"619":{"start":{"line":1423,"column":4},"end":{"line":1438,"column":7}},"620":{"start":{"line":1439,"column":18},"end":{"line":1439,"column":28}},"621":{"start":{"line":1443,"column":0},"end":{"line":1543,"column":3}},"622":{"start":{"line":1444,"column":2},"end":{"line":1542,"column":30}},"623":{"start":{"line":1445,"column":18},"end":{"line":1445,"column":26}},"624":{"start":{"line":1447,"column":22},"end":{"line":1447,"column":67}},"625":{"start":{"line":1450,"column":29},"end":{"line":1450,"column":86}},"626":{"start":{"line":1450,"column":61},"end":{"line":1450,"column":69}},"627":{"start":{"line":1451,"column":24},"end":{"line":1451,"column":91}},"628":{"start":{"line":1452,"column":4},"end":{"line":1456,"column":5}},"629":{"start":{"line":1453,"column":6},"end":{"line":1455,"column":7}},"630":{"start":{"line":1454,"column":8},"end":{"line":1454,"column":216}},"631":{"start":{"line":1459,"column":21},"end":{"line":1459,"column":37}},"632":{"start":{"line":1460,"column":4},"end":{"line":1465,"column":5}},"633":{"start":{"line":1461,"column":22},"end":{"line":1461,"column":82}},"634":{"start":{"line":1461,"column":52},"end":{"line":1461,"column":81}},"635":{"start":{"line":1462,"column":6},"end":{"line":1464,"column":7}},"636":{"start":{"line":1463,"column":8},"end":{"line":1463,"column":224}},"637":{"start":{"line":1467,"column":19},"end":{"line":1467,"column":65}},"638":{"start":{"line":1468,"column":25},"end":{"line":1468,"column":47}},"639":{"start":{"line":1469,"column":25},"end":{"line":1469,"column":55}},"640":{"start":{"line":1471,"column":25},"end":{"line":1471,"column":54}},"641":{"start":{"line":1472,"column":4},"end":{"line":1474,"column":5}},"642":{"start":{"line":1473,"column":6},"end":{"line":1473,"column":48}},"643":{"start":{"line":1476,"column":18},"end":{"line":1476,"column":68}},"644":{"start":{"line":1479,"column":4},"end":{"line":1488,"column":5}},"645":{"start":{"line":1480,"column":16},"end":{"line":1480,"column":53}},"646":{"start":{"line":1481,"column":6},"end":{"line":1481,"column":68}},"647":{"start":{"line":1481,"column":20},"end":{"line":1481,"column":68}},"648":{"start":{"line":1482,"column":17},"end":{"line":1482,"column":30}},"649":{"start":{"line":1483,"column":19},"end":{"line":1483,"column":34}},"650":{"start":{"line":1484,"column":24},"end":{"line":1484,"column":60}},"651":{"start":{"line":1485,"column":23},"end":{"line":1485,"column":45}},"652":{"start":{"line":1486,"column":6},"end":{"line":1486,"column":65}},"653":{"start":{"line":1487,"column":6},"end":{"line":1487,"column":38}},"654":{"start":{"line":1490,"column":21},"end":{"line":1490,"column":43}},"655":{"start":{"line":1491,"column":4},"end":{"line":1500,"column":5}},"656":{"start":{"line":1492,"column":16},"end":{"line":1492,"column":82}},"657":{"start":{"line":1493,"column":6},"end":{"line":1493,"column":68}},"658":{"start":{"line":1493,"column":20},"end":{"line":1493,"column":68}},"659":{"start":{"line":1494,"column":17},"end":{"line":1494,"column":30}},"660":{"start":{"line":1495,"column":19},"end":{"line":1495,"column":34}},"661":{"start":{"line":1496,"column":24},"end":{"line":1496,"column":60}},"662":{"start":{"line":1497,"column":23},"end":{"line":1497,"column":43}},"663":{"start":{"line":1498,"column":6},"end":{"line":1498,"column":65}},"664":{"start":{"line":1499,"column":6},"end":{"line":1499,"column":41}},"665":{"start":{"line":1502,"column":27},"end":{"line":1502,"column":55}},"666":{"start":{"line":1503,"column":4},"end":{"line":1512,"column":5}},"667":{"start":{"line":1504,"column":16},"end":{"line":1504,"column":88}},"668":{"start":{"line":1505,"column":6},"end":{"line":1505,"column":68}},"669":{"start":{"line":1505,"column":20},"end":{"line":1505,"column":68}},"670":{"start":{"line":1506,"column":17},"end":{"line":1506,"column":30}},"671":{"start":{"line":1507,"column":19},"end":{"line":1507,"column":34}},"672":{"start":{"line":1508,"column":24},"end":{"line":1508,"column":60}},"673":{"start":{"line":1509,"column":23},"end":{"line":1509,"column":50}},"674":{"start":{"line":1510,"column":6},"end":{"line":1510,"column":65}},"675":{"start":{"line":1511,"column":6},"end":{"line":1511,"column":47}},"676":{"start":{"line":1514,"column":19},"end":{"line":1530,"column":5}},"677":{"start":{"line":1531,"column":4},"end":{"line":1531,"column":54}},"678":{"start":{"line":1534,"column":4},"end":{"line":1539,"column":7}},"679":{"start":{"line":1541,"column":4},"end":{"line":1541,"column":27}},"680":{"start":{"line":1542,"column":18},"end":{"line":1542,"column":28}},"681":{"start":{"line":1546,"column":0},"end":{"line":1555,"column":3}},"682":{"start":{"line":1547,"column":2},"end":{"line":1554,"column":30}},"683":{"start":{"line":1548,"column":19},"end":{"line":1552,"column":5}},"684":{"start":{"line":1553,"column":4},"end":{"line":1553,"column":21}},"685":{"start":{"line":1554,"column":18},"end":{"line":1554,"column":28}},"686":{"start":{"line":1558,"column":0},"end":{"line":1605,"column":3}},"687":{"start":{"line":1559,"column":2},"end":{"line":1604,"column":30}},"688":{"start":{"line":1560,"column":18},"end":{"line":1560,"column":26}},"689":{"start":{"line":1563,"column":4},"end":{"line":1565,"column":5}},"690":{"start":{"line":1564,"column":6},"end":{"line":1564,"column":86}},"691":{"start":{"line":1567,"column":28},"end":{"line":1571,"column":5}},"692":{"start":{"line":1568,"column":19},"end":{"line":1568,"column":40}},"693":{"start":{"line":1569,"column":17},"end":{"line":1569,"column":36}},"694":{"start":{"line":1570,"column":6},"end":{"line":1570,"column":62}},"695":{"start":{"line":1573,"column":4},"end":{"line":1575,"column":5}},"696":{"start":{"line":1574,"column":6},"end":{"line":1574,"column":115}},"697":{"start":{"line":1577,"column":19},"end":{"line":1590,"column":5}},"698":{"start":{"line":1592,"column":4},"end":{"line":1592,"column":64}},"699":{"start":{"line":1595,"column":21},"end":{"line":1595,"column":37}},"700":{"start":{"line":1596,"column":4},"end":{"line":1601,"column":7}},"701":{"start":{"line":1603,"column":4},"end":{"line":1603,"column":27}},"702":{"start":{"line":1604,"column":18},"end":{"line":1604,"column":28}},"703":{"start":{"line":1608,"column":0},"end":{"line":1613,"column":3}},"704":{"start":{"line":1609,"column":2},"end":{"line":1612,"column":30}},"705":{"start":{"line":1610,"column":17},"end":{"line":1610,"column":46}},"706":{"start":{"line":1611,"column":4},"end":{"line":1611,"column":19}},"707":{"start":{"line":1612,"column":18},"end":{"line":1612,"column":28}},"708":{"start":{"line":1615,"column":0},"end":{"line":1696,"column":3}},"709":{"start":{"line":1616,"column":2},"end":{"line":1695,"column":30}},"710":{"start":{"line":1617,"column":43},"end":{"line":1617,"column":51}},"711":{"start":{"line":1618,"column":4},"end":{"line":1620,"column":5}},"712":{"start":{"line":1619,"column":6},"end":{"line":1619,"column":112}},"713":{"start":{"line":1622,"column":24},"end":{"line":1622,"column":36}},"714":{"start":{"line":1625,"column":4},"end":{"line":1632,"column":5}},"715":{"start":{"line":1626,"column":25},"end":{"line":1626,"column":61}},"716":{"start":{"line":1627,"column":29},"end":{"line":1627,"column":108}},"717":{"start":{"line":1628,"column":27},"end":{"line":1628,"column":94}},"718":{"start":{"line":1629,"column":6},"end":{"line":1631,"column":7}},"719":{"start":{"line":1630,"column":8},"end":{"line":1630,"column":195}},"720":{"start":{"line":1634,"column":18},"end":{"line":1634,"column":59}},"721":{"start":{"line":1635,"column":4},"end":{"line":1641,"column":5}},"722":{"start":{"line":1636,"column":16},"end":{"line":1636,"column":59}},"723":{"start":{"line":1637,"column":6},"end":{"line":1637,"column":68}},"724":{"start":{"line":1637,"column":20},"end":{"line":1637,"column":68}},"725":{"start":{"line":1638,"column":23},"end":{"line":1638,"column":87}},"726":{"start":{"line":1639,"column":6},"end":{"line":1639,"column":62}},"727":{"start":{"line":1640,"column":6},"end":{"line":1640,"column":38}},"728":{"start":{"line":1643,"column":21},"end":{"line":1643,"column":49}},"729":{"start":{"line":1644,"column":4},"end":{"line":1650,"column":5}},"730":{"start":{"line":1645,"column":16},"end":{"line":1645,"column":88}},"731":{"start":{"line":1646,"column":6},"end":{"line":1646,"column":68}},"732":{"start":{"line":1646,"column":20},"end":{"line":1646,"column":68}},"733":{"start":{"line":1647,"column":23},"end":{"line":1647,"column":85}},"734":{"start":{"line":1648,"column":6},"end":{"line":1648,"column":62}},"735":{"start":{"line":1649,"column":6},"end":{"line":1649,"column":41}},"736":{"start":{"line":1652,"column":27},"end":{"line":1652,"column":61}},"737":{"start":{"line":1653,"column":4},"end":{"line":1659,"column":5}},"738":{"start":{"line":1654,"column":16},"end":{"line":1654,"column":94}},"739":{"start":{"line":1655,"column":6},"end":{"line":1655,"column":68}},"740":{"start":{"line":1655,"column":20},"end":{"line":1655,"column":68}},"741":{"start":{"line":1656,"column":23},"end":{"line":1656,"column":92}},"742":{"start":{"line":1657,"column":6},"end":{"line":1657,"column":62}},"743":{"start":{"line":1658,"column":6},"end":{"line":1658,"column":47}},"744":{"start":{"line":1661,"column":24},"end":{"line":1683,"column":5}},"745":{"start":{"line":1685,"column":4},"end":{"line":1685,"column":75}},"746":{"start":{"line":1687,"column":4},"end":{"line":1692,"column":7}},"747":{"start":{"line":1694,"column":4},"end":{"line":1694,"column":27}},"748":{"start":{"line":1695,"column":18},"end":{"line":1695,"column":28}},"749":{"start":{"line":1698,"column":0},"end":{"line":1716,"column":3}},"750":{"start":{"line":1699,"column":2},"end":{"line":1715,"column":30}},"751":{"start":{"line":1700,"column":25},"end":{"line":1700,"column":35}},"752":{"start":{"line":1701,"column":4},"end":{"line":1703,"column":5}},"753":{"start":{"line":1702,"column":6},"end":{"line":1702,"column":83}},"754":{"start":{"line":1705,"column":4},"end":{"line":1705,"column":40}},"755":{"start":{"line":1707,"column":4},"end":{"line":1712,"column":7}},"756":{"start":{"line":1714,"column":4},"end":{"line":1714,"column":27}},"757":{"start":{"line":1715,"column":18},"end":{"line":1715,"column":28}},"758":{"start":{"line":1721,"column":0},"end":{"line":1726,"column":3}},"759":{"start":{"line":1722,"column":2},"end":{"line":1725,"column":30}},"760":{"start":{"line":1723,"column":17},"end":{"line":1723,"column":41}},"761":{"start":{"line":1724,"column":4},"end":{"line":1724,"column":19}},"762":{"start":{"line":1725,"column":18},"end":{"line":1725,"column":28}},"763":{"start":{"line":1729,"column":0},"end":{"line":1759,"column":3}},"764":{"start":{"line":1730,"column":2},"end":{"line":1758,"column":30}},"765":{"start":{"line":1731,"column":69},"end":{"line":1731,"column":77}},"766":{"start":{"line":1732,"column":4},"end":{"line":1734,"column":5}},"767":{"start":{"line":1733,"column":6},"end":{"line":1733,"column":100}},"768":{"start":{"line":1737,"column":21},"end":{"line":1737,"column":71}},"769":{"start":{"line":1738,"column":4},"end":{"line":1740,"column":5}},"770":{"start":{"line":1739,"column":6},"end":{"line":1739,"column":132}},"771":{"start":{"line":1743,"column":19},"end":{"line":1743,"column":55}},"772":{"start":{"line":1744,"column":4},"end":{"line":1746,"column":5}},"773":{"start":{"line":1745,"column":6},"end":{"line":1745,"column":127}},"774":{"start":{"line":1748,"column":22},"end":{"line":1748,"column":98}},"775":{"start":{"line":1750,"column":4},"end":{"line":1755,"column":7}},"776":{"start":{"line":1757,"column":4},"end":{"line":1757,"column":24}},"777":{"start":{"line":1758,"column":18},"end":{"line":1758,"column":28}},"778":{"start":{"line":1762,"column":0},"end":{"line":1803,"column":3}},"779":{"start":{"line":1763,"column":2},"end":{"line":1802,"column":30}},"780":{"start":{"line":1764,"column":19},"end":{"line":1764,"column":29}},"781":{"start":{"line":1765,"column":69},"end":{"line":1765,"column":77}},"782":{"start":{"line":1767,"column":4},"end":{"line":1769,"column":5}},"783":{"start":{"line":1768,"column":6},"end":{"line":1768,"column":100}},"784":{"start":{"line":1771,"column":21},"end":{"line":1771,"column":71}},"785":{"start":{"line":1772,"column":4},"end":{"line":1774,"column":5}},"786":{"start":{"line":1773,"column":6},"end":{"line":1773,"column":132}},"787":{"start":{"line":1777,"column":21},"end":{"line":1777,"column":57}},"788":{"start":{"line":1778,"column":4},"end":{"line":1780,"column":5}},"789":{"start":{"line":1779,"column":6},"end":{"line":1779,"column":118}},"790":{"start":{"line":1782,"column":20},"end":{"line":1782,"column":100}},"791":{"start":{"line":1783,"column":4},"end":{"line":1785,"column":5}},"792":{"start":{"line":1784,"column":6},"end":{"line":1784,"column":72}},"793":{"start":{"line":1788,"column":4},"end":{"line":1792,"column":5}},"794":{"start":{"line":1789,"column":6},"end":{"line":1789,"column":48}},"795":{"start":{"line":1791,"column":6},"end":{"line":1791,"column":103}},"796":{"start":{"line":1794,"column":4},"end":{"line":1799,"column":7}},"797":{"start":{"line":1801,"column":4},"end":{"line":1801,"column":44}},"798":{"start":{"line":1802,"column":18},"end":{"line":1802,"column":28}},"799":{"start":{"line":1806,"column":0},"end":{"line":1836,"column":3}},"800":{"start":{"line":1807,"column":2},"end":{"line":1835,"column":30}},"801":{"start":{"line":1808,"column":19},"end":{"line":1808,"column":29}},"802":{"start":{"line":1809,"column":23},"end":{"line":1809,"column":31}},"803":{"start":{"line":1811,"column":19},"end":{"line":1811,"column":48}},"804":{"start":{"line":1812,"column":4},"end":{"line":1814,"column":5}},"805":{"start":{"line":1813,"column":6},"end":{"line":1813,"column":75}},"806":{"start":{"line":1816,"column":20},"end":{"line":1816,"column":62}},"807":{"start":{"line":1818,"column":4},"end":{"line":1823,"column":7}},"808":{"start":{"line":1826,"column":4},"end":{"line":1832,"column":5}},"809":{"start":{"line":1827,"column":6},"end":{"line":1831,"column":7}},"810":{"start":{"line":1828,"column":8},"end":{"line":1828,"column":60}},"811":{"start":{"line":1830,"column":8},"end":{"line":1830,"column":115}},"812":{"start":{"line":1834,"column":4},"end":{"line":1834,"column":22}},"813":{"start":{"line":1835,"column":18},"end":{"line":1835,"column":28}},"814":{"start":{"line":1839,"column":0},"end":{"line":1866,"column":3}},"815":{"start":{"line":1840,"column":2},"end":{"line":1865,"column":30}},"816":{"start":{"line":1841,"column":19},"end":{"line":1841,"column":29}},"817":{"start":{"line":1843,"column":19},"end":{"line":1843,"column":48}},"818":{"start":{"line":1844,"column":4},"end":{"line":1846,"column":5}},"819":{"start":{"line":1845,"column":6},"end":{"line":1845,"column":75}},"820":{"start":{"line":1848,"column":4},"end":{"line":1848,"column":33}},"821":{"start":{"line":1850,"column":4},"end":{"line":1855,"column":7}},"822":{"start":{"line":1858,"column":4},"end":{"line":1862,"column":5}},"823":{"start":{"line":1859,"column":6},"end":{"line":1859,"column":58}},"824":{"start":{"line":1861,"column":6},"end":{"line":1861,"column":111}},"825":{"start":{"line":1864,"column":4},"end":{"line":1864,"column":27}},"826":{"start":{"line":1865,"column":18},"end":{"line":1865,"column":28}},"827":{"start":{"line":1869,"column":0},"end":{"line":1904,"column":3}},"828":{"start":{"line":1870,"column":2},"end":{"line":1903,"column":30}},"829":{"start":{"line":1871,"column":26},"end":{"line":1871,"column":34}},"830":{"start":{"line":1872,"column":4},"end":{"line":1874,"column":5}},"831":{"start":{"line":1873,"column":6},"end":{"line":1873,"column":90}},"832":{"start":{"line":1876,"column":22},"end":{"line":1876,"column":55}},"833":{"start":{"line":1879,"column":4},"end":{"line":1879,"column":53}},"834":{"start":{"line":1882,"column":4},"end":{"line":1892,"column":5}},"835":{"start":{"line":1883,"column":6},"end":{"line":1891,"column":9}},"836":{"start":{"line":1884,"column":8},"end":{"line":1888,"column":9}},"837":{"start":{"line":1885,"column":10},"end":{"line":1887,"column":13}},"838":{"start":{"line":1886,"column":12},"end":{"line":1886,"column":94}},"839":{"start":{"line":1890,"column":8},"end":{"line":1890,"column":90}},"840":{"start":{"line":1895,"column":4},"end":{"line":1900,"column":7}},"841":{"start":{"line":1902,"column":4},"end":{"line":1902,"column":27}},"842":{"start":{"line":1903,"column":18},"end":{"line":1903,"column":28}},"843":{"start":{"line":1907,"column":0},"end":{"line":1943,"column":3}},"844":{"start":{"line":1908,"column":2},"end":{"line":1942,"column":30}},"845":{"start":{"line":1909,"column":28},"end":{"line":1909,"column":36}},"846":{"start":{"line":1910,"column":4},"end":{"line":1912,"column":5}},"847":{"start":{"line":1911,"column":6},"end":{"line":1911,"column":90}},"848":{"start":{"line":1914,"column":23},"end":{"line":1914,"column":55}},"849":{"start":{"line":1915,"column":19},"end":{"line":1915,"column":56}},"850":{"start":{"line":1918,"column":4},"end":{"line":1918,"column":50}},"851":{"start":{"line":1921,"column":4},"end":{"line":1931,"column":5}},"852":{"start":{"line":1922,"column":6},"end":{"line":1930,"column":9}},"853":{"start":{"line":1923,"column":8},"end":{"line":1927,"column":9}},"854":{"start":{"line":1924,"column":10},"end":{"line":1926,"column":13}},"855":{"start":{"line":1925,"column":12},"end":{"line":1925,"column":94}},"856":{"start":{"line":1929,"column":8},"end":{"line":1929,"column":90}},"857":{"start":{"line":1934,"column":4},"end":{"line":1939,"column":7}},"858":{"start":{"line":1941,"column":4},"end":{"line":1941,"column":27}},"859":{"start":{"line":1942,"column":18},"end":{"line":1942,"column":28}},"860":{"start":{"line":1947,"column":0},"end":{"line":1952,"column":3}},"861":{"start":{"line":1948,"column":2},"end":{"line":1951,"column":30}},"862":{"start":{"line":1949,"column":19},"end":{"line":1949,"column":45}},"863":{"start":{"line":1950,"column":4},"end":{"line":1950,"column":21}},"864":{"start":{"line":1951,"column":18},"end":{"line":1951,"column":28}},"865":{"start":{"line":1954,"column":0},"end":{"line":1978,"column":3}},"866":{"start":{"line":1955,"column":2},"end":{"line":1977,"column":30}},"867":{"start":{"line":1956,"column":94},"end":{"line":1956,"column":102}},"868":{"start":{"line":1957,"column":4},"end":{"line":1959,"column":5}},"869":{"start":{"line":1958,"column":6},"end":{"line":1958,"column":103}},"870":{"start":{"line":1960,"column":18},"end":{"line":1967,"column":6}},"871":{"start":{"line":1969,"column":4},"end":{"line":1974,"column":7}},"872":{"start":{"line":1976,"column":4},"end":{"line":1976,"column":20}},"873":{"start":{"line":1977,"column":18},"end":{"line":1977,"column":28}},"874":{"start":{"line":1980,"column":0},"end":{"line":1996,"column":3}},"875":{"start":{"line":1981,"column":2},"end":{"line":1995,"column":30}},"876":{"start":{"line":1982,"column":18},"end":{"line":1982,"column":58}},"877":{"start":{"line":1983,"column":4},"end":{"line":1985,"column":5}},"878":{"start":{"line":1984,"column":6},"end":{"line":1984,"column":71}},"879":{"start":{"line":1987,"column":4},"end":{"line":1992,"column":7}},"880":{"start":{"line":1994,"column":4},"end":{"line":1994,"column":27}},"881":{"start":
[...]
,"column":6},"end":{"line":387,"column":8}},"127":{"start":{"line":390,"column":6},"end":{"line":393,"column":8}},"128":{"start":{"line":397,"column":4},"end":{"line":397,"column":86}},"129":{"start":{"line":398,"column":4},"end":{"line":398,"column":86}},"130":{"start":{"line":399,"column":4},"end":{"line":399,"column":87}},"131":{"start":{"line":400,"column":4},"end":{"line":400,"column":88}},"132":{"start":{"line":401,"column":4},"end":{"line":401,"column":33}},"133":{"start":{"line":403,"column":4},"end":{"line":403,"column":35}},"134":{"start":{"line":404,"column":4},"end":{"line":404,"column":14}},"135":{"start":{"line":406,"column":4},"end":{"line":406,"column":21}},"136":{"start":{"line":411,"column":2},"end":{"line":411,"column":62}},"137":{"start":{"line":411,"column":55},"end":{"line":411,"column":62}},"138":{"start":{"line":412,"column":17},"end":{"line":412,"column":42}},"139":{"start":{"line":413,"column":2},"end":{"line":448,"column":3}},"140":{"start":{"line":414,"column":4},"end":{"line":414,"column":32}},"141":{"start":{"line":415,"column":4},"end":{"line":418,"column":6}},"142":{"start":{"line":420,"column":4},"end":{"line":440,"column":5}},"143":{"start":{"line":422,"column":20},"end":{"line":425,"column":7}},"144":{"start":{"line":426,"column":6},"end":{"line":433,"column":7}},"145":{"start":{"line":427,"column":8},"end":{"line":432,"column":10}},"146":{"start":{"line":436,"column":6},"end":{"line":439,"column":8}},"147":{"start":{"line":442,"column":4},"end":{"line":442,"column":33}},"148":{"start":{"line":444,"column":4},"end":{"line":444,"column":35}},"149":{"start":{"line":445,"column":4},"end":{"line":445,"column":14}},"150":{"start":{"line":447,"column":4},"end":{"line":447,"column":21}},"151":{"start":{"line":455,"column":17},"end":{"line":455,"column":42}},"152":{"start":{"line":456,"column":2},"end":{"line":502,"column":3}},"153":{"start":{"line":457,"column":4},"end":{"line":457,"column":32}},"154":{"start":{"line":459,"column":4},"end":{"line":489,"column":5}},"155":{"start":{"line":461,"column":22},"end":{"line":464,"column":7}},"156":{"start":{"line":465,"column":19},"end":{"line":465,"column":21}},"157":{"start":{"line":466,"column":6},"end":{"line":470,"column":7}},"158":{"start":{"line":467,"column":22},"end":{"line":467,"column":56}},"159":{"start":{"line":468,"column":8},"end":{"line":468,"column":44}},"160":{"start":{"line":469,"column":8},"end":{"line":469,"column":44}},"161":{"start":{"line":473,"column":6},"end":{"line":476,"column":8}},"162":{"start":{"line":479,"column":6},"end":{"line":482,"column":8}},"163":{"start":{"line":485,"column":6},"end":{"line":488,"column":8}},"164":{"start":{"line":492,"column":4},"end":{"line":492,"column":80}},"165":{"start":{"line":493,"column":4},"end":{"line":493,"column":80}},"166":{"start":{"line":494,"column":4},"end":{"line":494,"column":81}},"167":{"start":{"line":495,"column":4},"end":{"line":495,"column":82}},"168":{"start":{"line":496,"column":4},"end":{"line":496,"column":33}},"169":{"start":{"line":498,"column":4},"end":{"line":498,"column":35}},"170":{"start":{"line":499,"column":4},"end":{"line":499,"column":14}},"171":{"start":{"line":501,"column":4},"end":{"line":501,"column":21}},"172":{"start":{"line":510,"column":17},"end":{"line":510,"column":42}},"173":{"start":{"line":511,"column":2},"end":{"line":526,"column":3}},"174":{"start":{"line":512,"column":4},"end":{"line":512,"column":32}},"175":{"start":{"line":513,"column":4},"end":{"line":513,"column":81}},"176":{"start":{"line":514,"column":4},"end":{"line":519,"column":5}},"177":{"start":{"line":515,"column":6},"end":{"line":518,"column":8}},"178":{"start":{"line":520,"column":4},"end":{"line":520,"column":33}},"179":{"start":{"line":522,"column":4},"end":{"line":522,"column":35}},"180":{"start":{"line":523,"column":4},"end":{"line":523,"column":14}},"181":{"start":{"line":525,"column":4},"end":{"line":525,"column":21}},"182":{"start":{"line":530,"column":2},"end":{"line":533,"column":4}},"183":{"start":{"line":536,"column":0},"end":{"line":551,"column":2}}},"fnMap":{"0":{"name":"userExists","decl":{"start":{"line":10,"column":15},"end":{"line":10,"column":25}},"loc":{"start":{"line":10,"column":34},"end":{"line":16,"column":1}},"line":10},"1":{"name":"getUserByCedula","decl":{"start":{"line":22,"column":15},"end":{"line":22,"column":30}},"loc":{"start":{"line":22,"column":39},"end":{"line":28,"column":1}},"line":22},"2":{"name":"createUser","decl":{"start":{"line":35,"column":15},"end":{"line":35,"column":25}},"loc":{"start":{"line":35,"column":115},"end":{"line":77,"column":1}},"line":35},"3":{"name":"updateTermsAcceptance","decl":{"start":{"line":82,"column":15},"end":{"line":82,"column":36}},"loc":{"start":{"line":82,"column":64},"end":{"line":93,"column":1}},"line":82},"4":{"name":"updateUserType","decl":{"start":{"line":95,"column":15},"end":{"line":95,"column":29}},"loc":{"start":{"line":95,"column":51},"end":{"line":122,"column":1}},"line":95},"5":{"name":"bulkUpdateUserType","decl":{"start":{"line":124,"column":15},"end":{"line":124,"column":33}},"loc":{"start":{"line":124,"column":56},"end":{"line":155,"column":1}},"line":124},"6":{"name":"listUsers","decl":{"start":{"line":162,"column":15},"end":{"line":162,"column":24}},"loc":{"start":{"line":172,"column":8},"end":{"line":280,"column":1}},"line":172},"7":{"name":"(anonymous_7)","decl":{"start":{"line":274,"column":27},"end":{"line":274,"column":28}},"loc":{"start":{"line":274,"column":33},"end":{"line":277,"column":5}},"line":274},"8":{"name":"getUserDetail","decl":{"start":{"line":285,"column":15},"end":{"line":285,"column":28}},"loc":{"start":{"line":285,"column":37},"end":{"line":316,"column":1}},"line":285},"9":{"name":"setUserActive","decl":{"start":{"line":321,"column":15},"end":{"line":321,"column":28}},"loc":{"start":{"line":321,"column":45},"end":{"line":356,"column":1}},"line":321},"10":{"name":"bulkDeleteUsers","decl":{"start":{"line":358,"column":15},"end":{"line":358,"column":30}},"loc":{"start":{"line":358,"column":62},"end":{"line":408,"column":1}},"line":358},"11":{"name":"bulkUpdateUserActive","decl":{"start":{"line":410,"column":15},"end":{"line":410,"column":35}},"loc":{"start":{"line":410,"column":53},"end":{"line":449,"column":1}},"line":410},"12":{"name":"deleteUser","decl":{"start":{"line":454,"column":15},"end":{"line":454,"column":25}},"loc":{"start":{"line":454,"column":56},"end":{"line":503,"column":1}},"line":454},"13":{"name":"setUserGroups","decl":{"start":{"line":508,"column":15},"end":{"line":508,"column":28}},"loc":{"start":{"line":508,"column":45},"end":{"line":527,"column":1}},"line":508},"14":{"name":"setUserMaxDevices","decl":{"start":{"line":529,"column":15},"end":{"line":529,"column":32}},"loc":{"start":{"line":529,"column":53},"end":{"line":534,"column":1}},"line":529}},"branchMap":{"0":{"loc":{"start":{"line":27,"column":9},"end":{"line":27,"column":31}},"type":"binary-expr","locations":[{"start":{"line":27,"column":9},"end":{"line":27,"column":23}},{"start":{"line":27,"column":27},"end":{"line":27,"column":31}}],"line":27},"1":{"loc":{"start":{"line":35,"column":82},"end":{"line":35,"column":111}},"type":"default-arg","locations":[{"start":{"line":35,"column":97},"end":{"line":35,"column":111}}],"line":35},"2":{"loc":{"start":{"line":47,"column":50},"end":{"line":47,"column":61}},"type":"binary-expr","locations":[{"start":{"line":47,"column":50},"end":{"line":47,"column":55}},{"start":{"line":47,"column":59},"end":{"line":47,"column":61}}],"line":47},"3":{"loc":{"start":{"line":47,"column":101},"end":{"line":47,"column":126}},"type":"binary-expr","locations":[{"start":{"line":47,"column":101},"end":{"line":47,"column":118}},{"start":{"line":47,"column":122},"end":{"line":47,"column":126}}],"line":47},"4":{"loc":{"start":{"line":60,"column":22},"end":{"line":60,"column":162}},"type":"cond-expr","locations":[{"start":{"line":60,"column":93},"end":{"line":60,"column":129}},{"start":{"line":60,"column":132},"end":{"line":60,"column":162}}],"line":60},"5":{"loc":{"start":{"line":60,"column":23},"end":{"line":60,"column":89}},"type":"binary-expr","locations":[{"start":{"line":60,"column":23},"end":{"line":60,"column":53}},{"start":{"line":60,"column":57},"end":{"line":60,"column":89}}],"line":60},"6":{"loc":{"start":{"line":88,"column":15},"end":{"line":88,"column":40}},"type":"binary-expr","locations":[{"start":{"line":88,"column":15},"end":{"line":88,"column":32}},{"start":{"line":88,"column":36},"end":{"line":88,"column":40}}],"line":88},"7":{"loc":{"start":{"line":103,"column":22},"end":{"line":103,"column":125}},"type":"cond-expr","locations":[{"start":{"line":103,"column":56},"end":{"line":103,"column":92}},{"start":{"line":103,"column":95},"end":{"line":103,"column":125}}],"line":103},"8":{"loc":{"start":{"line":125,"column":2},"end":{"line":125,"column":62}},"type":"if","locations":[{"start":{"line":125,"column":2},"end":{"line":125,"column":62}},{"start":{},"end":{}}],"line":125},"9":{"loc":{"start":{"line":125,"column":6},"end":{"line":125,"column":53}},"type":"binary-expr","locations":[{"start":{"line":125,"column":6},"end":{"line":125,"column":29}},{"start":{"line":125,"column":33},"end":{"line":125,"column":53}}],"line":125},"10":{"loc":{"start":{"line":133,"column":22},"end":{"line":133,"column":125}},"type":"cond-expr","locations":[{"start":{"line":133,"column":56},"end":{"line":133,"column":92}},{"start":{"line":133,"column":95},"end":{"line":133,"column":125}}],"line":133},"11":{"loc":{"start":{"line":162,"column":25},"end":{"line":172,"column":6}},"type":"default-arg","locations":[{"start":{"line":172,"column":4},"end":{"line":172,"column":6}}],"line":162},"12":{"loc":{"start":{"line":163,"column":2},"end":{"line":163,"column":13}},"type":"default-arg","locations":[{"start":{"line":163,"column":11},"end":{"line":163,"column":13}}],"line":163},"13":{"loc":{"start":{"line":164,"column":2},"end":{"line":164,"column":12}},"type":"default-arg","locations":[{"start":{"line":164,"column":10},"end":{"line":164,"column":12}}],"line":164},"14":{"loc":{"start":{"line":165,"column":2},"end":{"line":165,"column":12}},"type":"default-arg","locations":[{"start":{"line":165,"column":11},"end":{"line":165,"column":12}}],"line":165},"15":{"loc":{"start":{"line":166,"column":2},"end":{"line":166,"column":28}},"type":"default-arg","locations":[{"start":{"line":166,"column":12},"end":{"line":166,"column":28}}],"line":166},"16":{"loc":{"start":{"line":167,"column":2},"end":{"line":167,"column":19}},"type":"default-arg","locations":[{"start":{"line":167,"column":13},"end":{"line":167,"column":19}}],"line":167},"17":{"loc":{"start":{"line":168,"column":2},"end":{"line":168,"column":26}},"type":"default-arg","locations":[{"start":{"line":168,"column":24},"end":{"line":168,"column":26}}],"line":168},"18":{"loc":{"start":{"line":169,"column":2},"end":{"line":169,"column":24}},"type":"default-arg","locations":[{"start":{"line":169,"column":22},"end":{"line":169,"column":24}}],"line":169},"19":{"loc":{"start":{"line":170,"column":2},"end":{"line":170,"column":27}},"type":"default-arg","locations":[{"start":{"line":170,"column":22},"end":{"line":170,"column":27}}],"line":170},"20":{"loc":{"start":{"line":171,"column":2},"end":{"line":171,"column":19}},"type":"default-arg","locations":[{"start":{"line":171,"column":17},"end":{"line":171,"column":19}}],"line":171},"21":{"loc":{"start":{"line":173,"column":19},"end":{"line":173,"column":31}},"type":"binary-expr","locations":[{"start":{"line":173,"column":19},"end":{"line":173,"column":25}},{"start":{"line":173,"column":29},"end":{"line":173,"column":31}}],"line":173},"22":{"loc":{"start":{"line":184,"column":18},"end":{"line":184,"column":60}},"type":"binary-expr","locations":[{"start":{"line":184,"column":18},"end":{"line":184,"column":40}},{"start":{"line":184,"column":44},"end":{"line":184,"column":60}}],"line":184},"23":{"loc":{"start":{"line":185,"column":18},"end":{"line":185,"column":53}},"type":"cond-expr","locations":[{"start":{"line":185,"column":39},"end":{"line":185,"column":44}},{"start":{"line":185,"column":47},"end":{"line":185,"column":53}}],"line":185},"24":{"loc":{"start":{"line":206,"column":2},"end":{"line":221,"column":3}},"type":"if","locations":[{"start":{"line":206,"column":2},"end":{"line":221,"column":3}},{"start":{},"end":{}}],"line":206},"25":{"loc":{"start":{"line":224,"column":2},"end":{"line":228,"column":3}},"type":"if","locations":[{"start":{"line":224,"column":2},"end":{"line":228,"column":3}},{"start":{},"end":{}}],"line":224},"26":{"loc":{"start":{"line":229,"column":2},"end":{"line":233,"column":3}},"type":"if","locations":[{"start":{"line":229,"column":2},"end":{"line":233,"column":3}},{"start":{},"end":{}}],"line":229},"27":{"loc":{"start":{"line":236,"column":2},"end":{"line":244,"column":3}},"type":"if","locations":[{"start":{"line":236,"column":2},"end":{"line":244,"column":3}},{"start":{"line":238,"column":9},"end":{"line":244,"column":3}}],"line":236},"28":{"loc":{"start":{"line":238,"column":9},"end":{"line":244,"column":3}},"type":"if","locations":[{"start":{"line":238,"column":9},"end":{"line":244,"column":3}},{"start":{"line":240,"column":9},"end":{"line":244,"column":3}}],"line":238},"29":{"loc":{"start":{"line":240,"column":9},"end":{"line":244,"column":3}},"type":"if","locations":[{"start":{"line":240,"column":9},"end":{"line":244,"column":3}},{"start":{"line":242,"column":9},"end":{"line":244,"column":3}}],"line":240},"30":{"loc":{"start":{"line":242,"column":9},"end":{"line":244,"column":3}},"type":"if","locations":[{"start":{"line":242,"column":9},"end":{"line":244,"column":3}},{"start":{},"end":{}}],"line":242},"31":{"loc":{"start":{"line":247,"column":2},"end":{"line":257,"column":3}},"type":"if","locations":[{"start":{"line":247,"column":2},"end":{"line":257,"column":3}},{"start":{},"end":{}}],"line":247},"32":{"loc":{"start":{"line":248,"column":4},"end":{"line":256,"column":5}},"type":"if","locations":[{"start":{"line":248,"column":4},"end":{"line":256,"column":5}},{"start":{"line":250,"column":11},"end":{"line":256,"column":5}}],"line":248},"33":{"loc":{"start":{"line":250,"column":11},"end":{"line":256,"column":5}},"type":"if","locations":[{"start":{"line":250,"column":11},"end":{"line":256,"column":5}},{"start":{"line":252,"column":11},"end":{"line":256,"column":5}}],"line":250},"34":{"loc":{"start":{"line":276,"column":30},"end":{"line":276,"column":50}},"type":"binary-expr","locations":[{"start":{"line":276,"column":30},"end":{"line":276,"column":45}},{"start":{"line":276,"column":49},"end":{"line":276,"column":50}}],"line":276},"35":{"loc":{"start":{"line":309,"column":2},"end":{"line":309,"column":33}},"type":"if","locations":[{"start":{"line":309,"column":2},"end":{"line":309,"column":33}},{"start":{},"end":{}}],"line":309},"36":{"loc":{"start":{"line":329,"column":4},"end":{"line":348,"column":5}},"type":"if","locations":[{"start":{"line":329,"column":4},"end":{"line":348,"column":5}},{"start":{"line":343,"column":11},"end":{"line":348,"column":5}}],"line":329},"37":{"loc":{"start":{"line":335,"column":6},"end":{"line":342,"column":7}},"type":"if","locations":[{"start":{"line":335,"column":6},"end":{"line":342,"column":7}},{"start":{},"end":{}}],"line":335},"38":{"loc":{"start":{"line":358,"column":40},"end":{"line":358,"column":60}},"type":"default-arg","locations":[{"start":{"line":358,"column":55},"end":{"line":358,"column":60}}],"line":358},"39":{"loc":{"start":{"line":359,"column":2},"end":{"line":359,"column":62}},"type":"if","locations":[{"start":{"line":359,"column":2},"end":{"line":359,"column":62}},{"start":{},"end":{}}],"line":359},"40":{"loc":{"start":{"line":359,"column":6},"end":{"line":359,"column":53}},"type":"binary-expr","locations":[{"start":{"line":359,"column":6},"end":{"line":359,"column":29}},{"start":{"line":359,"column":33},"end":{"line":359,"column":53}}],"line":359},"41":{"loc":{"start":{"line":364,"column":4},"end":{"line":394,"column":5}},"type":"if","locations":[{"start":{"line":364,"column":4},"end":{"line":394,"column":5}},{"start":{},"end":{}}],"line":364},"42":{"loc":{"start":{"line":411,"column":2},"end":{"line":411,"column":62}},"type":"if","locations":[{"start":{"line":411,"column":2},"end":{"line":411,"column":62}},{"start":{},"end":{}}],"line":411},"43":{"loc":{"start":{"line":411,"column":6},"end":{"line":411,"column":53}},"type":"binary-expr","locations":[{"start":{"line":411,"column":6},"end":{"line":411,"column":29}},{"start":{"line":411,"column":33},"end":{"line":411,"column":53}}],"line":411},"44":{"loc":{"start":{"line":420,"column":4},"end":{"line":440,"column":5}},"type":"if","locations":[{"start":{"line":420,"column":4},"end":{"line":440,"column":5}},{"start":{"line":434,"column":11},"end":{"line":440,"column":5}}],"line":420},"45":{"loc":{"start":{"line":454,"column":34},"end":{"line":454,"column":54}},"type":"default-arg","locations":[{"start":{"line":454,"column":49},"end":{"line":454,"column":54}}],"line":454},"46":{"loc":{"start":{"line":459,"column":4},"end":{"line":489,"column":5}},"type":"if","locations":[{"start":{"line":459,"column":4},"end":{"line":489,"column":5}},{"start":{},"end":{}}],"line":459},"47":{"loc":{"start":{"line":517,"column":30},"end":{"line":517,"column":45}},"type":"binary-expr","locations":[{"start":{"line":517,"column":30},"end":{"line":517,"column":40}},{"start":{"line":517,"column":44},"end":{"line":517,"column":45}}],"line":517},"48":{"loc":{"start":{"line":532,"column":13},"end":{"line":532,"column":69}},"type":"cond-expr","locations":[{"start":{"line":532,"column":35},"end":{"line":532,"column":39}},{"start":{"line":532,"column":43},"end":{"line":532,"column":68}}],"line":532},"49":{"loc":{"start":{"line":532,"column":43},"end":{"line":532,"column":68}},"type":"binary-expr","locations":[{"start":{"line":532,"column":43},"end":{"line":532,"column":63}},{"start":{"line":532,"column":67},"end":{"line":532,"column":68}}],"line":532}},"s":{"0":0,"1":0,"2":0,"3":0,"4":0,"5":0,"6":0,"7":0,"8":0,"9":0,"10":0,"11":0,"12":0,"13":0,"14":0,"15":0,"16":0,"17":0,"18":0,"19":0,"20":0,"21":0,"22":0,"23":0,"24":0,"25":0,"26":0,"27":0,"28":0,"29":0,"30":0,"31":0,"32":0,"33":0,"34":0,"35":0,"36":0,"37":0,"38":0,"39":0,"40":0,"41":0,"42":0,"43":0,"44":0,"45":0,"46":0,"47":0,"48":0,"49":0,"50":0,"51":0,"52":0,"53":0,"54":0,"55":0,"56":0,"57":0,"58":0,"59":0,"60":0,"61":0,"62":0,"63":0,"64":0,"65":0,"66":0,"67":0,"68":0,"69":0,"70":0,"71":0,"72":0,"73":0,"74":0,"75":0,"76":0,"77":0,"78":0,"79":0,"80":0,"81":0,"82":0,"83":0,"84":0,"85":0,"86":0,"87":0,"88":0,"89":0,"90":0,"91":0,"92":0,"93":0,"94":0,"95":0,"96":0,"97":0,"98":0,"99":0,"100":0,"101":0,"102":0,"103":0,"104":0,"105":0,"106":0,"107":0,"108":0,"109":0,"110":0,"111":0,"112":0,"113":0,"114":0,"115":0,"116":0,"117":0,"118":0,"119":0,"120":0,"121":0,"122":0,"123":0,"124":0,"125":0,"126":0,"127":0,"128":0,"129":0,"130":0,"131":0,"132":0,"133":0,"134":0,"135":0,"136":0,"137":0,"138":0,"139":0,"140":0,"141":0,"142":0,"143":0,"144":0,"145":0,"146":0,"147":0,"148":0,"149":0,"150":0,"151":0,"152":0,"153":0,"154":0,"155":0,"156":0,"157":0,"158":0,"159":0,"160":0,"161":0,"162":0,"163":0,"164":0,"165":0,"166":0,"167":0,"168":0,"169":0,"170":0,"171":0,"172":0,"173":0,"174":0,"175":0,"176":0,"177":0,"178":0,"179":0,"180":0,"181":0,"182":0,"183":0},"f":{"0":0,"1":0,"2":0,"3":0,"4":0,"5":0,"6":0,"7":0,"8":0,"9":0,"10":0,"11":0,"12":0,"13":0,"14":0},"b":{"0":[0,0],"1":[0],"2":[0,0],"3":[0,0],"4":[0,0],"5":[0,0],"6":[0,0],"7":[0,0],"8":[0,0],"9":[0,0],"10":[0,0],"11":[0],"12":[0],"13":[0],"14":[0],"15":[0],"16":[0],"17":[0],"18":[0],"19":[0],"20":[0],"21":[0,0],"22":[0,0],"23":[0,0],"24":[0,0],"25":[0,0],"26":[0,0],"27":[0,0],"28":[0,0],"29":[0,0],"30":[0,0],"31":[0,0],"32":[0,0],"33":[0,0],"34":[0,0],"35":[0,0],"36":[0,0],"37":[0,0],"38":[0],"39":[0,0],"40":[0,0],"41":[0,0],"42":[0,0],"43":[0,0],"44":[0,0],"45":[0],"46":[0,0],"47":[0,0],"48":[0,0],"49":[0,0]}}
}
