TN:
SF:src/app.js
FN:19,validateProductionEnvironment
FN:22,(anonymous_1)
FN:40,(anonymous_2)
FN:56,(anonymous_3)
FN:64,(anonymous_4)
FN:85,(anonymous_5)
FN:90,(anonymous_6)
FN:97,(anonymous_7)
FN:136,(anonymous_8)
FN:145,start
FN:149,(anonymous_10)
FN:163,(anonymous_11)
FNF:12
FNH:0
FNDA:0,validateProductionEnvironment
FNDA:0,(anonymous_1)
FNDA:0,(anonymous_2)
FNDA:0,(anonymous_3)
FNDA:0,(anonymous_4)
FNDA:0,(anonymous_5)
FNDA:0,(anonymous_6)
FNDA:0,(anonymous_7)
FNDA:0,(anonymous_8)
FNDA:0,start
FNDA:0,(anonymous_10)
FNDA:0,(anonymous_11)
DA:3,2
DA:5,2
DA:6,2
DA:7,2
DA:8,2
DA:9,2
DA:10,2
DA:11,2
DA:12,2
DA:13,2
DA:16,2
DA:17,2
DA:20,0
DA:21,0
DA:22,0
DA:23,0
DA:24,0
DA:29,2
DA:31,2
DA:32,2
DA:35,2
DA:40,0
DA:44,2
DA:53,2
DA:56,2
DA:57,0
DA:58,0
DA:59,0
DA:64,2
DA:65,0
DA:66,0
DA:67,0
DA:68,0
DA:69,0
DA:71,0
DA:73,2
DA:74,2
DA:75,2
DA:76,2
DA:77,2
DA:78,2
DA:79,2
DA:80,2
DA:81,2
DA:82,2
DA:85,2
DA:86,0
DA:87,0
DA:90,2
DA:91,0
DA:92,0
DA:94,0
DA:97,2
DA:98,0
DA:103,0
DA:104,0
DA:105,0
DA:106,0
DA:109,0
DA:112,0
DA:113,0
DA:114,0
DA:116,0
DA:119,0
DA:120,0
DA:128,2
DA:129,0
DA:132,2
DA:133,2
DA:136,2
DA:137,0
DA:138,0
DA:139,0
DA:141,0
DA:146,0
DA:147,0
DA:148,0
DA:149,0
DA:150,0
DA:151,0
DA:154,0
DA:157,0
DA:162,2
DA:163,0
DA:164,0
DA:165,0
DA:171,2
LF:87
LH:39
BRDA:17,0,0,2
BRDA:17,0,1,2
BRDA:20,1,0,0
BRDA:20,1,1,0
BRDA:22,2,0,0
BRDA:22,2,1,0
BRDA:23,3,0,0
BRDA:23,3,1,0
BRDA:65,4,0,0
BRDA:65,4,1,0
BRDA:65,5,0,0
BRDA:65,5,1,0
BRDA:91,6,0,0
BRDA:91,6,1,0
BRDA:91,7,0,0
BRDA:91,7,1,0
BRDA:91,7,2,0
BRDA:104,8,0,0
BRDA:104,8,1,0
BRDA:105,9,0,0
BRDA:105,9,1,0
BRDA:114,10,0,0
BRDA:114,10,1,0
BRDA:119,11,0,0
BRDA:119,11,1,0
BRDA:119,12,0,0
BRDA:119,12,1,0
BRDA:120,13,0,0
BRDA:120,13,1,0
BRDA:128,14,0,0
BRDA:128,14,1,2
BRDA:138,15,0,0
BRDA:138,15,1,0
BRDA:148,16,0,0
BRDA:148,16,1,0
BRDA:151,17,0,0
BRDA:151,17,1,0
BRDA:162,18,0,0
BRDA:162,18,1,2
BRF:39
BRH:4
end_of_record
TN:
SF:src/swagger.js
FN:26,setupSwagger
FN:34,(anonymous_1)
FN:44,(anonymous_2)
FNF:3
FNH:0
FNDA:0,setupSwagger
FNDA:0,(anonymous_1)
FNDA:0,(anonymous_2)
DA:3,2
DA:4,2
DA:6,2
DA:24,2
DA:27,0
DA:33,0
DA:34,0
DA:35,0
DA:36,0
DA:37,0
DA:39,0
DA:43,0
DA:44,0
DA:45,0
DA:46,0
DA:50,2
LF:16
LH:5
BRDA:33,0,0,0
BRDA:33,0,1,0
BRDA:35,1,0,0
BRDA:35,1,1,0
BRDA:36,2,0,0
BRDA:36,2,1,0
BRF:6
BRH:0
end_of_record
TN:
SF:src/routes/admin.js
FN:22,(anonymous_0)
FN:30,ipMatchesCidr
FN:43,(anonymous_2)
FN:66,(anonymous_3)
FN:77,(anonymous_4)
FN:78,(anonymous_5)
FN:133,requireAdmin
FN:166,requireRol
FN:168,(anonymous_8)
FN:169,(anonymous_9)
FN:178,requireSelfOrRol
FN:179,(anonymous_11)
FN:189,(anonymous_12)
FN:195,(anonymous_13)
FN:211,(anonymous_14)
FN:238,(anonymous_15)
FN:245,(anonymous_16)
FN:259,(anonymous_17)
FN:273,(anonymous_18)
FN:309,(anonymous_19)
FN:345,(anonymous_20)
FN:397,(anonymous_21)
FN:419,(anonymous_22)
FN:431,(anonymous_23)
FN:458,(anonymous_24)
FN:484,(anonymous_25)
FN:504,(anonymous_26)
FN:509,(anonymous_27)
FN:515,(anonymous_28)
FN:519,(anonymous_29)
FN:524,(anonymous_30)
FN:537,(anonymous_31)
FN:573,(anonymous_32)
FN:580,(anonymous_33)
FN:585,(anonymous_34)
FN:598,(anonymous_35)
FN:619,(anonymous_36)
FN:626,(anonymous_37)
FN:633,(anonymous_38)
FN:639,(anonymous_39)
FN:644,(anonymous_40)
FN:649,(anonymous_41)
FN:661,(anonymous_42)
FN:683,(anonymous_43)
FN:732,(anonymous_44)
FN:755,(anonymous_45)
FN:795,(anonymous_46)
FN:866,(anonymous_47)
FN:943,(anonymous_48)
FN:954,(anonymous_49)
FN:976,(anonymous_50)
FN:996,(anonymous_51)
FN:1023,buildControllerResponse
FN:1116,buildControllerConfig
FN:1175,(anonymous_54)
FN:1190,(anonymous_55)
FN:1200,(anonymous_56)
FN:1201,(anonymous_57)
FN:1283,(anonymous_58)
FN:1312,(anonymous_59)
FN:1351,winbindError
FN:1358,(anonymous_61)
FN:1368,(anonymous_62)
FN:1369,(anonymous_63)
FN:1383,(anonymous_64)
FN:1401,(anonymous_65)
FN:1402,(anonymous_66)
FN:1420,(anonymous_67)
FN:1443,(anonymous_68)
FN:1450,(anonymous_69)
FN:1461,(anonymous_70)
FN:1546,(anonymous_71)
FN:1558,(anonymous_72)
FN:1567,(anonymous_73)
FN:1608,(anonymous_74)
FN:1615,(anonymous_75)
FN:1698,(anonymous_76)
FN:1721,(anonymous_77)
FN:1729,(anonymous_78)
FN:1762,(anonymous_79)
FN:1806,(anonymous_80)
FN:1839,(anonymous_81)
FN:1869,(anonymous_82)
FN:1883,(anonymous_83)
FN:1885,(anonymous_84)
FN:1889,(anonymous_85)
FN:1907,(anonymous_86)
FN:1922,(anonymous_87)
FN:1924,(anonymous_88)
FN:1928,(anonymous_89)
FN:1947,(anonymous_90)
FN:1954,(anonymous_91)
FN:1980,(anonymous_92)
FN:2000,(anonymous_93)
FN:2007,(anonymous_94)
FN:2031,(anonymous_95)
FN:2050,(anonymous_96)
FN:2057,(anonymous_97)
FN:2089,(anonymous_98)
FN:2107,(anonymous_99)
FN:2116,(anonymous_100)
FN:2127,(anonymous_101)
FN:2137,(anonymous_102)
FN:2157,getCNFromDN
FN:2164,(anonymous_104)
FN:2199,(anonymous_105)
FN:2209,(anonymous_106)
FN:2229,(anonymous_107)
FN:2235,(anonymous_108)
FN:2245,(anonymous_109)
FN:2269,(anonymous_110)
FN:2278,(anonymous_111)
FN:2288,(anonymous_112)
FN:2292,(anonymous_113)
FN:2310,(anonymous_114)
FN:2341,(anonymous_115)
FN:2356,(anonymous_116)
FN:2372,(anonymous_117)
FN:2382,(anonymous_118)
FN:2397,(anonymous_119)
FN:2411,(anonymous_120)
FN:2420,(anonymous_121)
FN:2430,(anonymous_122)
FN:2434,(anonymous_123)
FN:2454,(anonymous_124)
FN:2513,(anonymous_125)
FN:2523,(anonymous_126)
FN:2534,(anonymous_127)
FN:2538,(anonymous_128)
FN:2558,(anonymous_129)
FN:2579,(anonymous_130)
FN:2649,sanitizePem
FN:2653,(anonymous_132)
FN:2658,(anonymous_133)
FN:2700,(anonymous_134)
FN:2758,(anonymous_135)
FN:2781,(anonymous_136)
FN:2807,(anonymous_137)
FN:2831,(anonymous_138)
FN:2844,(anonymous_139)
FN:2845,(anonymous_140)
FN:2869,(anonymous_141)
FN:2916,(anonymous_142)
FN:2940,(anonymous_143)
FN:2955,(anonymous_144)
FN:2959,(anonymous_145)
FN:2990,(anonymous_146)
FN:3022,(anonymous_147)
FN:3052,(anonymous_148)
FN:3081,(anonymous_149)
FN:3107,(anonymous_150)
FN:3137,(anonymous_151)
FN:3151,(anonymous_152)
FN:3162,(anonymous_153)
FN:3177,(anonymous_154)
FN:3199,(anonymous_155)
FN:3224,(anonymous_156)
FN:3257,(anonymous_157)
FNF:158
FNH:3
FNDA:0,(anonymous_0)
FNDA:0,ipMatchesCidr
FNDA:0,(anonymous_2)
FNDA:0,(anonymous_3)
FNDA:0,(anonymous_4)
FNDA:0,(anonymous_5)
FNDA:0,requireAdmin
FNDA:56,requireRol
FNDA:64,(anonymous_8)
FNDA:0,(anonymous_9)
FNDA:2,requireSelfOrRol
FNDA:0,(anonymous_11)
FNDA:0,(anonymous_12)
FNDA:0,(anonymous_13)
FNDA:0,(anonymous_14)
FNDA:0,(anonymous_15)
FNDA:0,(anonymous_16)
FNDA:0,(anonymous_17)
FNDA:0,(anonymous_18)
FNDA:0,(anonymous_19)
FNDA:0,(anonymous_20)
FNDA:0,(anonymous_21)
FNDA:0,(anonymous_22)
FNDA:0,(anonymous_23)
FNDA:0,(anonymous_24)
FNDA:0,(anonymous_25)
FNDA:0,(anonymous_26)
FNDA:0,(anonymous_27)
FNDA:0,(anonymous_28)
FNDA:0,(anonymous_29)
FNDA:0,(anonymous_30)
FNDA:0,(anonymous_31)
FNDA:0,(anonymous_32)
FNDA:0,(anonymous_33)
FNDA:0,(anonymous_34)
FNDA:0,(anonymous_35)
FNDA:0,(anonymous_36)
FNDA:0,(anonymous_37)
FNDA:0,(anonymous_38)
FNDA:0,(anonymous_39)
FNDA:0,(anonymous_40)
FNDA:0,(anonymous_41)
FNDA:0,(anonymous_42)
FNDA:0,(anonymous_43)
FNDA:0,(anonymous_44)
FNDA:0,(anonymous_45)
FNDA:0,(anonymous_46)
FNDA:0,(anonymous_47)
FNDA:0,(anonymous_48)
FNDA:0,(anonymous_49)
FNDA:0,(anonymous_50)
FNDA:0,(anonymous_51)
FNDA:0,buildControllerResponse
FNDA:0,buildControllerConfig
FNDA:0,(anonymous_54)
FNDA:0,(anonymous_55)
FNDA:0,(anonymous_56)
FNDA:0,(anonymous_57)
FNDA:0,(anonymous_58)
FNDA:0,(anonymous_59)
FNDA:0,winbindError
FNDA:0,(anonymous_61)
FNDA:0,(anonymous_62)
FNDA:0,(anonymous_63)
FNDA:0,(anonymous_64)
FNDA:0,(anonymous_65)
FNDA:0,(anonymous_66)
FNDA:0,(anonymous_67)
FNDA:0,(anonymous_68)
FNDA:0,(anonymous_69)
FNDA:0,(anonymous_70)
FNDA:0,(anonymous_71)
FNDA:0,(anonymous_72)
FNDA:0,(anonymous_73)
FNDA:0,(anonymous_74)
FNDA:0,(anonymous_75)
FNDA:0,(anonymous_76)
FNDA:0,(anonymous_77)
FNDA:0,(anonymous_78)
FNDA:0,(anonymous_79)
FNDA:0,(anonymous_80)
FNDA:0,(anonymous_81)
FNDA:0,(anonymous_82)
FNDA:0,(anonymous_83)
FNDA:0,(anonymous_84)
FNDA:0,(anonymous_85)
FNDA:0,(anonymous_86)
FNDA:0,(anonymous_87)
FNDA:0,(anonymous_88)
FNDA:0,(anonymous_89)
FNDA:0,(anonymous_90)
FNDA:0,(anonymous_91)
FNDA:0,(anonymous_92)
FNDA:0,(anonymous_93)
FNDA:0,(anonymous_94)
FNDA:0,(anonymous_95)
FNDA:0,(anonymous_96)
FNDA:0,(anonymous_97)
FNDA:0,(anonymous_98)
FNDA:0,(anonymous_99)
FNDA:0,(anonymous_100)
FNDA:0,(anonymous_101)
FNDA:0,(anonymous_102)
FNDA:0,getCNFromDN
FNDA:0,(anonymous_104)
FNDA:0,(anonymous_105)
FNDA:0,(anonymous_106)
FNDA:0,(anonymous_107)
FNDA:0,(anonymous_108)
FNDA:0,(anonymous_109)
FNDA:0,(anonymous_110)
FNDA:0,(anonymous_111)
FNDA:0,(anonymous_112)
FNDA:0,(anonymous_113)
FNDA:0,(anonymous_114)
FNDA:0,(anonymous_115)
FNDA:0,(anonymous_116)
FNDA:0,(anonymous_117)
FNDA:0,(anonymous_118)
FNDA:0,(anonymous_119)
FNDA:0,(anonymous_120)
FNDA:0,(anonymous_121)
FNDA:0,(anonymous_122)
FNDA:0,(anonymous_123)
FNDA:0,(anonymous_124)
FNDA:0,(anonymous_125)
FNDA:0,(anonymous_126)
FNDA:0,(anonymous_127)
FNDA:0,(anonymous_128)
FNDA:0,(anonymous_129)
FNDA:0,(anonymous_130)
FNDA:0,sanitizePem
FNDA:0,(anonymous_132)
FNDA:0,(anonymous_133)
FNDA:0,(anonymous_134)
FNDA:0,(anonymous_135)
FNDA:0,(anonymous_136)
FNDA:0,(anonymous_137)
FNDA:0,(anonymous_138)
FNDA:0,(anonymous_139)
FNDA:0,(anonymous_140)
FNDA:0,(anonymous_141)
FNDA:0,(anonymous_142)
FNDA:0,(anonymous_143)
FNDA:0,(anonymous_144)
FNDA:0,(anonymous_145)
FNDA:0,(anonymous_146)
FNDA:0,(anonymous_147)
FNDA:0,(anonymous_148)
FNDA:0,(anonymous_149)
FNDA:0,(anonymous_150)
FNDA:0,(anonymous_151)
FNDA:0,(anonymous_152)
FNDA:0,(anonymous_153)
FNDA:0,(anonymous_154)
FNDA:0,(anonymous_155)
FNDA:0,(anonymous_156)
FNDA:0,(anonymous_157)
DA:3,2
DA:4,2
DA:5,2
DA:6,2
DA:7,2
DA:8,2
DA:9,2
DA:10,2
DA:11,2
DA:12,2
DA:13,2
DA:14,2
DA:15,2
DA:16,2
DA:18,2
DA:19,2
DA:22,2
DA:23,0
DA:24,0
DA:25,0
DA:26,0
DA:31,0
DA:32,0
DA:35,0
DA:36,0
DA:37,0
DA:39,0
DA:40,0
DA:43,0
DA:44,0
DA:45,0
DA:46,0
DA:52,0
DA:53,0
DA:55,0
DA:57,0
DA:58,0
DA:61,0
DA:62,0
DA:66,2
DA:67,0
DA:68,0
DA:69,0
DA:71,0
DA:73,0
DA:74,0
DA:77,0
DA:78,0
DA:80,0
DA:81,0
DA:83,0
DA:84,0
DA:85,0
DA:87,0
DA:125,0
DA:127,0
DA:134,0
DA:135,0
DA:136,0
DA:137,0
DA:140,0
DA:142,0
DA:143,0
DA:144,0
DA:145,0
DA:149,0
DA:150,0
DA:151,0
DA:154,0
DA:155,0
DA:156,0
DA:158,0
DA:167,56
DA:168,64
DA:169,56
DA:170,0
DA:171,0
DA:172,0
DA:174,0
DA:179,2
DA:180,0
DA:181,0
DA:183,0
DA:189,2
DA:190,0
DA:195,2
DA:196,0
DA:197,0
DA:198,0
DA:203,2
DA:212,0
DA:213,0
DA:214,0
DA:215,0
DA:218,0
DA:221,0
DA:222,0
DA:223,0
DA:224,0
DA:225,0
DA:227,0
DA:229,0
DA:230,0
DA:233,0
DA:234,0
DA:238,2
DA:239,0
DA:240,0
DA:241,0
DA:242,0
DA:245,2
DA:246,0
DA:247,0
DA:248,0
DA:249,0
DA:250,0
DA:255,2
DA:260,0
DA:261,0
DA:262,0
DA:263,0
DA:264,0
DA:265,0
DA:266,0
DA:270,2
DA:274,0
DA:275,0
DA:276,0
DA:277,0
DA:279,0
DA:281,0
DA:282,0
DA:283,0
DA:286,0
DA:287,0
DA:288,0
DA:289,0
DA:292,0
DA:293,0
DA:299,0
DA:300,0
DA:304,2
DA:310,0
DA:311,0
DA:312,0
DA:313,0
DA:315,0
DA:317,0
DA:318,0
DA:319,0
DA:322,0
DA:323,0
DA:324,0
DA:325,0
DA:326,0
DA:330,0
DA:331,0
DA:337,0
DA:338,0
DA:342,2
DA:346,0
DA:347,0
DA:348,0
DA:349,0
DA:351,0
DA:354,0
DA:357,0
DA:365,0
DA:366,0
DA:367,0
DA:369,0
DA:373,0
DA:374,0
DA:375,0
DA:377,0
DA:380,0
DA:381,0
DA:387,2
DA:398,0
DA:399,0
DA:400,0
DA:401,0
DA:402,0
DA:403,0
DA:404,0
DA:405,0
DA:406,0
DA:407,0
DA:408,0
DA:410,0
DA:413,0
DA:417,2
DA:420,0
DA:421,0
DA:422,0
DA:423,0
DA:424,0
DA:428,2
DA:432,0
DA:433,0
DA:434,0
DA:436,0
DA:437,0
DA:439,0
DA:442,0
DA:443,0
DA:450,0
DA:451,0
DA:455,2
DA:459,0
DA:460,0
DA:461,0
DA:463,0
DA:465,0
DA:468,0
DA:469,0
DA:476,0
DA:477,0
DA:481,2
DA:485,0
DA:486,0
DA:487,0
DA:489,0
DA:491,0
DA:494,0
DA:495,0
DA:503,0
DA:504,0
DA:505,0
DA:506,0
DA:507,0
DA:508,0
DA:509,0
DA:510,0
DA:514,0
DA:515,0
DA:516,0
DA:519,0
DA:520,0
DA:525,0
DA:529,0
DA:530,0
DA:534,2
DA:538,0
DA:539,0
DA:540,0
DA:542,0
DA:545,0
DA:546,0
DA:547,0
DA:548,0
DA:549,0
DA:551,0
DA:556,0
DA:559,0
DA:560,0
DA:568,0
DA:569,0
DA:572,0
DA:573,0
DA:574,0
DA:579,0
DA:580,0
DA:581,0
DA:585,0
DA:586,0
DA:590,0
DA:591,0
DA:595,2
DA:599,0
DA:600,0
DA:601,0
DA:603,0
DA:604,0
DA:607,0
DA:610,0
DA:611,0
DA:619,0
DA:620,0
DA:621,0
DA:623,0
DA:625,0
DA:626,0
DA:627,0
DA:632,0
DA:633,0
DA:634,0
DA:638,0
DA:639,0
DA:640,0
DA:644,0
DA:645,0
DA:650,0
DA:653,0
DA:654,0
DA:658,2
DA:662,0
DA:663,0
DA:664,0
DA:665,0
DA:668,0
DA:669,0
DA:676,0
DA:677,0
DA:681,2
DA:684,0
DA:685,0
DA:686,0
DA:688,0
DA:691,0
DA:694,0
DA:695,0
DA:703,0
DA:704,0
DA:707,0
DA:708,0
DA:709,0
DA:711,0
DA:715,0
DA:716,0
DA:719,0
DA:720,0
DA:724,0
DA:725,0
DA:729,2
DA:733,0
DA:734,0
DA:735,0
DA:736,0
DA:739,0
DA:740,0
DA:747,0
DA:748,0
DA:752,2
DA:756,0
DA:757,0
DA:760,0
DA:763,0
DA:764,0
DA:772,0
DA:773,0
DA:774,0
DA:776,0
DA:780,0
DA:781,0
DA:782,0
DA:784,0
DA:787,0
DA:788,0
DA:792,2
DA:796,0
DA:797,0
DA:798,0
DA:800,0
DA:801,0
DA:805,0
DA:806,0
DA:807,0
DA:811,0
DA:814,0
DA:815,0
DA:816,0
DA:820,0
DA:821,0
DA:822,0
DA:825,0
DA:826,0
DA:827,0
DA:831,0
DA:834,0
DA:835,0
DA:843,0
DA:844,0
DA:845,0
DA:847,0
DA:850,0
DA:851,0
DA:852,0
DA:854,0
DA:857,0
DA:858,0
DA:862,2
DA:867,0
DA:868,0
DA:869,0
DA:871,0
DA:872,0
DA:876,0
DA:877,0
DA:878,0
DA:881,0
DA:882,0
DA:884,0
DA:885,0
DA:889,0
DA:890,0
DA:891,0
DA:895,0
DA:896,0
DA:897,0
DA:899,0
DA:902,0
DA:903,0
DA:904,0
DA:906,0
DA:910,0
DA:913,0
DA:914,0
DA:922,0
DA:923,0
DA:924,0
DA:926,0
DA:929,0
DA:930,0
DA:931,0
DA:933,0
DA:936,0
DA:937,0
DA:943,2
DA:944,0
DA:945,0
DA:946,0
DA:949,2
DA:955,0
DA:956,0
DA:957,0
DA:958,0
DA:961,0
DA:962,0
DA:969,0
DA:970,0
DA:974,2
DA:977,0
DA:978,0
DA:981,0
DA:982,0
DA:989,0
DA:990,0
DA:994,2
DA:997,0
DA:998,0
DA:999,0
DA:1001,0
DA:1004,0
DA:1005,0
DA:1012,0
DA:1013,0
DA:1024,0
DA:1025,0
DA:1027,0
DA:1028,0
DA:1029,0
DA:1039,0
DA:1040,0
DA:1041,0
DA:1054,0
DA:1055,0
DA:1056,0
DA:1068,0
DA:1069,0
DA:1070,0
DA:1079,0
DA:1080,0
DA:1087,0
DA:1088,0
DA:1089,0
DA:1096,0
DA:1097,0
DA:1098,0
DA:1109,0
DA:1117,0
DA:1119,0
DA:1120,0
DA:1127,0
DA:1128,0
DA:1136,0
DA:1137,0
DA:1144,0
DA:1145,0
DA:1151,0
DA:1152,0
DA:1157,0
DA:1158,0
DA:1162,0
DA:1163,0
DA:1171,0
DA:1175,2
DA:1176,0
DA:1177,0
DA:1178,0
DA:1179,0
DA:1180,0
DA:1181,0
DA:1183,0
DA:1184,0
DA:1188,2
DA:1191,0
DA:1192,0
DA:1193,0
DA:1195,0
DA:1196,0
DA:1197,0
DA:1200,0
DA:1201,0
DA:1202,0
DA:1203,0
DA:1204,0
DA:1205,0
DA:1208,0
DA:1213,0
DA:1214,0
DA:1221,0
DA:1222,0
DA:1230,0
DA:1231,0
DA:1238,0
DA:1239,0
DA:1245,0
DA:1246,0
DA:1250,0
DA:1251,0
DA:1255,0
DA:1256,0
DA:1266,0
DA:1269,0
DA:1270,0
DA:1277,0
DA:1278,0
DA:1283,2
DA:1284,0
DA:1285,0
DA:1286,0
DA:1287,0
DA:1290,0
DA:1300,0
DA:1301,0
DA:1303,0
DA:1306,0
DA:1310,2
DA:1313,0
DA:1314,0
DA:1315,0
DA:1317,0
DA:1318,0
DA:1319,0
DA:1322,0
DA:1323,0
DA:1324,0
DA:1325,0
DA:1326,0
DA:1328,0
DA:1329,0
DA:1331,0
DA:1332,0
DA:1334,0
DA:1335,0
DA:1340,2
DA:1341,2
DA:1342,2
DA:1343,2
DA:1345,2
DA:1352,0
DA:1355,0
DA:1358,2
DA:1359,0
DA:1360,0
DA:1362,0
DA:1366,2
DA:1368,0
DA:1370,0
DA:1371,0
DA:1372,0
DA:1373,0
DA:1377,0
DA:1379,0
DA:1383,2
DA:1384,0
DA:1385,0
DA:1386,0
DA:1387,0
DA:1392,0
DA:1394,0
DA:1398,2
DA:1401,0
DA:1403,0
DA:1404,0
DA:1405,0
DA:1406,0
DA:1413,0
DA:1415,0
DA:1420,2
DA:1421,0
DA:1422,0
DA:1423,0
DA:1439,0
DA:1443,2
DA:1444,0
DA:1445,0
DA:1447,0
DA:1450,0
DA:1451,0
DA:1452,0
DA:1453,0
DA:1454,0
DA:1459,0
DA:1460,0
DA:1461,0
DA:1462,0
DA:1463,0
DA:1467,0
DA:1468,0
DA:1469,0
DA:1471,0
DA:1472,0
DA:1473,0
DA:1476,0
DA:1479,0
DA:1480,0
DA:1481,0
DA:1482,0
DA:1483,0
DA:1484,0
DA:1485,0
DA:1486,0
DA:1487,0
DA:1490,0
DA:1491,0
DA:1492,0
DA:1493,0
DA:1494,0
DA:1495,0
DA:1496,0
DA:1497,0
DA:1498,0
DA:1499,0
DA:1502,0
DA:1503,0
DA:1504,0
DA:1505,0
DA:1506,0
DA:1507,0
DA:1508,0
DA:1509,0
DA:1510,0
DA:1511,0
DA:1514,0
DA:1531,0
DA:1534,0
DA:1541,0
DA:1542,0
DA:1546,2
DA:1547,0
DA:1548,0
DA:1553,0
DA:1554,0
DA:1558,2
DA:1559,0
DA:1560,0
DA:1563,0
DA:1564,0
DA:1567,0
DA:1568,0
DA:1569,0
DA:1570,0
DA:1573,0
DA:1574,0
DA:1577,0
DA:1592,0
DA:1595,0
DA:1596,0
DA:1603,0
DA:1604,0
DA:1608,2
DA:1609,0
DA:1610,0
DA:1611,0
DA:1612,0
DA:1615,2
DA:1616,0
DA:1617,0
DA:1618,0
DA:1619,0
DA:1622,0
DA:1625,0
DA:1626,0
DA:1627,0
DA:1628,0
DA:1629,0
DA:1630,0
DA:1634,0
DA:1635,0
DA:1636,0
DA:1637,0
DA:1638,0
DA:1639,0
DA:1640,0
DA:1643,0
DA:1644,0
DA:1645,0
DA:1646,0
DA:1647,0
DA:1648,0
DA:1649,0
DA:1652,0
DA:1653,0
DA:1654,0
DA:1655,0
DA:1656,0
DA:1657,0
DA:1658,0
DA:1661,0
DA:1685,0
DA:1687,0
DA:1694,0
DA:1695,0
DA:1698,2
DA:1699,0
DA:1700,0
DA:1701,0
DA:1702,0
DA:1705,0
DA:1707,0
DA:1714,0
DA:1715,0
DA:1721,2
DA:1722,0
DA:1723,0
DA:1724,0
DA:1725,0
DA:1729,2
DA:1730,0
DA:1731,0
DA:1732,0
DA:1733,0
DA:1737,0
DA:1738,0
DA:1739,0
DA:1743,0
DA:1744,0
DA:1745,0
DA:1748,0
DA:1750,0
DA:1757,0
DA:1758,0
DA:1762,2
DA:1763,0
DA:1764,0
DA:1765,0
DA:1767,0
DA:1768,0
DA:1771,0
DA:1772,0
DA:1773,0
DA:1777,0
DA:1778,0
DA:1779,0
DA:1782,0
DA:1783,0
DA:1784,0
DA:1788,0
DA:1789,0
DA:1791,0
DA:1794,0
DA:1801,0
DA:1802,0
DA:1806,2
DA:1807,0
DA:1808,0
DA:1809,0
DA:1811,0
DA:1812,0
DA:1813,0
DA:1816,0
DA:1818,0
DA:1826,0
DA:1827,0
DA:1828,0
DA:1830,0
DA:1834,0
DA:1835,0
DA:1839,2
DA:1840,0
DA:1841,0
DA:1843,0
DA:1844,0
DA:1845,0
DA:1848,0
DA:1850,0
DA:1858,0
DA:1859,0
DA:1861,0
DA:1864,0
DA:1865,0
DA:1869,2
DA:1870,0
DA:1871,0
DA:1872,0
DA:1873,0
DA:1876,0
DA:1879,0
DA:1882,0
DA:1883,0
DA:1884,0
DA:1885,0
DA:1886,0
DA:1890,0
DA:1895,0
DA:1902,0
DA:1903,0
DA:1907,2
DA:1908,0
DA:1909,0
DA:1910,0
DA:1911,0
DA:1914,0
DA:1915,0
DA:1918,0
DA:1921,0
DA:1922,0
DA:1923,0
DA:1924,0
DA:1925,0
DA:1929,0
DA:1934,0
DA:1941,0
DA:1942,0
DA:1947,2
DA:1948,0
DA:1949,0
DA:1950,0
DA:1951,0
DA:1954,2
DA:1955,0
DA:1956,0
DA:1957,0
DA:1958,0
DA:1960,0
DA:1969,0
DA:1976,0
DA:1977,0
DA:1980,2
DA:1981,0
DA:1982,0
DA:1983,0
DA:1984,0
DA:1987,0
DA:1994,0
DA:1995,0
DA:2000,2
DA:2001,0
DA:2002,0
DA:2003,0
DA:2004,0
DA:2007,2
DA:2008,0
DA:2009,0
DA:2010,0
DA:2011,0
DA:2013,0
DA:2020,0
DA:2027,0
DA:2028,0
DA:2031,2
DA:2032,0
DA:2033,0
DA:2034,0
DA:2035,0
DA:2038,0
DA:2045,0
DA:2046,0
DA:2050,2
DA:2051,0
DA:2052,0
DA:2053,0
DA:2054,0
DA:2057,2
DA:2058,0
DA:2060,0
DA:2063,0
DA:2064,0
DA:2065,0
DA:2066,0
DA:2067,0
DA:2069,0
DA:2070,0
DA:2071,0
DA:2072,0
DA:2073,0
DA:2074,0
DA:2075,0
DA:2076,0
DA:2079,0
DA:2083,0
DA:2084,0
DA:2085,0
DA:2087,0
DA:2088,0
DA:2089,0
DA:2090,0
DA:2093,0
DA:2097,0
DA:2100,0
DA:2101,0
DA:2105,0
DA:2106,0
DA:2107,0
DA:2108,0
DA:2109,0
DA:2116,0
DA:2117,0
DA:2118,0
DA:2122,0
DA:2127,0
DA:2128,0
DA:2129,0
DA:2132,0
DA:2133,0
DA:2137,2
DA:2138,0
DA:2139,0
DA:2140,0
DA:2141,0
DA:2144,0
DA:2146,0
DA:2153,0
DA:2154,0
DA:2158,0
DA:2159,0
DA:2160,0
DA:2164,2
DA:2165,0
DA:2166,0
DA:2167,0
DA:2168,0
DA:2169,0
DA:2170,0
DA:2173,0
DA:2174,0
DA:2175,0
DA:2176,0
DA:2177,0
DA:2178,0
DA:2179,0
DA:2180,0
DA:2183,0
DA:2186,0
DA:2187,0
DA:2191,0
DA:2192,0
DA:2193,0
DA:2197,0
DA:2198,0
DA:2199,0
DA:2200,0
DA:2203,0
DA:2207,0
DA:2208,0
DA:2209,0
DA:2210,0
DA:2211,0
DA:2212,0
DA:2213,0
DA:2217,0
DA:2218,0
DA:2222,0
DA:2223,0
DA:2224,0
DA:2226,0
DA:2228,0
DA:2229,0
DA:2230,0
DA:2234,0
DA:2235,0
DA:2236,0
DA:2237,0
DA:2245,0
DA:2246,0
DA:2247,0
DA:2249,0
DA:2250,0
DA:2260,0
DA:2264,0
DA:2267,0
DA:2268,0
DA:2269,0
DA:2270,0
DA:2278,0
DA:2279,0
DA:2280,0
DA:2281,0
DA:2282,0
DA:2284,0
DA:2287,0
DA:2288,0
DA:2289,0
DA:2292,0
DA:2293,0
DA:2294,0
DA:2295,0
DA:2303,0
DA:2305,0
DA:2310,2
DA:2311,0
DA:2312,0
DA:2313,0
DA:2314,0
DA:2315,0
DA:2316,0
DA:2318,0
DA:2319,0
DA:2320,0
DA:2321,0
DA:2322,0
DA:2323,0
DA:2324,0
DA:2325,0
DA:2328,0
DA:2331,0
DA:2332,0
DA:2336,0
DA:2339,0
DA:2340,0
DA:2341,0
DA:2342,0
DA:2343,0
DA:2344,0
DA:2345,0
DA:2346,0
DA:2351,0
DA:2355,0
DA:2356,0
DA:2357,0
DA:2358,0
DA:2359,0
DA:2361,0
DA:2364,0
DA:2366,0
DA:2367,0
DA:2371,0
DA:2372,0
DA:2373,0
DA:2374,0
DA:2382,0
DA:2383,0
DA:2384,0
DA:2386,0
DA:2387,0
DA:2395,0
DA:2396,0
DA:2397,0
DA:2398,0
DA:2402,0
DA:2406,0
DA:2409,0
DA:2410,0
DA:2411,0
DA:2412,0
DA:2420,0
DA:2421,0
DA:2422,0
DA:2423,0
DA:2424,0
DA:2426,0
DA:2429,0
DA:2430,0
DA:2431,0
DA:2434,0
DA:2435,0
DA:2436,0
DA:2437,0
DA:2445,0
DA:2447,0
DA:2452,2
DA:2455,0
DA:2456,0
DA:2457,0
DA:2459,0
DA:2460,0
DA:2461,0
DA:2464,0
DA:2465,0
DA:2467,0
DA:2468,0
DA:2469,0
DA:2470,0
DA:2471,0
DA:2478,0
DA:2479,0
DA:2483,0
DA:2486,0
DA:2494,0
DA:2498,0
DA:2501,0
DA:2502,0
DA:2510,0
DA:2511,0
DA:2512,0
DA:2513,0
DA:2517,0
DA:2518,0
DA:2523,2
DA:2524,0
DA:2525,0
DA:2526,0
DA:2527,0
DA:2531,2
DA:2535,0
DA:2536,0
DA:2537,0
DA:2538,0
DA:2541,0
DA:2542,0
DA:2545,0
DA:2552,0
DA:2553,0
DA:2558,2
DA:2559,0
DA:2560,0
DA:2561,0
DA:2563,0
DA:2564,0
DA:2567,0
DA:2574,0
DA:2575,0
DA:2579,2
DA:2580,0
DA:2581,0
DA:2582,0
DA:2583,0
DA:2587,0
DA:2588,0
DA:2589,0
DA:2590,0
DA:2597,0
DA:2602,0
DA:2603,0
DA:2604,0
DA:2605,0
DA:2608,0
DA:2609,0
DA:2610,0
DA:2611,0
DA:2612,0
DA:2613,0
DA:2614,0
DA:2617,0
DA:2620,0
DA:2621,0
DA:2624,0
DA:2625,0
DA:2633,0
DA:2634,0
DA:2641,0
DA:2644,0
DA:2646,0
DA:2650,0
DA:2651,0
DA:2653,0
DA:2658,2
DA:2659,0
DA:2660,0
DA:2661,0
DA:2663,0
DA:2664,0
DA:2668,0
DA:2669,0
DA:2670,0
DA:2674,0
DA:2675,0
DA:2676,0
DA:2679,0
DA:2680,0
DA:2681,0
DA:2684,0
DA:2685,0
DA:2687,0
DA:2688,0
DA:2689,0
DA:2690,0
DA:2691,0
DA:2693,0
DA:2694,0
DA:2696,0
DA:2700,2
DA:2701,0
DA:2702,0
DA:2703,0
DA:2705,0
DA:2706,0
DA:2710,0
DA:2711,0
DA:2713,0
DA:2714,0
DA:2716,0
DA:2717,0
DA:2720,0
DA:2721,0
DA:2722,0
DA:2725,0
DA:2726,0
DA:2727,0
DA:2730,0
DA:2731,0
DA:2732,0
DA:2735,0
DA:2736,0
DA:2737,0
DA:2738,0
DA:2740,0
DA:2744,0
DA:2746,0
DA:2747,0
DA:2749,0
DA:2755,2
DA:2758,2
DA:2759,0
DA:2760,0
DA:2761,0
DA:2777,0
DA:2781,2
DA:2782,0
DA:2783,0
DA:2784,0
DA:2785,0
DA:2801,0
DA:2802,0
DA:2803,0
DA:2807,2
DA:2808,0
DA:2810,0
DA:2820,0
DA:2821,0
DA:2824,0
DA:2830,0
DA:2831,0
DA:2834,0
DA:2840,0
DA:2843,0
DA:2844,0
DA:2845,0
DA:2846,0
DA:2847,0
DA:2851,0
DA:2853,0
DA:2854,0
DA:2856,0
DA:2857,0
DA:2866,2
DA:2870,0
DA:2871,0
DA:2872,0
DA:2873,0
DA:2876,0
DA:2877,0
DA:2879,0
DA:2880,0
DA:2882,0
DA:2888,0
DA:2891,0
DA:2893,0
DA:2900,0
DA:2911,0
DA:2916,2
DA:2917,0
DA:2918,0
DA:2919,0
DA:2920,0
DA:2921,0
DA:2924,0
DA:2925,0
DA:2932,0
DA:2934,0
DA:2940,2
DA:2941,0
DA:2942,0
DA:2943,0
DA:2945,0
DA:2949,2
DA:2956,0
DA:2957,0
DA:2958,0
DA:2959,0
DA:2962,0
DA:2964,0
DA:2965,0
DA:2966,0
DA:2969,0
DA:2979,0
DA:2981,0
DA:2986,2
DA:2991,0
DA:2992,0
DA:2993,0
DA:2994,0
DA:2997,0
DA:2998,0
DA:3000,0
DA:3002,0
DA:3009,0
DA:3011,0
DA:3012,0
DA:3014,0
DA:3019,2
DA:3023,0
DA:3024,0
DA:3025,0
DA:3026,0
DA:3029,0
DA:3030,0
DA:3031,0
DA:3033,0
DA:3035,0
DA:3042,0
DA:3044,0
DA:3049,2
DA:3053,0
DA:3054,0
DA:3055,0
DA:3056,0
DA:3059,0
DA:3060,0
DA:3061,0
DA:3063,0
DA:3065,0
DA:3072,0
DA:3074,0
DA:3079,2
DA:3082,0
DA:3083,0
DA:3084,0
DA:3086,0
DA:3088,0
DA:3095,0
DA:3097,0
DA:3104,2
DA:3108,0
DA:3109,0
DA:3110,0
DA:3111,0
DA:3112,0
DA:3113,0
DA:3115,0
DA:3117,0
DA:3124,0
DA:3126,0
DA:3133,2
DA:3138,0
DA:3139,0
DA:3140,0
DA:3142,0
DA:3149,2
DA:3152,0
DA:3153,0
DA:3154,0
DA:3155,0
DA:3156,0
DA:3160,2
DA:3163,0
DA:3164,0
DA:3165,0
DA:3166,0
DA:3167,0
DA:3171,2
DA:3178,0
DA:3179,0
DA:3180,0
DA:3181,0
DA:3183,0
DA:3184,0
DA:3186,0
DA:3187,0
DA:3194,0
DA:3195,0
DA:3199,2
DA:3200,0
DA:3201,0
DA:3202,0
DA:3212,0
DA:3213,0
DA:3216,2
DA:3225,0
DA:3226,0
DA:3227,0
DA:3229,0
DA:3240,0
DA:3242,0
DA:3243,0
DA:3250,0
DA:3251,0
DA:3257,2
DA:3258,0
DA:3259,0
DA:3262,2
LF:1393
LH:114
BRDA:18,0,0,2
BRDA:18,0,1,0
BRDA:31,1,0,0
BRDA:31,1,1,0
BRDA:37,2,0,0
BRDA:37,2,1,0
BRDA:39,3,0,0
BRDA:39,3,1,0
BRDA:39,4,0,0
BRDA:39,4,1,0
BRDA:39,4,2,0
BRDA:45,5,0,0
BRDA:45,5,1,0
BRDA:55,6,0,0
BRDA:55,6,1,0
BRDA:55,7,0,0
BRDA:55,7,1,0
BRDA:57,8,0,0
BRDA:57,8,1,0
BRDA:68,9,0,0
BRDA:68,9,1,0
BRDA:69,10,0,0
BRDA:69,10,1,0
BRDA:73,11,0,0
BRDA:73,11,1,0
BRDA:73,12,0,0
BRDA:73,12,1,0
BRDA:73,12,2,0
BRDA:80,13,0,0
BRDA:80,13,1,0
BRDA:83,14,0,0
BRDA:83,14,1,0
BRDA:84,15,0,0
BRDA:84,15,1,0
BRDA:85,16,0,0
BRDA:85,16,1,0
BRDA:134,17,0,0
BRDA:134,17,1,0
BRDA:135,18,0,0
BRDA:135,18,1,0
BRDA:135,19,0,0
BRDA:135,19,1,0
BRDA:136,20,0,0
BRDA:136,20,1,0
BRDA:142,21,0,0
BRDA:142,21,1,0
BRDA:142,22,0,0
BRDA:142,22,1,0
BRDA:150,23,0,0
BRDA:150,23,1,0
BRDA:155,24,0,0
BRDA:155,24,1,0
BRDA:168,25,0,64
BRDA:168,25,1,0
BRDA:170,26,0,0
BRDA:170,26,1,0
BRDA:171,27,0,0
BRDA:171,27,1,0
BRDA:180,28,0,0
BRDA:180,28,1,0
BRDA:180,29,0,0
BRDA:180,29,1,0
BRDA:214,30,0,0
BRDA:214,30,1,0
BRDA:218,31,0,0
BRDA:218,32,0,0
BRDA:218,33,0,0
BRDA:218,34,0,0
BRDA:218,35,0,0
BRDA:221,36,0,0
BRDA:221,36,1,0
BRDA:223,37,0,0
BRDA:223,37,1,0
BRDA:224,38,0,0
BRDA:224,38,1,0
BRDA:229,39,0,0
BRDA:229,39,1,0
BRDA:262,40,0,0
BRDA:262,40,1,0
BRDA:263,41,0,0
BRDA:263,41,1,0
BRDA:264,42,0,0
BRDA:264,42,1,0
BRDA:276,43,0,0
BRDA:276,43,1,0
BRDA:282,44,0,0
BRDA:282,44,1,0
BRDA:288,45,0,0
BRDA:288,45,1,0
BRDA:288,46,0,0
BRDA:288,46,1,0
BRDA:289,47,0,0
BRDA:289,47,1,0
BRDA:312,48,0,0
BRDA:312,48,1,0
BRDA:318,49,0,0
BRDA:318,49,1,0
BRDA:322,50,0,0
BRDA:322,50,1,0
BRDA:325,51,0,0
BRDA:325,51,1,0
BRDA:325,52,0,0
BRDA:325,52,1,0
BRDA:326,53,0,0
BRDA:326,53,1,0
BRDA:348,54,0,0
BRDA:348,54,1,0
BRDA:400,55,0,0
BRDA:400,55,1,0
BRDA:401,56,0,0
BRDA:401,56,1,0
BRDA:402,57,0,0
BRDA:402,57,1,0
BRDA:403,58,0,0
BRDA:403,58,1,0
BRDA:404,59,0,0
BRDA:404,59,1,0
BRDA:405,60,0,0
BRDA:405,60,1,0
BRDA:406,61,0,0
BRDA:406,61,1,0
BRDA:407,62,0,0
BRDA:407,62,1,0
BRDA:408,63,0,0
BRDA:408,63,1,0
BRDA:422,64,0,0
BRDA:422,64,1,0
BRDA:434,65,0,0
BRDA:434,65,1,0
BRDA:461,66,0,0
BRDA:461,66,1,0
BRDA:487,67,0,0
BRDA:487,67,1,0
BRDA:498,68,0,0
BRDA:498,68,1,0
BRDA:507,69,0,0
BRDA:507,69,1,0
BRDA:508,70,0,0
BRDA:508,70,1,0
BRDA:514,71,0,0
BRDA:514,71,1,0
BRDA:540,72,0,0
BRDA:540,72,1,0
BRDA:572,73,0,0
BRDA:572,73,1,0
BRDA:579,74,0,0
BRDA:579,74,1,0
BRDA:601,75,0,0
BRDA:601,75,1,0
BRDA:614,76,0,0
BRDA:614,76,1,0
BRDA:623,77,0,0
BRDA:623,77,1,0
BRDA:625,78,0,0
BRDA:625,78,1,0
BRDA:632,79,0,0
BRDA:632,79,1,0
BRDA:638,80,0,0
BRDA:638,80,1,0
BRDA:664,81,0,0
BRDA:664,81,1,0
BRDA:735,82,0,0
BRDA:735,82,1,0
BRDA:800,83,0,0
BRDA:800,83,1,0
BRDA:806,84,0,0
BRDA:806,84,1,0
BRDA:815,85,0,0
BRDA:815,85,1,0
BRDA:821,86,0,0
BRDA:821,86,1,0
BRDA:826,87,0,0
BRDA:826,87,1,0
BRDA:826,88,0,0
BRDA:826,88,1,0
BRDA:826,88,2,0
BRDA:871,89,0,0
BRDA:871,89,1,0
BRDA:877,90,0,0
BRDA:877,90,1,0
BRDA:884,91,0,0
BRDA:884,91,1,0
BRDA:890,92,0,0
BRDA:890,92,1,0
BRDA:890,93,0,0
BRDA:890,93,1,0
BRDA:957,94,0,0
BRDA:957,94,1,0
BRDA:998,95,0,0
BRDA:998,95,1,0
BRDA:1024,96,0,0
BRDA:1024,96,1,0
BRDA:1027,97,0,0
BRDA:1027,97,1,0
BRDA:1028,98,0,0
BRDA:1028,98,1,0
BRDA:1028,98,2,0
BRDA:1030,99,0,0
BRDA:1030,99,1,0
BRDA:1030,99,2,0
BRDA:1031,100,0,0
BRDA:1031,100,1,0
BRDA:1031,100,2,0
BRDA:1033,101,0,0
BRDA:1033,101,1,0
BRDA:1033,101,2,0
BRDA:1034,102,0,0
BRDA:1034,102,1,0
BRDA:1034,103,0,0
BRDA:1034,103,1,0
BRDA:1039,104,0,0
BRDA:1039,104,1,0
BRDA:1040,105,0,0
BRDA:1040,105,1,0
BRDA:1040,105,2,0
BRDA:1042,106,0,0
BRDA:1042,106,1,0
BRDA:1042,106,2,0
BRDA:1043,107,0,0
BRDA:1043,107,1,0
BRDA:1043,107,2,0
BRDA:1045,108,0,0
BRDA:1045,108,1,0
BRDA:1045,108,2,0
BRDA:1046,109,0,0
BRDA:1046,109,1,0
BRDA:1046,110,0,0
BRDA:1046,110,1,0
BRDA:1047,111,0,0
BRDA:1047,111,1,0
BRDA:1047,112,0,0
BRDA:1047,112,1,0
BRDA:1048,113,0,0
BRDA:1048,113,1,0
BRDA:1048,113,2,0
BRDA:1048,114,0,0
BRDA:1048,114,1,0
BRDA:1049,115,0,0
BRDA:1049,115,1,0
BRDA:1054,116,0,0
BRDA:1054,116,1,0
BRDA:1055,117,0,0
BRDA:1055,117,1,0
BRDA:1055,117,2,0
BRDA:1057,118,0,0
BRDA:1057,118,1,0
BRDA:1057,118,2,0
BRDA:1058,119,0,0
BRDA:1058,119,1,0
BRDA:1058,119,2,0
BRDA:1060,120,0,0
BRDA:1060,120,1,0
BRDA:1060,120,2,0
BRDA:1061,121,0,0
BRDA:1061,121,1,0
BRDA:1061,122,0,0
BRDA:1061,122,1,0
BRDA:1062,123,0,0
BRDA:1062,123,1,0
BRDA:1062,123,2,0
BRDA:1062,124,0,0
BRDA:1062,124,1,0
BRDA:1063,125,0,0
BRDA:1063,125,1,0
BRDA:1068,126,0,0
BRDA:1068,126,1,0
BRDA:1069,127,0,0
BRDA:1069,127,1,0
BRDA:1071,128,0,0
BRDA:1071,128,1,0
BRDA:1072,129,0,0
BRDA:1072,129,1,0
BRDA:1074,130,0,0
BRDA:1074,130,1,0
BRDA:1074,131,0,0
BRDA:1074,131,1,0
BRDA:1075,132,0,0
BRDA:1075,132,1,0
BRDA:1075,132,2,0
BRDA:1079,133,0,0
BRDA:1079,133,1,0
BRDA:1081,134,0,0
BRDA:1081,134,1,0
BRDA:1081,135,0,0
BRDA:1081,135,1,0
BRDA:1082,136,0,0
BRDA:1082,136,1,0
BRDA:1082,137,0,0
BRDA:1082,137,1,0
BRDA:1087,138,0,0
BRDA:1087,138,1,0
BRDA:1088,139,0,0
BRDA:1088,139,1,0
BRDA:1091,140,0,0
BRDA:1091,140,1,0
BRDA:1091,141,0,0
BRDA:1091,141,1,0
BRDA:1096,142,0,0
BRDA:1096,142,1,0
BRDA:1097,143,0,0
BRDA:1097,143,1,0
BRDA:1099,144,0,0
BRDA:1099,144,1,0
BRDA:1100,145,0,0
BRDA:1100,145,1,0
BRDA:1102,146,0,0
BRDA:1102,146,1,0
BRDA:1103,147,0,0
BRDA:1103,147,1,0
BRDA:1104,148,0,0
BRDA:1104,148,1,0
BRDA:1104,148,2,0
BRDA:1117,149,0,0
BRDA:1117,149,1,0
BRDA:1119,150,0,0
BRDA:1119,150,1,0
BRDA:1121,151,0,0
BRDA:1121,151,1,0
BRDA:1121,151,2,0
BRDA:1122,152,0,0
BRDA:1122,152,1,0
BRDA:1122,152,2,0
BRDA:1123,153,0,0
BRDA:1123,153,1,0
BRDA:1123,153,2,0
BRDA:1124,154,0,0
BRDA:1124,154,1,0
BRDA:1124,154,2,0
BRDA:1127,155,0,0
BRDA:1127,155,1,0
BRDA:1129,156,0,0
BRDA:1129,156,1,0
BRDA:1129,156,2,0
BRDA:1130,157,0,0
BRDA:1130,157,1,0
BRDA:1130,157,2,0
BRDA:1131,158,0,0
BRDA:1131,158,1,0
BRDA:1131,158,2,0
BRDA:1132,159,0,0
BRDA:1132,159,1,0
BRDA:1132,159,2,0
BRDA:1133,160,0,0
BRDA:1133,160,1,0
BRDA:1133,161,0,0
BRDA:1133,161,1,0
BRDA:1136,162,0,0
BRDA:1136,162,1,0
BRDA:1138,163,0,0
BRDA:1138,163,1,0
BRDA:1138,163,2,0
BRDA:1139,164,0,0
BRDA:1139,164,1,0
BRDA:1139,164,2,0
BRDA:1140,165,0,0
BRDA:1140,165,1,0
BRDA:1140,165,2,0
BRDA:1141,166,0,0
BRDA:1141,166,1,0
BRDA:1141,166,2,0
BRDA:1144,167,0,0
BRDA:1144,167,1,0
BRDA:1146,168,0,0
BRDA:1146,168,1,0
BRDA:1147,169,0,0
BRDA:1147,169,1,0
BRDA:1148,170,0,0
BRDA:1148,170,1,0
BRDA:1151,171,0,0
BRDA:1151,171,1,0
BRDA:1153,172,0,0
BRDA:1153,172,1,0
BRDA:1153,173,0,0
BRDA:1153,173,1,0
BRDA:1154,174,0,0
BRDA:1154,174,1,0
BRDA:1154,175,0,0
BRDA:1154,175,1,0
BRDA:1157,176,0,0
BRDA:1157,176,1,0
BRDA:1159,177,0,0
BRDA:1159,177,1,0
BRDA:1162,178,0,0
BRDA:1162,178,1,0
BRDA:1164,179,0,0
BRDA:1164,179,1,0
BRDA:1165,180,0,0
BRDA:1165,180,1,0
BRDA:1166,181,0,0
BRDA:1166,181,1,0
BRDA:1167,182,0,0
BRDA:1167,182,1,0
BRDA:1168,183,0,0
BRDA:1168,183,1,0
BRDA:1193,184,0,0
BRDA:1193,184,1,0
BRDA:1196,185,0,0
BRDA:1196,185,1,0
BRDA:1200,186,0,0
BRDA:1200,186,1,0
BRDA:1202,187,0,0
BRDA:1202,187,1,0
BRDA:1202,188,0,0
BRDA:1202,188,1,0
BRDA:1204,189,0,0
BRDA:1204,189,1,0
BRDA:1204,190,0,0
BRDA:1204,190,1,0
BRDA:1204,191,0,0
BRDA:1204,191,1,0
BRDA:1208,192,0,0
BRDA:1208,192,1,0
BRDA:1209,193,0,0
BRDA:1209,193,1,0
BRDA:1209,193,2,0
BRDA:1210,194,0,0
BRDA:1210,194,1,0
BRDA:1210,195,0,0
BRDA:1210,195,1,0
BRDA:1213,196,0,0
BRDA:1213,196,1,0
BRDA:1221,197,0,0
BRDA:1221,197,1,0
BRDA:1227,198,0,0
BRDA:1227,198,1,0
BRDA:1227,199,0,0
BRDA:1227,199,1,0
BRDA:1230,200,0,0
BRDA:1230,200,1,0
BRDA:1238,201,0,0
BRDA:1238,201,1,0
BRDA:1245,202,0,0
BRDA:1245,202,1,0
BRDA:1247,203,0,0
BRDA:1247,203,1,0
BRDA:1247,204,0,0
BRDA:1247,204,1,0
BRDA:1247,204,2,0
BRDA:1248,205,0,0
BRDA:1248,205,1,0
BRDA:1248,206,0,0
BRDA:1248,206,1,0
BRDA:1248,206,2,0
BRDA:1250,207,0,0
BRDA:1250,207,1,0
BRDA:1255,208,0,0
BRDA:1255,208,1,0
BRDA:1261,209,0,0
BRDA:1261,209,1,0
BRDA:1261,210,0,0
BRDA:1261,210,1,0
BRDA:1286,211,0,0
BRDA:1286,211,1,0
BRDA:1286,212,0,0
BRDA:1286,212,1,0
BRDA:1286,212,2,0
BRDA:1286,212,3,0
BRDA:1286,212,4,0
BRDA:1300,213,0,0
BRDA:1300,213,1,0
BRDA:1315,214,0,0
BRDA:1315,214,1,0
BRDA:1322,215,0,0
BRDA:1322,215,1,0
BRDA:1322,215,2,0
BRDA:1322,215,3,0
BRDA:1322,215,4,0
BRDA:1322,215,5,0
BRDA:1352,216,0,0
BRDA:1352,216,1,0
BRDA:1352,217,0,0
BRDA:1352,217,1,0
BRDA:1352,217,2,0
BRDA:1355,218,0,0
BRDA:1355,218,1,0
BRDA:1371,219,0,0
BRDA:1371,219,1,0
BRDA:1385,220,0,0
BRDA:1385,220,1,0
BRDA:1390,221,0,0
BRDA:1390,221,1,0
BRDA:1404,222,0,0
BRDA:1404,222,1,0
BRDA:1409,223,0,0
BRDA:1409,223,1,0
BRDA:1413,224,0,0
BRDA:1413,224,1,0
BRDA:1422,225,0,0
BRDA:1422,225,1,0
BRDA:1424,226,0,0
BRDA:1424,226,1,0
BRDA:1424,226,2,0
BRDA:1425,227,0,0
BRDA:1425,227,1,0
BRDA:1425,227,2,0
BRDA:1426,228,0,0
BRDA:1426,228,1,0
BRDA:1427,229,0,0
BRDA:1427,229,1,0
BRDA:1428,230,0,0
BRDA:1428,230,1,0
BRDA:1429,231,0,0
BRDA:1429,231,1,0
BRDA:1430,232,0,0
BRDA:1430,232,1,0
BRDA:1431,233,0,0
BRDA:1431,233,1,0
BRDA:1432,234,0,0
BRDA:1432,234,1,0
BRDA:1434,235,0,0
BRDA:1434,235,1,0
BRDA:1435,236,0,0
BRDA:1435,236,1,0
BRDA:1436,237,0,0
BRDA:1436,237,1,0
BRDA:1447,238,0,0
BRDA:1447,238,1,0
BRDA:1447,239,0,0
BRDA:1447,239,1,0
BRDA:1453,240,0,0
BRDA:1453,240,1,0
BRDA:1460,241,0,0
BRDA:1460,241,1,0
BRDA:1460,242,0,0
BRDA:1460,242,1,0
BRDA:1460,242,2,0
BRDA:1462,243,0,0
BRDA:1462,243,1,0
BRDA:1467,244,0,0
BRDA:1467,244,1,0
BRDA:1468,245,0,0
BRDA:1468,245,1,0
BRDA:1469,246,0,0
BRDA:1469,246,1,0
BRDA:1471,247,0,0
BRDA:1471,247,1,0
BRDA:1472,248,0,0
BRDA:1472,248,1,0
BRDA:1476,249,0,0
BRDA:1476,249,1,0
BRDA:1476,250,0,0
BRDA:1476,250,1,0
BRDA:1479,251,0,0
BRDA:1479,251,1,0
BRDA:1479,252,0,0
BRDA:1479,252,1,0
BRDA:1481,253,0,0
BRDA:1481,253,1,0
BRDA:1490,254,0,0
BRDA:1490,254,1,0
BRDA:1491,255,0,0
BRDA:1491,255,1,0
BRDA:1491,256,0,0
BRDA:1491,256,1,0
BRDA:1493,257,0,0
BRDA:1493,257,1,0
BRDA:1502,258,0,0
BRDA:1502,258,1,0
BRDA:1503,259,0,0
BRDA:1503,259,1,0
BRDA:1503,260,0,0
BRDA:1503,260,1,0
BRDA:1505,261,0,0
BRDA:1505,261,1,0
BRDA:1515,262,0,0
BRDA:1515,262,1,0
BRDA:1515,263,0,0
BRDA:1515,263,1,0
BRDA:1517,264,0,0
BRDA:1517,264,1,0
BRDA:1517,265,0,0
BRDA:1517,265,1,0
BRDA:1518,266,0,0
BRDA:1518,266,1,0
BRDA:1518,267,0,0
BRDA:1518,267,1,0
BRDA:1519,268,0,0
BRDA:1519,268,1,0
BRDA:1519,269,0,0
BRDA:1519,269,1,0
BRDA:1522,270,0,0
BRDA:1522,270,1,0
BRDA:1522,271,0,0
BRDA:1522,271,1,0
BRDA:1524,272,0,0
BRDA:1524,272,1,0
BRDA:1528,273,0,0
BRDA:1528,273,1,0
BRDA:1548,274,0,0
BRDA:1548,274,1,0
BRDA:1563,275,0,0
BRDA:1563,275,1,0
BRDA:1563,276,0,0
BRDA:1563,276,1,0
BRDA:1563,276,2,0
BRDA:1570,277,0,0
BRDA:1570,277,1,0
BRDA:1570,277,2,0
BRDA:1570,277,3,0
BRDA:1573,278,0,0
BRDA:1573,278,1,0
BRDA:1573,279,0,0
BRDA:1573,279,1,0
BRDA:1573,279,2,0
BRDA:1618,280,0,0
BRDA:1618,280,1,0
BRDA:1618,281,0,0
BRDA:1618,281,1,0
BRDA:1622,282,0,0
BRDA:1622,282,1,0
BRDA:1625,283,0,0
BRDA:1625,283,1,0
BRDA:1627,284,0,0
BRDA:1627,284,1,0
BRDA:1627,284,2,0
BRDA:1628,285,0,0
BRDA:1628,285,1,0
BRDA:1629,286,0,0
BRDA:1629,286,1,0
BRDA:1629,287,0,0
BRDA:1629,287,1,0
BRDA:1634,288,0,0
BRDA:1634,288,1,0
BRDA:1635,289,0,0
BRDA:1635,289,1,0
BRDA:1635,290,0,0
BRDA:1635,290,1,0
BRDA:1637,291,0,0
BRDA:1637,291,1,0
BRDA:1643,292,0,0
BRDA:1643,292,1,0
BRDA:1644,293,0,0
BRDA:1644,293,1,0
BRDA:1644,294,0,0
BRDA:1644,294,1,0
BRDA:1646,295,0,0
BRDA:1646,295,1,0
BRDA:1652,296,0,0
BRDA:1652,296,1,0
BRDA:1653,297,0,0
BRDA:1653,297,1,0
BRDA:1653,298,0,0
BRDA:1653,298,1,0
BRDA:1655,299,0,0
BRDA:1655,299,1,0
BRDA:1662,300,0,0
BRDA:1662,300,1,0
BRDA:1662,301,0,0
BRDA:1662,301,1,0
BRDA:1664,302,0,0
BRDA:1664,302,1,0
BRDA:1664,303,0,0
BRDA:1664,303,1,0
BRDA:1665,304,0,0
BRDA:1665,304,1,0
BRDA:1665,305,0,0
BRDA:1665,305,1,0
BRDA:1666,306,0,0
BRDA:1666,306,1,0
BRDA:1666,307,0,0
BRDA:1666,307,1,0
BRDA:1667,308,0,0
BRDA:1667,308,1,0
BRDA:1667,309,0,0
BRDA:1667,309,1,0
BRDA:1668,310,0,0
BRDA:1668,310,1,0
BRDA:1668,311,0,0
BRDA:1668,311,1,0
BRDA:1669,312,0,0
BRDA:1669,312,1,0
BRDA:1672,313,0,0
BRDA:1672,313,1,0
BRDA:1675,314,0,0
BRDA:1675,314,1,0
BRDA:1676,315,0,0
BRDA:1676,315,1,0
BRDA:1677,316,0,0
BRDA:1677,316,1,0
BRDA:1678,317,0,0
BRDA:1678,317,1,0
BRDA:1679,318,0,0
BRDA:1679,318,1,0
BRDA:1681,319,0,0
BRDA:1681,319,1,0
BRDA:1682,320,0,0
BRDA:1682,320,1,0
BRDA:1701,321,0,0
BRDA:1701,321,1,0
BRDA:1732,322,0,0
BRDA:1732,322,1,0
BRDA:1732,323,0,0
BRDA:1732,323,1,0
BRDA:1738,324,0,0
BRDA:1738,324,1,0
BRDA:1744,325,0,0
BRDA:1744,325,1,0
BRDA:1767,326,0,0
BRDA:1767,326,1,0
BRDA:1767,327,0,0
BRDA:1767,327,1,0
BRDA:1772,328,0,0
BRDA:1772,328,1,0
BRDA:1778,329,0,0
BRDA:1778,329,1,0
BRDA:1778,330,0,0
BRDA:1778,330,1,0
BRDA:1783,331,0,0
BRDA:1783,331,1,0
BRDA:1812,332,0,0
BRDA:1812,332,1,0
BRDA:1826,333,0,0
BRDA:1826,333,1,0
BRDA:1844,334,0,0
BRDA:1844,334,1,0
BRDA:1872,335,0,0
BRDA:1872,335,1,0
BRDA:1872,336,0,0
BRDA:1872,336,1,0
BRDA:1872,336,2,0
BRDA:1876,337,0,0
BRDA:1876,337,1,0
BRDA:1884,338,0,0
BRDA:1884,338,1,0
BRDA:1910,339,0,0
BRDA:1910,339,1,0
BRDA:1910,340,0,0
BRDA:1910,340,1,0
BRDA:1910,340,2,0
BRDA:1914,341,0,0
BRDA:1914,341,1,0
BRDA:1915,342,0,0
BRDA:1915,342,1,0
BRDA:1923,343,0,0
BRDA:1923,343,1,0
BRDA:1938,344,0,0
BRDA:1938,344,1,0
BRDA:1957,345,0,0
BRDA:1957,345,1,0
BRDA:1957,346,0,0
BRDA:1957,346,1,0
BRDA:1957,346,2,0
BRDA:1983,347,0,0
BRDA:1983,347,1,0
BRDA:2010,348,0,0
BRDA:2010,348,1,0
BRDA:2034,349,0,0
BRDA:2034,349,1,0
BRDA:2071,350,0,0
BRDA:2071,350,1,0
BRDA:2072,351,0,0
BRDA:2072,351,1,0
BRDA:2073,352,0,0
BRDA:2073,352,1,0
BRDA:2074,353,0,0
BRDA:2074,353,1,0
BRDA:2075,354,0,0
BRDA:2075,354,1,0
BRDA:2076,355,0,0
BRDA:2076,355,1,0
BRDA:2084,356,0,0
BRDA:2084,356,1,0
BRDA:2084,357,0,0
BRDA:2084,357,1,0
BRDA:2100,358,0,0
BRDA:2100,358,1,0
BRDA:2100,359,0,0
BRDA:2100,359,1,0
BRDA:2100,359,2,0
BRDA:2100,359,3,0
BRDA:2117,360,0,0
BRDA:2117,360,1,0
BRDA:2140,361,0,0
BRDA:2140,361,1,0
BRDA:2158,362,0,0
BRDA:2158,362,1,0
BRDA:2160,363,0,0
BRDA:2160,363,1,0
BRDA:2175,364,0,0
BRDA:2175,364,1,0
BRDA:2176,365,0,0
BRDA:2176,365,1,0
BRDA:2177,366,0,0
BRDA:2177,366,1,0
BRDA:2178,367,0,0
BRDA:2178,367,1,0
BRDA:2179,368,0,0
BRDA:2179,368,1,0
BRDA:2180,369,0,0
BRDA:2180,369,1,0
BRDA:2186,370,0,0
BRDA:2186,370,1,0
BRDA:2186,371,0,0
BRDA:2186,371,1,0
BRDA:2186,371,2,0
BRDA:2192,372,0,0
BRDA:2192,372,1,0
BRDA:2192,373,0,0
BRDA:2192,373,1,0
BRDA:2211,374,0,0
BRDA:2211,374,1,0
BRDA:2217,375,0,0
BRDA:2217,375,1,0
BRDA:2249,376,0,0
BRDA:2249,376,1,0
BRDA:2254,377,0,0
BRDA:2254,377,1,0
BRDA:2280,378,0,0
BRDA:2280,378,1,0
BRDA:2297,379,0,0
BRDA:2297,379,1,0
BRDA:2299,380,0,0
BRDA:2299,380,1,0
BRDA:2320,381,0,0
BRDA:2320,381,1,0
BRDA:2321,382,0,0
BRDA:2321,382,1,0
BRDA:2322,383,0,0
BRDA:2322,383,1,0
BRDA:2323,384,0,0
BRDA:2323,384,1,0
BRDA:2324,385,0,0
BRDA:2324,385,1,0
BRDA:2325,386,0,0
BRDA:2325,386,1,0
BRDA:2331,387,0,0
BRDA:2331,387,1,0
BRDA:2331,388,0,0
BRDA:2331,388,1,0
BRDA:2331,388,2,0
BRDA:2342,389,0,0
BRDA:2342,389,1,0
BRDA:2343,390,0,0
BRDA:2343,390,1,0
BRDA:2344,391,0,0
BRDA:2344,391,1,0
BRDA:2344,392,0,0
BRDA:2344,392,1,0
BRDA:2344,393,0,0
BRDA:2344,393,1,0
BRDA:2344,394,0,0
BRDA:2344,394,1,0
BRDA:2345,395,0,0
BRDA:2345,395,1,0
BRDA:2358,396,0,0
BRDA:2358,396,1,0
BRDA:2366,397,0,0
BRDA:2366,397,1,0
BRDA:2386,398,0,0
BRDA:2386,398,1,0
BRDA:2422,399,0,0
BRDA:2422,399,1,0
BRDA:2439,400,0,0
BRDA:2439,400,1,0
BRDA:2441,401,0,0
BRDA:2441,401,1,0
BRDA:2457,402,0,0
BRDA:2457,402,1,0
BRDA:2465,403,0,0
BRDA:2465,403,1,0
BRDA:2470,404,0,0
BRDA:2470,404,1,0
BRDA:2478,405,0,0
BRDA:2478,405,1,0
BRDA:2505,406,0,0
BRDA:2505,406,1,0
BRDA:2510,407,0,0
BRDA:2510,407,1,0
BRDA:2537,408,0,0
BRDA:2537,408,1,0
BRDA:2561,409,0,0
BRDA:2561,409,1,0
BRDA:2564,410,0,0
BRDA:2564,410,1,0
BRDA:2581,411,0,0
BRDA:2581,411,1,0
BRDA:2582,412,0,0
BRDA:2582,412,1,0
BRDA:2587,413,0,0
BRDA:2587,413,1,0
BRDA:2589,414,0,0
BRDA:2589,414,1,0
BRDA:2597,415,0,0
BRDA:2597,415,1,0
BRDA:2610,416,0,0
BRDA:2610,416,1,0
BRDA:2611,417,0,0
BRDA:2611,417,1,0
BRDA:2612,418,0,0
BRDA:2612,418,1,0
BRDA:2613,419,0,0
BRDA:2613,419,1,0
BRDA:2614,420,0,0
BRDA:2614,420,1,0
BRDA:2620,421,0,0
BRDA:2620,421,1,0
BRDA:2620,422,0,0
BRDA:2620,422,1,0
BRDA:2620,422,2,0
BRDA:2633,423,0,0
BRDA:2633,423,1,0
BRDA:2650,424,0,0
BRDA:2650,424,1,0
BRDA:2661,425,0,0
BRDA:2661,425,1,0
BRDA:2661,426,0,0
BRDA:2661,426,1,0
BRDA:2663,427,0,0
BRDA:2663,427,1,0
BRDA:2663,428,0,0
BRDA:2663,428,1,0
BRDA:2668,429,0,0
BRDA:2668,429,1,0
BRDA:2674,430,0,0
BRDA:2674,430,1,0
BRDA:2674,431,0,0
BRDA:2674,431,1,0
BRDA:2679,432,0,0
BRDA:2679,432,1,0
BRDA:2680,433,0,0
BRDA:2680,433,1,0
BRDA:2703,434,0,0
BRDA:2703,434,1,0
BRDA:2703,435,0,0
BRDA:2703,435,1,0
BRDA:2703,436,0,0
BRDA:2703,436,1,0
BRDA:2705,437,0,0
BRDA:2705,437,1,0
BRDA:2705,438,0,0
BRDA:2705,438,1,0
BRDA:2705,438,2,0
BRDA:2710,439,0,0
BRDA:2710,439,1,0
BRDA:2713,440,0,0
BRDA:2713,440,1,0
BRDA:2716,441,0,0
BRDA:2716,441,1,0
BRDA:2716,442,0,0
BRDA:2716,442,1,0
BRDA:2721,443,0,0
BRDA:2721,443,1,0
BRDA:2760,444,0,0
BRDA:2760,444,1,0
BRDA:2762,445,0,0
BRDA:2762,445,1,0
BRDA:2763,446,0,0
BRDA:2763,446,1,0
BRDA:2764,447,0,0
BRDA:2764,447,1,0
BRDA:2765,448,0,0
BRDA:2765,448,1,0
BRDA:2766,449,0,0
BRDA:2766,449,1,0
BRDA:2768,450,0,0
BRDA:2768,450,1,0
BRDA:2769,451,0,0
BRDA:2769,451,1,0
BRDA:2770,452,0,0
BRDA:2770,452,1,0
BRDA:2771,453,0,0
BRDA:2771,453,1,0
BRDA:2772,454,0,0
BRDA:2772,454,1,0
BRDA:2773,455,0,0
BRDA:2773,455,1,0
BRDA:2774,456,0,0
BRDA:2774,456,1,0
BRDA:2775,457,0,0
BRDA:2775,457,1,0
BRDA:2784,458,0,0
BRDA:2784,458,1,0
BRDA:2787,459,0,0
BRDA:2787,459,1,0
BRDA:2788,460,0,0
BRDA:2788,460,1,0
BRDA:2789,461,0,0
BRDA:2789,461,1,0
BRDA:2790,462,0,0
BRDA:2790,462,1,0
BRDA:2791,463,0,0
BRDA:2791,463,1,0
BRDA:2791,463,2,0
BRDA:2793,464,0,0
BRDA:2793,464,1,0
BRDA:2794,465,0,0
BRDA:2794,465,1,0
BRDA:2795,466,0,0
BRDA:2795,466,1,0
BRDA:2796,467,0,0
BRDA:2796,467,1,0
BRDA:2797,468,0,0
BRDA:2797,468,1,0
BRDA:2798,469,0,0
BRDA:2798,469,1,0
BRDA:2799,470,0,0
BRDA:2799,470,1,0
BRDA:2812,471,0,0
BRDA:2812,471,1,0
BRDA:2816,472,0,0
BRDA:2816,472,1,0
BRDA:2846,473,0,0
BRDA:2846,473,1,0
BRDA:2872,474,0,0
BRDA:2872,474,1,0
BRDA:2880,475,0,0
BRDA:2880,475,1,0
BRDA:2907,476,0,0
BRDA:2907,476,1,0
BRDA:2918,477,0,0
BRDA:2918,477,1,0
BRDA:2919,478,0,0
BRDA:2919,478,1,0
BRDA:2920,479,0,0
BRDA:2920,479,1,0
BRDA:2920,480,0,0
BRDA:2920,480,1,0
BRDA:2958,481,0,0
BRDA:2958,481,1,0
BRDA:2962,482,0,0
BRDA:2965,483,0,0
BRDA:2965,483,1,0
BRDA:2993,484,0,0
BRDA:2993,484,1,0
BRDA:3011,485,0,0
BRDA:3011,485,1,0
BRDA:3025,486,0,0
BRDA:3025,486,1,0
BRDA:3038,487,0,0
BRDA:3038,487,1,0
BRDA:3055,488,0,0
BRDA:3055,488,1,0
BRDA:3110,489,0,0
BRDA:3110,489,1,0
BRDA:3139,490,0,0
BRDA:3139,491,0,0
BRDA:3139,492,0,0
BRDA:3153,493,0,0
BRDA:3153,493,1,0
BRDA:3164,494,0,0
BRDA:3164,494,1,0
BRDA:3180,495,0,0
BRDA:3180,495,1,0
BRDA:3183,496,0,0
BRDA:3191,497,0,0
BRDA:3191,497,1,0
BRDA:3212,498,0,0
BRDA:3212,498,1,0
BRDA:3227,499,0,0
BRDA:3227,499,1,0
BRDA:3237,500,0,0
BRDA:3237,500,1,0
BRF:1052
BRH:2
end_of_record
TN:
SF:src/routes/index.js
FN:18,isCaptivePortalLdapEnabled
FN:24,normalizeMacAddress
FN:28,isValidMacAddress
FN:32,getSsidConfigForParams
FN:52,detectVendor
FN:62,extractVendorParams
FN:98,(anonymous_6)
FN:193,(anonymous_7)
FN:197,(anonymous_8)
FN:201,(anonymous_9)
FN:205,(anonymous_10)
FN:211,(anonymous_11)
FN:242,(anonymous_12)
FN:264,(anonymous_13)
FN:265,(anonymous_14)
FN:388,(anonymous_15)
FN:416,(anonymous_16)
FN:417,(anonymous_17)
FN:422,(anonymous_18)
FN:473,(anonymous_19)
FN:473,(anonymous_20)
FN:483,(anonymous_21)
FN:491,(anonymous_22)
FN:526,(anonymous_23)
FN:528,(anonymous_24)
FN:610,(anonymous_25)
FN:611,(anonymous_26)
FN:615,(anonymous_27)
FN:704,(anonymous_28)
FN:745,(anonymous_29)
FN:748,(anonymous_30)
FN:789,(anonymous_31)
FN:793,(anonymous_32)
FN:896,(anonymous_33)
FN:898,(anonymous_34)
FN:931,(anonymous_35)
FN:939,(anonymous_36)
FN:1073,(anonymous_37)
FN:1104,(anonymous_38)
FN:1106,(anonymous_39)
FN:1138,formatExpirationDate
FN:1153,(anonymous_41)
FN:1157,(anonymous_42)
FN:1226,(anonymous_43)
FN:1253,(anonymous_44)
FN:1255,(anonymous_45)
FN:1284,(anonymous_46)
FN:1288,(anonymous_47)
FN:1395,(anonymous_48)
FN:1397,(anonymous_49)
FN:1435,authorizeVendor
FN:1481,(anonymous_51)
FN:1498,(anonymous_52)
FN:1517,(anonymous_53)
FN:1588,(anonymous_54)
FN:1606,(anonymous_55)
FN:1634,(anonymous_56)
FN:1636,(anonymous_57)
FNF:58
FNH:0
FNDA:0,isCaptivePortalLdapEnabled
FNDA:0,normalizeMacAddress
FNDA:0,isValidMacAddress
FNDA:0,getSsidConfigForParams
FNDA:0,detectVendor
FNDA:0,extractVendorParams
FNDA:0,(anonymous_6)
FNDA:0,(anonymous_7)
FNDA:0,(anonymous_8)
FNDA:0,(anonymous_9)
FNDA:0,(anonymous_10)
FNDA:0,(anonymous_11)
FNDA:0,(anonymous_12)
FNDA:0,(anonymous_13)
FNDA:0,(anonymous_14)
FNDA:0,(anonymous_15)
FNDA:0,(anonymous_16)
FNDA:0,(anonymous_17)
FNDA:0,(anonymous_18)
FNDA:0,(anonymous_19)
FNDA:0,(anonymous_20)
FNDA:0,(anonymous_21)
FNDA:0,(anonymous_22)
FNDA:0,(anonymous_23)
FNDA:0,(anonymous_24)
FNDA:0,(anonymous_25)
FNDA:0,(anonymous_26)
FNDA:0,(anonymous_27)
FNDA:0,(anonymous_28)
FNDA:0,(anonymous_29)
FNDA:0,(anonymous_30)
FNDA:0,(anonymous_31)
FNDA:0,(anonymous_32)
FNDA:0,(anonymous_33)
FNDA:0,(anonymous_34)
FNDA:0,(anonymous_35)
FNDA:0,(anonymous_36)
FNDA:0,(anonymous_37)
FNDA:0,(anonymous_38)
FNDA:0,(anonymous_39)
FNDA:0,formatExpirationDate
FNDA:0,(anonymous_41)
FNDA:0,(anonymous_42)
FNDA:0,(anonymous_43)
FNDA:0,(anonymous_44)
FNDA:0,(anonymous_45)
FNDA:0,(anonymous_46)
FNDA:0,(anonymous_47)
FNDA:0,(anonymous_48)
FNDA:0,(anonymous_49)
FNDA:0,authorizeVendor
FNDA:0,(anonymous_51)
FNDA:0,(anonymous_52)
FNDA:0,(anonymous_53)
FNDA:0,(anonymous_54)
FNDA:0,(anonymous_55)
FNDA:0,(anonymous_56)
FNDA:0,(anonymous_57)
DA:3,2
DA:4,2
DA:5,2
DA:6,2
DA:7,2
DA:8,2
DA:10,2
DA:11,2
DA:12,2
DA:13,2
DA:14,2
DA:15,2
DA:16,2
DA:19,0
DA:25,0
DA:29,0
DA:33,0
DA:34,0
DA:35,0
DA:36,0
DA:38,0
DA:39,0
DA:41,0
DA:53,0
DA:54,0
DA:55,0
DA:56,0
DA:63,0
DA:65,0
DA:74,0
DA:82,0
DA:92,0
DA:98,2
DA:99,0
DA:100,0
DA:101,0
DA:102,0
DA:104,0
DA:105,0
DA:106,0
DA:107,0
DA:108,0
DA:109,0
DA:110,0
DA:113,0
DA:114,0
DA:115,0
DA:118,0
DA:119,0
DA:122,0
DA:123,0
DA:124,0
DA:127,0
DA:139,0
DA:144,0
DA:145,0
DA:146,0
DA:147,0
DA:148,0
DA:149,0
DA:150,0
DA:151,0
DA:152,0
DA:154,0
DA:160,0
DA:161,0
DA:162,0
DA:163,0
DA:166,0
DA:186,0
DA:191,2
DA:193,2
DA:194,0
DA:197,2
DA:198,0
DA:201,2
DA:202,0
DA:205,2
DA:206,0
DA:211,2
DA:212,0
DA:213,0
DA:214,0
DA:216,0
DA:217,0
DA:218,0
DA:219,0
DA:220,0
DA:224,0
DA:225,0
DA:226,0
DA:232,0
DA:234,0
DA:240,2
DA:243,0
DA:244,0
DA:245,0
DA:246,0
DA:249,0
DA:251,0
DA:252,0
DA:255,0
DA:256,0
DA:257,0
DA:261,0
DA:262,0
DA:264,0
DA:265,0
DA:267,0
DA:268,0
DA:269,0
DA:272,0
DA:273,0
DA:274,0
DA:275,0
DA:276,0
DA:277,0
DA:282,0
DA:283,0
DA:293,0
DA:294,0
DA:297,0
DA:298,0
DA:299,0
DA:301,0
DA:302,0
DA:303,0
DA:304,0
DA:306,0
DA:307,0
DA:310,0
DA:312,0
DA:314,0
DA:315,0
DA:316,0
DA:317,0
DA:318,0
DA:325,0
DA:326,0
DA:328,0
DA:340,0
DA:346,0
DA:354,0
DA:361,0
DA:363,0
DA:364,0
DA:370,0
DA:372,0
DA:373,0
DA:380,0
DA:382,0
DA:388,2
DA:389,0
DA:390,0
DA:391,0
DA:392,0
DA:395,0
DA:396,0
DA:397,0
DA:400,0
DA:401,0
DA:406,0
DA:411,2
DA:416,0
DA:418,0
DA:419,0
DA:420,0
DA:421,0
DA:422,0
DA:426,0
DA:427,0
DA:428,0
DA:430,0
DA:431,0
DA:432,0
DA:434,0
DA:435,0
DA:436,0
DA:437,0
DA:441,0
DA:442,0
DA:444,0
DA:447,0
DA:448,0
DA:449,0
DA:450,0
DA:455,0
DA:456,0
DA:460,0
DA:461,0
DA:465,0
DA:466,0
DA:467,0
DA:469,0
DA:470,0
DA:472,0
DA:473,0
DA:474,0
DA:476,0
DA:477,0
DA:478,0
DA:479,0
DA:480,0
DA:481,0
DA:483,0
DA:484,0
DA:485,0
DA:489,0
DA:491,0
DA:494,0
DA:499,0
DA:500,0
DA:501,0
DA:504,0
DA:507,0
DA:508,0
DA:509,0
DA:512,0
DA:513,0
DA:514,0
DA:518,0
DA:526,0
DA:527,0
DA:528,0
DA:531,0
DA:532,0
DA:533,0
DA:534,0
DA:543,0
DA:544,0
DA:545,0
DA:546,0
DA:547,0
DA:548,0
DA:549,0
DA:552,0
DA:554,0
DA:555,0
DA:563,0
DA:566,0
DA:567,0
DA:570,0
DA:577,0
DA:585,0
DA:587,0
DA:588,0
DA:598,0
DA:599,0
DA:601,0
DA:608,2
DA:610,0
DA:612,0
DA:613,0
DA:614,0
DA:615,0
DA:618,0
DA:619,0
DA:620,0
DA:622,0
DA:623,0
DA:624,0
DA:625,0
DA:629,0
DA:630,0
DA:633,0
DA:634,0
DA:635,0
DA:638,0
DA:639,0
DA:640,0
DA:642,0
DA:650,0
DA:653,0
DA:654,0
DA:655,0
DA:657,0
DA:659,0
DA:660,0
DA:661,0
DA:662,0
DA:663,0
DA:664,0
DA:666,0
DA:667,0
DA:668,0
DA:669,0
DA:670,0
DA:672,0
DA:673,0
DA:674,0
DA:675,0
DA:683,0
DA:684,0
DA:685,0
DA:686,0
DA:687,0
DA:688,0
DA:690,0
DA:691,0
DA:698,0
DA:699,0
DA:704,0
DA:709,0
DA:712,0
DA:717,0
DA:718,0
DA:719,0
DA:720,0
DA:724,0
DA:725,0
DA:726,0
DA:728,0
DA:731,0
DA:732,0
DA:733,0
DA:737,0
DA:745,0
DA:746,0
DA:748,0
DA:750,0
DA:751,0
DA:754,0
DA:761,0
DA:769,0
DA:771,0
DA:772,0
DA:782,0
DA:787,2
DA:790,0
DA:791,0
DA:792,0
DA:793,0
DA:796,0
DA:797,0
DA:798,0
DA:800,0
DA:801,0
DA:805,0
DA:806,0
DA:807,0
DA:808,0
DA:811,0
DA:812,0
DA:815,0
DA:816,0
DA:817,0
DA:818,0
DA:821,0
DA:822,0
DA:823,0
DA:828,0
DA:829,0
DA:830,0
DA:834,0
DA:835,0
DA:836,0
DA:845,0
DA:848,0
DA:849,0
DA:850,0
DA:852,0
DA:853,0
DA:854,0
DA:856,0
DA:857,0
DA:858,0
DA:860,0
DA:863,0
DA:864,0
DA:865,0
DA:866,0
DA:867,0
DA:871,0
DA:874,0
DA:875,0
DA:876,0
DA:880,0
DA:882,0
DA:883,0
DA:884,0
DA:888,0
DA:896,0
DA:897,0
DA:898,0
DA:900,0
DA:901,0
DA:904,0
DA:911,0
DA:919,0
DA:923,0
DA:927,2
DA:932,0
DA:933,0
DA:934,0
DA:937,0
DA:938,0
DA:939,0
DA:942,0
DA:943,0
DA:944,0
DA:947,0
DA:948,0
DA:949,0
DA:950,0
DA:951,0
DA:953,0
DA:954,0
DA:955,0
DA:956,0
DA:957,0
DA:958,0
DA:959,0
DA:960,0
DA:963,0
DA:967,0
DA:968,0
DA:969,0
DA:970,0
DA:971,0
DA:972,0
DA:974,0
DA:975,0
DA:976,0
DA:979,0
DA:983,0
DA:984,0
DA:988,0
DA:998,0
DA:1000,0
DA:1007,0
DA:1011,0
DA:1012,0
DA:1013,0
DA:1014,0
DA:1015,0
DA:1024,0
DA:1025,0
DA:1027,0
DA:1028,0
DA:1030,0
DA:1038,0
DA:1039,0
DA:1040,0
DA:1041,0
DA:1044,0
DA:1045,0
DA:1046,0
DA:1047,0
DA:1048,0
DA:1051,0
DA:1052,0
DA:1053,0
DA:1056,0
DA:1057,0
DA:1059,0
DA:1060,0
DA:1067,0
DA:1068,0
DA:1073,0
DA:1077,0
DA:1081,0
DA:1082,0
DA:1083,0
DA:1084,0
DA:1088,0
DA:1090,0
DA:1091,0
DA:1092,0
DA:1096,0
DA:1104,0
DA:1105,0
DA:1106,0
DA:1108,0
DA:1109,0
DA:1112,0
DA:1119,0
DA:1127,0
DA:1131,0
DA:1137,2
DA:1139,0
DA:1140,0
DA:1141,0
DA:1142,0
DA:1143,0
DA:1144,0
DA:1145,0
DA:1146,0
DA:1149,2
DA:1154,0
DA:1155,0
DA:1156,0
DA:1157,0
DA:1160,0
DA:1161,0
DA:1162,0
DA:1165,0
DA:1166,0
DA:1167,0
DA:1170,0
DA:1171,0
DA:1172,0
DA:1173,0
DA:1177,0
DA:1178,0
DA:1179,0
DA:1180,0
DA:1181,0
DA:1182,0
DA:1185,0
DA:1186,0
DA:1187,0
DA:1195,0
DA:1196,0
DA:1197,0
DA:1201,0
DA:1202,0
DA:1203,0
DA:1204,0
DA:1207,0
DA:1208,0
DA:1209,0
DA:1210,0
DA:1212,0
DA:1213,0
DA:1220,0
DA:1221,0
DA:1226,0
DA:1229,0
DA:1233,0
DA:1234,0
DA:1235,0
DA:1238,0
DA:1240,0
DA:1241,0
DA:1242,0
DA:1245,0
DA:1253,0
DA:1254,0
DA:1255,0
DA:1256,0
DA:1257,0
DA:1259,0
DA:1265,0
DA:1273,0
DA:1277,0
DA:1281,2
DA:1285,0
DA:1286,0
DA:1287,0
DA:1288,0
DA:1291,0
DA:1292,0
DA:1293,0
DA:1296,0
DA:1297,0
DA:1298,0
DA:1301,0
DA:1302,0
DA:1303,0
DA:1306,0
DA:1307,0
DA:1310,0
DA:1311,0
DA:1312,0
DA:1313,0
DA:1314,0
DA:1315,0
DA:1318,0
DA:1319,0
DA:1320,0
DA:1328,0
DA:1332,0
DA:1333,0
DA:1334,0
DA:1335,0
DA:1337,0
DA:1338,0
DA:1345,0
DA:1347,0
DA:1349,0
DA:1350,0
DA:1351,0
DA:1352,0
DA:1357,0
DA:1358,0
DA:1359,0
DA:1360,0
DA:1363,0
DA:1364,0
DA:1371,0
DA:1372,0
DA:1373,0
DA:1374,0
DA:1377,0
DA:1378,0
DA:1379,0
DA:1382,0
DA:1383,0
DA:1384,0
DA:1387,0
DA:1395,0
DA:1396,0
DA:1397,0
DA:1398,0
DA:1399,0
DA:1401,0
DA:1407,0
DA:1415,0
DA:1419,0
DA:1436,0
DA:1441,0
DA:1442,0
DA:1443,0
DA:1450,0
DA:1451,0
DA:1455,0
DA:1456,0
DA:1457,0
DA:1458,0
DA:1460,0
DA:1461,0
DA:1465,0
DA:1467,0
DA:1468,0
DA:1469,0
DA:1470,0
DA:1471,0
DA:1472,0
DA:1474,0
DA:1481,0
DA:1482,0
DA:1483,0
DA:1488,0
DA:1492,0
DA:1494,0
DA:1496,0
DA:1497,0
DA:1498,0
DA:1500,0
DA:1504,0
DA:1508,0
DA:1513,2
DA:1518,0
DA:1519,0
DA:1520,0
DA:1521,0
DA:1522,0
DA:1523,0
DA:1525,0
DA:1526,0
DA:1528,0
DA:1529,0
DA:1532,0
DA:1533,0
DA:1537,0
DA:1538,0
DA:1539,0
DA:1541,0
DA:1542,0
DA:1545,0
DA:1546,0
DA:1547,0
DA:1548,0
DA:1549,0
DA:1550,0
DA:1552,0
DA:1553,0
DA:1554,0
DA:1555,0
DA:1556,0
DA:1557,0
DA:1558,0
DA:1559,0
DA:1562,0
DA:1565,0
DA:1566,0
DA:1575,0
DA:1576,0
DA:1580,0
DA:1581,0
DA:1582,0
DA:1587,0
DA:1588,0
DA:1589,0
DA:1590,0
DA:1594,0
DA:1595,0
DA:1598,0
DA:1599,0
DA:1600,0
DA:1601,0
DA:1604,0
DA:1605,0
DA:1606,0
DA:1607,0
DA:1612,0
DA:1613,0
DA:1616,0
DA:1617,0
DA:1618,0
DA:1619,0
DA:1620,0
DA:1622,0
DA:1623,0
DA:1626,0
DA:1634,0
DA:1635,0
DA:1636,0
DA:1638,0
DA:1639,0
DA:1642,0
DA:1649,0
DA:1657,0
DA:1659,0
DA:1664,0
DA:1669,2
LF:716
LH:31
BRDA:20,0,0,0
BRDA:20,0,1,0
BRDA:25,1,0,0
BRDA:25,1,1,0
BRDA:32,2,0,0
BRDA:33,3,0,0
BRDA:33,3,1,0
BRDA:33,3,2,0
BRDA:35,4,0,0
BRDA:35,4,1,0
BRDA:38,5,0,0
BRDA:38,5,1,0
BRDA:38,6,0,0
BRDA:38,6,1,0
BRDA:53,7,0,0
BRDA:53,7,1,0
BRDA:53,8,0,0
BRDA:53,8,1,0
BRDA:54,9,0,0
BRDA:54,9,1,0
BRDA:54,10,0,0
BRDA:54,10,1,0
BRDA:55,11,0,0
BRDA:55,11,1,0
BRDA:63,12,0,0
BRDA:63,12,1,0
BRDA:63,12,2,0
BRDA:63,12,3,0
BRDA:66,13,0,0
BRDA:66,13,1,0
BRDA:67,14,0,0
BRDA:67,14,1,0
BRDA:68,15,0,0
BRDA:68,15,1,0
BRDA:69,16,0,0
BRDA:69,16,1,0
BRDA:69,16,2,0
BRDA:70,17,0,0
BRDA:70,17,1,0
BRDA:71,18,0,0
BRDA:71,18,1,0
BRDA:75,19,0,0
BRDA:75,19,1,0
BRDA:76,20,0,0
BRDA:76,20,1,0
BRDA:77,21,0,0
BRDA:77,21,1,0
BRDA:78,22,0,0
BRDA:78,22,1,0
BRDA:79,23,0,0
BRDA:79,23,1,0
BRDA:83,24,0,0
BRDA:83,24,1,0
BRDA:84,25,0,0
BRDA:84,25,1,0
BRDA:85,26,0,0
BRDA:85,26,1,0
BRDA:85,26,2,0
BRDA:86,27,0,0
BRDA:86,27,1,0
BRDA:87,28,0,0
BRDA:87,28,1,0
BRDA:88,29,0,0
BRDA:88,29,1,0
BRDA:88,29,2,0
BRDA:89,30,0,0
BRDA:89,30,1,0
BRDA:89,30,2,0
BRDA:92,31,0,0
BRDA:92,31,1,0
BRDA:92,31,2,0
BRDA:100,32,0,0
BRDA:100,32,1,0
BRDA:101,33,0,0
BRDA:101,33,1,0
BRDA:102,34,0,0
BRDA:102,34,1,0
BRDA:106,35,0,0
BRDA:106,35,1,0
BRDA:107,36,0,0
BRDA:107,36,1,0
BRDA:108,37,0,0
BRDA:108,37,1,0
BRDA:114,38,0,0
BRDA:114,38,1,0
BRDA:118,39,0,0
BRDA:118,39,1,0
BRDA:118,40,0,0
BRDA:118,40,1,0
BRDA:122,41,0,0
BRDA:122,41,1,0
BRDA:124,42,0,0
BRDA:124,42,1,0
BRDA:128,43,0,0
BRDA:128,43,1,0
BRDA:129,44,0,0
BRDA:129,44,1,0
BRDA:130,45,0,0
BRDA:130,45,1,0
BRDA:131,46,0,0
BRDA:131,46,1,0
BRDA:132,47,0,0
BRDA:132,47,1,0
BRDA:133,48,0,0
BRDA:133,48,1,0
BRDA:134,49,0,0
BRDA:134,49,1,0
BRDA:135,50,0,0
BRDA:135,50,1,0
BRDA:136,51,0,0
BRDA:136,51,1,0
BRDA:140,52,0,0
BRDA:140,52,1,0
BRDA:141,53,0,0
BRDA:141,53,1,0
BRDA:144,54,0,0
BRDA:144,54,1,0
BRDA:146,55,0,0
BRDA:146,55,1,0
BRDA:146,55,2,0
BRDA:147,56,0,0
BRDA:147,56,1,0
BRDA:147,56,2,0
BRDA:148,57,0,0
BRDA:148,57,1,0
BRDA:150,58,0,0
BRDA:150,58,1,0
BRDA:160,59,0,0
BRDA:160,59,1,0
BRDA:160,60,0,0
BRDA:160,60,1,0
BRDA:167,61,0,0
BRDA:167,61,1,0
BRDA:167,61,2,0
BRDA:168,62,0,0
BRDA:168,62,1,0
BRDA:168,62,2,0
BRDA:169,63,0,0
BRDA:169,63,1,0
BRDA:170,64,0,0
BRDA:170,64,1,0
BRDA:171,65,0,0
BRDA:171,65,1,0
BRDA:172,66,0,0
BRDA:172,66,1,0
BRDA:173,67,0,0
BRDA:173,67,1,0
BRDA:174,68,0,0
BRDA:174,68,1,0
BRDA:174,69,0,0
BRDA:174,69,1,0
BRDA:175,70,0,0
BRDA:175,70,1,0
BRDA:176,71,0,0
BRDA:176,71,1,0
BRDA:177,72,0,0
BRDA:177,72,1,0
BRDA:214,73,0,0
BRDA:214,73,1,0
BRDA:216,74,0,0
BRDA:216,74,1,0
BRDA:216,75,0,0
BRDA:216,75,1,0
BRDA:218,76,0,0
BRDA:218,76,1,0
BRDA:218,77,0,0
BRDA:218,77,1,0
BRDA:218,77,2,0
BRDA:225,78,0,0
BRDA:225,78,1,0
BRDA:225,79,0,0
BRDA:225,79,1,0
BRDA:245,80,0,0
BRDA:245,80,1,0
BRDA:251,81,0,0
BRDA:251,81,1,0
BRDA:256,82,0,0
BRDA:256,82,1,0
BRDA:262,83,0,0
BRDA:262,83,1,0
BRDA:262,84,0,0
BRDA:262,84,1,0
BRDA:262,84,2,0
BRDA:262,84,3,0
BRDA:262,84,4,0
BRDA:264,85,0,0
BRDA:264,85,1,0
BRDA:265,86,0,0
BRDA:265,86,1,0
BRDA:267,87,0,0
BRDA:267,87,1,0
BRDA:267,88,0,0
BRDA:267,88,1,0
BRDA:267,88,2,0
BRDA:273,89,0,0
BRDA:273,89,1,0
BRDA:275,90,0,0
BRDA:275,90,1,0
BRDA:285,91,0,0
BRDA:285,91,1,0
BRDA:289,92,0,0
BRDA:289,92,1,0
BRDA:299,93,0,0
BRDA:299,93,1,0
BRDA:302,94,0,0
BRDA:302,94,1,0
BRDA:303,95,0,0
BRDA:303,95,1,0
BRDA:304,96,0,0
BRDA:304,96,1,0
BRDA:306,97,0,0
BRDA:306,97,1,0
BRDA:307,98,0,0
BRDA:307,98,1,0
BRDA:316,99,0,0
BRDA:316,99,1,0
BRDA:316,100,0,0
BRDA:316,100,1,0
BRDA:319,101,0,0
BRDA:319,101,1,0
BRDA:320,102,0,0
BRDA:320,102,1,0
BRDA:321,103,0,0
BRDA:321,103,1,0
BRDA:325,104,0,0
BRDA:325,104,1,0
BRDA:325,105,0,0
BRDA:325,105,1,0
BRDA:326,106,0,0
BRDA:326,106,1,0
BRDA:330,107,0,0
BRDA:330,107,1,0
BRDA:331,108,0,0
BRDA:331,108,1,0
BRDA:332,109,0,0
BRDA:332,109,1,0
BRDA:363,110,0,0
BRDA:363,110,1,0
BRDA:363,111,0,0
BRDA:363,111,1,0
BRDA:390,112,0,0
BRDA:390,112,1,0
BRDA:391,113,0,0
BRDA:391,113,1,0
BRDA:395,114,0,0
BRDA:395,114,1,0
BRDA:396,115,0,0
BRDA:396,115,1,0
BRDA:396,116,0,0
BRDA:396,116,1,0
BRDA:403,117,0,0
BRDA:403,117,1,0
BRDA:416,118,0,0
BRDA:416,118,1,0
BRDA:420,119,0,0
BRDA:420,119,1,0
BRDA:427,120,0,0
BRDA:427,120,1,0
BRDA:428,121,0,0
BRDA:428,121,1,0
BRDA:431,122,0,0
BRDA:431,122,1,0
BRDA:431,123,0,0
BRDA:431,123,1,0
BRDA:434,124,0,0
BRDA:434,124,1,0
BRDA:435,125,0,0
BRDA:435,125,1,0
BRDA:436,126,0,0
BRDA:436,126,1,0
BRDA:442,127,0,0
BRDA:442,127,1,0
BRDA:442,128,0,0
BRDA:442,128,1,0
BRDA:442,128,2,0
BRDA:442,128,3,0
BRDA:442,128,4,0
BRDA:447,129,0,0
BRDA:447,129,1,0
BRDA:447,130,0,0
BRDA:447,130,1,0
BRDA:449,131,0,0
BRDA:449,131,1,0
BRDA:449,132,0,0
BRDA:449,132,1,0
BRDA:449,132,2,0
BRDA:455,133,0,0
BRDA:455,133,1,0
BRDA:460,134,0,0
BRDA:460,134,1,0
BRDA:465,135,0,0
BRDA:465,135,1,0
BRDA:469,136,0,0
BRDA:469,136,1,0
BRDA:469,137,0,0
BRDA:469,137,1,0
BRDA:476,138,0,0
BRDA:476,138,1,0
BRDA:476,139,0,0
BRDA:476,139,1,0
BRDA:480,140,0,0
BRDA:480,140,1,0
BRDA:480,141,0,0
BRDA:480,141,1,0
BRDA:484,142,0,0
BRDA:484,142,1,0
BRDA:484,143,0,0
BRDA:484,143,1,0
BRDA:484,143,2,0
BRDA:499,144,0,0
BRDA:499,144,1,0
BRDA:501,145,0,0
BRDA:501,145,1,0
BRDA:507,146,0,0
BRDA:507,146,1,0
BRDA:508,147,0,0
BRDA:508,147,1,0
BRDA:512,148,0,0
BRDA:512,148,1,0
BRDA:513,149,0,0
BRDA:513,149,1,0
BRDA:521,150,0,0
BRDA:521,150,1,0
BRDA:522,151,0,0
BRDA:522,151,1,0
BRDA:532,152,0,0
BRDA:532,152,1,0
BRDA:532,153,0,0
BRDA:532,153,1,0
BRDA:532,153,2,0
BRDA:532,153,3,0
BRDA:532,153,4,0
BRDA:532,153,5,0
BRDA:536,154,0,0
BRDA:536,154,1,0
BRDA:540,155,0,0
BRDA:540,155,1,0
BRDA:540,156,0,0
BRDA:540,156,1,0
BRDA:540,156,2,0
BRDA:548,157,0,0
BRDA:548,157,1,0
BRDA:566,158,0,0
BRDA:566,158,1,0
BRDA:591,159,0,0
BRDA:591,159,1,0
BRDA:598,160,0,0
BRDA:598,160,1,0
BRDA:610,161,0,0
BRDA:610,161,1,0
BRDA:614,162,0,0
BRDA:614,162,1,0
BRDA:619,163,0,0
BRDA:619,163,1,0
BRDA:620,164,0,0
BRDA:620,164,1,0
BRDA:622,165,0,0
BRDA:622,165,1,0
BRDA:622,166,0,0
BRDA:622,166,1,0
BRDA:624,167,0,0
BRDA:624,167,1,0
BRDA:624,168,0,0
BRDA:624,168,1,0
BRDA:624,168,2,0
BRDA:629,169,0,0
BRDA:629,169,1,0
BRDA:634,170,0,0
BRDA:634,170,1,0
BRDA:638,171,0,0
BRDA:638,171,1,0
BRDA:639,172,0,0
BRDA:639,172,1,0
BRDA:640,173,0,0
BRDA:640,173,1,0
BRDA:645,174,0,0
BRDA:645,174,1,0
BRDA:653,175,0,0
BRDA:653,175,1,0
BRDA:657,176,0,0
BRDA:657,176,1,0
BRDA:660,177,0,0
BRDA:660,177,1,0
BRDA:660,178,0,0
BRDA:660,178,1,0
BRDA:666,179,0,0
BRDA:666,179,1,0
BRDA:666,180,0,0
BRDA:666,180,1,0
BRDA:667,181,0,0
BRDA:667,181,1,0
BRDA:669,182,0,0
BRDA:669,182,1,0
BRDA:670,183,0,0
BRDA:670,183,1,0
BRDA:672,184,0,0
BRDA:672,184,1,0
BRDA:674,185,0,0
BRDA:674,185,1,0
BRDA:675,186,0,0
BRDA:675,186,1,0
BRDA:683,187,0,0
BRDA:683,187,1,0
BRDA:686,188,0,0
BRDA:686,188,1,0
BRDA:688,189,0,0
BRDA:688,189,1,0
BRDA:690,190,0,0
BRDA:690,190,1,0
BRDA:690,191,0,0
BRDA:690,191,1,0
BRDA:700,192,0,0
BRDA:700,192,1,0
BRDA:718,193,0,0
BRDA:718,193,1,0
BRDA:719,194,0,0
BRDA:719,194,1,0
BRDA:724,195,0,0
BRDA:724,195,1,0
BRDA:726,196,0,0
BRDA:726,196,1,0
BRDA:731,197,0,0
BRDA:731,197,1,0
BRDA:732,198,0,0
BRDA:732,198,1,0
BRDA:740,199,0,0
BRDA:740,199,1,0
BRDA:741,200,0,0
BRDA:741,200,1,0
BRDA:750,201,0,0
BRDA:750,201,1,0
BRDA:756,202,0,0
BRDA:756,202,1,0
BRDA:764,203,0,0
BRDA:764,203,1,0
BRDA:775,204,0,0
BRDA:775,204,1,0
BRDA:792,205,0,0
BRDA:792,205,1,0
BRDA:797,206,0,0
BRDA:797,206,1,0
BRDA:798,207,0,0
BRDA:798,207,1,0
BRDA:800,208,0,0
BRDA:800,208,1,0
BRDA:807,209,0,0
BRDA:807,209,1,0
BRDA:808,210,0,0
BRDA:808,210,1,0
BRDA:811,211,0,0
BRDA:811,211,1,0
BRDA:815,212,0,0
BRDA:815,212,1,0
BRDA:815,213,0,0
BRDA:815,213,1,0
BRDA:817,214,0,0
BRDA:817,214,1,0
BRDA:821,215,0,0
BRDA:821,215,1,0
BRDA:822,216,0,0
BRDA:822,216,1,0
BRDA:828,217,0,0
BRDA:828,217,1,0
BRDA:829,218,0,0
BRDA:829,218,1,0
BRDA:830,219,0,0
BRDA:830,219,1,0
BRDA:830,220,0,0
BRDA:830,220,1,0
BRDA:835,221,0,0
BRDA:835,221,1,0
BRDA:849,222,0,0
BRDA:849,222,1,0
BRDA:853,223,0,0
BRDA:853,223,1,0
BRDA:857,224,0,0
BRDA:857,224,1,0
BRDA:857,225,0,0
BRDA:857,225,1,0
BRDA:857,225,2,0
BRDA:863,226,0,0
BRDA:863,226,1,0
BRDA:864,227,0,0
BRDA:864,227,1,0
BRDA:865,228,0,0
BRDA:865,228,1,0
BRDA:866,229,0,0
BRDA:866,229,1,0
BRDA:866,230,0,0
BRDA:866,230,1,0
BRDA:875,231,0,0
BRDA:875,231,1,0
BRDA:882,232,0,0
BRDA:882,232,1,0
BRDA:883,233,0,0
BRDA:883,233,1,0
BRDA:891,234,0,0
BRDA:891,234,1,0
BRDA:892,235,0,0
BRDA:892,235,1,0
BRDA:900,236,0,0
BRDA:900,236,1,0
BRDA:933,237,0,0
BRDA:933,237,1,0
BRDA:938,238,0,0
BRDA:938,238,1,0
BRDA:943,239,0,0
BRDA:943,239,1,0
BRDA:944,240,0,0
BRDA:944,240,1,0
BRDA:955,241,0,0
BRDA:955,241,1,0
BRDA:956,242,0,0
BRDA:956,242,1,0
BRDA:957,243,0,0
BRDA:957,243,1,0
BRDA:958,244,0,0
BRDA:958,244,1,0
BRDA:959,245,0,0
BRDA:959,245,1,0
BRDA:960,246,0,0
BRDA:960,246,1,0
BRDA:967,247,0,0
BRDA:967,247,1,0
BRDA:968,248,0,0
BRDA:968,248,1,0
BRDA:971,249,0,0
BRDA:971,249,1,0
BRDA:971,250,0,0
BRDA:971,250,1,0
BRDA:974,251,0,0
BRDA:974,251,1,0
BRDA:974,252,0,0
BRDA:974,252,1,0
BRDA:975,253,0,0
BRDA:975,253,1,0
BRDA:983,254,0,0
BRDA:983,254,1,0
BRDA:983,255,0,0
BRDA:983,255,1,0
BRDA:983,255,2,0
BRDA:998,256,0,0
BRDA:998,256,1,0
BRDA:1002,257,0,0
BRDA:1002,257,1,0
BRDA:1007,258,0,0
BRDA:1007,258,1,0
BRDA:1014,259,0,0
BRDA:1014,259,1,0
BRDA:1025,260,0,0
BRDA:1025,260,1,0
BRDA:1027,261,0,0
BRDA:1027,261,1,0
BRDA:1028,262,0,0
BRDA:1028,262,1,0
BRDA:1032,263,0,0
BRDA:1032,263,1,0
BRDA:1039,264,0,0
BRDA:1039,264,1,0
BRDA:1039,265,0,0
BRDA:1039,265,1,0
BRDA:1047,266,0,0
BRDA:1047,266,1,0
BRDA:1048,267,0,0
BRDA:1048,267,1,0
BRDA:1052,268,0,0
BRDA:1052,268,1,0
BRDA:1057,269,0,0
BRDA:1057,269,1,0
BRDA:1057,270,0,0
BRDA:1057,270,1,0
BRDA:1059,271,0,0
BRDA:1059,271,1,0
BRDA:1059,272,0,0
BRDA:1059,272,1,0
BRDA:1062,273,0,0
BRDA:1062,273,1,0
BRDA:1069,274,0,0
BRDA:1069,274,1,0
BRDA:1081,275,0,0
BRDA:1081,275,1,0
BRDA:1083,276,0,0
BRDA:1083,276,1,0
BRDA:1090,277,0,0
BRDA:1090,277,1,0
BRDA:1091,278,0,0
BRDA:1091,278,1,0
BRDA:1099,279,0,0
BRDA:1099,279,1,0
BRDA:1100,280,0,0
BRDA:1100,280,1,0
BRDA:1108,281,0,0
BRDA:1108,281,1,0
BRDA:1156,282,0,0
BRDA:1156,282,1,0
BRDA:1161,283,0,0
BRDA:1161,283,1,0
BRDA:1162,284,0,0
BRDA:1162,284,1,0
BRDA:1166,285,0,0
BRDA:1166,285,1,0
BRDA:1172,286,0,0
BRDA:1172,286,1,0
BRDA:1181,287,0,0
BRDA:1181,287,1,0
BRDA:1182,288,0,0
BRDA:1182,288,1,0
BRDA:1186,289,0,0
BRDA:1186,289,1,0
BRDA:1189,290,0,0
BRDA:1189,290,1,0
BRDA:1196,291,0,0
BRDA:1196,291,1,0
BRDA:1208,292,0,0
BRDA:1208,292,1,0
BRDA:1210,293,0,0
BRDA:1210,293,1,0
BRDA:1212,294,0,0
BRDA:1212,294,1,0
BRDA:1212,295,0,0
BRDA:1212,295,1,0
BRDA:1215,296,0,0
BRDA:1215,296,1,0
BRDA:1234,297,0,0
BRDA:1234,297,1,0
BRDA:1240,298,0,0
BRDA:1240,298,1,0
BRDA:1241,299,0,0
BRDA:1241,299,1,0
BRDA:1247,300,0,0
BRDA:1247,300,1,0
BRDA:1248,301,0,0
BRDA:1248,301,1,0
BRDA:1249,302,0,0
BRDA:1249,302,1,0
BRDA:1256,303,0,0
BRDA:1256,303,1,0
BRDA:1287,304,0,0
BRDA:1287,304,1,0
BRDA:1292,305,0,0
BRDA:1292,305,1,0
BRDA:1293,306,0,0
BRDA:1293,306,1,0
BRDA:1297,307,0,0
BRDA:1297,307,1,0
BRDA:1302,308,0,0
BRDA:1302,308,1,0
BRDA:1302,309,0,0
BRDA:1302,309,1,0
BRDA:1306,310,0,0
BRDA:1306,310,1,0
BRDA:1314,311,0,0
BRDA:1314,311,1,0
BRDA:1315,312,0,0
BRDA:1315,312,1,0
BRDA:1319,313,0,0
BRDA:1319,313,1,0
BRDA:1333,314,0,0
BRDA:1333,314,1,0
BRDA:1335,315,0,0
BRDA:1335,315,1,0
BRDA:1337,316,0,0
BRDA:1337,316,1,0
BRDA:1337,317,0,0
BRDA:1337,317,1,0
BRDA:1340,318,0,0
BRDA:1340,318,1,0
BRDA:1350,319,0,0
BRDA:1350,319,1,0
BRDA:1358,320,0,0
BRDA:1358,320,1,0
BRDA:1378,321,0,0
BRDA:1378,321,1,0
BRDA:1382,322,0,0
BRDA:1382,322,1,0
BRDA:1383,323,0,0
BRDA:1383,323,1,0
BRDA:1390,324,0,0
BRDA:1390,324,1,0
BRDA:1391,325,0,0
BRDA:1391,325,1,0
BRDA:1398,326,0,0
BRDA:1398,326,1,0
BRDA:1436,327,0,0
BRDA:1436,327,1,0
BRDA:1436,327,2,0
BRDA:1436,327,3,0
BRDA:1436,327,4,0
BRDA:1436,327,5,0
BRDA:1441,328,0,0
BRDA:1441,328,1,0
BRDA:1442,329,0,0
BRDA:1442,329,1,0
BRDA:1450,330,0,0
BRDA:1450,330,1,0
BRDA:1451,331,0,0
BRDA:1451,331,1,0
BRDA:1451,331,2,0
BRDA:1456,332,0,0
BRDA:1456,332,1,0
BRDA:1456,333,0,0
BRDA:1456,333,1,0
BRDA:1457,334,0,0
BRDA:1457,334,1,0
BRDA:1458,335,0,0
BRDA:1458,335,1,0
BRDA:1458,336,0,0
BRDA:1458,336,1,0
BRDA:1461,337,0,0
BRDA:1461,337,1,0
BRDA:1470,338,0,0
BRDA:1470,338,1,0
BRDA:1470,339,0,0
BRDA:1470,339,1,0
BRDA:1471,340,0,0
BRDA:1471,340,1,0
BRDA:1472,341,0,0
BRDA:1472,341,1,0
BRDA:1472,342,0,0
BRDA:1472,342,1,0
BRDA:1492,343,0,0
BRDA:1492,343,1,0
BRDA:1496,344,0,0
BRDA:1496,344,1,0
BRDA:1496,345,0,0
BRDA:1496,345,1,0
BRDA:1520,346,0,0
BRDA:1520,346,1,0
BRDA:1521,347,0,0
BRDA:1521,347,1,0
BRDA:1522,348,0,0
BRDA:1522,348,1,0
BRDA:1525,349,0,0
BRDA:1525,349,1,0
BRDA:1528,350,0,0
BRDA:1528,350,1,0
BRDA:1532,351,0,0
BRDA:1532,351,1,0
BRDA:1532,352,0,0
BRDA:1532,352,1,0
BRDA:1538,353,0,0
BRDA:1538,353,1,0
BRDA:1541,354,0,0
BRDA:1541,354,1,0
BRDA:1545,355,0,0
BRDA:1545,355,1,0
BRDA:1554,356,0,0
BRDA:1554,356,1,0
BRDA:1555,357,0,0
BRDA:1555,357,1,0
BRDA:1556,358,0,0
BRDA:1556,358,1,0
BRDA:1557,359,0,0
BRDA:1557,359,1,0
BRDA:1558,360,0,0
BRDA:1558,360,1,0
BRDA:1559,361,0,0
BRDA:1559,361,1,0
BRDA:1575,362,0,0
BRDA:1575,362,1,0
BRDA:1581,363,0,0
BRDA:1581,363,1,0
BRDA:1589,364,0,0
BRDA:1589,364,1,0
BRDA:1598,365,0,0
BRDA:1598,365,1,0
BRDA:1599,366,0,0
BRDA:1599,366,1,0
BRDA:1599,367,0,0
BRDA:1599,367,1,0
BRDA:1600,368,0,0
BRDA:1600,368,1,0
BRDA:1601,369,0,0
BRDA:1601,369,1,0
BRDA:1604,370,0,0
BRDA:1604,370,1,0
BRDA:1604,371,0,0
BRDA:1604,371,1,0
BRDA:1616,372,0,0
BRDA:1616,372,1,0
BRDA:1617,373,0,0
BRDA:1617,373,1,0
BRDA:1619,374,0,0
BRDA:1619,374,1,0
BRDA:1620,375,0,0
BRDA:1620,375,1,0
BRDA:1622,376,0,0
BRDA:1622,376,1,0
BRDA:1629,377,0,0
BRDA:1629,377,1,0
BRDA:1630,378,0,0
BRDA:1630,378,1,0
BRDA:1638,379,0,0
BRDA:1638,379,1,0
BRF:794
BRH:0
end_of_record
TN:
SF:src/scripts/importMacBypass.js
FN:7,main
FN:24,(anonymous_1)
FN:32,(anonymous_2)
FN:52,(anonymous_3)
FN:116,(anonymous_4)
FNF:5
FNH:0
FNDA:0,main
FNDA:0,(anonymous_1)
FNDA:0,(anonymous_2)
FNDA:0,(anonymous_3)
FNDA:0,(anonymous_4)
DA:1,0
DA:2,0
DA:5,0
DA:9,0
DA:11,0
DA:12,0
DA:13,0
DA:14,0
DA:17,0
DA:18,0
DA:19,0
DA:20,0
DA:23,0
DA:24,0
DA:26,0
DA:27,0
DA:28,0
DA:32,0
DA:33,0
DA:34,0
DA:35,0
DA:36,0
DA:37,0
DA:39,0
DA:40,0
DA:41,0
DA:44,0
DA:45,0
DA:47,0
DA:48,0
DA:49,0
DA:51,0
DA:52,0
DA:53,0
DA:55,0
DA:56,0
DA:57,0
DA:58,0
DA:59,0
DA:61,0
DA:63,0
DA:64,0
DA:65,0
DA:66,0
DA:67,0
DA:71,0
DA:72,0
DA:73,0
DA:74,0
DA:75,0
DA:79,0
DA:80,0
DA:81,0
DA:82,0
DA:83,0
DA:84,0
DA:93,0
DA:97,0
DA:98,0
DA:99,0
DA:101,0
DA:102,0
DA:106,0
DA:107,0
DA:108,0
DA:109,0
DA:112,0
DA:113,0
DA:116,0
DA:117,0
DA:118,0
LF:71
LH:0
BRDA:12,0,0,0
BRDA:12,0,1,0
BRDA:18,1,0,0
BRDA:18,1,1,0
BRDA:26,2,0,0
BRDA:26,2,1,0
BRDA:39,3,0,0
BRDA:39,3,1,0
BRDA:53,4,0,0
BRDA:53,4,1,0
BRDA:53,5,0,0
BRDA:53,5,1,0
BRDA:56,6,0,0
BRDA:56,6,1,0
BRDA:57,7,0,0
BRDA:57,7,1,0
BRDA:58,8,0,0
BRDA:58,8,1,0
BRDA:59,9,0,0
BRDA:59,9,1,0
BRDA:59,10,0,0
BRDA:59,10,1,0
BRDA:64,11,0,0
BRDA:64,11,1,0
BRDA:72,12,0,0
BRDA:72,12,1,0
BRDA:80,13,0,0
BRDA:80,13,1,0
BRDA:82,14,0,0
BRDA:82,14,1,0
BRF:30
BRH:0
end_of_record
TN:
SF:src/services/cedula.js
FN:12,validate
FNF:1
FNH:1
FNDA:10,validate
DA:13,10
DA:16,8
DA:18,5
DA:21,5
DA:22,5
DA:25,3
DA:28,2
DA:29,2
DA:31,2
DA:32,18
DA:33,18
DA:34,18
DA:37,2
DA:39,2
DA:42,3
LF:15
LH:15
BRDA:13,0,0,2
BRDA:13,0,1,8
BRDA:16,1,0,3
BRDA:16,1,1,5
BRDA:22,2,0,2
BRDA:22,2,1,3
BRDA:22,3,0,5
BRDA:22,3,1,4
BRDA:25,4,0,1
BRDA:25,4,1,2
BRDA:33,5,0,4
BRDA:33,5,1,14
BRF:12
BRH:12
end_of_record
TN:
SF:src/services/circuitBreaker.js
FN:7,(anonymous_0)
FN:16,(anonymous_1)
FN:36,(anonymous_2)
FN:44,(anonymous_3)
FNF:4
FNH:0
FNDA:0,(anonymous_0)
FNDA:0,(anonymous_1)
FNDA:0,(anonymous_2)
FNDA:0,(anonymous_3)
DA:8,0
DA:9,0
DA:10,0
DA:11,0
DA:12,0
DA:13,0
DA:17,0
DA:18,0
DA:19,0
DA:20,0
DA:22,0
DA:26,0
DA:27,0
DA:28,0
DA:29,0
DA:31,0
DA:32,0
DA:37,0
DA:38,0
DA:39,0
DA:40,0
DA:45,0
DA:46,0
DA:47,0
DA:48,0
DA:49,0
DA:54,0
LF:27
LH:0
BRDA:7,0,0,0
BRDA:7,1,0,0
BRDA:7,2,0,0
BRDA:7,3,0,0
BRDA:17,4,0,0
BRDA:17,4,1,0
BRDA:18,5,0,0
BRDA:18,5,1,0
BRDA:38,6,0,0
BRDA:38,6,1,0
BRDA:47,7,0,0
BRDA:47,7,1,0
BRF:12
BRH:0
end_of_record
TN:
SF:src/services/controllerTest.js
FN:10,httpsAgent
FN:14,masked
FN:25,testFreeRadius
FN:31,(anonymous_3)
FN:34,(anonymous_4)
FN:40,(anonymous_5)
FN:46,(anonymous_6)
FN:76,testUnifi
FN:98,(anonymous_8)
FN:121,testOmada
FN:199,testMikrotik
FNF:11
FNH:0
FNDA:0,httpsAgent
FNDA:0,masked
FNDA:0,testFreeRadius
FNDA:0,(anonymous_3)
FNDA:0,(anonymous_4)
FNDA:0,(anonymous_5)
FNDA:0,(anonymous_6)
FNDA:0,testUnifi
FNDA:0,(anonymous_8)
FNDA:0,testOmada
FNDA:0,testMikrotik
DA:3,2
DA:4,2
DA:5,2
DA:6,2
DA:11,0
DA:15,0
DA:16,0
DA:26,0
DA:27,0
DA:28,0
DA:29,0
DA:31,0
DA:32,0
DA:33,0
DA:34,0
DA:35,0
DA:36,0
DA:37,0
DA:40,0
DA:41,0
DA:42,0
DA:43,0
DA:46,0
DA:47,0
DA:48,0
DA:49,0
DA:50,0
DA:51,0
DA:53,0
DA:57,0
DA:58,0
DA:63,0
DA:65,0
DA:66,0
DA:77,0
DA:78,0
DA:79,0
DA:80,0
DA:82,0
DA:83,0
DA:86,0
DA:92,0
DA:93,0
DA:94,0
DA:95,0
DA:98,0
DA:99,0
DA:103,0
DA:104,0
DA:110,0
DA:111,0
DA:112,0
DA:122,0
DA:123,0
DA:124,0
DA:126,0
DA:127,0
DA:130,0
DA:136,0
DA:137,0
DA:149,0
DA:152,0
DA:153,0
DA:160,0
DA:161,0
DA:162,0
DA:164,0
DA:165,0
DA:168,0
DA:169,0
DA:172,0
DA:173,0
DA:175,0
DA:176,0
DA:177,0
DA:183,0
DA:185,0
DA:188,0
DA:189,0
DA:191,0
DA:192,0
DA:200,0
DA:201,0
DA:202,0
DA:204,0
DA:205,0
DA:208,0
DA:209,0
DA:210,0
DA:213,0
DA:223,0
DA:224,0
DA:225,0
DA:226,0
DA:228,0
DA:230,0
DA:231,0
DA:232,0
DA:236,2
LF:99
LH:5
BRDA:11,0,0,0
BRDA:11,0,1,0
BRDA:15,1,0,0
BRDA:15,1,1,0
BRDA:25,2,0,0
BRDA:26,3,0,0
BRDA:26,3,1,0
BRDA:27,4,0,0
BRDA:27,4,1,0
BRDA:28,5,0,0
BRDA:28,5,1,0
BRDA:29,6,0,0
BRDA:29,6,1,0
BRDA:35,7,0,0
BRDA:35,7,1,0
BRDA:41,8,0,0
BRDA:41,8,1,0
BRDA:47,9,0,0
BRDA:47,9,1,0
BRDA:76,10,0,0
BRDA:80,11,0,0
BRDA:80,11,1,0
BRDA:82,12,0,0
BRDA:82,12,1,0
BRDA:82,13,0,0
BRDA:82,13,1,0
BRDA:82,13,2,0
BRDA:94,14,0,0
BRDA:94,14,1,0
BRDA:98,15,0,0
BRDA:98,15,1,0
BRDA:106,16,0,0
BRDA:106,16,1,0
BRDA:106,17,0,0
BRDA:106,17,1,0
BRDA:111,18,0,0
BRDA:111,18,1,0
BRDA:112,19,0,0
BRDA:112,19,1,0
BRDA:121,20,0,0
BRDA:126,21,0,0
BRDA:126,21,1,0
BRDA:126,22,0,0
BRDA:126,22,1,0
BRDA:126,22,2,0
BRDA:152,23,0,0
BRDA:152,23,1,0
BRDA:155,24,0,0
BRDA:155,24,1,0
BRDA:160,25,0,0
BRDA:160,25,1,0
BRDA:164,26,0,0
BRDA:164,26,1,0
BRDA:173,27,0,0
BRDA:173,27,1,0
BRDA:175,28,0,0
BRDA:175,28,1,0
BRDA:175,28,2,0
BRDA:176,29,0,0
BRDA:176,29,1,0
BRDA:176,30,0,0
BRDA:176,30,1,0
BRDA:179,31,0,0
BRDA:179,31,1,0
BRDA:179,32,0,0
BRDA:179,32,1,0
BRDA:191,33,0,0
BRDA:191,33,1,0
BRDA:191,33,2,0
BRDA:192,34,0,0
BRDA:192,34,1,0
BRDA:199,35,0,0
BRDA:204,36,0,0
BRDA:204,36,1,0
BRDA:204,37,0,0
BRDA:204,37,1,0
BRDA:204,37,2,0
BRDA:209,38,0,0
BRDA:209,38,1,0
BRDA:209,39,0,0
BRDA:209,39,1,0
BRDA:225,40,0,0
BRDA:225,40,1,0
BRDA:225,41,0,0
BRDA:225,41,1,0
BRDA:231,42,0,0
BRDA:231,42,1,0
BRDA:232,43,0,0
BRDA:232,43,1,0
BRF:89
BRH:0
end_of_record
TN:
SF:src/services/database.js
FN:10,getPool
FN:14,connect
FN:16,(anonymous_2)
FN:24,connectOnce
FN:253,userExists
FN:265,getUserByCedula
FN:278,createUser
FN:322,setUserRadiusUsername
FN:350,logAccess
FN:366,updateTermsAcceptance
FN:379,updateUserType
FN:413,bulkUpdateUserType
FN:457,listUsers
FN:569,(anonymous_13)
FN:580,getUserDetail
FN:619,setUserActive
FN:656,bulkDeleteUsers
FN:714,bulkUpdateUserActive
FN:761,deleteUser
FN:821,setUserGroups
FN:852,listGroups
FN:866,(anonymous_21)
FN:869,(anonymous_22)
FN:874,(anonymous_23)
FN:884,addGroupAttribute
FN:896,deleteGroupAttribute
FN:903,deleteGroup
FN:921,cleanVendorName
FN:949,getStats
FN:1030,(anonymous_29)
FN:1031,(anonymous_30)
FN:1042,(anonymous_31)
FN:1058,getControllerConfig
FN:1066,saveControllerConfig
FN:1075,getUsersReport
FN:1136,getConnectionsReport
FN:1239,getConsolidatedConnectionsReport
FN:1311,(anonymous_37)
FN:1319,getDistinctSsids
FN:1330,(anonymous_39)
FN:1333,getAccessLogReport
FN:1374,getUserDevices
FN:1382,registerUserDevice
FN:1437,deleteUserDevice
FN:1447,getActiveWpaSessions
FN:1472,getActiveSessions
FN:1492,disconnectRadiusClient
FN:1525,(anonymous_47)
FN:1531,(anonymous_48)
FN:1532,(anonymous_49)
FN:1533,(anonymous_50)
FN:1537,(anonymous_51)
FN:1554,setUserMaxDevices
FN:1561,getUserDevicesCount
FN:1569,isDeviceRegistered
FN:1578,getUserByDeviceMac
FN:1590,listAllDevices
FN:1623,(anonymous_57)
FN:1641,updateUserDevice
FN:1650,getRandomMacPreview
FN:1722,(anonymous_60)
FN:1733,(anonymous_61)
FN:1744,(anonymous_62)
FN:1756,(anonymous_63)
FN:1772,getRandomMacStats
FN:1839,purgeRandomMacs
FN:1910,runScheduledMaintenance
FN:1964,hashAdminPassword
FN:1970,verifyAdminPassword
FN:1976,verifyAdminLogin
FN:1989,createAdminSession
FN:2000,getAdminBySessionToken
FN:2021,deleteAdminSession
FN:2025,logAdminAudit
FN:2033,listAdmins
FN:2040,createAdmin
FN:2053,updateAdminRol
FN:2063,updateAdminStatus
FN:2073,updateAdminPassword
FN:2081,deleteAdmin
FN:2089,getAdminAuditLogs
FN:2120,startAcctSession
FN:2183,closeExpiredSessions
FN:2206,getSsidConfig
FN:2214,saveSsidConfig
FN:2224,listAllSsidConfigs
FN:2231,deleteSsidConfig
FN:2238,listMacBypass
FN:2245,getMacBypassById
FN:2253,getMacBypassByMac
FN:2264,createMacBypass
FN:2296,updateMacBypass
FN:2326,bulkUpdateMacBypassPpsk
FN:2363,bulkUpdateMacBypassVlan
FN:2400,updateMacBypassStatus
FN:2408,deleteMacBypass
FN:2420,getUsersLocalStatus
FN:2429,listLdapGroupVlans
FN:2434,createLdapGroupVlan
FN:2442,deleteLdapGroupVlan
FN:2449,getHotelGuest
FN:2457,createHotelGuest
FN:2471,listHotelGuests
FN:2476,deleteHotelGuest
FN:2481,getRestaurantPin
FN:2489,createRestaurantPin
FN:2503,incrementPinUsage
FN:2515,listRestaurantPins
FN:2520,deleteRestaurantPin
FNF:109
FNH:5
FNDA:5,getPool
FNDA:2,connect
FNDA:2,(anonymous_2)
FNDA:2,connectOnce
FNDA:0,userExists
FNDA:0,getUserByCedula
FNDA:0,createUser
FNDA:0,setUserRadiusUsername
FNDA:0,logAccess
FNDA:0,updateTermsAcceptance
FNDA:0,updateUserType
FNDA:0,bulkUpdateUserType
FNDA:0,listUsers
FNDA:0,(anonymous_13)
FNDA:0,getUserDetail
FNDA:0,setUserActive
FNDA:0,bulkDeleteUsers
FNDA:0,bulkUpdateUserActive
FNDA:1,deleteUser
FNDA:0,setUserGroups
FNDA:0,listGroups
FNDA:0,(anonymous_21)
FNDA:0,(anonymous_22)
FNDA:0,(anonymous_23)
FNDA:0,addGroupAttribute
FNDA:0,deleteGroupAttribute
FNDA:0,deleteGroup
FNDA:0,cleanVendorName
FNDA:0,getStats
FNDA:0,(anonymous_29)
FNDA:0,(anonymous_30)
FNDA:0,(anonymous_31)
FNDA:0,getControllerConfig
FNDA:0,saveControllerConfig
FNDA:0,getUsersReport
FNDA:0,getConnectionsReport
FNDA:0,getConsolidatedConnectionsReport
FNDA:0,(anonymous_37)
FNDA:0,getDistinctSsids
FNDA:0,(anonymous_39)
FNDA:0,getAccessLogReport
FNDA:0,getUserDevices
FNDA:0,registerUserDevice
FNDA:0,deleteUserDevice
FNDA:0,getActiveWpaSessions
FNDA:0,getActiveSessions
FNDA:0,disconnectRadiusClient
FNDA:0,(anonymous_47)
FNDA:0,(anonymous_48)
FNDA:0,(anonymous_49)
FNDA:0,(anonymous_50)
FNDA:0,(anonymous_51)
FNDA:0,setUserMaxDevices
FNDA:0,getUserDevicesCount
FNDA:0,isDeviceRegistered
FNDA:0,getUserByDeviceMac
FNDA:0,listAllDevices
FNDA:0,(anonymous_57)
FNDA:0,updateUserDevice
FNDA:0,getRandomMacPreview
FNDA:0,(anonymous_60)
FNDA:0,(anonymous_61)
FNDA:0,(anonymous_62)
FNDA:0,(anonymous_63)
FNDA:0,getRandomMacStats
FNDA:0,purgeRandomMacs
FNDA:0,runScheduledMaintenance
FNDA:0,hashAdminPassword
FNDA:0,verifyAdminPassword
FNDA:0,verifyAdminLogin
FNDA:0,createAdminSession
FNDA:0,getAdminBySessionToken
FNDA:0,deleteAdminSession
FNDA:0,logAdminAudit
FNDA:0,listAdmins
FNDA:0,createAdmin
FNDA:0,updateAdminRol
FNDA:0,updateAdminStatus
FNDA:0,updateAdminPassword
FNDA:0,deleteAdmin
FNDA:0,getAdminAuditLogs
FNDA:0,startAcctSession
FNDA:0,closeExpiredSessions
FNDA:0,getSsidConfig
FNDA:0,saveSsidConfig
FNDA:0,listAllSsidConfigs
FNDA:0,deleteSsidConfig
FNDA:0,listMacBypass
FNDA:0,getMacBypassById
FNDA:0,getMacBypassByMac
FNDA:0,createMacBypass
FNDA:0,updateMacBypass
FNDA:0,bulkUpdateMacBypassPpsk
FNDA:0,bulkUpdateMacBypassVlan
FNDA:0,updateMacBypassStatus
FNDA:0,deleteMacBypass
FNDA:0,getUsersLocalStatus
FNDA:0,listLdapGroupVlans
FNDA:0,createLdapGroupVlan
FNDA:0,deleteLdapGroupVlan
FNDA:0,getHotelGuest
FNDA:0,createHotelGuest
FNDA:0,listHotelGuests
FNDA:0,deleteHotelGuest
FNDA:0,getRestaurantPin
FNDA:0,createRestaurantPin
FNDA:0,incrementPinUsage
FNDA:0,listRestaurantPins
FNDA:0,deleteRestaurantPin
DA:3,5
DA:4,5
DA:5,5
DA:11,5
DA:15,2
DA:16,2
DA:17,2
DA:18,2
DA:21,2
DA:25,2
DA:37,2
DA:38,0
DA:39,0
DA:43,0
DA:44,0
DA:45,0
DA:46,0
DA:57,0
DA:58,0
DA:59,0
DA:67,0
DA:78,0
DA:90,0
DA:99,0
DA:111,0
DA:124,0
DA:139,0
DA:140,0
DA:141,0
DA:142,0
DA:143,0
DA:144,0
DA:145,0
DA:147,0
DA:152,0
DA:156,0
DA:157,0
DA:161,0
DA:165,0
DA:169,0
DA:175,0
DA:179,0
DA:180,0
DA:194,0
DA:199,0
DA:204,0
DA:212,0
DA:221,0
DA:222,0
DA:241,0
DA:244,0
DA:245,0
DA:246,0
DA:254,0
DA:258,0
DA:266,0
DA:270,0
DA:279,0
DA:280,0
DA:282,0
DA:283,0
DA:286,0
DA:293,0
DA:296,0
DA:303,0
DA:304,0
DA:311,0
DA:312,0
DA:313,0
DA:315,0
DA:316,0
DA:318,0
DA:323,0
DA:324,0
DA:325,0
DA:326,0
DA:330,0
DA:331,0
DA:333,0
DA:334,0
DA:335,0
DA:336,0
DA:337,0
DA:338,0
DA:340,0
DA:341,0
DA:343,0
DA:351,0
DA:352,0
DA:359,0
DA:367,0
DA:368,0
DA:375,0
DA:380,0
DA:381,0
DA:382,0
DA:383,0
DA:387,0
DA:388,0
DA:392,0
DA:395,0
DA:400,0
DA:404,0
DA:406,0
DA:407,0
DA:409,0
DA:414,0
DA:415,0
DA:416,0
DA:417,0
DA:418,0
DA:422,0
DA:426,0
DA:429,0
DA:437,0
DA:438,0
DA:443,0
DA:445,0
DA:446,0
DA:448,0
DA:468,0
DA:469,0
DA:470,0
DA:471,0
DA:474,0
DA:479,0
DA:480,0
DA:483,0
DA:497,0
DA:498,0
DA:501,0
DA:502,0
DA:513,0
DA:514,0
DA:515,0
DA:519,0
DA:520,0
DA:521,0
DA:522,0
DA:524,0
DA:525,0
DA:526,0
DA:527,0
DA:531,0
DA:532,0
DA:533,0
DA:534,0
DA:535,0
DA:536,0
DA:537,0
DA:538,0
DA:542,0
DA:543,0
DA:544,0
DA:545,0
DA:546,0
DA:548,0
DA:549,0
DA:550,0
DA:555,0
DA:558,0
DA:559,0
DA:560,0
DA:561,0
DA:563,0
DA:568,0
DA:569,0
DA:581,0
DA:607,0
DA:608,0
DA:620,0
DA:621,0
DA:622,0
DA:623,0
DA:627,0
DA:629,0
DA:633,0
DA:634,0
DA:642,0
DA:647,0
DA:649,0
DA:650,0
DA:652,0
DA:657,0
DA:658,0
DA:659,0
DA:660,0
DA:662,0
DA:664,0
DA:668,0
DA:669,0
DA:670,0
DA:671,0
DA:672,0
DA:676,0
DA:682,0
DA:688,0
DA:695,0
DA:698,0
DA:701,0
DA:704,0
DA:705,0
DA:707,0
DA:708,0
DA:710,0
DA:715,0
DA:716,0
DA:717,0
DA:718,0
DA:719,0
DA:724,0
DA:726,0
DA:730,0
DA:731,0
DA:740,0
DA:749,0
DA:751,0
DA:752,0
DA:754,0
DA:762,1
DA:763,0
DA:764,0
DA:766,0
DA:768,0
DA:772,0
DA:773,0
DA:774,0
DA:775,0
DA:776,0
DA:780,0
DA:786,0
DA:792,0
DA:799,0
DA:802,0
DA:805,0
DA:808,0
DA:809,0
DA:811,0
DA:812,0
DA:814,0
DA:823,0
DA:824,0
DA:825,0
DA:826,0
DA:830,0
DA:831,0
DA:832,0
DA:833,0
DA:838,0
DA:840,0
DA:841,0
DA:843,0
DA:853,0
DA:857,0
DA:862,0
DA:865,0
DA:866,0
DA:868,0
DA:869,0
DA:870,0
DA:871,0
DA:874,0
DA:885,0
DA:890,0
DA:897,0
DA:904,0
DA:905,0
DA:906,0
DA:907,0
DA:908,0
DA:909,0
DA:910,0
DA:912,0
DA:913,0
DA:915,0
DA:922,0
DA:923,0
DA:924,0
DA:925,0
DA:926,0
DA:927,0
DA:928,0
DA:929,0
DA:930,0
DA:931,0
DA:932,0
DA:933,0
DA:934,0
DA:935,0
DA:936,0
DA:937,0
DA:938,0
DA:939,0
DA:940,0
DA:941,0
DA:942,0
DA:943,0
DA:944,0
DA:946,0
DA:950,0
DA:1018,0
DA:1019,0
DA:1021,0
DA:1022,0
DA:1023,0
DA:1024,0
DA:1025,0
DA:1026,0
DA:1029,0
DA:1030,0
DA:1031,0
DA:1034,0
DA:1042,0
DA:1059,0
DA:1063,0
DA:1067,0
DA:1076,0
DA:1082,0
DA:1083,0
DA:1085,0
DA:1086,0
DA:1087,0
DA:1088,0
DA:1091,0
DA:1092,0
DA:1093,0
DA:1094,0
DA:1097,0
DA:1098,0
DA:1099,0
DA:1100,0
DA:1104,0
DA:1105,0
DA:1106,0
DA:1108,0
DA:1109,0
DA:1110,0
DA:1111,0
DA:1114,0
DA:1115,0
DA:1116,0
DA:1117,0
DA:1120,0
DA:1121,0
DA:1122,0
DA:1123,0
DA:1126,0
DA:1128,0
DA:1129,0
DA:1131,0
DA:1133,0
DA:1137,0
DA:1159,0
DA:1160,0
DA:1162,0
DA:1163,0
DA:1164,0
DA:1165,0
DA:1168,0
DA:1169,0
DA:1170,0
DA:1171,0
DA:1174,0
DA:1175,0
DA:1176,0
DA:1177,0
DA:1180,0
DA:1181,0
DA:1182,0
DA:1183,0
DA:1188,0
DA:1189,0
DA:1191,0
DA:1192,0
DA:1205,0
DA:1206,0
DA:1208,0
DA:1211,0
DA:1212,0
DA:1213,0
DA:1214,0
DA:1217,0
DA:1218,0
DA:1219,0
DA:1220,0
DA:1223,0
DA:1224,0
DA:1225,0
DA:1226,0
DA:1229,0
DA:1231,0
DA:1232,0
DA:1234,0
DA:1236,0
DA:1240,0
DA:1275,0
DA:1276,0
DA:1278,0
DA:1279,0
DA:1280,0
DA:1281,0
DA:1284,0
DA:1285,0
DA:1286,0
DA:1287,0
DA:1290,0
DA:1291,0
DA:1292,0
DA:1293,0
DA:1296,0
DA:1297,0
DA:1298,0
DA:1299,0
DA:1302,0
DA:1304,0
DA:1305,0
DA:1307,0
DA:1308,0
DA:1310,0
DA:1311,0
DA:1316,0
DA:1320,0
DA:1330,0
DA:1334,0
DA:1340,0
DA:1341,0
DA:1343,0
DA:1344,0
DA:1345,0
DA:1346,0
DA:1349,0
DA:1350,0
DA:1351,0
DA:1352,0
DA:1355,0
DA:1356,0
DA:1357,0
DA:1358,0
DA:1362,0
DA:1363,0
DA:1365,0
DA:1366,0
DA:1368,0
DA:1370,0
DA:1375,0
DA:1379,0
DA:1383,0
DA:1384,0
DA:1387,0
DA:1392,0
DA:1400,0
DA:1401,0
DA:1402,0
DA:1405,0
DA:1411,0
DA:1412,0
DA:1413,0
DA:1414,0
DA:1415,0
DA:1419,0
DA:1420,0
DA:1422,0
DA:1425,0
DA:1426,0
DA:1427,0
DA:1429,0
DA:1431,0
DA:1432,0
DA:1433,0
DA:1434,0
DA:1438,0
DA:1439,0
DA:1440,0
DA:1444,0
DA:1448,0
DA:1468,0
DA:1469,0
DA:1473,0
DA:1488,0
DA:1489,0
DA:1493,0
DA:1494,0
DA:1495,0
DA:1497,0
DA:1499,0
DA:1509,0
DA:1510,0
DA:1511,0
DA:1512,0
DA:1515,0
DA:1516,0
DA:1517,0
DA:1519,0
DA:1520,0
DA:1523,0
DA:1525,0
DA:1526,0
DA:1529,0
DA:1530,0
DA:1531,0
DA:1532,0
DA:1533,0
DA:1534,0
DA:1535,0
DA:1537,0
DA:1538,0
DA:1539,0
DA:1540,0
DA:1542,0
DA:1543,0
DA:1546,0
DA:1549,0
DA:1550,0
DA:1555,0
DA:1562,0
DA:1566,0
DA:1570,0
DA:1571,0
DA:1575,0
DA:1579,0
DA:1580,0
DA:1587,0
DA:1591,0
DA:1592,0
DA:1593,0
DA:1594,0
DA:1596,0
DA:1604,0
DA:1623,0
DA:1624,0
DA:1625,0
DA:1626,0
DA:1628,0
DA:1638,0
DA:1642,0
DA:1651,0
DA:1652,0
DA:1654,0
DA:1667,0
DA:1680,0
DA:1693,0
DA:1714,0
DA:1721,0
DA:1723,0
DA:1724,0
DA:1725,0
DA:1734,0
DA:1735,0
DA:1736,0
DA:1745,0
DA:1746,0
DA:1747,0
DA:1757,0
DA:1758,0
DA:1759,0
DA:1773,0
DA:1774,0
DA:1776,0
DA:1785,0
DA:1796,0
DA:1805,0
DA:1824,0
DA:1831,0
DA:1840,0
DA:1841,0
DA:1842,0
DA:1843,0
[...]
FNDA:0,deleteAdmin
DA:3,0
DA:4,0
DA:9,0
DA:10,0
DA:11,0
DA:15,0
DA:16,0
DA:17,0
DA:21,0
DA:25,0
DA:26,0
DA:27,0
DA:28,0
DA:30,0
DA:34,0
DA:35,0
DA:36,0
DA:41,0
DA:45,0
DA:52,0
DA:53,0
DA:56,0
DA:57,0
DA:62,0
DA:66,0
DA:70,0
DA:73,0
DA:77,0
DA:78,0
DA:79,0
DA:80,0
DA:86,0
DA:90,0
DA:91,0
DA:92,0
DA:93,0
DA:100,0
DA:101,0
DA:103,0
DA:110,0
DA:111,0
DA:118,0
DA:119,0
DA:120,0
DA:122,0
DA:125,0
LF:46
LH:0
BRDA:26,0,0,0
BRDA:26,0,1,0
BRDA:26,1,0,0
BRDA:26,1,1,0
BRDA:27,2,0,0
BRDA:27,2,1,0
BRDA:28,3,0,0
BRDA:28,3,1,0
BRDA:53,4,0,0
BRDA:53,4,1,0
BRDA:62,5,0,0
BRDA:62,5,1,0
BRDA:76,6,0,0
BRDA:78,7,0,0
BRDA:78,7,1,0
BRDA:91,8,0,0
BRDA:91,8,1,0
BRDA:92,9,0,0
BRDA:92,9,1,0
BRDA:100,10,0,0
BRDA:100,10,1,0
BRDA:119,11,0,0
BRDA:119,11,1,0
BRF:23
BRH:0
end_of_record
TN:
SF:src/services/db/audit.js
FN:8,logAccess
FN:21,logAdminAudit
FN:32,startAcctSession
FN:95,closeExpiredSessions
FN:118,getAdminAuditLogs
FNF:5
FNH:0
FNDA:0,logAccess
FNDA:0,logAdminAudit
FNDA:0,startAcctSession
FNDA:0,closeExpiredSessions
FNDA:0,getAdminAuditLogs
DA:3,0
DA:9,0
DA:10,0
DA:17,0
DA:22,0
DA:33,0
DA:34,0
DA:35,0
DA:37,0
DA:40,0
DA:50,0
DA:52,0
DA:53,0
DA:59,0
DA:60,0
DA:64,0
DA:73,0
DA:74,0
DA:77,0
DA:86,0
DA:88,0
DA:96,0
DA:97,0
DA:98,0
DA:110,0
DA:111,0
DA:114,0
DA:119,0
DA:120,0
DA:122,0
DA:123,0
DA:124,0
DA:127,0
DA:128,0
DA:130,0
DA:132,0
DA:133,0
DA:134,0
DA:135,0
DA:136,0
DA:138,0
DA:140,0
DA:146,0
LF:43
LH:0
BRDA:13,0,0,0
BRDA:13,0,1,0
BRDA:13,1,0,0
BRDA:13,1,1,0
BRDA:13,2,0,0
BRDA:13,2,1,0
BRDA:33,3,0,0
BRDA:33,3,1,0
BRDA:50,4,0,0
BRDA:50,4,1,0
BRDA:52,5,0,0
BRDA:52,5,1,0
BRDA:73,6,0,0
BRDA:73,6,1,0
BRDA:83,7,0,0
BRDA:83,7,1,0
BRDA:97,8,0,0
BRDA:97,8,1,0
BRDA:110,9,0,0
BRDA:110,9,1,0
BRDA:118,10,0,0
BRDA:118,11,0,0
BRDA:118,12,0,0
BRDA:122,13,0,0
BRDA:122,13,1,0
BRDA:134,14,0,0
BRDA:134,14,1,0
BRF:27
BRH:0
end_of_record
TN:
SF:src/services/db/config.js
FN:5,getControllerConfig
FN:13,saveControllerConfig
FN:22,getSsidConfig
FN:30,saveSsidConfig
FN:40,listAllSsidConfigs
FN:47,deleteSsidConfig
FNF:6
FNH:0
FNDA:0,getControllerConfig
FNDA:0,saveControllerConfig
FNDA:0,getSsidConfig
FNDA:0,saveSsidConfig
FNDA:0,listAllSsidConfigs
FNDA:0,deleteSsidConfig
DA:3,0
DA:6,0
DA:10,0
DA:14,0
DA:23,0
DA:27,0
DA:31,0
DA:41,0
DA:44,0
DA:48,0
DA:54,0
LF:11
LH:0
BRDA:10,0,0,0
BRDA:10,0,1,0
BRDA:27,1,0,0
BRDA:27,1,1,0
BRDA:36,2,0,0
BRDA:36,2,1,0
BRF:6
BRH:0
end_of_record
TN:
SF:src/services/db/devices.js
FN:9,getUserDevices
FN:17,registerUserDevice
FN:65,deleteUserDevice
FN:75,getActiveSessions
FN:95,disconnectRadiusClient
FN:128,(anonymous_5)
FN:129,(anonymous_6)
FN:145,getUserDevicesCount
FN:153,isDeviceRegistered
FN:162,getUserByDeviceMac
FN:174,listAllDevices
FN:207,(anonymous_11)
FN:225,updateUserDevice
FN:234,getRandomMacPreview
FN:306,(anonymous_14)
FN:317,(anonymous_15)
FN:328,(anonymous_16)
FN:340,(anonymous_17)
FN:356,getRandomMacStats
FN:423,purgeRandomMacs
FN:494,runScheduledMaintenance
FNF:21
FNH:0
FNDA:0,getUserDevices
FNDA:0,registerUserDevice
FNDA:0,deleteUserDevice
FNDA:0,getActiveSessions
FNDA:0,disconnectRadiusClient
FNDA:0,(anonymous_5)
FNDA:0,(anonymous_6)
FNDA:0,getUserDevicesCount
FNDA:0,isDeviceRegistered
FNDA:0,getUserByDeviceMac
FNDA:0,listAllDevices
FNDA:0,(anonymous_11)
FNDA:0,updateUserDevice
FNDA:0,getRandomMacPreview
FNDA:0,(anonymous_14)
FNDA:0,(anonymous_15)
FNDA:0,(anonymous_16)
FNDA:0,(anonymous_17)
FNDA:0,getRandomMacStats
FNDA:0,purgeRandomMacs
FNDA:0,runScheduledMaintenance
DA:3,0
DA:4,0
DA:5,0
DA:6,0
DA:10,0
DA:14,0
DA:18,0
DA:19,0
DA:20,0
DA:28,0
DA:29,0
DA:30,0
DA:33,0
DA:39,0
DA:40,0
DA:41,0
DA:42,0
DA:43,0
DA:47,0
DA:48,0
DA:50,0
DA:53,0
DA:54,0
DA:55,0
DA:57,0
DA:59,0
DA:60,0
DA:61,0
DA:62,0
DA:66,0
DA:67,0
DA:68,0
DA:72,0
DA:76,0
DA:91,0
DA:92,0
DA:96,0
DA:97,0
DA:98,0
DA:100,0
DA:102,0
DA:112,0
DA:113,0
DA:114,0
DA:115,0
DA:118,0
DA:119,0
DA:120,0
DA:122,0
DA:125,0
DA:126,0
DA:128,0
DA:129,0
DA:130,0
DA:131,0
DA:132,0
DA:134,0
DA:135,0
DA:140,0
DA:141,0
DA:146,0
DA:150,0
DA:154,0
DA:155,0
DA:159,0
DA:163,0
DA:164,0
DA:171,0
DA:175,0
DA:176,0
DA:177,0
DA:178,0
DA:180,0
DA:188,0
DA:207,0
DA:208,0
DA:209,0
DA:210,0
DA:212,0
DA:222,0
DA:226,0
DA:235,0
DA:236,0
DA:238,0
DA:251,0
DA:264,0
DA:277,0
DA:298,0
DA:305,0
DA:307,0
DA:308,0
DA:309,0
DA:318,0
DA:319,0
DA:320,0
DA:329,0
DA:330,0
DA:331,0
DA:341,0
DA:342,0
DA:343,0
DA:357,0
DA:358,0
DA:360,0
DA:369,0
DA:380,0
DA:389,0
DA:408,0
DA:415,0
DA:424,0
DA:425,0
DA:426,0
DA:427,0
DA:429,0
DA:430,0
DA:432,0
DA:433,0
DA:440,0
DA:441,0
DA:444,0
DA:445,0
DA:454,0
DA:455,0
DA:458,0
DA:459,0
DA:466,0
DA:467,0
DA:470,0
DA:471,0
DA:487,0
DA:488,0
DA:491,0
DA:495,0
DA:496,0
DA:497,0
DA:498,0
DA:500,0
DA:502,0
DA:503,0
DA:508,0
DA:511,0
DA:512,0
DA:517,0
DA:520,0
DA:521,0
DA:526,0
DA:529,0
DA:530,0
DA:539,0
DA:542,0
DA:545,0
LF:151
LH:0
BRDA:17,0,0,0
BRDA:18,1,0,0
BRDA:18,1,1,0
BRDA:33,2,0,0
BRDA:33,2,1,0
BRDA:39,3,0,0
BRDA:39,3,1,0
BRDA:40,4,0,0
BRDA:40,4,1,0
BRDA:41,5,0,0
BRDA:41,5,1,0
BRDA:42,6,0,0
BRDA:42,6,1,0
BRDA:43,7,0,0
BRDA:43,7,1,0
BRDA:47,8,0,0
BRDA:47,8,1,0
BRDA:48,9,0,0
BRDA:48,9,1,0
BRDA:50,10,0,0
BRDA:50,10,1,0
BRDA:50,11,0,0
BRDA:50,11,1,0
BRDA:53,12,0,0
BRDA:53,12,1,0
BRDA:54,13,0,0
BRDA:54,13,1,0
BRDA:54,14,0,0
BRDA:54,14,1,0
BRDA:66,15,0,0
BRDA:66,15,1,0
BRDA:96,16,0,0
BRDA:96,16,1,0
BRDA:113,17,0,0
BRDA:113,17,1,0
BRDA:119,18,0,0
BRDA:119,18,1,0
BRDA:122,19,0,0
BRDA:122,19,1,0
BRDA:130,20,0,0
BRDA:130,20,1,0
BRDA:154,21,0,0
BRDA:154,21,1,0
BRDA:163,22,0,0
BRDA:163,22,1,0
BRDA:171,23,0,0
BRDA:171,23,1,0
BRDA:174,24,0,0
BRDA:174,25,0,0
BRDA:174,26,0,0
BRDA:174,27,0,0
BRDA:175,28,0,0
BRDA:175,28,1,0
BRDA:180,29,0,0
BRDA:180,29,1,0
BRDA:195,30,0,0
BRDA:195,30,1,0
BRDA:195,31,0,0
BRDA:195,31,1,0
BRDA:196,32,0,0
BRDA:196,32,1,0
BRDA:203,33,0,0
BRDA:203,33,1,0
BRDA:217,34,0,0
BRDA:217,34,1,0
BRDA:217,35,0,0
BRDA:217,35,1,0
BRDA:234,36,0,0
BRDA:234,37,0,0
BRDA:236,38,0,0
BRDA:236,38,1,0
BRDA:238,39,0,0
BRDA:238,39,1,0
BRDA:251,40,0,0
BRDA:251,40,1,0
BRDA:264,41,0,0
BRDA:264,41,1,0
BRDA:277,42,0,0
BRDA:277,42,1,0
BRDA:299,43,0,0
BRDA:299,43,1,0
BRDA:300,44,0,0
BRDA:300,44,1,0
BRDA:301,45,0,0
BRDA:301,45,1,0
BRDA:302,46,0,0
BRDA:302,46,1,0
BRDA:312,47,0,0
BRDA:312,47,1,0
BRDA:312,48,0,0
BRDA:312,48,1,0
BRDA:324,49,0,0
BRDA:324,49,1,0
BRDA:324,50,0,0
BRDA:324,50,1,0
BRDA:334,51,0,0
BRDA:334,51,1,0
BRDA:348,52,0,0
BRDA:348,52,1,0
BRDA:348,53,0,0
BRDA:348,53,1,0
BRDA:349,54,0,0
BRDA:349,54,1,0
BRDA:356,55,0,0
BRDA:356,56,0,0
BRDA:358,57,0,0
BRDA:358,57,1,0
BRDA:360,58,0,0
BRDA:360,58,1,0
BRDA:369,59,0,0
BRDA:369,59,1,0
BRDA:380,60,0,0
BRDA:380,60,1,0
BRDA:389,61,0,0
BRDA:389,61,1,0
BRDA:409,62,0,0
BRDA:409,62,1,0
BRDA:410,63,0,0
BRDA:410,63,1,0
BRDA:411,64,0,0
BRDA:411,64,1,0
BRDA:412,65,0,0
BRDA:412,65,1,0
BRDA:423,66,0,0
BRDA:423,67,0,0
BRDA:430,68,0,0
BRDA:430,68,1,0
BRDA:432,69,0,0
BRDA:432,69,1,0
BRDA:433,70,0,0
BRDA:433,70,1,0
BRDA:440,71,0,0
BRDA:440,71,1,0
BRDA:444,72,0,0
BRDA:444,72,1,0
BRDA:445,73,0,0
BRDA:445,73,1,0
BRDA:454,74,0,0
BRDA:454,74,1,0
BRDA:458,75,0,0
BRDA:458,75,1,0
BRDA:459,76,0,0
BRDA:459,76,1,0
BRDA:466,77,0,0
BRDA:466,77,1,0
BRDA:470,78,0,0
BRDA:470,78,1,0
BRDA:471,79,0,0
BRDA:471,79,1,0
BRDA:487,80,0,0
BRDA:487,80,1,0
BRDA:502,81,0,0
BRDA:502,81,1,0
BRDA:511,82,0,0
BRDA:511,82,1,0
BRDA:520,83,0,0
BRDA:520,83,1,0
BRDA:529,84,0,0
BRDA:529,84,1,0
BRF:159
BRH:0
end_of_record
TN:
SF:src/services/db/hotelRestaurant.js
FN:7,getHotelGuest
FN:15,createHotelGuest
FN:29,listHotelGuests
FN:34,deleteHotelGuest
FN:39,getRestaurantPin
FN:47,createRestaurantPin
FN:61,incrementPinUsage
FN:72,listRestaurantPins
FN:77,deleteRestaurantPin
FNF:9
FNH:0
FNDA:0,getHotelGuest
FNDA:0,createHotelGuest
FNDA:0,listHotelGuests
FNDA:0,deleteHotelGuest
FNDA:0,getRestaurantPin
FNDA:0,createRestaurantPin
FNDA:0,incrementPinUsage
FNDA:0,listRestaurantPins
FNDA:0,deleteRestaurantPin
DA:3,0
DA:8,0
DA:12,0
DA:16,0
DA:17,0
DA:18,0
DA:26,0
DA:30,0
DA:31,0
DA:35,0
DA:36,0
DA:40,0
DA:44,0
DA:48,0
DA:49,0
DA:50,0
DA:51,0
DA:58,0
DA:62,0
DA:69,0
DA:73,0
DA:74,0
DA:78,0
DA:79,0
DA:82,0
LF:25
LH:0
BRDA:16,0,0,0
BRDA:16,0,1,0
BRDA:24,1,0,0
BRDA:24,1,1,0
BRDA:24,2,0,0
BRDA:24,2,1,0
BRDA:48,3,0,0
BRDA:48,3,1,0
BRDA:49,4,0,0
BRDA:49,4,1,0
BRDA:50,5,0,0
BRDA:50,5,1,0
BRF:12
BRH:0
end_of_record
TN:
SF:src/services/db/index.js
FNF:0
FNH:0
DA:3,0
DA:4,0
DA:5,0
DA:6,0
DA:7,0
DA:8,0
DA:9,0
DA:10,0
DA:11,0
DA:12,0
DA:13,0
DA:14,0
DA:16,0
LF:13
LH:0
BRF:0
BRH:0
end_of_record
TN:
SF:src/services/db/ldapDb.js
FN:5,listLdapGroupVlans
FN:10,createLdapGroupVlan
FN:18,deleteLdapGroupVlan
FN:23,getUsersLocalStatus
FNF:4
FNH:0
FNDA:0,listLdapGroupVlans
FNDA:0,createLdapGroupVlan
FNDA:0,deleteLdapGroupVlan
FNDA:0,getUsersLocalStatus
DA:3,0
DA:6,0
DA:7,0
DA:11,0
DA:15,0
DA:19,0
DA:20,0
DA:24,0
DA:25,0
DA:29,0
DA:32,0
LF:11
LH:0
BRDA:24,0,0,0
BRDA:24,0,1,0
BRDA:24,1,0,0
BRDA:24,1,1,0
BRF:4
BRH:0
end_of_record
TN:
SF:src/services/db/macBypass.js
FN:5,listMacBypass
FN:12,getMacBypassById
FN:20,getMacBypassByMac
FN:31,createMacBypass
FN:63,updateMacBypass
FN:93,bulkUpdateMacBypassPpsk
FN:130,updateMacBypassStatus
FN:138,deleteMacBypass
FN:151,bulkUpdateMacBypassVlan
FNF:9
FNH:0
FNDA:0,listMacBypass
FNDA:0,getMacBypassById
FNDA:0,getMacBypassByMac
FNDA:0,createMacBypass
FNDA:0,updateMacBypass
FNDA:0,bulkUpdateMacBypassPpsk
FNDA:0,updateMacBypassStatus
FNDA:0,deleteMacBypass
FNDA:0,bulkUpdateMacBypassVlan
DA:3,0
DA:6,0
DA:9,0
DA:13,0
DA:17,0
DA:21,0
DA:22,0
DA:23,0
DA:24,0
DA:28,0
DA:32,0
DA:33,0
DA:34,0
DA:35,0
DA:36,0
DA:37,0
DA:40,0
DA:42,0
DA:48,0
DA:49,0
DA:50,0
DA:51,0
DA:54,0
DA:55,0
DA:56,0
DA:57,0
DA:60,0
DA:64,0
DA:65,0
DA:66,0
DA:67,0
DA:68,0
DA:71,0
DA:73,0
DA:79,0
DA:80,0
DA:81,0
DA:82,0
DA:84,0
DA:85,0
DA:86,0
DA:87,0
DA:90,0
DA:94,0
DA:95,0
DA:96,0
DA:97,0
DA:98,0
DA:99,0
DA:100,0
DA:101,0
DA:102,0
DA:103,0
DA:106,0
DA:109,0
DA:110,0
DA:111,0
DA:112,0
DA:114,0
DA:115,0
DA:116,0
DA:117,0
DA:121,0
DA:123,0
DA:124,0
DA:126,0
DA:131,0
DA:135,0
DA:139,0
DA:140,0
DA:141,0
DA:142,0
DA:144,0
DA:148,0
DA:152,0
DA:153,0
DA:154,0
DA:155,0
DA:156,0
DA:157,0
DA:158,0
DA:159,0
DA:160,0
DA:161,0
DA:164,0
DA:167,0
DA:168,0
DA:169,0
DA:170,0
DA:172,0
DA:173,0
DA:174,0
DA:175,0
DA:179,0
DA:181,0
DA:182,0
DA:184,0
DA:188,0
LF:98
LH:0
BRDA:17,0,0,0
BRDA:17,0,1,0
BRDA:21,1,0,0
BRDA:21,1,1,0
BRDA:28,2,0,0
BRDA:28,2,1,0
BRDA:31,3,0,0
BRDA:32,4,0,0
BRDA:32,4,1,0
BRDA:34,5,0,0
BRDA:34,5,1,0
BRDA:35,6,0,0
BRDA:35,6,1,0
BRDA:36,7,0,0
BRDA:36,7,1,0
BRDA:37,8,0,0
BRDA:37,8,1,0
BRDA:44,9,0,0
BRDA:44,9,1,0
BRDA:54,10,0,0
BRDA:54,10,1,0
BRDA:63,11,0,0
BRDA:65,12,0,0
BRDA:65,12,1,0
BRDA:66,13,0,0
BRDA:66,13,1,0
BRDA:67,14,0,0
BRDA:67,14,1,0
BRDA:68,15,0,0
BRDA:68,15,1,0
BRDA:75,16,0,0
BRDA:75,16,1,0
BRDA:84,17,0,0
BRDA:84,17,1,0
BRDA:94,18,0,0
BRDA:94,18,1,0
BRDA:100,19,0,0
BRDA:100,19,1,0
BRDA:114,20,0,0
BRDA:114,20,1,0
BRDA:133,21,0,0
BRDA:133,21,1,0
BRDA:140,22,0,0
BRDA:140,22,1,0
BRDA:152,23,0,0
BRDA:152,23,1,0
BRDA:153,24,0,0
BRDA:153,24,1,0
BRDA:159,25,0,0
BRDA:159,25,1,0
BRDA:172,26,0,0
BRDA:172,26,1,0
BRF:52
BRH:0
end_of_record
TN:
SF:src/services/db/pool.js
FN:7,getPool
FN:11,connect
FNF:2
FNH:0
FNDA:0,getPool
FNDA:0,connect
DA:3,0
DA:8,0
DA:12,0
DA:24,0
DA:25,0
DA:26,0
DA:34,0
DA:45,0
DA:57,0
DA:66,0
DA:78,0
DA:91,0
DA:106,0
DA:107,0
DA:108,0
DA:109,0
DA:110,0
DA:111,0
DA:112,0
DA:114,0
DA:119,0
DA:123,0
DA:124,0
DA:128,0
DA:132,0
DA:136,0
DA:142,0
DA:146,0
DA:147,0
DA:166,0
DA:169,0
DA:170,0
DA:173,0
LF:33
LH:0
BRDA:13,0,0,0
BRDA:13,0,1,0
BRDA:14,1,0,0
BRDA:14,1,1,0
BRDA:18,2,0,0
BRDA:18,2,1,0
BRDA:19,3,0,0
BRDA:19,3,1,0
BRDA:20,4,0,0
BRDA:20,4,1,0
BRDA:107,5,0,0
BRDA:107,5,1,0
BRDA:108,6,0,0
BRDA:108,6,1,0
BRF:14
BRH:0
end_of_record
TN:
SF:src/services/db/radiusDb.js
FN:10,listGroups
FN:24,(anonymous_1)
FN:27,(anonymous_2)
FN:32,(anonymous_3)
FN:42,addGroupAttribute
FN:54,deleteGroupAttribute
FN:61,deleteGroup
FNF:7
FNH:0
FNDA:0,listGroups
FNDA:0,(anonymous_1)
FNDA:0,(anonymous_2)
FNDA:0,(anonymous_3)
FNDA:0,addGroupAttribute
FNDA:0,deleteGroupAttribute
FNDA:0,deleteGroup
DA:3,0
DA:11,0
DA:15,0
DA:20,0
DA:23,0
DA:24,0
DA:26,0
DA:27,0
DA:28,0
DA:29,0
DA:32,0
DA:43,0
DA:48,0
DA:55,0
DA:62,0
DA:63,0
DA:64,0
DA:65,0
DA:66,0
DA:67,0
DA:68,0
DA:70,0
DA:71,0
DA:73,0
DA:77,0
LF:25
LH:0
BRDA:28,0,0,0
BRDA:28,0,1,0
BRDA:34,1,0,0
BRDA:34,1,1,0
BRDA:35,2,0,0
BRDA:35,2,1,0
BRF:6
BRH:0
end_of_record
TN:
SF:src/services/db/reports.js
FN:6,getUsersReport
FN:67,getConnectionsReport
FN:170,getConsolidatedConnectionsReport
FN:242,(anonymous_3)
FN:250,getDistinctSsids
FN:261,(anonymous_5)
FN:264,getAccessLogReport
FNF:7
FNH:0
FNDA:0,getUsersReport
FNDA:0,getConnectionsReport
FNDA:0,getConsolidatedConnectionsReport
FNDA:0,(anonymous_3)
FNDA:0,getDistinctSsids
FNDA:0,(anonymous_5)
FNDA:0,getAccessLogReport
DA:3,0
DA:4,0
DA:7,0
DA:13,0
DA:14,0
DA:16,0
DA:17,0
DA:18,0
DA:19,0
DA:22,0
DA:23,0
DA:24,0
DA:25,0
DA:28,0
DA:29,0
DA:30,0
DA:31,0
DA:35,0
DA:36,0
DA:37,0
DA:39,0
DA:40,0
DA:41,0
DA:42,0
DA:45,0
DA:46,0
DA:47,0
DA:48,0
DA:51,0
DA:52,0
DA:53,0
DA:54,0
DA:57,0
DA:59,0
DA:60,0
DA:62,0
DA:64,0
DA:68,0
DA:90,0
DA:91,0
DA:93,0
DA:94,0
DA:95,0
DA:96,0
DA:99,0
DA:100,0
DA:101,0
DA:102,0
DA:105,0
DA:106,0
DA:107,0
DA:108,0
DA:111,0
DA:112,0
DA:113,0
DA:114,0
DA:119,0
DA:120,0
DA:122,0
DA:123,0
DA:136,0
DA:137,0
DA:139,0
DA:142,0
DA:143,0
DA:144,0
DA:145,0
DA:148,0
DA:149,0
DA:150,0
DA:151,0
DA:154,0
DA:155,0
DA:156,0
DA:157,0
DA:160,0
DA:162,0
DA:163,0
DA:165,0
DA:167,0
DA:171,0
DA:206,0
DA:207,0
DA:209,0
DA:210,0
DA:211,0
DA:212,0
DA:215,0
DA:216,0
DA:217,0
DA:218,0
DA:221,0
DA:222,0
DA:223,0
DA:224,0
DA:227,0
DA:228,0
DA:229,0
DA:230,0
DA:233,0
DA:235,0
DA:236,0
DA:238,0
DA:239,0
DA:241,0
DA:242,0
DA:247,0
DA:251,0
DA:261,0
DA:265,0
DA:271,0
DA:272,0
DA:274,0
DA:275,0
DA:276,0
DA:277,0
DA:280,0
DA:281,0
DA:282,0
DA:283,0
DA:286,0
DA:287,0
DA:288,0
DA:289,0
DA:293,0
DA:294,0
DA:296,0
DA:297,0
DA:299,0
DA:301,0
DA:304,0
LF:131
LH:0
BRDA:6,0,0,0
BRDA:6,1,0,0
BRDA:6,2,0,0
BRDA:6,3,0,0
BRDA:16,4,0,0
BRDA:16,4,1,0
BRDA:22,5,0,0
BRDA:22,5,1,0
BRDA:28,6,0,0
BRDA:28,6,1,0
BRDA:39,7,0,0
BRDA:39,7,1,0
BRDA:45,8,0,0
BRDA:45,8,1,0
BRDA:51,9,0,0
BRDA:51,9,1,0
BRDA:67,10,0,0
BRDA:67,11,0,0
BRDA:67,12,0,0
BRDA:67,13,0,0
BRDA:67,14,0,0
BRDA:93,15,0,0
BRDA:93,15,1,0
BRDA:99,16,0,0
BRDA:99,16,1,0
BRDA:105,17,0,0
BRDA:105,17,1,0
BRDA:111,18,0,0
BRDA:111,18,1,0
BRDA:122,19,0,0
BRDA:122,19,1,0
BRDA:142,20,0,0
BRDA:142,20,1,0
BRDA:148,21,0,0
BRDA:148,21,1,0
BRDA:154,22,0,0
BRDA:154,22,1,0
BRDA:170,23,0,0
BRDA:170,24,0,0
BRDA:170,25,0,0
BRDA:170,26,0,0
BRDA:170,27,0,0
BRDA:209,28,0,0
BRDA:209,28,1,0
BRDA:215,29,0,0
BRDA:215,29,1,0
BRDA:221,30,0,0
BRDA:221,30,1,0
BRDA:227,31,0,0
BRDA:227,31,1,0
BRDA:264,32,0,0
BRDA:264,33,0,0
BRDA:264,34,0,0
BRDA:264,35,0,0
BRDA:274,36,0,0
BRDA:274,36,1,0
BRDA:280,37,0,0
BRDA:280,37,1,0
BRDA:286,38,0,0
BRDA:286,38,1,0
BRF:60
BRH:0
end_of_record
TN:
SF:src/services/db/stats.js
FN:8,cleanVendorName
FN:36,getStats
FN:112,(anonymous_2)
FN:113,(anonymous_3)
FN:122,(anonymous_4)
FNF:5
FNH:0
FNDA:0,cleanVendorName
FNDA:0,getStats
FNDA:0,(anonymous_2)
FNDA:0,(anonymous_3)
FNDA:0,(anonymous_4)
DA:3,0
DA:4,0
DA:9,0
DA:10,0
DA:11,0
DA:12,0
DA:13,0
DA:14,0
DA:15,0
DA:16,0
DA:17,0
DA:18,0
DA:19,0
DA:20,0
DA:21,0
DA:22,0
DA:23,0
DA:24,0
DA:25,0
DA:26,0
DA:27,0
DA:28,0
DA:29,0
DA:30,0
DA:31,0
DA:33,0
DA:37,0
DA:103,0
DA:104,0
DA:105,0
DA:106,0
DA:107,0
DA:108,0
DA:111,0
DA:112,0
DA:113,0
DA:116,0
DA:122,0
DA:133,0
LF:39
LH:0
BRDA:9,0,0,0
BRDA:9,0,1,0
BRDA:11,1,0,0
BRDA:11,1,1,0
BRDA:12,2,0,0
BRDA:12,2,1,0
BRDA:13,3,0,0
BRDA:13,3,1,0
BRDA:14,4,0,0
BRDA:14,4,1,0
BRDA:14,5,0,0
BRDA:14,5,1,0
BRDA:14,5,2,0
BRDA:15,6,0,0
BRDA:15,6,1,0
BRDA:15,7,0,0
BRDA:15,7,1,0
BRDA:16,8,0,0
BRDA:16,8,1,0
BRDA:16,9,0,0
BRDA:16,9,1,0
BRDA:17,10,0,0
BRDA:17,10,1,0
BRDA:18,11,0,0
BRDA:18,11,1,0
BRDA:18,12,0,0
BRDA:18,12,1,0
BRDA:19,13,0,0
BRDA:19,13,1,0
BRDA:19,14,0,0
BRDA:19,14,1,0
BRDA:20,15,0,0
BRDA:20,15,1,0
BRDA:21,16,0,0
BRDA:21,16,1,0
BRDA:22,17,0,0
BRDA:22,17,1,0
BRDA:23,18,0,0
BRDA:23,18,1,0
BRDA:24,19,0,0
BRDA:24,19,1,0
BRDA:25,20,0,0
BRDA:25,20,1,0
BRDA:26,21,0,0
BRDA:26,21,1,0
BRDA:27,22,0,0
BRDA:27,22,1,0
BRDA:28,23,0,0
BRDA:28,23,1,0
BRDA:29,24,0,0
BRDA:29,24,1,0
BRDA:30,25,0,0
BRDA:30,25,1,0
BRDA:30,26,0,0
BRDA:30,26,1,0
BRDA:31,27,0,0
BRDA:31,27,1,0
BRDA:105,28,0,0
BRDA:105,28,1,0
BRDA:108,29,0,0
BRDA:108,29,1,0
BRDA:125,30,0,0
BRDA:125,30,1,0
BRDA:128,31,0,0
BRDA:128,31,1,0
BRDA:129,32,0,0
BRDA:129,32,1,0
BRF:67
BRH:0
end_of_record
TN:
SF:src/services/db/users.js
FN:10,userExists
FN:22,getUserByCedula
FN:35,createUser
FN:82,updateTermsAcceptance
FN:95,updateUserType
FN:124,bulkUpdateUserType
FN:162,listUsers
FN:274,(anonymous_7)
FN:285,getUserDetail
FN:321,setUserActive
FN:358,bulkDeleteUsers
FN:410,bulkUpdateUserActive
FN:454,deleteUser
FN:508,setUserGroups
FN:529,setUserMaxDevices
FNF:15
FNH:0
FNDA:0,userExists
FNDA:0,getUserByCedula
FNDA:0,createUser
FNDA:0,updateTermsAcceptance
FNDA:0,updateUserType
FNDA:0,bulkUpdateUserType
FNDA:0,listUsers
FNDA:0,(anonymous_7)
FNDA:0,getUserDetail
FNDA:0,setUserActive
FNDA:0,bulkDeleteUsers
FNDA:0,bulkUpdateUserActive
FNDA:0,deleteUser
FNDA:0,setUserGroups
FNDA:0,setUserMaxDevices
DA:3,0
DA:4,0
DA:11,0
DA:15,0
DA:23,0
DA:27,0
DA:36,0
DA:37,0
DA:39,0
DA:40,0
DA:43,0
DA:50,0
DA:53,0
DA:60,0
DA:61,0
DA:68,0
DA:69,0
DA:70,0
DA:72,0
DA:73,0
DA:75,0
DA:83,0
DA:84,0
DA:91,0
DA:96,0
DA:97,0
DA:98,0
DA:99,0
DA:103,0
DA:106,0
DA:111,0
DA:115,0
DA:117,0
DA:118,0
DA:120,0
DA:125,0
DA:126,0
DA:127,0
DA:128,0
DA:129,0
DA:133,0
DA:136,0
DA:142,0
DA:143,0
DA:148,0
DA:150,0
DA:151,0
DA:153,0
DA:173,0
DA:174,0
DA:175,0
DA:176,0
DA:179,0
DA:184,0
DA:185,0
DA:188,0
DA:202,0
DA:203,0
DA:206,0
DA:207,0
DA:218,0
DA:219,0
DA:220,0
DA:224,0
DA:225,0
DA:226,0
DA:227,0
DA:229,0
DA:230,0
DA:231,0
DA:232,0
DA:236,0
DA:237,0
DA:238,0
DA:239,0
DA:240,0
DA:241,0
DA:242,0
DA:243,0
DA:247,0
DA:248,0
DA:249,0
DA:250,0
DA:251,0
DA:253,0
DA:254,0
DA:255,0
DA:260,0
DA:263,0
DA:264,0
DA:265,0
DA:266,0
DA:268,0
DA:273,0
DA:274,0
DA:286,0
DA:309,0
DA:310,0
DA:322,0
DA:323,0
DA:324,0
DA:325,0
DA:329,0
DA:331,0
DA:335,0
DA:336,0
DA:344,0
DA:349,0
DA:351,0
DA:352,0
DA:354,0
DA:359,0
DA:360,0
DA:361,0
DA:362,0
DA:364,0
DA:366,0
DA:370,0
DA:371,0
DA:372,0
DA:373,0
DA:374,0
DA:378,0
DA:384,0
DA:390,0
DA:397,0
DA:398,0
DA:399,0
DA:400,0
DA:401,0
DA:403,0
DA:404,0
DA:406,0
DA:411,0
DA:412,0
DA:413,0
DA:414,0
DA:415,0
DA:420,0
DA:422,0
DA:426,0
DA:427,0
DA:436,0
DA:442,0
DA:444,0
DA:445,0
DA:447,0
DA:455,0
DA:456,0
DA:457,0
DA:459,0
DA:461,0
DA:465,0
DA:466,0
DA:467,0
DA:468,0
DA:469,0
DA:473,0
DA:479,0
DA:485,0
DA:492,0
DA:493,0
DA:494,0
DA:495,0
DA:496,0
DA:498,0
DA:499,0
DA:501,0
DA:510,0
DA:511,0
DA:512,0
DA:513,0
DA:514,0
DA:515,0
DA:520,0
DA:522,0
DA:523,0
DA:525,0
DA:530,0
DA:536,0
LF:180
LH:0
BRDA:27,0,0,0
BRDA:27,0,1,0
BRDA:35,1,0,0
BRDA:47,2,0,0
BRDA:47,2,1,0
BRDA:47,3,0,0
BRDA:47,3,1,0
BRDA:60,4,0,0
BRDA:60,4,1,0
BRDA:60,5,0,0
BRDA:60,5,1,0
BRDA:88,6,0,0
BRDA:88,6,1,0
BRDA:103,7,0,0
BRDA:103,7,1,0
BRDA:125,8,0,0
BRDA:125,8,1,0
BRDA:125,9,0,0
BRDA:125,9,1,0
BRDA:133,10,0,0
BRDA:133,10,1,0
BRDA:162,11,0,0
BRDA:163,12,0,0
BRDA:164,13,0,0
BRDA:165,14,0,0
BRDA:166,15,0,0
BRDA:167,16,0,0
BRDA:168,17,0,0
BRDA:169,18,0,0
BRDA:170,19,0,0
BRDA:171,20,0,0
BRDA:173,21,0,0
BRDA:173,21,1,0
BRDA:184,22,0,0
BRDA:184,22,1,0
BRDA:185,23,0,0
BRDA:185,23,1,0
BRDA:206,24,0,0
BRDA:206,24,1,0
BRDA:224,25,0,0
BRDA:224,25,1,0
BRDA:229,26,0,0
BRDA:229,26,1,0
BRDA:236,27,0,0
BRDA:236,27,1,0
BRDA:238,28,0,0
BRDA:238,28,1,0
BRDA:240,29,0,0
BRDA:240,29,1,0
BRDA:242,30,0,0
BRDA:242,30,1,0
BRDA:247,31,0,0
BRDA:247,31,1,0
BRDA:248,32,0,0
BRDA:248,32,1,0
BRDA:250,33,0,0
BRDA:250,33,1,0
BRDA:276,34,0,0
BRDA:276,34,1,0
BRDA:309,35,0,0
BRDA:309,35,1,0
BRDA:329,36,0,0
BRDA:329,36,1,0
BRDA:335,37,0,0
BRDA:335,37,1,0
BRDA:358,38,0,0
BRDA:359,39,0,0
BRDA:359,39,1,0
BRDA:359,40,0,0
BRDA:359,40,1,0
BRDA:364,41,0,0
BRDA:364,41,1,0
BRDA:411,42,0,0
BRDA:411,42,1,0
BRDA:411,43,0,0
BRDA:411,43,1,0
BRDA:420,44,0,0
BRDA:420,44,1,0
BRDA:454,45,0,0
BRDA:459,46,0,0
BRDA:459,46,1,0
BRDA:517,47,0,0
BRDA:517,47,1,0
BRDA:532,48,0,0
BRDA:532,48,1,0
BRDA:532,49,0,0
BRDA:532,49,1,0
BRF:87
BRH:0
end_of_record
