TN:
SF:src/app.js
FN:38,(anonymous_0)
FN:52,(anonymous_1)
FN:92,(anonymous_2)
FN:101,start
FN:104,(anonymous_4)
FN:118,(anonymous_5)
FN:124,(anonymous_6)
FNF:7
FNH:2
FNDA:10,(anonymous_0)
FNDA:1,(anonymous_1)
FNDA:0,(anonymous_2)
FNDA:0,start
FNDA:0,(anonymous_4)
FNDA:0,(anonymous_5)
FNDA:0,(anonymous_6)
DA:3,2
DA:5,2
DA:6,2
DA:7,2
DA:8,2
DA:9,2
DA:10,2
DA:11,2
DA:12,2
DA:13,2
DA:16,2
DA:17,2
DA:20,2
DA:22,2
DA:23,2
DA:26,2
DA:35,2
DA:38,2
DA:39,10
DA:40,10
DA:41,10
DA:45,2
DA:46,2
DA:47,2
DA:48,2
DA:49,2
DA:50,2
DA:52,2
DA:53,1
DA:58,1
DA:59,1
DA:60,1
DA:61,1
DA:64,0
DA:67,1
DA:68,1
DA:70,1
DA:72,0
DA:75,1
DA:76,1
DA:84,2
DA:85,0
DA:88,2
DA:89,2
DA:92,2
DA:93,0
DA:94,0
DA:95,0
DA:97,0
DA:102,0
DA:103,0
DA:104,0
DA:105,0
DA:106,0
DA:109,0
DA:112,0
DA:117,2
DA:118,0
DA:119,0
DA:120,0
DA:124,2
DA:127,2
LF:62
LH:45
BRDA:17,0,0,2
BRDA:17,0,1,2
BRDA:59,1,0,1
BRDA:59,1,1,1
BRDA:60,2,0,1
BRDA:60,2,1,0
BRDA:70,3,0,0
BRDA:70,3,1,1
BRDA:75,4,0,1
BRDA:75,4,1,0
BRDA:76,5,0,1
BRDA:76,5,1,0
BRDA:84,6,0,0
BRDA:84,6,1,2
BRDA:94,7,0,0
BRDA:94,7,1,0
BRDA:103,8,0,0
BRDA:103,8,1,0
BRDA:106,9,0,0
BRDA:106,9,1,0
BRDA:117,10,0,0
BRDA:117,10,1,2
BRF:22
BRH:10
end_of_record
TN:
SF:src/swagger.js
FN:26,setupSwagger
FN:34,(anonymous_1)
FN:44,(anonymous_2)
FNF:3
FNH:0
FNDA:0,setupSwagger
FNDA:0,(anonymous_1)
FNDA:0,(anonymous_2)
DA:3,2
DA:4,2
DA:6,2
DA:24,2
DA:27,0
DA:33,0
DA:34,0
DA:35,0
DA:36,0
DA:37,0
DA:39,0
DA:43,0
DA:44,0
DA:45,0
DA:46,0
DA:50,2
LF:16
LH:5
BRDA:33,0,0,0
BRDA:33,0,1,0
BRDA:35,1,0,0
BRDA:35,1,1,0
BRDA:36,2,0,0
BRDA:36,2,1,0
BRF:6
BRH:0
end_of_record
TN:
SF:src/routes/admin.js
FN:21,(anonymous_0)
FN:29,ipMatchesCidr
FN:42,(anonymous_2)
FN:65,(anonymous_3)
FN:76,(anonymous_4)
FN:77,(anonymous_5)
FN:132,requireAdmin
FN:165,requireRol
FN:167,(anonymous_8)
FN:168,(anonymous_9)
FN:179,(anonymous_10)
FN:185,(anonymous_11)
FN:201,(anonymous_12)
FN:228,(anonymous_13)
FN:235,(anonymous_14)
FN:249,(anonymous_15)
FN:263,(anonymous_16)
FN:299,(anonymous_17)
FN:335,(anonymous_18)
FN:386,(anonymous_19)
FN:407,(anonymous_20)
FN:419,(anonymous_21)
FN:446,(anonymous_22)
FN:472,(anonymous_23)
FN:492,(anonymous_24)
FN:497,(anonymous_25)
FN:503,(anonymous_26)
FN:507,(anonymous_27)
FN:512,(anonymous_28)
FN:525,(anonymous_29)
FN:561,(anonymous_30)
FN:568,(anonymous_31)
FN:573,(anonymous_32)
FN:586,(anonymous_33)
FN:607,(anonymous_34)
FN:614,(anonymous_35)
FN:621,(anonymous_36)
FN:627,(anonymous_37)
FN:632,(anonymous_38)
FN:637,(anonymous_39)
FN:649,(anonymous_40)
FN:671,(anonymous_41)
FN:720,(anonymous_42)
FN:743,(anonymous_43)
FN:783,(anonymous_44)
FN:854,(anonymous_45)
FN:931,(anonymous_46)
FN:942,(anonymous_47)
FN:964,(anonymous_48)
FN:984,(anonymous_49)
FN:1011,buildControllerResponse
FN:1104,buildControllerConfig
FN:1163,(anonymous_52)
FN:1178,(anonymous_53)
FN:1188,(anonymous_54)
FN:1189,(anonymous_55)
FN:1271,(anonymous_56)
FN:1300,(anonymous_57)
FN:1328,(anonymous_58)
FN:1351,(anonymous_59)
FN:1358,(anonymous_60)
FN:1369,(anonymous_61)
FN:1454,(anonymous_62)
FN:1466,(anonymous_63)
FN:1475,(anonymous_64)
FN:1516,(anonymous_65)
FN:1523,(anonymous_66)
FN:1606,(anonymous_67)
FN:1629,(anonymous_68)
FN:1637,(anonymous_69)
FN:1670,(anonymous_70)
FN:1714,(anonymous_71)
FN:1747,(anonymous_72)
FN:1777,(anonymous_73)
FN:1791,(anonymous_74)
FN:1793,(anonymous_75)
FN:1797,(anonymous_76)
FN:1816,(anonymous_77)
FN:1823,(anonymous_78)
FN:1849,(anonymous_79)
FN:1869,(anonymous_80)
FN:1876,(anonymous_81)
FN:1900,(anonymous_82)
FN:1919,(anonymous_83)
FN:1927,(anonymous_84)
FN:1947,getCNFromDN
FN:1954,(anonymous_86)
FN:1989,(anonymous_87)
FN:1999,(anonymous_88)
FN:2019,(anonymous_89)
FN:2025,(anonymous_90)
FN:2035,(anonymous_91)
FN:2059,(anonymous_92)
FN:2068,(anonymous_93)
FN:2078,(anonymous_94)
FN:2082,(anonymous_95)
FN:2100,(anonymous_96)
FN:2131,(anonymous_97)
FN:2146,(anonymous_98)
FN:2162,(anonymous_99)
FN:2172,(anonymous_100)
FN:2187,(anonymous_101)
FN:2201,(anonymous_102)
FN:2210,(anonymous_103)
FN:2220,(anonymous_104)
FN:2224,(anonymous_105)
FN:2244,(anonymous_106)
FN:2303,(anonymous_107)
FN:2313,(anonymous_108)
FN:2324,(anonymous_109)
FN:2328,(anonymous_110)
FN:2348,(anonymous_111)
FN:2369,(anonymous_112)
FN:2439,sanitizePem
FN:2443,(anonymous_114)
FN:2448,(anonymous_115)
FN:2488,(anonymous_116)
FN:2546,(anonymous_117)
FN:2567,(anonymous_118)
FN:2592,(anonymous_119)
FN:2616,(anonymous_120)
FN:2629,(anonymous_121)
FN:2630,(anonymous_122)
FN:2648,(anonymous_123)
FN:2695,(anonymous_124)
FN:2719,(anonymous_125)
FN:2734,(anonymous_126)
FN:2738,(anonymous_127)
FN:2769,(anonymous_128)
FN:2801,(anonymous_129)
FN:2831,(anonymous_130)
FN:2860,(anonymous_131)
FN:2886,(anonymous_132)
FN:2916,(anonymous_133)
FN:2930,(anonymous_134)
FN:2941,(anonymous_135)
FN:2956,(anonymous_136)
FN:2978,(anonymous_137)
FN:3003,(anonymous_138)
FN:3036,(anonymous_139)
FNF:140
FNH:7
FNDA:3,(anonymous_0)
FNDA:0,ipMatchesCidr
FNDA:0,(anonymous_2)
FNDA:3,(anonymous_3)
FNDA:0,(anonymous_4)
FNDA:0,(anonymous_5)
FNDA:3,requireAdmin
FNDA:14,requireRol
FNDA:22,(anonymous_8)
FNDA:0,(anonymous_9)
FNDA:0,(anonymous_10)
FNDA:1,(anonymous_11)
FNDA:0,(anonymous_12)
FNDA:0,(anonymous_13)
FNDA:0,(anonymous_14)
FNDA:0,(anonymous_15)
FNDA:0,(anonymous_16)
FNDA:0,(anonymous_17)
FNDA:0,(anonymous_18)
FNDA:1,(anonymous_19)
FNDA:0,(anonymous_20)
FNDA:0,(anonymous_21)
FNDA:0,(anonymous_22)
FNDA:0,(anonymous_23)
FNDA:0,(anonymous_24)
FNDA:0,(anonymous_25)
FNDA:0,(anonymous_26)
FNDA:0,(anonymous_27)
FNDA:0,(anonymous_28)
FNDA:0,(anonymous_29)
FNDA:0,(anonymous_30)
FNDA:0,(anonymous_31)
FNDA:0,(anonymous_32)
FNDA:0,(anonymous_33)
FNDA:0,(anonymous_34)
FNDA:0,(anonymous_35)
FNDA:0,(anonymous_36)
FNDA:0,(anonymous_37)
FNDA:0,(anonymous_38)
FNDA:0,(anonymous_39)
FNDA:0,(anonymous_40)
FNDA:0,(anonymous_41)
FNDA:0,(anonymous_42)
FNDA:0,(anonymous_43)
FNDA:0,(anonymous_44)
FNDA:0,(anonymous_45)
FNDA:0,(anonymous_46)
FNDA:0,(anonymous_47)
FNDA:0,(anonymous_48)
FNDA:0,(anonymous_49)
FNDA:0,buildControllerResponse
FNDA:0,buildControllerConfig
FNDA:0,(anonymous_52)
FNDA:0,(anonymous_53)
FNDA:0,(anonymous_54)
FNDA:0,(anonymous_55)
FNDA:0,(anonymous_56)
FNDA:0,(anonymous_57)
FNDA:0,(anonymous_58)
FNDA:0,(anonymous_59)
FNDA:0,(anonymous_60)
FNDA:0,(anonymous_61)
FNDA:0,(anonymous_62)
FNDA:0,(anonymous_63)
FNDA:0,(anonymous_64)
FNDA:0,(anonymous_65)
FNDA:0,(anonymous_66)
FNDA:0,(anonymous_67)
FNDA:0,(anonymous_68)
FNDA:0,(anonymous_69)
FNDA:0,(anonymous_70)
FNDA:0,(anonymous_71)
FNDA:0,(anonymous_72)
FNDA:0,(anonymous_73)
FNDA:0,(anonymous_74)
FNDA:0,(anonymous_75)
FNDA:0,(anonymous_76)
FNDA:0,(anonymous_77)
FNDA:0,(anonymous_78)
FNDA:0,(anonymous_79)
FNDA:0,(anonymous_80)
FNDA:0,(anonymous_81)
FNDA:0,(anonymous_82)
FNDA:0,(anonymous_83)
FNDA:0,(anonymous_84)
FNDA:0,getCNFromDN
FNDA:0,(anonymous_86)
FNDA:0,(anonymous_87)
FNDA:0,(anonymous_88)
FNDA:0,(anonymous_89)
FNDA:0,(anonymous_90)
FNDA:0,(anonymous_91)
FNDA:0,(anonymous_92)
FNDA:0,(anonymous_93)
FNDA:0,(anonymous_94)
FNDA:0,(anonymous_95)
FNDA:0,(anonymous_96)
FNDA:0,(anonymous_97)
FNDA:0,(anonymous_98)
FNDA:0,(anonymous_99)
FNDA:0,(anonymous_100)
FNDA:0,(anonymous_101)
FNDA:0,(anonymous_102)
FNDA:0,(anonymous_103)
FNDA:0,(anonymous_104)
FNDA:0,(anonymous_105)
FNDA:0,(anonymous_106)
FNDA:0,(anonymous_107)
FNDA:0,(anonymous_108)
FNDA:0,(anonymous_109)
FNDA:0,(anonymous_110)
FNDA:0,(anonymous_111)
FNDA:0,(anonymous_112)
FNDA:0,sanitizePem
FNDA:0,(anonymous_114)
FNDA:0,(anonymous_115)
FNDA:0,(anonymous_116)
FNDA:0,(anonymous_117)
FNDA:0,(anonymous_118)
FNDA:0,(anonymous_119)
FNDA:0,(anonymous_120)
FNDA:0,(anonymous_121)
FNDA:0,(anonymous_122)
FNDA:0,(anonymous_123)
FNDA:0,(anonymous_124)
FNDA:0,(anonymous_125)
FNDA:0,(anonymous_126)
FNDA:0,(anonymous_127)
FNDA:0,(anonymous_128)
FNDA:0,(anonymous_129)
FNDA:0,(anonymous_130)
FNDA:0,(anonymous_131)
FNDA:0,(anonymous_132)
FNDA:0,(anonymous_133)
FNDA:0,(anonymous_134)
FNDA:0,(anonymous_135)
FNDA:0,(anonymous_136)
FNDA:0,(anonymous_137)
FNDA:0,(anonymous_138)
FNDA:0,(anonymous_139)
DA:3,2
DA:4,2
DA:5,2
DA:6,2
DA:7,2
DA:8,2
DA:9,2
DA:10,2
DA:11,2
DA:12,2
DA:13,2
DA:14,2
DA:15,2
DA:17,2
DA:18,2
DA:21,2
DA:22,3
DA:23,3
DA:24,3
DA:25,3
DA:30,0
DA:31,0
DA:34,0
DA:35,0
DA:36,0
DA:38,0
DA:39,0
DA:42,0
DA:43,0
DA:44,0
DA:45,0
DA:51,0
DA:52,0
DA:54,0
DA:56,0
DA:57,0
DA:60,0
DA:61,0
DA:65,2
DA:66,3
DA:67,3
DA:68,3
DA:70,3
DA:72,3
DA:73,3
DA:76,0
DA:77,0
DA:79,0
DA:80,0
DA:82,0
DA:83,0
DA:84,0
DA:86,0
DA:124,0
DA:126,0
DA:133,3
DA:134,3
DA:135,3
DA:136,1
DA:139,2
DA:141,2
DA:142,2
DA:143,2
DA:144,2
DA:148,0
DA:149,0
DA:150,0
DA:153,0
DA:154,0
DA:155,0
DA:157,0
DA:166,14
DA:167,22
DA:168,14
DA:169,0
DA:170,0
DA:171,0
DA:173,0
DA:179,2
DA:180,0
DA:185,2
DA:186,1
DA:187,1
DA:188,0
DA:193,2
DA:202,0
DA:203,0
DA:204,0
DA:205,0
DA:208,0
DA:211,0
DA:212,0
DA:213,0
DA:214,0
DA:215,0
DA:217,0
DA:219,0
DA:220,0
DA:223,0
DA:224,0
DA:228,2
DA:229,0
DA:230,0
DA:231,0
DA:232,0
DA:235,2
DA:236,0
DA:237,0
DA:238,0
DA:239,0
DA:240,0
DA:245,2
DA:250,0
DA:251,0
DA:252,0
DA:253,0
DA:254,0
DA:255,0
DA:256,0
DA:260,2
DA:264,0
DA:265,0
DA:266,0
DA:267,0
DA:269,0
DA:271,0
DA:272,0
DA:273,0
DA:276,0
DA:277,0
DA:278,0
DA:279,0
DA:282,0
DA:283,0
DA:289,0
DA:290,0
DA:294,2
DA:300,0
DA:301,0
DA:302,0
DA:303,0
DA:305,0
DA:307,0
DA:308,0
DA:309,0
DA:312,0
DA:313,0
DA:314,0
DA:315,0
DA:316,0
DA:320,0
DA:321,0
DA:327,0
DA:328,0
DA:332,2
DA:336,0
DA:337,0
DA:338,0
DA:339,0
DA:341,0
DA:344,0
DA:347,0
DA:355,0
DA:356,0
DA:357,0
DA:359,0
DA:363,0
DA:364,0
DA:365,0
DA:367,0
DA:370,0
DA:371,0
DA:377,2
DA:387,1
DA:388,1
DA:389,1
DA:390,1
DA:391,1
DA:392,1
DA:393,1
DA:394,1
DA:395,1
DA:396,1
DA:398,1
DA:401,0
DA:405,2
DA:408,0
DA:409,0
DA:410,0
DA:411,0
DA:412,0
DA:416,2
DA:420,0
DA:421,0
DA:422,0
DA:424,0
DA:425,0
DA:427,0
DA:430,0
DA:431,0
DA:438,0
DA:439,0
DA:443,2
DA:447,0
DA:448,0
DA:449,0
DA:451,0
DA:453,0
DA:456,0
DA:457,0
DA:464,0
DA:465,0
DA:469,2
DA:473,0
DA:474,0
DA:475,0
DA:477,0
DA:479,0
DA:482,0
DA:483,0
DA:491,0
DA:492,0
DA:493,0
DA:494,0
DA:495,0
DA:496,0
DA:497,0
DA:498,0
DA:502,0
DA:503,0
DA:504,0
DA:507,0
DA:508,0
DA:513,0
DA:517,0
DA:518,0
DA:522,2
DA:526,0
DA:527,0
DA:528,0
DA:530,0
DA:533,0
DA:534,0
DA:535,0
DA:536,0
DA:537,0
DA:539,0
DA:544,0
DA:547,0
DA:548,0
DA:556,0
DA:557,0
DA:560,0
DA:561,0
DA:562,0
DA:567,0
DA:568,0
DA:569,0
DA:573,0
DA:574,0
DA:578,0
DA:579,0
DA:583,2
DA:587,0
DA:588,0
DA:589,0
DA:591,0
DA:592,0
DA:595,0
DA:598,0
DA:599,0
DA:607,0
DA:608,0
DA:609,0
DA:611,0
DA:613,0
DA:614,0
DA:615,0
DA:620,0
DA:621,0
DA:622,0
DA:626,0
DA:627,0
DA:628,0
DA:632,0
DA:633,0
DA:638,0
DA:641,0
DA:642,0
DA:646,2
DA:650,0
DA:651,0
DA:652,0
DA:653,0
DA:656,0
DA:657,0
DA:664,0
DA:665,0
DA:669,2
DA:672,0
DA:673,0
DA:674,0
DA:676,0
DA:679,0
DA:682,0
DA:683,0
DA:691,0
DA:692,0
DA:695,0
DA:696,0
DA:697,0
DA:699,0
DA:703,0
DA:704,0
DA:707,0
DA:708,0
DA:712,0
DA:713,0
DA:717,2
DA:721,0
DA:722,0
DA:723,0
DA:724,0
DA:727,0
DA:728,0
DA:735,0
DA:736,0
DA:740,2
DA:744,0
DA:745,0
DA:748,0
DA:751,0
DA:752,0
DA:760,0
DA:761,0
DA:762,0
DA:764,0
DA:768,0
DA:769,0
DA:770,0
DA:772,0
DA:775,0
DA:776,0
DA:780,2
DA:784,0
DA:785,0
DA:786,0
DA:788,0
DA:789,0
DA:793,0
DA:794,0
DA:795,0
DA:799,0
DA:802,0
DA:803,0
DA:804,0
DA:808,0
DA:809,0
DA:810,0
DA:813,0
DA:814,0
DA:815,0
DA:819,0
DA:822,0
DA:823,0
DA:831,0
DA:832,0
DA:833,0
DA:835,0
DA:838,0
DA:839,0
DA:840,0
DA:842,0
DA:845,0
DA:846,0
DA:850,2
DA:855,0
DA:856,0
DA:857,0
DA:859,0
DA:860,0
DA:864,0
DA:865,0
DA:866,0
DA:869,0
DA:870,0
DA:872,0
DA:873,0
DA:877,0
DA:878,0
DA:879,0
DA:883,0
DA:884,0
DA:885,0
DA:887,0
DA:890,0
DA:891,0
DA:892,0
DA:894,0
DA:898,0
DA:901,0
DA:902,0
DA:910,0
DA:911,0
DA:912,0
DA:914,0
DA:917,0
DA:918,0
DA:919,0
DA:921,0
DA:924,0
DA:925,0
DA:931,2
DA:932,0
DA:933,0
DA:934,0
DA:937,2
DA:943,0
DA:944,0
DA:945,0
DA:946,0
DA:949,0
DA:950,0
DA:957,0
DA:958,0
DA:962,2
DA:965,0
DA:966,0
DA:969,0
DA:970,0
DA:977,0
DA:978,0
DA:982,2
DA:985,0
DA:986,0
DA:987,0
DA:989,0
DA:992,0
DA:993,0
DA:1000,0
DA:1001,0
DA:1012,0
DA:1013,0
DA:1015,0
DA:1016,0
DA:1017,0
DA:1027,0
DA:1028,0
DA:1029,0
DA:1042,0
DA:1043,0
DA:1044,0
DA:1056,0
DA:1057,0
DA:1058,0
DA:1067,0
DA:1068,0
DA:1075,0
DA:1076,0
DA:1077,0
DA:1084,0
DA:1085,0
DA:1086,0
DA:1097,0
DA:1105,0
DA:1107,0
DA:1108,0
DA:1115,0
DA:1116,0
DA:1124,0
DA:1125,0
DA:1132,0
DA:1133,0
DA:1139,0
DA:1140,0
DA:1145,0
DA:1146,0
DA:1150,0
DA:1151,0
DA:1159,0
DA:1163,2
DA:1164,0
DA:1165,0
DA:1166,0
DA:1167,0
DA:1168,0
DA:1169,0
DA:1171,0
DA:1172,0
DA:1176,2
DA:1179,0
DA:1180,0
DA:1181,0
DA:1183,0
DA:1184,0
DA:1185,0
DA:1188,0
DA:1189,0
DA:1190,0
DA:1191,0
DA:1192,0
DA:1193,0
DA:1196,0
DA:1201,0
DA:1202,0
DA:1209,0
DA:1210,0
DA:1218,0
DA:1219,0
DA:1226,0
DA:1227,0
DA:1233,0
DA:1234,0
DA:1238,0
DA:1239,0
DA:1243,0
DA:1244,0
DA:1254,0
DA:1257,0
DA:1258,0
DA:1265,0
DA:1266,0
DA:1271,2
DA:1272,0
DA:1273,0
DA:1274,0
DA:1275,0
DA:1278,0
DA:1288,0
DA:1289,0
DA:1291,0
DA:1294,0
DA:1298,2
DA:1301,0
DA:1302,0
DA:1303,0
DA:1305,0
DA:1306,0
DA:1307,0
DA:1310,0
DA:1311,0
DA:1312,0
DA:1313,0
DA:1314,0
DA:1316,0
DA:1317,0
DA:1319,0
DA:1320,0
DA:1322,0
DA:1323,0
DA:1328,2
DA:1329,0
DA:1330,0
DA:1331,0
DA:1347,0
DA:1351,2
DA:1352,0
DA:1353,0
DA:1355,0
DA:1358,0
DA:1359,0
DA:1360,0
DA:1361,0
DA:1362,0
DA:1367,0
DA:1368,0
DA:1369,0
DA:1370,0
DA:1371,0
DA:1375,0
DA:1376,0
DA:1377,0
DA:1379,0
DA:1380,0
DA:1381,0
DA:1384,0
DA:1387,0
DA:1388,0
DA:1389,0
DA:1390,0
DA:1391,0
DA:1392,0
DA:1393,0
DA:1394,0
DA:1395,0
DA:1398,0
DA:1399,0
DA:1400,0
DA:1401,0
DA:1402,0
DA:1403,0
DA:1404,0
DA:1405,0
DA:1406,0
DA:1407,0
DA:1410,0
DA:1411,0
DA:1412,0
DA:1413,0
DA:1414,0
DA:1415,0
DA:1416,0
DA:1417,0
DA:1418,0
DA:1419,0
DA:1422,0
DA:1439,0
DA:1442,0
DA:1449,0
DA:1450,0
DA:1454,2
DA:1455,0
DA:1456,0
DA:1461,0
DA:1462,0
DA:1466,2
DA:1467,0
DA:1468,0
DA:1471,0
DA:1472,0
DA:1475,0
DA:1476,0
DA:1477,0
DA:1478,0
DA:1481,0
DA:1482,0
DA:1485,0
DA:1500,0
DA:1503,0
DA:1504,0
DA:1511,0
DA:1512,0
DA:1516,2
DA:1517,0
DA:1518,0
DA:1519,0
DA:1520,0
DA:1523,2
DA:1524,0
DA:1525,0
DA:1526,0
DA:1527,0
DA:1530,0
DA:1533,0
DA:1534,0
DA:1535,0
DA:1536,0
DA:1537,0
DA:1538,0
DA:1542,0
DA:1543,0
DA:1544,0
DA:1545,0
DA:1546,0
DA:1547,0
DA:1548,0
DA:1551,0
DA:1552,0
DA:1553,0
DA:1554,0
DA:1555,0
DA:1556,0
DA:1557,0
DA:1560,0
DA:1561,0
DA:1562,0
DA:1563,0
DA:1564,0
DA:1565,0
DA:1566,0
DA:1569,0
DA:1593,0
DA:1595,0
DA:1602,0
DA:1603,0
DA:1606,2
DA:1607,0
DA:1608,0
DA:1609,0
DA:1610,0
DA:1613,0
DA:1615,0
DA:1622,0
DA:1623,0
DA:1629,2
DA:1630,0
DA:1631,0
DA:1632,0
DA:1633,0
DA:1637,2
DA:1638,0
DA:1639,0
DA:1640,0
DA:1641,0
DA:1645,0
DA:1646,0
DA:1647,0
DA:1651,0
DA:1652,0
DA:1653,0
DA:1656,0
DA:1658,0
DA:1665,0
DA:1666,0
DA:1670,2
DA:1671,0
DA:1672,0
DA:1673,0
DA:1675,0
DA:1676,0
DA:1679,0
DA:1680,0
DA:1681,0
DA:1685,0
DA:1686,0
DA:1687,0
DA:1690,0
DA:1691,0
DA:1692,0
DA:1696,0
DA:1697,0
DA:1699,0
DA:1702,0
DA:1709,0
DA:1710,0
DA:1714,2
DA:1715,0
DA:1716,0
DA:1717,0
DA:1719,0
DA:1720,0
DA:1721,0
DA:1724,0
DA:1726,0
DA:1734,0
DA:1735,0
DA:1736,0
DA:1738,0
DA:1742,0
DA:1743,0
DA:1747,2
DA:1748,0
DA:1749,0
DA:1751,0
DA:1752,0
DA:1753,0
DA:1756,0
DA:1758,0
DA:1766,0
DA:1767,0
DA:1769,0
DA:1772,0
DA:1773,0
DA:1777,2
DA:1778,0
DA:1779,0
DA:1780,0
DA:1781,0
DA:1784,0
DA:1787,0
DA:1790,0
DA:1791,0
DA:1792,0
DA:1793,0
DA:1794,0
DA:1798,0
DA:1803,0
DA:1810,0
DA:1811,0
DA:1816,2
DA:1817,0
DA:1818,0
DA:1819,0
DA:1820,0
DA:1823,2
DA:1824,0
DA:1825,0
DA:1826,0
DA:1827,0
DA:1829,0
DA:1838,0
DA:1845,0
DA:1846,0
DA:1849,2
DA:1850,0
DA:1851,0
DA:1852,0
DA:1853,0
DA:1856,0
DA:1863,0
DA:1864,0
DA:1869,2
DA:1870,0
DA:1871,0
DA:1872,0
DA:1873,0
DA:1876,2
DA:1877,0
DA:1878,0
DA:1879,0
DA:1880,0
DA:1882,0
DA:1889,0
DA:1896,0
DA:1897,0
DA:1900,2
DA:1901,0
DA:1902,0
DA:1903,0
DA:1904,0
DA:1907,0
DA:1914,0
DA:1915,0
DA:1919,2
DA:1920,0
DA:1921,0
DA:1922,0
DA:1923,0
DA:1927,2
DA:1928,0
DA:1929,0
DA:1930,0
DA:1931,0
DA:1934,0
DA:1936,0
DA:1943,0
DA:1944,0
DA:1948,0
DA:1949,0
DA:1950,0
DA:1954,2
DA:1955,0
DA:1956,0
DA:1957,0
DA:1958,0
DA:1959,0
DA:1960,0
DA:1963,0
DA:1964,0
DA:1965,0
DA:1966,0
DA:1967,0
DA:1968,0
DA:1969,0
DA:1970,0
DA:1973,0
DA:1976,0
DA:1977,0
DA:1981,0
DA:1982,0
DA:1983,0
DA:1987,0
DA:1988,0
DA:1989,0
DA:1990,0
DA:1993,0
DA:1997,0
DA:1998,0
DA:1999,0
DA:2000,0
DA:2001,0
DA:2002,0
DA:2003,0
DA:2007,0
DA:2008,0
DA:2012,0
DA:2013,0
DA:2014,0
DA:2016,0
DA:2018,0
DA:2019,0
DA:2020,0
DA:2024,0
DA:2025,0
DA:2026,0
DA:2027,0
DA:2035,0
DA:2036,0
DA:2037,0
DA:2039,0
DA:2040,0
DA:2050,0
DA:2054,0
DA:2057,0
DA:2058,0
DA:2059,0
DA:2060,0
DA:2068,0
DA:2069,0
DA:2070,0
DA:2071,0
DA:2072,0
DA:2074,0
DA:2077,0
DA:2078,0
DA:2079,0
DA:2082,0
DA:2083,0
DA:2084,0
DA:2085,0
DA:2093,0
DA:2095,0
DA:2100,2
DA:2101,0
DA:2102,0
DA:2103,0
DA:2104,0
DA:2105,0
DA:2106,0
DA:2108,0
DA:2109,0
DA:2110,0
DA:2111,0
DA:2112,0
DA:2113,0
DA:2114,0
DA:2115,0
DA:2118,0
DA:2121,0
DA:2122,0
DA:2126,0
DA:2129,0
DA:2130,0
DA:2131,0
DA:2132,0
DA:2133,0
DA:2134,0
DA:2135,0
DA:2136,0
DA:2141,0
DA:2145,0
DA:2146,0
DA:2147,0
DA:2148,0
DA:2149,0
DA:2151,0
DA:2154,0
DA:2156,0
DA:2157,0
DA:2161,0
DA:2162,0
DA:2163,0
DA:2164,0
DA:2172,0
DA:2173,0
DA:2174,0
DA:2176,0
DA:2177,0
DA:2185,0
DA:2186,0
DA:2187,0
DA:2188,0
DA:2192,0
DA:2196,0
DA:2199,0
DA:2200,0
DA:2201,0
DA:2202,0
DA:2210,0
DA:2211,0
DA:2212,0
DA:2213,0
DA:2214,0
DA:2216,0
DA:2219,0
DA:2220,0
DA:2221,0
DA:2224,0
DA:2225,0
DA:2226,0
DA:2227,0
DA:2235,0
DA:2237,0
DA:2242,2
DA:2245,0
DA:2246,0
DA:2247,0
DA:2249,0
DA:2250,0
DA:2251,0
DA:2254,0
DA:2255,0
DA:2257,0
DA:2258,0
DA:2259,0
DA:2260,0
DA:2261,0
DA:2268,0
DA:2269,0
DA:2273,0
DA:2276,0
DA:2284,0
DA:2288,0
DA:2291,0
DA:2292,0
DA:2300,0
DA:2301,0
DA:2302,0
DA:2303,0
DA:2307,0
DA:2308,0
DA:2313,2
DA:2314,0
DA:2315,0
DA:2316,0
DA:2317,0
DA:2321,2
DA:2325,0
DA:2326,0
DA:2327,0
DA:2328,0
DA:2331,0
DA:2332,0
DA:2335,0
DA:2342,0
DA:2343,0
DA:2348,2
DA:2349,0
DA:2350,0
DA:2351,0
DA:2353,0
DA:2354,0
DA:2357,0
DA:2364,0
DA:2365,0
DA:2369,2
DA:2370,0
DA:2371,0
DA:2372,0
DA:2373,0
DA:2377,0
DA:2378,0
DA:2379,0
DA:2380,0
DA:2387,0
DA:2392,0
DA:2393,0
DA:2394,0
DA:2395,0
DA:2398,0
DA:2399,0
DA:2400,0
DA:2401,0
DA:2402,0
DA:2403,0
DA:2404,0
DA:2407,0
DA:2410,0
DA:2411,0
DA:2414,0
DA:2415,0
DA:2423,0
DA:2424,0
DA:2431,0
DA:2434,0
DA:2436,0
DA:2440,0
DA:2441,0
DA:2443,0
DA:2448,2
DA:2449,0
DA:2450,0
DA:2451,0
DA:2453,0
DA:2454,0
DA:2458,0
DA:2459,0
DA:2460,0
DA:2464,0
DA:2465,0
DA:2466,0
DA:2469,0
DA:2470,0
DA:2471,0
DA:2474,0
DA:2475,0
DA:2477,0
DA:2478,0
DA:2479,0
DA:2481,0
DA:2482,0
DA:2484,0
DA:2488,2
DA:2489,0
DA:2490,0
DA:2491,0
DA:2493,0
DA:2494,0
DA:2498,0
DA:2499,0
DA:2501,0
DA:2502,0
DA:2504,0
DA:2505,0
DA:2508,0
DA:2509,0
DA:2510,0
DA:2513,0
DA:2514,0
DA:2515,0
DA:2518,0
DA:2519,0
DA:2520,0
DA:2523,0
DA:2524,0
DA:2525,0
DA:2526,0
DA:2528,0
DA:2532,0
DA:2534,0
DA:2535,0
DA:2537,0
DA:2543,2
DA:2546,2
DA:2547,0
DA:2548,0
DA:2549,0
DA:2563,0
DA:2567,2
DA:2568,0
DA:2569,0
DA:2570,0
DA:2586,0
DA:2587,0
DA:2588,0
DA:2592,2
DA:2593,0
DA:2595,0
DA:2605,0
DA:2606,0
DA:2609,0
DA:2615,0
DA:2616,0
DA:2619,0
DA:2625,0
DA:2628,0
DA:2629,0
DA:2630,0
DA:2631,0
DA:2632,0
DA:2636,0
DA:2637,0
DA:2639,0
DA:2645,2
DA:2649,0
DA:2650,0
DA:2651,0
DA:2652,0
DA:2655,0
DA:2656,0
DA:2658,0
DA:2659,0
DA:2661,0
DA:2667,0
DA:2670,0
DA:2672,0
DA:2679,0
DA:2690,0
DA:2695,2
DA:2696,0
DA:2697,0
DA:2698,0
DA:2699,0
DA:2700,0
DA:2703,0
DA:2704,0
DA:2711,0
DA:2713,0
DA:2719,2
DA:2720,0
DA:2721,0
DA:2722,0
DA:2724,0
DA:2728,2
DA:2735,0
DA:2736,0
DA:2737,0
DA:2738,0
DA:2741,0
DA:2743,0
DA:2744,0
DA:2745,0
DA:2748,0
DA:2758,0
DA:2760,0
DA:2765,2
DA:2770,0
DA:2771,0
DA:2772,0
DA:2773,0
DA:2776,0
DA:2777,0
DA:2779,0
DA:2781,0
DA:2788,0
DA:2790,0
DA:2791,0
DA:2793,0
DA:2798,2
DA:2802,0
DA:2803,0
DA:2804,0
DA:2805,0
DA:2808,0
DA:2809,0
DA:2810,0
DA:2812,0
DA:2814,0
DA:2821,0
DA:2823,0
DA:2828,2
DA:2832,0
DA:2833,0
DA:2834,0
DA:2835,0
DA:2838,0
DA:2839,0
DA:2840,0
DA:2842,0
DA:2844,0
DA:2851,0
DA:2853,0
DA:2858,2
DA:2861,0
DA:2862,0
DA:2863,0
DA:2865,0
DA:2867,0
DA:2874,0
DA:2876,0
DA:2883,2
DA:2887,0
DA:2888,0
DA:2889,0
DA:2890,0
DA:2891,0
DA:2892,0
DA:2894,0
DA:2896,0
DA:2903,0
DA:2905,0
DA:2912,2
DA:2917,0
DA:2918,0
DA:2919,0
DA:2921,0
DA:2928,2
DA:2931,0
DA:2932,0
DA:2933,0
DA:2934,0
DA:2935,0
DA:2939,2
DA:2942,0
DA:2943,0
DA:2944,0
DA:2945,0
DA:2946,0
DA:2950,2
DA:2957,0
DA:2958,0
DA:2959,0
DA:2960,0
DA:2962,0
DA:2963,0
DA:2965,0
DA:2966,0
DA:2973,0
DA:2974,0
DA:2978,2
DA:2979,0
DA:2980,0
DA:2981,0
DA:2991,0
DA:2992,0
DA:2995,2
DA:3004,0
DA:3005,0
DA:3006,0
DA:3008,0
DA:3019,0
DA:3021,0
DA:3022,0
DA:3029,0
DA:3030,0
DA:3036,2
DA:3037,0
DA:3038,0
DA:3041,2
LF:1289
LH:133
BRDA:17,0,0,2
BRDA:17,0,1,2
BRDA:30,1,0,0
BRDA:30,1,1,0
BRDA:36,2,0,0
BRDA:36,2,1,0
BRDA:38,3,0,0
BRDA:38,3,1,0
BRDA:38,4,0,0
BRDA:38,4,1,0
BRDA:38,4,2,0
BRDA:44,5,0,0
BRDA:44,5,1,0
BRDA:54,6,0,0
BRDA:54,6,1,0
BRDA:54,7,0,0
BRDA:54,7,1,0
BRDA:56,8,0,0
BRDA:56,8,1,0
BRDA:67,9,0,3
BRDA:67,9,1,0
BRDA:68,10,0,3
BRDA:68,10,1,0
BRDA:72,11,0,3
BRDA:72,11,1,0
BRDA:72,12,0,3
BRDA:72,12,1,0
BRDA:72,12,2,0
BRDA:79,13,0,0
BRDA:79,13,1,0
BRDA:82,14,0,0
BRDA:82,14,1,0
BRDA:83,15,0,0
BRDA:83,15,1,0
BRDA:84,16,0,0
BRDA:84,16,1,0
BRDA:133,17,0,3
BRDA:133,17,1,1
BRDA:134,18,0,2
BRDA:134,18,1,1
BRDA:134,19,0,1
BRDA:134,19,1,1
BRDA:134,19,2,1
BRDA:135,20,0,1
BRDA:135,20,1,2
BRDA:141,21,0,2
BRDA:141,21,1,0
BRDA:149,22,0,0
BRDA:149,22,1,0
BRDA:154,23,0,0
BRDA:154,23,1,0
BRDA:167,24,0,22
BRDA:167,24,1,0
BRDA:169,25,0,0
BRDA:169,25,1,0
BRDA:170,26,0,0
BRDA:170,26,1,0
BRDA:204,27,0,0
BRDA:204,27,1,0
BRDA:208,28,0,0
BRDA:208,29,0,0
BRDA:208,30,0,0
BRDA:208,31,0,0
BRDA:208,32,0,0
BRDA:211,33,0,0
BRDA:211,33,1,0
BRDA:213,34,0,0
BRDA:213,34,1,0
BRDA:214,35,0,0
BRDA:214,35,1,0
BRDA:219,36,0,0
BRDA:219,36,1,0
BRDA:252,37,0,0
BRDA:252,37,1,0
BRDA:253,38,0,0
BRDA:253,38,1,0
BRDA:254,39,0,0
BRDA:254,39,1,0
BRDA:266,40,0,0
BRDA:266,40,1,0
BRDA:272,41,0,0
BRDA:272,41,1,0
BRDA:278,42,0,0
BRDA:278,42,1,0
BRDA:278,43,0,0
BRDA:278,43,1,0
BRDA:279,44,0,0
BRDA:279,44,1,0
BRDA:302,45,0,0
BRDA:302,45,1,0
BRDA:308,46,0,0
BRDA:308,46,1,0
BRDA:312,47,0,0
BRDA:312,47,1,0
BRDA:315,48,0,0
BRDA:315,48,1,0
BRDA:315,49,0,0
BRDA:315,49,1,0
BRDA:316,50,0,0
BRDA:316,50,1,0
BRDA:338,51,0,0
BRDA:338,51,1,0
BRDA:389,52,0,1
BRDA:389,52,1,1
BRDA:390,53,0,1
BRDA:390,53,1,0
BRDA:391,54,0,1
BRDA:391,54,1,0
BRDA:392,55,0,1
BRDA:392,55,1,1
BRDA:393,56,0,1
BRDA:393,56,1,1
BRDA:394,57,0,1
BRDA:394,57,1,1
BRDA:395,58,0,1
BRDA:395,58,1,1
BRDA:396,59,0,1
BRDA:396,59,1,1
BRDA:410,60,0,0
BRDA:410,60,1,0
BRDA:422,61,0,0
BRDA:422,61,1,0
BRDA:449,62,0,0
BRDA:449,62,1,0
BRDA:475,63,0,0
BRDA:475,63,1,0
BRDA:486,64,0,0
BRDA:486,64,1,0
BRDA:495,65,0,0
BRDA:495,65,1,0
BRDA:496,66,0,0
BRDA:496,66,1,0
BRDA:502,67,0,0
BRDA:502,67,1,0
BRDA:528,68,0,0
BRDA:528,68,1,0
BRDA:560,69,0,0
BRDA:560,69,1,0
BRDA:567,70,0,0
BRDA:567,70,1,0
BRDA:589,71,0,0
BRDA:589,71,1,0
BRDA:602,72,0,0
BRDA:602,72,1,0
BRDA:611,73,0,0
BRDA:611,73,1,0
BRDA:613,74,0,0
BRDA:613,74,1,0
BRDA:620,75,0,0
BRDA:620,75,1,0
BRDA:626,76,0,0
BRDA:626,76,1,0
BRDA:652,77,0,0
BRDA:652,77,1,0
BRDA:723,78,0,0
BRDA:723,78,1,0
BRDA:788,79,0,0
BRDA:788,79,1,0
BRDA:794,80,0,0
BRDA:794,80,1,0
BRDA:803,81,0,0
BRDA:803,81,1,0
BRDA:809,82,0,0
BRDA:809,82,1,0
BRDA:814,83,0,0
BRDA:814,83,1,0
BRDA:814,84,0,0
BRDA:814,84,1,0
BRDA:814,84,2,0
BRDA:859,85,0,0
BRDA:859,85,1,0
BRDA:865,86,0,0
BRDA:865,86,1,0
BRDA:872,87,0,0
BRDA:872,87,1,0
BRDA:878,88,0,0
BRDA:878,88,1,0
BRDA:878,89,0,0
BRDA:878,89,1,0
BRDA:945,90,0,0
BRDA:945,90,1,0
BRDA:986,91,0,0
BRDA:986,91,1,0
BRDA:1012,92,0,0
BRDA:1012,92,1,0
BRDA:1015,93,0,0
BRDA:1015,93,1,0
BRDA:1016,94,0,0
BRDA:1016,94,1,0
BRDA:1016,94,2,0
BRDA:1018,95,0,0
BRDA:1018,95,1,0
BRDA:1018,95,2,0
BRDA:1019,96,0,0
BRDA:1019,96,1,0
BRDA:1019,96,2,0
BRDA:1021,97,0,0
BRDA:1021,97,1,0
BRDA:1021,97,2,0
BRDA:1022,98,0,0
BRDA:1022,98,1,0
BRDA:1022,99,0,0
BRDA:1022,99,1,0
BRDA:1027,100,0,0
BRDA:1027,100,1,0
BRDA:1028,101,0,0
BRDA:1028,101,1,0
BRDA:1028,101,2,0
BRDA:1030,102,0,0
BRDA:1030,102,1,0
BRDA:1030,102,2,0
BRDA:1031,103,0,0
BRDA:1031,103,1,0
BRDA:1031,103,2,0
BRDA:1033,104,0,0
BRDA:1033,104,1,0
BRDA:1033,104,2,0
BRDA:1034,105,0,0
BRDA:1034,105,1,0
BRDA:1034,106,0,0
BRDA:1034,106,1,0
BRDA:1035,107,0,0
BRDA:1035,107,1,0
BRDA:1035,108,0,0
BRDA:1035,108,1,0
BRDA:1036,109,0,0
BRDA:1036,109,1,0
BRDA:1036,109,2,0
BRDA:1036,110,0,0
BRDA:1036,110,1,0
BRDA:1037,111,0,0
BRDA:1037,111,1,0
BRDA:1042,112,0,0
BRDA:1042,112,1,0
BRDA:1043,113,0,0
BRDA:1043,113,1,0
BRDA:1043,113,2,0
BRDA:1045,114,0,0
BRDA:1045,114,1,0
BRDA:1045,114,2,0
BRDA:1046,115,0,0
BRDA:1046,115,1,0
BRDA:1046,115,2,0
BRDA:1048,116,0,0
BRDA:1048,116,1,0
BRDA:1048,116,2,0
BRDA:1049,117,0,0
BRDA:1049,117,1,0
BRDA:1049,118,0,0
BRDA:1049,118,1,0
BRDA:1050,119,0,0
BRDA:1050,119,1,0
BRDA:1050,119,2,0
BRDA:1050,120,0,0
BRDA:1050,120,1,0
BRDA:1051,121,0,0
BRDA:1051,121,1,0
BRDA:1056,122,0,0
BRDA:1056,122,1,0
BRDA:1057,123,0,0
BRDA:1057,123,1,0
BRDA:1059,124,0,0
BRDA:1059,124,1,0
BRDA:1060,125,0,0
BRDA:1060,125,1,0
BRDA:1062,126,0,0
BRDA:1062,126,1,0
BRDA:1062,127,0,0
BRDA:1062,127,1,0
BRDA:1063,128,0,0
BRDA:1063,128,1,0
BRDA:1063,128,2,0
BRDA:1067,129,0,0
BRDA:1067,129,1,0
BRDA:1069,130,0,0
BRDA:1069,130,1,0
BRDA:1069,131,0,0
BRDA:1069,131,1,0
BRDA:1070,132,0,0
BRDA:1070,132,1,0
BRDA:1070,133,0,0
BRDA:1070,133,1,0
BRDA:1075,134,0,0
BRDA:1075,134,1,0
BRDA:1076,135,0,0
BRDA:1076,135,1,0
BRDA:1079,136,0,0
BRDA:1079,136,1,0
BRDA:1079,137,0,0
BRDA:1079,137,1,0
BRDA:1084,138,0,0
BRDA:1084,138,1,0
BRDA:1085,139,0,0
BRDA:1085,139,1,0
BRDA:1087,140,0,0
BRDA:1087,140,1,0
BRDA:1088,141,0,0
BRDA:1088,141,1,0
BRDA:1090,142,0,0
BRDA:1090,142,1,0
BRDA:1091,143,0,0
BRDA:1091,143,1,0
BRDA:1092,144,0,0
BRDA:1092,144,1,0
BRDA:1092,144,2,0
BRDA:1105,145,0,0
BRDA:1105,145,1,0
BRDA:1107,146,0,0
BRDA:1107,146,1,0
BRDA:1109,147,0,0
BRDA:1109,147,1,0
BRDA:1109,147,2,0
BRDA:1110,148,0,0
BRDA:1110,148,1,0
BRDA:1110,148,2,0
BRDA:1111,149,0,0
BRDA:1111,149,1,0
BRDA:1111,149,2,0
BRDA:1112,150,0,0
BRDA:1112,150,1,0
BRDA:1112,150,2,0
BRDA:1115,151,0,0
BRDA:1115,151,1,0
BRDA:1117,152,0,0
BRDA:1117,152,1,0
BRDA:1117,152,2,0
BRDA:1118,153,0,0
BRDA:1118,153,1,0
BRDA:1118,153,2,0
BRDA:1119,154,0,0
BRDA:1119,154,1,0
BRDA:1119,154,2,0
BRDA:1120,155,0,0
BRDA:1120,155,1,0
BRDA:1120,155,2,0
BRDA:1121,156,0,0
BRDA:1121,156,1,0
BRDA:1121,157,0,0
BRDA:1121,157,1,0
BRDA:1124,158,0,0
BRDA:1124,158,1,0
BRDA:1126,159,0,0
BRDA:1126,159,1,0
BRDA:1126,159,2,0
BRDA:1127,160,0,0
BRDA:1127,160,1,0
BRDA:1127,160,2,0
BRDA:1128,161,0,0
BRDA:1128,161,1,0
BRDA:1128,161,2,0
BRDA:1129,162,0,0
BRDA:1129,162,1,0
BRDA:1129,162,2,0
BRDA:1132,163,0,0
BRDA:1132,163,1,0
BRDA:1134,164,0,0
BRDA:1134,164,1,0
BRDA:1135,165,0,0
BRDA:1135,165,1,0
BRDA:1136,166,0,0
BRDA:1136,166,1,0
BRDA:1139,167,0,0
BRDA:1139,167,1,0
BRDA:1141,168,0,0
BRDA:1141,168,1,0
BRDA:1141,169,0,0
BRDA:1141,169,1,0
BRDA:1142,170,0,0
BRDA:1142,170,1,0
BRDA:1142,171,0,0
BRDA:1142,171,1,0
BRDA:1145,172,0,0
BRDA:1145,172,1,0
BRDA:1147,173,0,0
BRDA:1147,173,1,0
BRDA:1150,174,0,0
BRDA:1150,174,1,0
BRDA:1152,175,0,0
BRDA:1152,175,1,0
BRDA:1153,176,0,0
BRDA:1153,176,1,0
BRDA:1154,177,0,0
BRDA:1154,177,1,0
BRDA:1155,178,0,0
BRDA:1155,178,1,0
BRDA:1156,179,0,0
BRDA:1156,179,1,0
BRDA:1181,180,0,0
BRDA:1181,180,1,0
BRDA:1184,181,0,0
BRDA:1184,181,1,0
BRDA:1188,182,0,0
BRDA:1188,182,1,0
BRDA:1190,183,0,0
BRDA:1190,183,1,0
BRDA:1190,184,0,0
BRDA:1190,184,1,0
BRDA:1192,185,0,0
BRDA:1192,185,1,0
BRDA:1192,186,0,0
BRDA:1192,186,1,0
BRDA:1192,187,0,0
BRDA:1192,187,1,0
BRDA:1196,188,0,0
BRDA:1196,188,1,0
BRDA:1197,189,0,0
BRDA:1197,189,1,0
BRDA:1197,189,2,0
BRDA:1198,190,0,0
BRDA:1198,190,1,0
BRDA:1198,191,0,0
BRDA:1198,191,1,0
BRDA:1201,192,0,0
BRDA:1201,192,1,0
BRDA:1209,193,0,0
BRDA:1209,193,1,0
BRDA:1215,194,0,0
BRDA:1215,194,1,0
BRDA:1215,195,0,0
BRDA:1215,195,1,0
BRDA:1218,196,0,0
BRDA:1218,196,1,0
BRDA:1226,197,0,0
BRDA:1226,197,1,0
BRDA:1233,198,0,0
BRDA:1233,198,1,0
BRDA:1235,199,0,0
BRDA:1235,199,1,0
BRDA:1235,200,0,0
BRDA:1235,200,1,0
BRDA:1235,200,2,0
BRDA:1236,201,0,0
BRDA:1236,201,1,0
BRDA:1236,202,0,0
BRDA:1236,202,1,0
BRDA:1236,202,2,0
BRDA:1238,203,0,0
BRDA:1238,203,1,0
BRDA:1243,204,0,0
BRDA:1243,204,1,0
BRDA:1249,205,0,0
BRDA:1249,205,1,0
BRDA:1249,206,0,0
BRDA:1249,206,1,0
BRDA:1274,207,0,0
BRDA:1274,207,1,0
BRDA:1274,208,0,0
BRDA:1274,208,1,0
BRDA:1274,208,2,0
BRDA:1274,208,3,0
BRDA:1274,208,4,0
BRDA:1288,209,0,0
BRDA:1288,209,1,0
BRDA:1303,210,0,0
BRDA:1303,210,1,0
BRDA:1310,211,0,0
BRDA:1310,211,1,0
BRDA:1310,211,2,0
BRDA:1310,211,3,0
BRDA:1310,211,4,0
BRDA:1310,211,5,0
BRDA:1330,212,0,0
BRDA:1330,212,1,0
BRDA:1332,213,0,0
BRDA:1332,213,1,0
BRDA:1332,213,2,0
BRDA:1333,214,0,0
BRDA:1333,214,1,0
BRDA:1333,214,2,0
BRDA:1334,215,0,0
BRDA:1334,215,1,0
BRDA:1335,216,0,0
BRDA:1335,216,1,0
BRDA:1336,217,0,0
BRDA:1336,217,1,0
BRDA:1337,218,0,0
BRDA:1337,218,1,0
BRDA:1338,219,0,0
BRDA:1338,219,1,0
BRDA:1339,220,0,0
BRDA:1339,220,1,0
BRDA:1340,221,0,0
BRDA:1340,221,1,0
BRDA:1342,222,0,0
BRDA:1342,222,1,0
BRDA:1343,223,0,0
BRDA:1343,223,1,0
BRDA:1344,224,0,0
BRDA:1344,224,1,0
BRDA:1355,225,0,0
BRDA:1355,225,1,0
BRDA:1355,226,0,0
BRDA:1355,226,1,0
BRDA:1361,227,0,0
BRDA:1361,227,1,0
BRDA:1368,228,0,0
BRDA:1368,228,1,0
BRDA:1368,229,0,0
BRDA:1368,229,1,0
BRDA:1368,229,2,0
BRDA:1370,230,0,0
BRDA:1370,230,1,0
BRDA:1375,231,0,0
BRDA:1375,231,1,0
BRDA:1376,232,0,0
BRDA:1376,232,1,0
BRDA:1377,233,0,0
BRDA:1377,233,1,0
BRDA:1379,234,0,0
BRDA:1379,234,1,0
BRDA:1380,235,0,0
BRDA:1380,235,1,0
BRDA:1384,236,0,0
BRDA:1384,236,1,0
BRDA:1384,237,0,0
BRDA:1384,237,1,0
BRDA:1387,238,0,0
BRDA:1387,238,1,0
BRDA:1387,239,0,0
BRDA:1387,239,1,0
BRDA:1389,240,0,0
BRDA:1389,240,1,0
BRDA:1398,241,0,0
BRDA:1398,241,1,0
BRDA:1399,242,0,0
BRDA:1399,242,1,0
BRDA:1399,243,0,0
BRDA:1399,243,1,0
BRDA:1401,244,0,0
BRDA:1401,244,1,0
BRDA:1410,245,0,0
BRDA:1410,245,1,0
BRDA:1411,246,0,0
BRDA:1411,246,1,0
BRDA:1411,247,0,0
BRDA:1411,247,1,0
BRDA:1413,248,0,0
BRDA:1413,248,1,0
BRDA:1423,249,0,0
BRDA:1423,249,1,0
BRDA:1423,250,0,0
BRDA:1423,250,1,0
BRDA:1425,251,0,0
BRDA:1425,251,1,0
BRDA:1425,252,0,0
BRDA:1425,252,1,0
BRDA:1426,253,0,0
BRDA:1426,253,1,0
BRDA:1426,254,0,0
BRDA:1426,254,1,0
BRDA:1427,255,0,0
BRDA:1427,255,1,0
BRDA:1427,256,0,0
BRDA:1427,256,1,0
BRDA:1430,257,0,0
BRDA:1430,257,1,0
BRDA:1430,258,0,0
BRDA:1430,258,1,0
BRDA:1432,259,0,0
BRDA:1432,259,1,0
BRDA:1436,260,0,0
BRDA:1436,260,1,0
BRDA:1456,261,0,0
BRDA:1456,261,1,0
BRDA:1471,262,0,0
BRDA:1471,262,1,0
BRDA:1471,263,0,0
BRDA:1471,263,1,0
BRDA:1471,263,2,0
BRDA:1478,264,0,0
BRDA:1478,264,1,0
BRDA:1478,264,2,0
BRDA:1478,264,3,0
BRDA:1481,265,0,0
BRDA:1481,265,1,0
BRDA:1481,266,0,0
BRDA:1481,266,1,0
BRDA:1481,266,2,0
BRDA:1526,267,0,0
BRDA:1526,267,1,0
BRDA:1526,268,0,0
BRDA:1526,268,1,0
BRDA:1530,269,0,0
BRDA:1530,269,1,0
BRDA:1533,270,0,0
BRDA:1533,270,1,0
BRDA:1535,271,0,0
BRDA:1535,271,1,0
BRDA:1535,271,2,0
BRDA:1536,272,0,0
BRDA:1536,272,1,0
BRDA:1537,273,0,0
BRDA:1537,273,1,0
BRDA:1537,274,0,0
BRDA:1537,274,1,0
BRDA:1542,275,0,0
BRDA:1542,275,1,0
BRDA:1543,276,0,0
BRDA:1543,276,1,0
BRDA:1543,277,0,0
BRDA:1543,277,1,0
BRDA:1545,278,0,0
BRDA:1545,278,1,0
BRDA:1551,279,0,0
BRDA:1551,279,1,0
BRDA:1552,280,0,0
BRDA:1552,280,1,0
BRDA:1552,281,0,0
BRDA:1552,281,1,0
BRDA:1554,282,0,0
BRDA:1554,282,1,0
BRDA:1560,283,0,0
BRDA:1560,283,1,0
BRDA:1561,284,0,0
BRDA:1561,284,1,0
BRDA:1561,285,0,0
BRDA:1561,285,1,0
BRDA:1563,286,0,0
BRDA:1563,286,1,0
BRDA:1570,287,0,0
BRDA:1570,287,1,0
BRDA:1570,288,0,0
BRDA:1570,288,1,0
BRDA:1572,289,0,0
BRDA:1572,289,1,0
BRDA:1572,290,0,0
BRDA:1572,290,1,0
BRDA:1573,291,0,0
BRDA:1573,291,1,0
BRDA:1573,292,0,0
BRDA:1573,292,1,0
BRDA:1574,293,0,0
BRDA:1574,293,1,0
BRDA:1574,294,0,0
BRDA:1574,294,1,0
BRDA:1575,295,0,0
BRDA:1575,295,1,0
BRDA:1575,296,0,0
BRDA:1575,296,1,0
BRDA:1576,297,0,0
BRDA:1576,297,1,0
BRDA:1576,298,0,0
BRDA:1576,298,1,0
BRDA:1577,299,0,0
BRDA:1577,299,1,0
BRDA:1580,300,0,0
BRDA:1580,300,1,0
BRDA:1583,301,0,0
BRDA:1583,301,1,0
BRDA:1584,302,0,0
BRDA:1584,302,1,0
BRDA:1585,303,0,0
BRDA:1585,303,1,0
BRDA:1586,304,0,0
BRDA:1586,304,1,0
BRDA:1587,305,0,0
BRDA:1587,305,1,0
BRDA:1589,306,0,0
BRDA:1589,306,1,0
BRDA:1590,307,0,0
BRDA:1590,307,1,0
BRDA:1609,308,0,0
BRDA:1609,308,1,0
BRDA:1640,309,0,0
BRDA:1640,309,1,0
BRDA:1640,310,0,0
BRDA:1640,310,1,0
BRDA:1646,311,0,0
BRDA:1646,311,1,0
BRDA:1652,312,0,0
BRDA:1652,312,1,0
BRDA:1675,313,0,0
BRDA:1675,313,1,0
BRDA:1675,314,0,0
BRDA:1675,314,1,0
BRDA:1680,315,0,0
BRDA:1680,315,1,0
BRDA:1686,316,0,0
BRDA:1686,316,1,0
BRDA:1686,317,0,0
BRDA:1686,317,1,0
BRDA:1691,318,0,0
BRDA:1691,318,1,0
BRDA:1720,319,0,0
BRDA:1720,319,1,0
BRDA:1734,320,0,0
BRDA:1734,320,1,0
BRDA:1752,321,0,0
BRDA:1752,321,1,0
BRDA:1780,322,0,0
BRDA:1780,322,1,0
BRDA:1780,323,0,0
BRDA:1780,323,1,0
BRDA:1780,323,2,0
BRDA:1784,324,0,0
BRDA:1784,324,1,0
BRDA:1792,325,0,0
BRDA:1792,325,1,0
BRDA:1826,326,0,0
BRDA:1826,326,1,0
BRDA:1826,327,0,0
BRDA:1826,327,1,0
BRDA:1826,327,2,0
BRDA:1852,328,0,0
BRDA:1852,328,1,0
BRDA:1879,329,0,0
BRDA:1879,329,1,0
BRDA:1903,330,0,0
BRDA:1903,330,1,0
BRDA:1930,331,0,0
BRDA:1930,331,1,0
BRDA:1948,332,0,0
BRDA:1948,332,1,0
BRDA:1950,333,0,0
BRDA:1950,333,1,0
BRDA:1965,334,0,0
BRDA:1965,334,1,0
BRDA:1966,335,0,0
BRDA:1966,335,1,0
BRDA:1967,336,0,0
BRDA:1967,336,1,0
BRDA:1968,337,0,0
BRDA:1968,337,1,0
BRDA:1969,338,0,0
BRDA:1969,338,1,0
BRDA:1970,339,0,0
BRDA:1970,339,1,0
BRDA:1976,340,0,0
BRDA:1976,340,1,0
BRDA:1976,341,0,0
BRDA:1976,341,1,0
BRDA:1976,341,2,0
BRDA:1982,342,0,0
BRDA:1982,342,1,0
BRDA:1982,343,0,0
BRDA:1982,343,1,0
BRDA:2001,344,0,0
BRDA:2001,344,1,0
BRDA:2007,345,0,0
BRDA:2007,345,1,0
BRDA:2039,346,0,0
BRDA:2039,346,1,0
BRDA:2044,347,0,0
BRDA:2044,347,1,0
BRDA:2070,348,0,0
BRDA:2070,348,1,0
BRDA:2087,349,0,0
BRDA:2087,349,1,0
BRDA:2089,350,0,0
BRDA:2089,350,1,0
BRDA:2110,351,0,0
BRDA:2110,351,1,0
BRDA:2111,352,0,0
BRDA:2111,352,1,0
BRDA:2112,353,0,0
BRDA:2112,353,1,0
BRDA:2113,354,0,0
BRDA:2113,354,1,0
BRDA:2114,355,0,0
BRDA:2114,355,1,0
BRDA:2115,356,0,0
BRDA:2115,356,1,0
BRDA:2121,357,0,0
BRDA:2121,357,1,0
BRDA:2121,358,0,0
BRDA:2121,358,1,0
BRDA:2121,358,2,0
BRDA:2132,359,0,0
BRDA:2132,359,1,0
BRDA:2133,360,0,0
BRDA:2133,360,1,0
BRDA:2134,361,0,0
BRDA:2134,361,1,0
BRDA:2134,362,0,0
BRDA:2134,362,1,0
BRDA:2134,363,0,0
BRDA:2134,363,1,0
BRDA:2134,364,0,0
BRDA:2134,364,1,0
BRDA:2135,365,0,0
BRDA:2135,365,1,0
BRDA:2148,366,0,0
BRDA:2148,366,1,0
BRDA:2156,367,0,0
BRDA:2156,367,1,0
BRDA:2176,368,0,0
BRDA:2176,368,1,0
BRDA:2212,369,0,0
BRDA:2212,369,1,0
BRDA:2229,370,0,0
BRDA:2229,370,1,0
BRDA:2231,371,0,0
BRDA:2231,371,1,0
BRDA:2247,372,0,0
BRDA:2247,372,1,0
BRDA:2255,373,0,0
BRDA:2255,373,1,0
BRDA:2260,374,0,0
BRDA:2260,374,1,0
BRDA:2268,375,0,0
BRDA:2268,375,1,0
BRDA:2295,376,0,0
BRDA:2295,376,1,0
BRDA:2300,377,0,0
BRDA:2300,377,1,0
BRDA:2327,378,0,0
BRDA:2327,378,1,0
BRDA:2351,379,0,0
BRDA:2351,379,1,0
BRDA:2354,380,0,0
BRDA:2354,380,1,0
BRDA:2371,381,0,0
BRDA:2371,381,1,0
BRDA:2372,382,0,0
BRDA:2372,382,1,0
BRDA:2377,383,0,0
BRDA:2377,383,1,0
BRDA:2379,384,0,0
BRDA:2379,384,1,0
BRDA:2387,385,0,0
BRDA:2387,385,1,0
BRDA:2400,386,0,0
BRDA:2400,386,1,0
BRDA:2401,387,0,0
BRDA:2401,387,1,0
BRDA:2402,388,0,0
BRDA:2402,388,1,0
BRDA:2403,389,0,0
BRDA:2403,389,1,0
BRDA:2404,390,0,0
BRDA:2404,390,1,0
BRDA:2410,391,0,0
BRDA:2410,391,1,0
BRDA:2410,392,0,0
BRDA:2410,392,1,0
BRDA:2410,392,2,0
BRDA:2423,393,0,0
BRDA:2423,393,1,0
BRDA:2440,394,0,0
BRDA:2440,394,1,0
BRDA:2451,395,0,0
BRDA:2451,395,1,0
BRDA:2451,396,0,0
BRDA:2451,396,1,0
BRDA:2453,397,0,0
BRDA:2453,397,1,0
BRDA:2453,398,0,0
BRDA:2453,398,1,0
BRDA:2458,399,0,0
BRDA:2458,399,1,0
BRDA:2464,400,0,0
BRDA:2464,400,1,0
BRDA:2464,401,0,0
BRDA:2464,401,1,0
BRDA:2469,402,0,0
BRDA:2469,402,1,0
BRDA:2470,403,0,0
BRDA:2470,403,1,0
BRDA:2491,404,0,0
BRDA:2491,404,1,0
BRDA:2491,405,0,0
BRDA:2491,405,1,0
BRDA:2491,406,0,0
BRDA:2491,406,1,0
BRDA:2493,407,0,0
BRDA:2493,407,1,0
BRDA:2493,408,0,0
BRDA:2493,408,1,0
BRDA:2493,408,2,0
BRDA:2498,409,0,0
BRDA:2498,409,1,0
BRDA:2501,410,0,0
BRDA:2501,410,1,0
BRDA:2504,411,0,0
BRDA:2504,411,1,0
BRDA:2504,412,0,0
BRDA:2504,412,1,0
BRDA:2509,413,0,0
BRDA:2509,413,1,0
BRDA:2548,414,0,0
BRDA:2548,414,1,0
BRDA:2550,415,0,0
BRDA:2550,415,1,0
BRDA:2551,416,0,0
BRDA:2551,416,1,0
BRDA:2552,417,0,0
BRDA:2552,417,1,0
BRDA:2553,418,0,0
BRDA:2553,418,1,0
BRDA:2554,419,0,0
BRDA:2554,419,1,0
BRDA:2555,420,0,0
BRDA:2555,420,1,0
BRDA:2556,421,0,0
BRDA:2556,421,1,0
BRDA:2557,422,0,0
BRDA:2557,422,1,0
BRDA:2558,423,0,0
BRDA:2558,423,1,0
BRDA:2559,424,0,0
BRDA:2559,424,1,0
BRDA:2560,425,0,0
BRDA:2560,425,1,0
BRDA:2561,426,0,0
BRDA:2561,426,1,0
BRDA:2572,427,0,0
BRDA:2572,427,1,0
BRDA:2573,428,0,0
BRDA:2573,428,1,0
BRDA:2574,429,0,0
BRDA:2574,429,1,0
BRDA:2575,430,0,0
BRDA:2575,430,1,0
BRDA:2576,431,0,0
BRDA:2576,431,1,0
BRDA:2578,432,0,0
BRDA:2578,432,1,0
BRDA:2579,433,0,0
BRDA:2579,433,1,0
BRDA:2580,434,0,0
BRDA:2580,434,1,0
BRDA:2581,435,0,0
BRDA:2581,435,1,0
BRDA:2582,436,0,0
BRDA:2582,436,1,0
BRDA:2583,437,0,0
BRDA:2583,437,1,0
BRDA:2584,438,0,0
BRDA:2584,438,1,0
BRDA:2597,439,0,0
BRDA:2597,439,1,0
BRDA:2601,440,0,0
BRDA:2601,440,1,0
BRDA:2631,441,0,0
BRDA:2631,441,1,0
BRDA:2651,442,0,0
BRDA:2651,442,1,0
BRDA:2659,443,0,0
BRDA:2659,443,1,0
BRDA:2686,444,0,0
BRDA:2686,444,1,0
BRDA:2697,445,0,0
BRDA:2697,445,1,0
BRDA:2698,446,0,0
BRDA:2698,446,1,0
BRDA:2699,447,0,0
BRDA:2699,447,1,0
BRDA:2699,448,0,0
BRDA:2699,448,1,0
BRDA:2737,449,0,0
BRDA:2737,449,1,0
BRDA:2741,450,0,0
BRDA:2744,451,0,0
BRDA:2744,451,1,0
BRDA:2772,452,0,0
BRDA:2772,452,1,0
BRDA:2790,453,0,0
BRDA:2790,453,1,0
BRDA:2804,454,0,0
BRDA:2804,454,1,0
BRDA:2817,455,0,0
BRDA:2817,455,1,0
BRDA:2834,456,0,0
BRDA:2834,456,1,0
BRDA:2889,457,0,0
BRDA:2889,457,1,0
BRDA:2918,458,0,0
BRDA:2918,459,0,0
BRDA:2918,460,0,0
BRDA:2932,461,0,0
BRDA:2932,461,1,0
BRDA:2943,462,0,0
BRDA:2943,462,1,0
BRDA:2959,463,0,0
BRDA:2959,463,1,0
BRDA:2962,464,0,0
BRDA:2970,465,0,0
BRDA:2970,465,1,0
BRDA:2991,466,0,0
BRDA:2991,466,1,0
BRDA:3006,467,0,0
BRDA:3006,467,1,0
BRDA:3016,468,0,0
BRDA:3016,468,1,0
BRF:984
BRH:31
end_of_record
TN:
SF:src/routes/index.js
FN:25,detectVendor
FN:35,extractVendorParams
FN:71,(anonymous_2)
FN:158,(anonymous_3)
FN:162,(anonymous_4)
FN:166,(anonymous_5)
FN:170,(anonymous_6)
FN:176,(anonymous_7)
FN:207,(anonymous_8)
FN:229,(anonymous_9)
FN:230,(anonymous_10)
FN:340,(anonymous_11)
FN:368,(anonymous_12)
FN:369,(anonymous_13)
FN:374,(anonymous_14)
FN:407,(anonymous_15)
FN:407,(anonymous_16)
FN:417,(anonymous_17)
FN:425,(anonymous_18)
FN:461,(anonymous_19)
FN:463,(anonymous_20)
FN:540,(anonymous_21)
FN:541,(anonymous_22)
FN:545,(anonymous_23)
FN:634,(anonymous_24)
FN:675,(anonymous_25)
FN:678,(anonymous_26)
FN:719,(anonymous_27)
FN:723,(anonymous_28)
FN:811,(anonymous_29)
FN:813,(anonymous_30)
FN:846,(anonymous_31)
FN:850,(anonymous_32)
FN:979,(anonymous_33)
FN:1009,(anonymous_34)
FN:1011,(anonymous_35)
FN:1043,formatExpirationDate
FN:1058,(anonymous_37)
FN:1062,(anonymous_38)
FN:1131,(anonymous_39)
FN:1158,(anonymous_40)
FN:1160,(anonymous_41)
FN:1189,(anonymous_42)
FN:1193,(anonymous_43)
FN:1297,(anonymous_44)
FN:1299,(anonymous_45)
FN:1337,authorizeVendor
FN:1383,(anonymous_47)
FN:1400,(anonymous_48)
FN:1419,(anonymous_49)
FN:1456,(anonymous_50)
FN:1474,(anonymous_51)
FN:1501,(anonymous_52)
FN:1503,(anonymous_53)
FNF:54
FNH:8
FNDA:0,detectVendor
FNDA:0,extractVendorParams
FNDA:1,(anonymous_2)
FNDA:0,(anonymous_3)
FNDA:0,(anonymous_4)
FNDA:0,(anonymous_5)
FNDA:0,(anonymous_6)
FNDA:0,(anonymous_7)
FNDA:3,(anonymous_8)
FNDA:0,(anonymous_9)
FNDA:0,(anonymous_10)
FNDA:0,(anonymous_11)
FNDA:1,(anonymous_12)
FNDA:1,(anonymous_13)
FNDA:8,(anonymous_14)
FNDA:0,(anonymous_15)
FNDA:0,(anonymous_16)
FNDA:0,(anonymous_17)
FNDA:0,(anonymous_18)
FNDA:0,(anonymous_19)
FNDA:0,(anonymous_20)
FNDA:1,(anonymous_21)
FNDA:1,(anonymous_22)
FNDA:4,(anonymous_23)
FNDA:0,(anonymous_24)
FNDA:0,(anonymous_25)
FNDA:0,(anonymous_26)
FNDA:0,(anonymous_27)
FNDA:0,(anonymous_28)
FNDA:0,(anonymous_29)
FNDA:0,(anonymous_30)
FNDA:0,(anonymous_31)
FNDA:0,(anonymous_32)
FNDA:0,(anonymous_33)
FNDA:0,(anonymous_34)
FNDA:0,(anonymous_35)
FNDA:0,formatExpirationDate
FNDA:0,(anonymous_37)
FNDA:0,(anonymous_38)
FNDA:0,(anonymous_39)
FNDA:0,(anonymous_40)
FNDA:0,(anonymous_41)
FNDA:0,(anonymous_42)
FNDA:0,(anonymous_43)
FNDA:0,(anonymous_44)
FNDA:0,(anonymous_45)
FNDA:0,authorizeVendor
FNDA:0,(anonymous_47)
FNDA:0,(anonymous_48)
FNDA:0,(anonymous_49)
FNDA:0,(anonymous_50)
FNDA:0,(anonymous_51)
FNDA:0,(anonymous_52)
FNDA:0,(anonymous_53)
DA:3,2
DA:4,2
DA:5,2
DA:6,2
DA:7,2
DA:9,2
DA:10,2
DA:11,2
DA:12,2
DA:13,2
DA:14,2
DA:15,2
DA:26,0
DA:27,0
DA:28,0
DA:29,0
DA:36,0
DA:38,0
DA:47,0
DA:55,0
DA:65,0
DA:71,2
DA:72,1
DA:73,1
DA:74,1
DA:75,1
DA:77,1
DA:78,1
DA:79,1
DA:80,1
DA:81,1
DA:82,1
DA:83,1
DA:86,1
DA:87,1
DA:88,0
DA:91,1
DA:92,1
DA:95,1
DA:96,1
DA:97,1
DA:100,1
DA:112,1
DA:117,1
DA:118,1
DA:119,1
DA:120,1
DA:121,1
DA:122,1
DA:123,0
DA:124,0
DA:125,0
DA:127,0
DA:131,1
DA:151,0
DA:156,2
DA:158,2
DA:159,0
DA:162,2
DA:163,0
DA:166,2
DA:167,0
DA:170,2
DA:171,0
DA:176,2
DA:177,0
DA:178,0
DA:179,0
DA:181,0
DA:182,0
DA:183,0
DA:184,0
DA:185,0
DA:189,0
DA:190,0
DA:191,0
DA:197,0
DA:199,0
DA:205,2
DA:208,3
DA:209,3
DA:210,3
DA:211,0
DA:214,3
DA:216,3
DA:217,2
DA:220,1
DA:221,1
DA:222,1
DA:226,0
DA:227,0
DA:229,0
DA:230,0
DA:231,0
DA:232,0
DA:233,0
DA:235,0
DA:236,0
DA:237,0
DA:238,0
DA:239,0
DA:243,0
DA:244,0
DA:254,0
DA:255,0
DA:258,0
DA:259,0
DA:261,0
DA:262,0
DA:263,0
DA:264,0
DA:266,0
DA:267,0
DA:269,0
DA:270,0
DA:272,0
DA:273,0
DA:274,0
DA:275,0
DA:276,0
DA:283,0
DA:284,0
DA:286,0
DA:298,0
DA:304,0
DA:312,0
DA:319,0
DA:321,0
DA:322,0
DA:328,0
DA:332,0
DA:334,0
DA:340,2
DA:341,0
DA:342,0
DA:343,0
DA:344,0
DA:347,0
DA:348,0
DA:349,0
DA:352,0
DA:353,0
DA:358,0
DA:363,2
DA:368,1
DA:370,1
DA:371,1
DA:372,1
DA:373,1
DA:374,8
DA:378,0
DA:379,0
DA:381,0
DA:382,0
DA:383,0
DA:384,0
DA:389,0
DA:390,0
DA:394,0
DA:395,0
DA:399,0
DA:400,0
DA:401,0
DA:403,0
DA:404,0
DA:406,0
DA:407,0
DA:408,0
DA:410,0
DA:411,0
DA:412,0
DA:413,0
DA:414,0
DA:415,0
DA:417,0
DA:418,0
DA:419,0
DA:423,0
DA:425,0
DA:428,0
DA:433,0
DA:434,0
DA:435,0
DA:438,0
DA:441,0
DA:442,0
DA:443,0
DA:444,0
DA:447,0
DA:448,0
DA:449,0
DA:453,0
DA:461,0
DA:462,0
DA:463,0
DA:466,0
DA:467,0
DA:468,0
DA:469,0
DA:478,0
DA:479,0
DA:480,0
DA:481,0
DA:482,0
DA:483,0
DA:484,0
DA:486,0
DA:488,0
DA:493,0
DA:496,0
DA:497,0
DA:500,0
DA:507,0
DA:515,0
DA:517,0
DA:518,0
DA:528,0
DA:529,0
DA:531,0
DA:538,2
DA:540,1
DA:542,1
DA:543,1
DA:544,1
DA:545,4
DA:548,0
DA:549,0
DA:550,0
DA:552,0
DA:553,0
DA:554,0
DA:555,0
DA:559,0
DA:560,0
DA:563,0
DA:564,0
DA:565,0
DA:568,0
DA:569,0
DA:570,0
DA:572,0
DA:580,0
DA:583,0
DA:584,0
DA:585,0
DA:587,0
DA:589,0
DA:590,0
DA:591,0
DA:592,0
DA:593,0
DA:594,0
DA:596,0
DA:597,0
DA:598,0
DA:599,0
DA:600,0
DA:602,0
DA:603,0
DA:604,0
DA:605,0
DA:613,0
DA:614,0
DA:615,0
DA:616,0
DA:617,0
DA:618,0
DA:620,0
DA:621,0
DA:628,0
DA:629,0
DA:634,0
DA:639,0
DA:642,0
DA:647,0
DA:648,0
DA:649,0
DA:650,0
DA:654,0
DA:655,0
DA:656,0
DA:658,0
DA:661,0
DA:662,0
DA:663,0
DA:667,0
DA:675,0
DA:676,0
DA:678,0
DA:680,0
DA:681,0
DA:684,0
DA:691,0
DA:699,0
DA:701,0
DA:702,0
DA:712,0
DA:717,2
DA:720,0
DA:721,0
DA:722,0
DA:723,0
DA:726,0
DA:727,0
DA:728,0
DA:730,0
DA:731,0
DA:735,0
DA:736,0
DA:737,0
DA:738,0
DA:739,0
DA:741,0
DA:742,0
DA:744,0
DA:745,0
DA:746,0
DA:747,0
DA:750,0
DA:751,0
DA:752,0
DA:757,0
DA:758,0
DA:759,0
DA:763,0
DA:764,0
DA:765,0
DA:774,0
DA:777,0
DA:778,0
DA:779,0
DA:782,0
DA:783,0
DA:786,0
DA:789,0
DA:790,0
DA:791,0
DA:795,0
DA:797,0
DA:798,0
DA:799,0
DA:803,0
DA:811,0
DA:812,0
DA:813,0
DA:815,0
DA:816,0
DA:819,0
DA:826,0
DA:834,0
DA:838,0
DA:842,2
DA:847,0
DA:848,0
DA:849,0
DA:850,0
DA:853,0
DA:854,0
DA:855,0
DA:858,0
DA:859,0
DA:860,0
DA:861,0
DA:862,0
DA:864,0
DA:865,0
DA:866,0
DA:867,0
DA:868,0
DA:869,0
DA:870,0
DA:871,0
DA:874,0
DA:878,0
DA:879,0
DA:880,0
DA:881,0
DA:882,0
DA:883,0
DA:885,0
DA:886,0
DA:887,0
DA:890,0
DA:894,0
DA:895,0
DA:899,0
DA:909,0
DA:911,0
DA:918,0
DA:922,0
DA:923,0
DA:924,0
DA:925,0
DA:933,0
DA:934,0
DA:936,0
DA:937,0
DA:939,0
DA:947,0
DA:950,0
DA:951,0
DA:952,0
DA:953,0
DA:954,0
DA:957,0
DA:958,0
DA:959,0
DA:962,0
DA:963,0
DA:965,0
DA:966,0
DA:973,0
DA:974,0
DA:979,0
DA:983,0
DA:987,0
DA:988,0
DA:989,0
DA:993,0
DA:995,0
DA:996,0
DA:997,0
DA:1001,0
DA:1009,0
DA:1010,0
DA:1011,0
DA:1013,0
DA:1014,0
DA:1017,0
DA:1024,0
DA:1032,0
DA:1036,0
DA:1042,2
DA:1044,0
DA:1045,0
DA:1046,0
DA:1047,0
DA:1048,0
DA:1049,0
DA:1050,0
DA:1051,0
DA:1054,2
DA:1059,0
DA:1060,0
DA:1061,0
DA:1062,0
DA:1065,0
DA:1066,0
DA:1067,0
DA:1070,0
DA:1071,0
DA:1072,0
DA:1075,0
DA:1076,0
DA:1077,0
DA:1078,0
DA:1082,0
DA:1083,0
DA:1084,0
DA:1085,0
DA:1086,0
DA:1087,0
DA:1090,0
DA:1091,0
DA:1092,0
DA:1100,0
DA:1101,0
DA:1102,0
DA:1106,0
DA:1107,0
DA:1108,0
DA:1109,0
DA:1112,0
DA:1113,0
DA:1114,0
DA:1115,0
DA:1117,0
DA:1118,0
DA:1125,0
DA:1126,0
DA:1131,0
DA:1134,0
DA:1138,0
DA:1139,0
DA:1140,0
DA:1143,0
DA:1145,0
DA:1146,0
DA:1147,0
DA:1150,0
DA:1158,0
DA:1159,0
DA:1160,0
DA:1161,0
DA:1162,0
DA:1164,0
DA:1170,0
DA:1178,0
DA:1182,0
DA:1186,2
DA:1190,0
DA:1191,0
DA:1192,0
DA:1193,0
DA:1196,0
DA:1197,0
DA:1198,0
DA:1201,0
DA:1202,0
DA:1203,0
DA:1206,0
DA:1207,0
DA:1208,0
DA:1211,0
DA:1212,0
DA:1215,0
DA:1216,0
DA:1217,0
DA:1218,0
DA:1219,0
DA:1220,0
DA:1223,0
DA:1224,0
DA:1225,0
DA:1233,0
DA:1237,0
DA:1238,0
DA:1239,0
DA:1240,0
DA:1242,0
DA:1243,0
DA:1250,0
DA:1252,0
DA:1256,0
DA:1257,0
DA:1258,0
DA:1259,0
DA:1262,0
DA:1263,0
DA:1270,0
DA:1273,0
DA:1274,0
DA:1275,0
DA:1276,0
DA:1279,0
DA:1280,0
DA:1281,0
DA:1284,0
DA:1285,0
DA:1286,0
DA:1289,0
DA:1297,0
DA:1298,0
DA:1299,0
DA:1300,0
DA:1301,0
DA:1303,0
DA:1309,0
DA:1317,0
DA:1321,0
DA:1338,0
DA:1343,0
DA:1344,0
DA:1345,0
DA:1352,0
DA:1353,0
DA:1357,0
DA:1358,0
DA:1359,0
DA:1360,0
DA:1362,0
DA:1363,0
DA:1367,0
DA:1369,0
DA:1370,0
DA:1371,0
DA:1372,0
DA:1373,0
DA:1374,0
DA:1376,0
DA:1383,0
DA:1384,0
DA:1385,0
DA:1390,0
DA:1394,0
DA:1396,0
DA:1398,0
DA:1399,0
DA:1400,0
DA:1402,0
DA:1406,0
DA:1410,0
DA:1415,2
DA:1420,0
DA:1421,0
DA:1422,0
DA:1423,0
DA:1424,0
DA:1425,0
DA:1427,0
DA:1428,0
DA:1432,0
DA:1433,0
DA:1434,0
DA:1436,0
DA:1437,0
DA:1440,0
DA:1441,0
DA:1442,0
DA:1443,0
DA:1444,0
DA:1448,0
DA:1449,0
DA:1450,0
DA:1455,0
DA:1456,0
DA:1457,0
DA:1458,0
DA:1462,0
DA:1463,0
DA:1466,0
DA:1467,0
DA:1468,0
DA:1469,0
DA:1472,0
DA:1473,0
DA:1474,0
DA:1475,0
DA:1480,0
DA:1481,0
DA:1484,0
DA:1485,0
DA:1486,0
DA:1487,0
DA:1489,0
DA:1490,0
DA:1493,0
DA:1501,0
DA:1502,0
DA:1503,0
DA:1505,0
DA:1506,0
DA:1509,0
DA:1516,0
DA:1524,0
DA:1526,0
DA:1531,0
DA:1536,2
LF:648
LH:77
BRDA:26,0,0,0
BRDA:26,0,1,0
BRDA:26,1,0,0
BRDA:26,1,1,0
BRDA:27,2,0,0
BRDA:27,2,1,0
BRDA:27,3,0,0
BRDA:27,3,1,0
BRDA:28,4,0,0
BRDA:28,4,1,0
BRDA:36,5,0,0
BRDA:36,5,1,0
BRDA:36,5,2,0
BRDA:36,5,3,0
BRDA:39,6,0,0
BRDA:39,6,1,0
BRDA:40,7,0,0
BRDA:40,7,1,0
BRDA:41,8,0,0
BRDA:41,8,1,0
BRDA:42,9,0,0
BRDA:42,9,1,0
BRDA:42,9,2,0
BRDA:43,10,0,0
BRDA:43,10,1,0
BRDA:44,11,0,0
BRDA:44,11,1,0
BRDA:48,12,0,0
BRDA:48,12,1,0
BRDA:49,13,0,0
BRDA:49,13,1,0
BRDA:50,14,0,0
BRDA:50,14,1,0
BRDA:51,15,0,0
BRDA:51,15,1,0
BRDA:52,16,0,0
BRDA:52,16,1,0
BRDA:56,17,0,0
BRDA:56,17,1,0
BRDA:57,18,0,0
BRDA:57,18,1,0
BRDA:58,19,0,0
BRDA:58,19,1,0
BRDA:58,19,2,0
BRDA:59,20,0,0
BRDA:59,20,1,0
BRDA:60,21,0,0
BRDA:60,21,1,0
BRDA:61,22,0,0
BRDA:61,22,1,0
BRDA:61,22,2,0
BRDA:62,23,0,0
BRDA:62,23,1,0
BRDA:62,23,2,0
BRDA:65,24,0,0
BRDA:65,24,1,0
BRDA:65,24,2,0
BRDA:73,25,0,1
BRDA:73,25,1,1
BRDA:74,26,0,1
BRDA:74,26,1,0
BRDA:75,27,0,1
BRDA:75,27,1,0
BRDA:79,28,0,1
BRDA:79,28,1,0
BRDA:80,29,0,1
BRDA:80,29,1,0
BRDA:81,30,0,1
BRDA:81,30,1,0
BRDA:87,31,0,0
BRDA:87,31,1,1
BRDA:91,32,0,1
BRDA:91,32,1,0
BRDA:91,33,0,1
BRDA:91,33,1,1
BRDA:95,34,0,1
BRDA:95,34,1,0
BRDA:97,35,0,1
BRDA:97,35,1,0
BRDA:101,36,0,1
BRDA:101,36,1,0
BRDA:102,37,0,1
BRDA:102,37,1,0
BRDA:103,38,0,1
BRDA:103,38,1,0
BRDA:104,39,0,1
BRDA:104,39,1,0
BRDA:105,40,0,1
BRDA:105,40,1,0
BRDA:106,41,0,1
BRDA:106,41,1,1
BRDA:107,42,0,1
BRDA:107,42,1,1
BRDA:108,43,0,1
BRDA:108,43,1,0
BRDA:109,44,0,1
BRDA:109,44,1,0
BRDA:113,45,0,1
BRDA:113,45,1,0
BRDA:114,46,0,1
BRDA:114,46,1,1
BRDA:117,47,0,1
BRDA:117,47,1,0
BRDA:119,48,0,1
BRDA:119,48,1,0
BRDA:120,49,0,1
BRDA:120,49,1,0
BRDA:121,50,0,1
BRDA:121,50,1,0
BRDA:123,51,0,0
BRDA:123,51,1,0
BRDA:132,52,0,1
BRDA:132,52,1,0
BRDA:132,52,2,0
BRDA:133,53,0,1
BRDA:133,53,1,0
BRDA:133,53,2,0
BRDA:134,54,0,1
BRDA:134,54,1,0
BRDA:135,55,0,1
BRDA:135,55,1,0
BRDA:136,56,0,1
BRDA:136,56,1,0
BRDA:137,57,0,1
BRDA:137,57,1,1
BRDA:138,58,0,1
BRDA:138,58,1,1
BRDA:139,59,0,0
BRDA:139,59,1,1
BRDA:139,60,0,1
BRDA:139,60,1,1
BRDA:140,61,0,1
BRDA:140,61,1,0
BRDA:141,62,0,1
BRDA:141,62,1,0
BRDA:142,63,0,1
BRDA:142,63,1,1
BRDA:179,64,0,0
BRDA:179,64,1,0
BRDA:181,65,0,0
BRDA:181,65,1,0
BRDA:181,66,0,0
BRDA:181,66,1,0
BRDA:183,67,0,0
BRDA:183,67,1,0
BRDA:183,68,0,0
BRDA:183,68,1,0
BRDA:183,68,2,0
BRDA:190,69,0,0
BRDA:190,69,1,0
BRDA:190,70,0,0
BRDA:190,70,1,0
BRDA:210,71,0,0
BRDA:210,71,1,3
BRDA:216,72,0,2
BRDA:216,72,1,1
BRDA:221,73,0,1
BRDA:221,73,1,0
BRDA:227,74,0,0
BRDA:227,74,1,0
BRDA:227,75,0,0
BRDA:227,75,1,0
BRDA:227,75,2,0
BRDA:227,75,3,0
BRDA:227,75,4,0
BRDA:229,76,0,0
BRDA:229,76,1,0
BRDA:230,77,0,0
BRDA:230,77,1,0
BRDA:231,78,0,0
BRDA:231,78,1,0
BRDA:231,79,0,0
BRDA:231,79,1,0
BRDA:237,80,0,0
BRDA:237,80,1,0
BRDA:246,81,0,0
BRDA:246,81,1,0
BRDA:250,82,0,0
BRDA:250,82,1,0
BRDA:262,83,0,0
BRDA:262,83,1,0
BRDA:263,84,0,0
BRDA:263,84,1,0
BRDA:264,85,0,0
BRDA:264,85,1,0
BRDA:266,86,0,0
BRDA:266,86,1,0
BRDA:274,87,0,0
BRDA:274,87,1,0
BRDA:274,88,0,0
BRDA:274,88,1,0
BRDA:277,89,0,0
BRDA:277,89,1,0
BRDA:278,90,0,0
BRDA:278,90,1,0
BRDA:279,91,0,0
BRDA:279,91,1,0
BRDA:283,92,0,0
BRDA:283,92,1,0
BRDA:283,93,0,0
BRDA:283,93,1,0
BRDA:284,94,0,0
BRDA:284,94,1,0
BRDA:288,95,0,0
BRDA:288,95,1,0
BRDA:289,96,0,0
BRDA:289,96,1,0
BRDA:290,97,0,0
BRDA:290,97,1,0
BRDA:321,98,0,0
BRDA:321,98,1,0
BRDA:321,99,0,0
BRDA:321,99,1,0
BRDA:342,100,0,0
BRDA:342,100,1,0
BRDA:343,101,0,0
BRDA:343,101,1,0
BRDA:347,102,0,0
BRDA:347,102,1,0
BRDA:348,103,0,0
BRDA:348,103,1,0
BRDA:348,104,0,0
BRDA:348,104,1,0
BRDA:355,105,0,0
BRDA:355,105,1,0
BRDA:368,106,0,1
BRDA:368,106,1,1
BRDA:372,107,0,1
BRDA:372,107,1,0
BRDA:379,108,0,0
BRDA:379,108,1,0
BRDA:381,109,0,0
BRDA:381,109,1,0
BRDA:381,110,0,0
BRDA:381,110,1,0
BRDA:383,111,0,0
BRDA:383,111,1,0
BRDA:383,112,0,0
BRDA:383,112,1,0
BRDA:383,112,2,0
BRDA:389,113,0,0
BRDA:389,113,1,0
BRDA:394,114,0,0
BRDA:394,114,1,0
BRDA:399,115,0,0
BRDA:399,115,1,0
BRDA:403,116,0,0
BRDA:403,116,1,0
BRDA:403,117,0,0
BRDA:403,117,1,0
BRDA:410,118,0,0
BRDA:410,118,1,0
BRDA:410,119,0,0
BRDA:410,119,1,0
BRDA:414,120,0,0
BRDA:414,120,1,0
BRDA:414,121,0,0
BRDA:414,121,1,0
BRDA:418,122,0,0
BRDA:418,122,1,0
BRDA:418,123,0,0
BRDA:418,123,1,0
BRDA:418,123,2,0
BRDA:433,124,0,0
BRDA:433,124,1,0
BRDA:435,125,0,0
BRDA:435,125,1,0
BRDA:441,126,0,0
BRDA:441,126,1,0
BRDA:442,127,0,0
BRDA:442,127,1,0
BRDA:443,128,0,0
BRDA:443,128,1,0
BRDA:447,129,0,0
BRDA:447,129,1,0
BRDA:448,130,0,0
BRDA:448,130,1,0
BRDA:456,131,0,0
BRDA:456,131,1,0
BRDA:457,132,0,0
BRDA:457,132,1,0
BRDA:467,133,0,0
BRDA:467,133,1,0
BRDA:467,134,0,0
BRDA:467,134,1,0
BRDA:467,134,2,0
BRDA:467,134,3,0
BRDA:467,134,4,0
BRDA:467,134,5,0
BRDA:471,135,0,0
BRDA:471,135,1,0
BRDA:475,136,0,0
BRDA:475,136,1,0
BRDA:475,137,0,0
BRDA:475,137,1,0
BRDA:475,137,2,0
BRDA:483,138,0,0
BRDA:483,138,1,0
BRDA:496,139,0,0
BRDA:496,139,1,0
BRDA:521,140,0,0
BRDA:521,140,1,0
BRDA:528,141,0,0
BRDA:528,141,1,0
BRDA:540,142,0,1
BRDA:540,142,1,1
BRDA:544,143,0,1
BRDA:544,143,1,0
BRDA:549,144,0,0
BRDA:549,144,1,0
BRDA:550,145,0,0
BRDA:550,145,1,0
BRDA:552,146,0,0
BRDA:552,146,1,0
BRDA:552,147,0,0
BRDA:552,147,1,0
BRDA:554,148,0,0
BRDA:554,148,1,0
BRDA:554,149,0,0
BRDA:554,149,1,0
BRDA:554,149,2,0
BRDA:559,150,0,0
BRDA:559,150,1,0
BRDA:564,151,0,0
BRDA:564,151,1,0
BRDA:568,152,0,0
BRDA:568,152,1,0
BRDA:569,153,0,0
BRDA:569,153,1,0
BRDA:570,154,0,0
BRDA:570,154,1,0
BRDA:575,155,0,0
BRDA:575,155,1,0
BRDA:583,156,0,0
BRDA:583,156,1,0
BRDA:587,157,0,0
BRDA:587,157,1,0
BRDA:590,158,0,0
BRDA:590,158,1,0
BRDA:590,159,0,0
BRDA:590,159,1,0
BRDA:596,160,0,0
BRDA:596,160,1,0
BRDA:596,161,0,0
BRDA:596,161,1,0
BRDA:597,162,0,0
BRDA:597,162,1,0
BRDA:599,163,0,0
BRDA:599,163,1,0
BRDA:600,164,0,0
BRDA:600,164,1,0
BRDA:602,165,0,0
BRDA:602,165,1,0
BRDA:604,166,0,0
BRDA:604,166,1,0
BRDA:605,167,0,0
BRDA:605,167,1,0
BRDA:613,168,0,0
BRDA:613,168,1,0
BRDA:616,169,0,0
BRDA:616,169,1,0
BRDA:618,170,0,0
BRDA:618,170,1,0
BRDA:620,171,0,0
BRDA:620,171,1,0
BRDA:620,172,0,0
BRDA:620,172,1,0
BRDA:630,173,0,0
BRDA:630,173,1,0
BRDA:648,174,0,0
BRDA:648,174,1,0
BRDA:649,175,0,0
BRDA:649,175,1,0
BRDA:654,176,0,0
BRDA:654,176,1,0
BRDA:656,177,0,0
BRDA:656,177,1,0
BRDA:661,178,0,0
BRDA:661,178,1,0
BRDA:662,179,0,0
BRDA:662,179,1,0
BRDA:670,180,0,0
BRDA:670,180,1,0
BRDA:671,181,0,0
BRDA:671,181,1,0
BRDA:680,182,0,0
BRDA:680,182,1,0
BRDA:686,183,0,0
BRDA:686,183,1,0
BRDA:694,184,0,0
BRDA:694,184,1,0
BRDA:705,185,0,0
BRDA:705,185,1,0
BRDA:722,186,0,0
BRDA:722,186,1,0
BRDA:727,187,0,0
BRDA:727,187,1,0
BRDA:728,188,0,0
BRDA:728,188,1,0
BRDA:730,189,0,0
BRDA:730,189,1,0
BRDA:736,190,0,0
BRDA:736,190,1,0
BRDA:738,191,0,0
BRDA:738,191,1,0
BRDA:741,192,0,0
BRDA:741,192,1,0
BRDA:741,193,0,0
BRDA:741,193,1,0
BRDA:744,194,0,0
BRDA:744,194,1,0
BRDA:744,195,0,0
BRDA:744,195,1,0
BRDA:746,196,0,0
BRDA:746,196,1,0
BRDA:750,197,0,0
BRDA:750,197,1,0
BRDA:751,198,0,0
BRDA:751,198,1,0
BRDA:757,199,0,0
BRDA:757,199,1,0
BRDA:758,200,0,0
BRDA:758,200,1,0
BRDA:759,201,0,0
BRDA:759,201,1,0
BRDA:759,202,0,0
BRDA:759,202,1,0
BRDA:764,203,0,0
BRDA:764,203,1,0
BRDA:782,204,0,0
BRDA:782,204,1,0
BRDA:783,205,0,0
BRDA:783,205,1,0
BRDA:790,206,0,0
BRDA:790,206,1,0
BRDA:797,207,0,0
BRDA:797,207,1,0
BRDA:798,208,0,0
BRDA:798,208,1,0
BRDA:806,209,0,0
BRDA:806,209,1,0
BRDA:807,210,0,0
BRDA:807,210,1,0
BRDA:815,211,0,0
BRDA:815,211,1,0
BRDA:849,212,0,0
BRDA:849,212,1,0
BRDA:854,213,0,0
BRDA:854,213,1,0
BRDA:855,214,0,0
BRDA:855,214,1,0
BRDA:866,215,0,0
BRDA:866,215,1,0
BRDA:867,216,0,0
BRDA:867,216,1,0
BRDA:868,217,0,0
BRDA:868,217,1,0
BRDA:869,218,0,0
BRDA:869,218,1,0
BRDA:870,219,0,0
BRDA:870,219,1,0
BRDA:871,220,0,0
BRDA:871,220,1,0
BRDA:878,221,0,0
BRDA:878,221,1,0
BRDA:879,222,0,0
BRDA:879,222,1,0
BRDA:882,223,0,0
BRDA:882,223,1,0
BRDA:882,224,0,0
BRDA:882,224,1,0
BRDA:885,225,0,0
BRDA:885,225,1,0
BRDA:885,226,0,0
BRDA:885,226,1,0
BRDA:886,227,0,0
BRDA:886,227,1,0
BRDA:894,228,0,0
BRDA:894,228,1,0
BRDA:894,229,0,0
BRDA:894,229,1,0
BRDA:894,229,2,0
BRDA:909,230,0,0
BRDA:909,230,1,0
BRDA:913,231,0,0
BRDA:913,231,1,0
BRDA:918,232,0,0
BRDA:918,232,1,0
BRDA:924,233,0,0
BRDA:924,233,1,0
BRDA:934,234,0,0
BRDA:934,234,1,0
BRDA:936,235,0,0
BRDA:936,235,1,0
BRDA:937,236,0,0
BRDA:937,236,1,0
BRDA:941,237,0,0
BRDA:941,237,1,0
BRDA:953,238,0,0
BRDA:953,238,1,0
BRDA:954,239,0,0
BRDA:954,239,1,0
BRDA:958,240,0,0
BRDA:958,240,1,0
BRDA:963,241,0,0
BRDA:963,241,1,0
BRDA:963,242,0,0
BRDA:963,242,1,0
BRDA:965,243,0,0
BRDA:965,243,1,0
BRDA:965,244,0,0
BRDA:965,244,1,0
BRDA:968,245,0,0
BRDA:968,245,1,0
BRDA:975,246,0,0
BRDA:975,246,1,0
BRDA:988,247,0,0
BRDA:988,247,1,0
BRDA:995,248,0,0
BRDA:995,248,1,0
BRDA:996,249,0,0
BRDA:996,249,1,0
BRDA:1004,250,0,0
BRDA:1004,250,1,0
BRDA:1005,251,0,0
BRDA:1005,251,1,0
BRDA:1013,252,0,0
BRDA:1013,252,1,0
BRDA:1061,253,0,0
BRDA:1061,253,1,0
BRDA:1066,254,0,0
BRDA:1066,254,1,0
BRDA:1067,255,0,0
BRDA:1067,255,1,0
BRDA:1071,256,0,0
BRDA:1071,256,1,0
BRDA:1077,257,0,0
BRDA:1077,257,1,0
BRDA:1086,258,0,0
BRDA:1086,258,1,0
BRDA:1087,259,0,0
BRDA:1087,259,1,0
BRDA:1091,260,0,0
BRDA:1091,260,1,0
BRDA:1094,261,0,0
BRDA:1094,261,1,0
BRDA:1101,262,0,0
BRDA:1101,262,1,0
BRDA:1113,263,0,0
BRDA:1113,263,1,0
BRDA:1115,264,0,0
BRDA:1115,264,1,0
BRDA:1117,265,0,0
BRDA:1117,265,1,0
BRDA:1117,266,0,0
BRDA:1117,266,1,0
BRDA:1120,267,0,0
BRDA:1120,267,1,0
BRDA:1139,268,0,0
BRDA:1139,268,1,0
BRDA:1145,269,0,0
BRDA:1145,269,1,0
BRDA:1146,270,0,0
BRDA:1146,270,1,0
BRDA:1152,271,0,0
BRDA:1152,271,1,0
BRDA:1153,272,0,0
BRDA:1153,272,1,0
BRDA:1154,273,0,0
BRDA:1154,273,1,0
BRDA:1161,274,0,0
BRDA:1161,274,1,0
BRDA:1192,275,0,0
BRDA:1192,275,1,0
BRDA:1197,276,0,0
BRDA:1197,276,1,0
BRDA:1198,277,0,0
BRDA:1198,277,1,0
BRDA:1202,278,0,0
BRDA:1202,278,1,0
BRDA:1207,279,0,0
BRDA:1207,279,1,0
BRDA:1207,280,0,0
BRDA:1207,280,1,0
BRDA:1211,281,0,0
BRDA:1211,281,1,0
BRDA:1219,282,0,0
BRDA:1219,282,1,0
BRDA:1220,283,0,0
BRDA:1220,283,1,0
BRDA:1224,284,0,0
BRDA:1224,284,1,0
BRDA:1238,285,0,0
BRDA:1238,285,1,0
BRDA:1240,286,0,0
BRDA:1240,286,1,0
BRDA:1242,287,0,0
BRDA:1242,287,1,0
BRDA:1242,288,0,0
BRDA:1242,288,1,0
BRDA:1245,289,0,0
BRDA:1245,289,1,0
BRDA:1257,290,0,0
BRDA:1257,290,1,0
BRDA:1280,291,0,0
BRDA:1280,291,1,0
BRDA:1284,292,0,0
BRDA:1284,292,1,0
BRDA:1285,293,0,0
BRDA:1285,293,1,0
BRDA:1292,294,0,0
BRDA:1292,294,1,0
BRDA:1293,295,0,0
BRDA:1293,295,1,0
BRDA:1300,296,0,0
BRDA:1300,296,1,0
BRDA:1338,297,0,0
BRDA:1338,297,1,0
BRDA:1338,297,2,0
BRDA:1338,297,3,0
BRDA:1338,297,4,0
BRDA:1338,297,5,0
BRDA:1343,298,0,0
BRDA:1343,298,1,0
BRDA:1344,299,0,0
BRDA:1344,299,1,0
BRDA:1352,300,0,0
BRDA:1352,300,1,0
BRDA:1353,301,0,0
BRDA:1353,301,1,0
BRDA:1353,301,2,0
BRDA:1358,302,0,0
BRDA:1358,302,1,0
BRDA:1358,303,0,0
BRDA:1358,303,1,0
BRDA:1359,304,0,0
BRDA:1359,304,1,0
BRDA:1360,305,0,0
BRDA:1360,305,1,0
BRDA:1360,306,0,0
BRDA:1360,306,1,0
BRDA:1363,307,0,0
BRDA:1363,307,1,0
BRDA:1372,308,0,0
BRDA:1372,308,1,0
BRDA:1372,309,0,0
BRDA:1372,309,1,0
BRDA:1373,310,0,0
BRDA:1373,310,1,0
BRDA:1374,311,0,0
BRDA:1374,311,1,0
BRDA:1374,312,0,0
BRDA:1374,312,1,0
BRDA:1394,313,0,0
BRDA:1394,313,1,0
BRDA:1398,314,0,0
BRDA:1398,314,1,0
BRDA:1398,315,0,0
BRDA:1398,315,1,0
BRDA:1422,316,0,0
BRDA:1422,316,1,0
BRDA:1423,317,0,0
BRDA:1423,317,1,0
BRDA:1424,318,0,0
BRDA:1424,318,1,0
BRDA:1424,318,2,0
BRDA:1427,319,0,0
BRDA:1427,319,1,0
BRDA:1433,320,0,0
BRDA:1433,320,1,0
BRDA:1436,321,0,0
BRDA:1436,321,1,0
BRDA:1440,322,0,0
BRDA:1440,322,1,0
BRDA:1443,323,0,0
BRDA:1443,323,1,0
BRDA:1449,324,0,0
BRDA:1449,324,1,0
BRDA:1457,325,0,0
BRDA:1457,325,1,0
BRDA:1466,326,0,0
BRDA:1466,326,1,0
BRDA:1467,327,0,0
BRDA:1467,327,1,0
BRDA:1467,328,0,0
BRDA:1467,328,1,0
BRDA:1468,329,0,0
BRDA:1468,329,1,0
BRDA:1469,330,0,0
BRDA:1469,330,1,0
BRDA:1472,331,0,0
BRDA:1472,331,1,0
BRDA:1472,332,0,0
BRDA:1472,332,1,0
BRDA:1484,333,0,0
BRDA:1484,333,1,0
BRDA:1486,334,0,0
BRDA:1486,334,1,0
BRDA:1487,335,0,0
BRDA:1487,335,1,0
BRDA:1489,336,0,0
BRDA:1489,336,1,0
BRDA:1496,337,0,0
BRDA:1496,337,1,0
BRDA:1497,338,0,0
BRDA:1497,338,1,0
BRDA:1505,339,0,0
BRDA:1505,339,1,0
BRF:708
BRH:57
end_of_record
TN:
SF:src/services/cedula.js
FN:12,validate
FNF:1
FNH:1
FNDA:13,validate
DA:13,13
DA:16,11
DA:18,8
DA:21,8
DA:22,8
DA:25,6
DA:28,5
DA:29,5
DA:31,5
DA:32,45
DA:33,45
DA:34,45
DA:37,5
DA:39,5
DA:42,3
LF:15
LH:15
BRDA:13,0,0,2
BRDA:13,0,1,11
BRDA:16,1,0,3
BRDA:16,1,1,8
BRDA:22,2,0,2
BRDA:22,2,1,6
BRDA:22,3,0,8
BRDA:22,3,1,7
BRDA:25,4,0,1
BRDA:25,4,1,5
BRDA:33,5,0,9
BRDA:33,5,1,36
BRF:12
BRH:12
end_of_record
TN:
SF:src/services/circuitBreaker.js
FN:7,(anonymous_0)
FN:16,(anonymous_1)
FN:36,(anonymous_2)
FN:44,(anonymous_3)
FNF:4
FNH:0
FNDA:0,(anonymous_0)
FNDA:0,(anonymous_1)
FNDA:0,(anonymous_2)
FNDA:0,(anonymous_3)
DA:8,0
DA:9,0
DA:10,0
DA:11,0
DA:12,0
DA:13,0
DA:17,0
DA:18,0
DA:19,0
DA:20,0
DA:22,0
DA:26,0
DA:27,0
DA:28,0
DA:29,0
DA:31,0
DA:32,0
DA:37,0
DA:38,0
DA:39,0
DA:40,0
DA:45,0
DA:46,0
DA:47,0
DA:48,0
DA:49,0
DA:54,0
LF:27
LH:0
BRDA:7,0,0,0
BRDA:7,1,0,0
BRDA:7,2,0,0
BRDA:7,3,0,0
BRDA:17,4,0,0
BRDA:17,4,1,0
BRDA:18,5,0,0
BRDA:18,5,1,0
BRDA:38,6,0,0
BRDA:38,6,1,0
BRDA:47,7,0,0
BRDA:47,7,1,0
BRF:12
BRH:0
end_of_record
TN:
SF:src/services/controllerTest.js
FN:10,httpsAgent
FN:14,masked
FN:25,testFreeRadius
FN:31,(anonymous_3)
FN:34,(anonymous_4)
FN:40,(anonymous_5)
FN:46,(anonymous_6)
FN:76,testUnifi
FN:98,(anonymous_8)
FN:121,testOmada
FN:199,testMikrotik
FNF:11
FNH:0
FNDA:0,httpsAgent
FNDA:0,masked
FNDA:0,testFreeRadius
FNDA:0,(anonymous_3)
FNDA:0,(anonymous_4)
FNDA:0,(anonymous_5)
FNDA:0,(anonymous_6)
FNDA:0,testUnifi
FNDA:0,(anonymous_8)
FNDA:0,testOmada
FNDA:0,testMikrotik
DA:3,2
DA:4,2
DA:5,2
DA:6,2
DA:11,0
DA:15,0
DA:16,0
DA:26,0
DA:27,0
DA:28,0
DA:29,0
DA:31,0
DA:32,0
DA:33,0
DA:34,0
DA:35,0
DA:36,0
DA:37,0
DA:40,0
DA:41,0
DA:42,0
DA:43,0
DA:46,0
DA:47,0
DA:48,0
DA:49,0
DA:50,0
DA:51,0
DA:53,0
DA:57,0
DA:58,0
DA:63,0
DA:65,0
DA:66,0
DA:77,0
DA:78,0
DA:79,0
DA:80,0
DA:82,0
DA:83,0
DA:86,0
DA:92,0
DA:93,0
DA:94,0
DA:95,0
DA:98,0
DA:99,0
DA:103,0
DA:104,0
DA:110,0
DA:111,0
DA:112,0
DA:122,0
DA:123,0
DA:124,0
DA:126,0
DA:127,0
DA:130,0
DA:136,0
DA:137,0
DA:149,0
DA:152,0
DA:153,0
DA:160,0
DA:161,0
DA:162,0
DA:164,0
DA:165,0
DA:168,0
DA:169,0
DA:172,0
DA:173,0
DA:175,0
DA:176,0
DA:177,0
DA:183,0
DA:185,0
DA:188,0
DA:189,0
DA:191,0
DA:192,0
DA:200,0
DA:201,0
DA:202,0
DA:204,0
DA:205,0
DA:208,0
DA:209,0
DA:210,0
DA:213,0
DA:223,0
DA:224,0
DA:225,0
DA:226,0
DA:228,0
DA:230,0
DA:231,0
DA:232,0
DA:236,2
LF:99
LH:5
BRDA:11,0,0,0
BRDA:11,0,1,0
BRDA:15,1,0,0
BRDA:15,1,1,0
BRDA:25,2,0,0
BRDA:26,3,0,0
BRDA:26,3,1,0
BRDA:27,4,0,0
BRDA:27,4,1,0
BRDA:28,5,0,0
BRDA:28,5,1,0
BRDA:29,6,0,0
BRDA:29,6,1,0
BRDA:35,7,0,0
BRDA:35,7,1,0
BRDA:41,8,0,0
BRDA:41,8,1,0
BRDA:47,9,0,0
BRDA:47,9,1,0
BRDA:76,10,0,0
BRDA:80,11,0,0
BRDA:80,11,1,0
BRDA:82,12,0,0
BRDA:82,12,1,0
BRDA:82,13,0,0
BRDA:82,13,1,0
BRDA:82,13,2,0
BRDA:94,14,0,0
BRDA:94,14,1,0
BRDA:98,15,0,0
BRDA:98,15,1,0
BRDA:106,16,0,0
BRDA:106,16,1,0
BRDA:106,17,0,0
BRDA:106,17,1,0
BRDA:111,18,0,0
BRDA:111,18,1,0
BRDA:112,19,0,0
BRDA:112,19,1,0
BRDA:121,20,0,0
BRDA:126,21,0,0
BRDA:126,21,1,0
BRDA:126,22,0,0
BRDA:126,22,1,0
BRDA:126,22,2,0
BRDA:152,23,0,0
BRDA:152,23,1,0
BRDA:155,24,0,0
BRDA:155,24,1,0
BRDA:160,25,0,0
BRDA:160,25,1,0
BRDA:164,26,0,0
BRDA:164,26,1,0
BRDA:173,27,0,0
BRDA:173,27,1,0
BRDA:175,28,0,0
BRDA:175,28,1,0
BRDA:175,28,2,0
BRDA:176,29,0,0
BRDA:176,29,1,0
BRDA:176,30,0,0
BRDA:176,30,1,0
BRDA:179,31,0,0
BRDA:179,31,1,0
BRDA:179,32,0,0
BRDA:179,32,1,0
BRDA:191,33,0,0
BRDA:191,33,1,0
BRDA:191,33,2,0
BRDA:192,34,0,0
BRDA:192,34,1,0
BRDA:199,35,0,0
BRDA:204,36,0,0
BRDA:204,36,1,0
BRDA:204,37,0,0
BRDA:204,37,1,0
BRDA:204,37,2,0
BRDA:209,38,0,0
BRDA:209,38,1,0
BRDA:209,39,0,0
BRDA:209,39,1,0
BRDA:225,40,0,0
BRDA:225,40,1,0
BRDA:225,41,0,0
BRDA:225,41,1,0
BRDA:231,42,0,0
BRDA:231,42,1,0
BRDA:232,43,0,0
BRDA:232,43,1,0
BRF:89
BRH:0
end_of_record
TN:
SF:src/services/database.js
FN:9,getPool
FN:13,connect
FN:179,userExists
FN:191,getUserByCedula
FN:204,createUser
FN:251,logAccess
FN:267,updateTermsAcceptance
FN:280,updateUserType
FN:309,bulkUpdateUserType
FN:347,listUsers
FN:445,(anonymous_10)
FN:456,getUserDetail
FN:492,setUserActive
FN:529,bulkDeleteUsers
FN:581,bulkUpdateUserActive
FN:625,deleteUser
FN:679,setUserGroups
FN:705,listGroups
FN:719,(anonymous_18)
FN:722,(anonymous_19)
FN:727,(anonymous_20)
FN:737,addGroupAttribute
FN:749,deleteGroupAttribute
FN:756,deleteGroup
FN:774,cleanVendorName
FN:802,getStats
FN:875,(anonymous_26)
FN:876,(anonymous_27)
FN:885,(anonymous_28)
FN:898,getControllerConfig
FN:906,saveControllerConfig
FN:915,getUsersReport
FN:976,getConnectionsReport
FN:1079,getConsolidatedConnectionsReport
FN:1151,(anonymous_34)
FN:1159,getDistinctSsids
FN:1170,(anonymous_36)
FN:1173,getAccessLogReport
FN:1214,getUserDevices
FN:1222,registerUserDevice
FN:1270,deleteUserDevice
FN:1280,getActiveSessions
FN:1300,disconnectRadiusClient
FN:1334,(anonymous_43)
FN:1335,(anonymous_44)
FN:1351,setUserMaxDevices
FN:1358,getUserDevicesCount
FN:1366,isDeviceRegistered
FN:1375,getUserByDeviceMac
FN:1387,listAllDevices
FN:1420,(anonymous_50)
FN:1438,updateUserDevice
FN:1447,getRandomMacPreview
FN:1519,(anonymous_53)
FN:1530,(anonymous_54)
FN:1541,(anonymous_55)
FN:1553,(anonymous_56)
FN:1569,getRandomMacStats
FN:1636,purgeRandomMacs
FN:1707,runScheduledMaintenance
FN:1761,hashAdminPassword
FN:1767,verifyAdminPassword
FN:1773,verifyAdminLogin
FN:1786,createAdminSession
FN:1797,getAdminBySessionToken
FN:1818,deleteAdminSession
FN:1822,logAdminAudit
FN:1830,listAdmins
FN:1837,createAdmin
FN:1850,updateAdminRol
FN:1860,updateAdminStatus
FN:1870,updateAdminPassword
FN:1878,deleteAdmin
FN:1886,getAdminAuditLogs
FN:1917,startAcctSession
FN:1980,closeExpiredSessions
FN:2003,getSsidConfig
FN:2011,saveSsidConfig
FN:2021,listAllSsidConfigs
FN:2028,deleteSsidConfig
FN:2035,listMacBypass
FN:2042,getMacBypassById
FN:2050,getMacBypassByMac
FN:2061,createMacBypass
FN:2089,updateMacBypass
FN:2115,bulkUpdateMacBypassPpsk
FN:2152,updateMacBypassStatus
FN:2160,deleteMacBypass
FN:2172,getUsersLocalStatus
FN:2181,listLdapGroupVlans
FN:2186,createLdapGroupVlan
FN:2194,deleteLdapGroupVlan
FN:2201,getHotelGuest
FN:2209,createHotelGuest
FN:2223,listHotelGuests
FN:2228,deleteHotelGuest
FN:2233,getRestaurantPin
FN:2241,createRestaurantPin
FN:2255,incrementPinUsage
FN:2266,listRestaurantPins
FN:2271,deleteRestaurantPin
FNF:101
FNH:10
FNDA:5,getPool
FNDA:3,connect
FNDA:1,userExists
FNDA:0,getUserByCedula
FNDA:1,createUser
FNDA:0,logAccess
FNDA:0,updateTermsAcceptance
FNDA:0,updateUserType
FNDA:0,bulkUpdateUserType
FNDA:1,listUsers
FNDA:1,(anonymous_10)
FNDA:0,getUserDetail
FNDA:0,setUserActive
FNDA:0,bulkDeleteUsers
FNDA:0,bulkUpdateUserActive
FNDA:2,deleteUser
FNDA:0,setUserGroups
FNDA:0,listGroups
FNDA:0,(anonymous_18)
FNDA:0,(anonymous_19)
FNDA:0,(anonymous_20)
FNDA:0,addGroupAttribute
FNDA:0,deleteGroupAttribute
FNDA:0,deleteGroup
FNDA:0,cleanVendorName
FNDA:1,getStats
FNDA:0,(anonymous_26)
FNDA:0,(anonymous_27)
FNDA:0,(anonymous_28)
FNDA:5,getControllerConfig
FNDA:0,saveControllerConfig
FNDA:0,getUsersReport
FNDA:0,getConnectionsReport
FNDA:0,getConsolidatedConnectionsReport
FNDA:0,(anonymous_34)
FNDA:0,getDistinctSsids
FNDA:0,(anonymous_36)
FNDA:0,getAccessLogReport
FNDA:0,getUserDevices
FNDA:0,registerUserDevice
FNDA:0,deleteUserDevice
FNDA:0,getActiveSessions
FNDA:0,disconnectRadiusClient
FNDA:0,(anonymous_43)
FNDA:0,(anonymous_44)
FNDA:0,setUserMaxDevices
FNDA:0,getUserDevicesCount
FNDA:0,isDeviceRegistered
FNDA:0,getUserByDeviceMac
FNDA:0,listAllDevices
FNDA:0,(anonymous_50)
FNDA:0,updateUserDevice
FNDA:0,getRandomMacPreview
FNDA:0,(anonymous_53)
FNDA:0,(anonymous_54)
FNDA:0,(anonymous_55)
FNDA:0,(anonymous_56)
FNDA:0,getRandomMacStats
FNDA:0,purgeRandomMacs
FNDA:0,runScheduledMaintenance
FNDA:0,hashAdminPassword
FNDA:0,verifyAdminPassword
FNDA:0,verifyAdminLogin
FNDA:0,createAdminSession
FNDA:0,getAdminBySessionToken
FNDA:0,deleteAdminSession
FNDA:0,logAdminAudit
FNDA:0,listAdmins
FNDA:0,createAdmin
FNDA:0,updateAdminRol
FNDA:0,updateAdminStatus
FNDA:0,updateAdminPassword
FNDA:0,deleteAdmin
FNDA:0,getAdminAuditLogs
FNDA:0,startAcctSession
FNDA:0,closeExpiredSessions
FNDA:1,getSsidConfig
FNDA:0,saveSsidConfig
FNDA:0,listAllSsidConfigs
FNDA:0,deleteSsidConfig
FNDA:0,listMacBypass
FNDA:0,getMacBypassById
FNDA:0,getMacBypassByMac
FNDA:0,createMacBypass
FNDA:0,updateMacBypass
FNDA:0,bulkUpdateMacBypassPpsk
FNDA:0,updateMacBypassStatus
FNDA:0,deleteMacBypass
FNDA:0,getUsersLocalStatus
FNDA:0,listLdapGroupVlans
FNDA:0,createLdapGroupVlan
FNDA:0,deleteLdapGroupVlan
FNDA:0,getHotelGuest
FNDA:0,createHotelGuest
FNDA:0,listHotelGuests
FNDA:0,deleteHotelGuest
FNDA:0,getRestaurantPin
FNDA:0,createRestaurantPin
FNDA:0,incrementPinUsage
FNDA:0,listRestaurantPins
FNDA:0,deleteRestaurantPin
DA:3,4
DA:4,4
DA:5,4
DA:10,5
DA:14,3
DA:26,3
DA:27,3
DA:28,3
DA:36,3
DA:47,3
DA:59,3
DA:68,3
DA:80,3
DA:93,3
DA:108,3
DA:109,3
DA:110,0
DA:111,0
DA:112,0
DA:113,0
DA:114,0
DA:116,0
DA:121,0
DA:125,3
DA:126,3
DA:130,3
DA:134,3
DA:138,3
DA:144,0
DA:148,3
DA:149,3
DA:168,0
DA:171,3
DA:172,3
DA:180,1
DA:184,1
DA:192,0
DA:196,0
DA:205,1
DA:206,1
DA:208,1
DA:209,1
DA:212,1
DA:219,1
DA:222,1
DA:229,1
DA:230,1
DA:237,1
DA:238,1
DA:239,1
DA:241,0
DA:242,0
DA:244,1
DA:252,0
DA:253,0
DA:260,0
DA:268,0
DA:269,0
DA:276,0
DA:281,0
DA:282,0
DA:283,0
DA:284,0
DA:288,0
DA:291,0
DA:296,0
DA:300,0
DA:302,0
DA:303,0
DA:305,0
DA:310,0
DA:311,0
DA:312,0
DA:313,0
DA:314,0
DA:318,0
DA:321,0
DA:327,0
DA:328,0
DA:333,0
DA:335,0
DA:336,0
DA:338,0
DA:357,1
DA:358,1
DA:359,1
DA:360,1
DA:363,1
DA:368,1
DA:369,1
DA:372,1
DA:386,1
DA:387,1
DA:390,1
DA:391,0
DA:402,0
DA:403,0
DA:404,0
DA:408,1
DA:409,0
DA:410,0
DA:411,0
DA:413,1
DA:414,0
DA:415,0
DA:416,0
DA:420,1
DA:421,0
DA:422,1
DA:423,0
DA:424,1
DA:425,0
DA:426,1
DA:427,0
DA:431,1
DA:434,1
DA:435,1
DA:436,1
DA:437,1
DA:439,1
DA:444,1
DA:445,1
DA:457,0
DA:480,0
DA:481,0
DA:493,0
DA:494,0
DA:495,0
DA:496,0
DA:500,0
DA:502,0
DA:506,0
DA:507,0
DA:515,0
DA:520,0
DA:522,0
DA:523,0
DA:525,0
DA:530,0
DA:531,0
DA:532,0
DA:533,0
DA:535,0
DA:537,0
DA:541,0
DA:542,0
DA:543,0
DA:544,0
DA:545,0
DA:549,0
DA:555,0
DA:561,0
DA:568,0
DA:569,0
DA:570,0
DA:571,0
DA:572,0
DA:574,0
DA:575,0
DA:577,0
DA:582,0
DA:583,0
DA:584,0
DA:585,0
DA:586,0
DA:591,0
DA:593,0
DA:597,0
DA:598,0
DA:607,0
DA:613,0
DA:615,0
DA:616,0
DA:618,0
DA:626,2
DA:627,2
DA:628,2
DA:630,2
DA:632,2
DA:636,2
DA:637,2
DA:638,0
DA:639,0
DA:640,0
DA:644,2
DA:650,2
DA:656,2
DA:663,2
DA:664,2
DA:665,2
DA:666,2
DA:667,2
DA:669,0
DA:670,0
DA:672,2
DA:681,0
DA:682,0
DA:683,0
DA:684,0
DA:685,0
DA:686,0
DA:691,0
DA:693,0
DA:694,0
DA:696,0
DA:706,0
DA:710,0
DA:715,0
DA:718,0
DA:719,0
DA:721,0
DA:722,0
DA:723,0
DA:724,0
DA:727,0
DA:738,0
DA:743,0
DA:750,0
DA:757,0
DA:758,0
DA:759,0
DA:760,0
DA:761,0
DA:762,0
DA:763,0
DA:765,0
DA:766,0
DA:768,0
DA:775,0
DA:776,0
DA:777,0
DA:778,0
DA:779,0
DA:780,0
DA:781,0
DA:782,0
DA:783,0
DA:784,0
DA:785,0
DA:786,0
DA:787,0
DA:788,0
DA:789,0
DA:790,0
DA:791,0
DA:792,0
DA:793,0
DA:794,0
DA:795,0
DA:796,0
DA:797,0
DA:799,0
DA:803,1
DA:866,1
DA:867,1
DA:868,0
DA:869,0
DA:870,0
DA:871,0
DA:874,1
DA:875,0
DA:876,0
DA:879,1
DA:885,0
DA:899,5
DA:903,5
DA:907,0
DA:916,0
DA:922,0
DA:923,0
DA:925,0
DA:926,0
DA:927,0
DA:928,0
DA:931,0
DA:932,0
DA:933,0
DA:934,0
DA:937,0
DA:938,0
DA:939,0
DA:940,0
DA:944,0
DA:945,0
DA:946,0
DA:948,0
DA:949,0
DA:950,0
DA:951,0
DA:954,0
DA:955,0
DA:956,0
DA:957,0
DA:960,0
DA:961,0
DA:962,0
DA:963,0
DA:966,0
DA:968,0
DA:969,0
DA:971,0
DA:973,0
DA:977,0
DA:999,0
DA:1000,0
DA:1002,0
DA:1003,0
DA:1004,0
DA:1005,0
DA:1008,0
DA:1009,0
DA:1010,0
DA:1011,0
DA:1014,0
DA:1015,0
DA:1016,0
DA:1017,0
DA:1020,0
DA:1021,0
DA:1022,0
DA:1023,0
DA:1028,0
DA:1029,0
DA:1031,0
DA:1032,0
DA:1045,0
DA:1046,0
DA:1048,0
DA:1051,0
DA:1052,0
DA:1053,0
DA:1054,0
DA:1057,0
DA:1058,0
DA:1059,0
DA:1060,0
DA:1063,0
DA:1064,0
DA:1065,0
DA:1066,0
DA:1069,0
DA:1071,0
DA:1072,0
DA:1074,0
DA:1076,0
DA:1080,0
DA:1115,0
DA:1116,0
DA:1118,0
DA:1119,0
DA:1120,0
DA:1121,0
DA:1124,0
DA:1125,0
DA:1126,0
DA:1127,0
DA:1130,0
DA:1131,0
DA:1132,0
DA:1133,0
DA:1136,0
DA:1137,0
DA:1138,0
DA:1139,0
DA:1142,0
DA:1144,0
DA:1145,0
DA:1147,0
DA:1148,0
DA:1150,0
DA:1151,0
DA:1156,0
DA:1160,0
DA:1170,0
DA:1174,0
DA:1180,0
DA:1181,0
DA:1183,0
DA:1184,0
DA:1185,0
DA:1186,0
DA:1189,0
DA:1190,0
DA:1191,0
DA:1192,0
DA:1195,0
DA:1196,0
DA:1197,0
DA:1198,0
DA:1202,0
DA:1203,0
DA:1205,0
DA:1206,0
DA:1208,0
DA:1210,0
DA:1215,0
DA:1219,0
DA:1223,0
DA:1224,0
DA:1225,0
DA:1233,0
DA:1234,0
DA:1235,0
DA:1238,0
DA:1244,0
DA:1245,0
DA:1246,0
DA:1247,0
DA:1248,0
DA:1252,0
DA:1253,0
DA:1255,0
DA:1258,0
DA:1259,0
DA:1260,0
DA:1262,0
DA:1264,0
DA:1265,0
DA:1266,0
DA:1267,0
DA:1271,0
DA:1272,0
DA:1273,0
DA:1277,0
DA:1281,0
DA:1296,0
DA:1297,0
DA:1301,0
DA:1302,0
DA:1303,0
DA:1305,0
DA:1307,0
DA:1317,0
DA:1318,0
DA:1319,0
DA:1320,0
DA:1323,0
DA:1324,0
DA:1325,0
DA:1327,0
DA:1328,0
DA:1331,0
DA:1332,0
DA:1334,0
DA:1335,0
DA:1336,0
DA:1337,0
DA:1338,0
DA:1340,0
DA:1341,0
DA:1346,0
DA:1347,0
DA:1352,0
DA:1359,0
DA:1363,0
DA:1367,0
DA:1368,0
DA:1372,0
DA:1376,0
DA:1377,0
DA:1384,0
DA:1388,0
DA:1389,0
DA:1390,0
DA:1391,0
DA:1393,0
DA:1401,0
DA:1420,0
DA:1421,0
DA:1422,0
DA:1423,0
DA:1425,0
DA:1435,0
DA:1439,0
DA:1448,0
DA:1449,0
DA:1451,0
DA:1464,0
DA:1477,0
DA:1490,0
DA:1511,0
DA:1518,0
DA:1520,0
DA:1521,0
DA:1522,0
DA:1531,0
DA:1532,0
DA:1533,0
DA:1542,0
DA:1543,0
DA:1544,0
DA:1554,0
DA:1555,0
DA:1556,0
DA:1570,0
DA:1571,0
DA:1573,0
DA:1582,0
DA:1593,0
DA:1602,0
DA:1621,0
DA:1628,0
DA:1637,0
DA:1638,0
DA:1639,0
DA:1640,0
DA:1642,0
DA:1643,0
DA:1645,0
DA:1646,0
DA:1653,0
DA:1654,0
DA:1657,0
DA:1658,0
DA:1667,0
DA:1668,0
DA:1671,0
DA:1672,0
DA:1679,0
DA:1680,0
DA:1683,0
DA:1684,0
DA:1700,0
DA:1701,0
DA:1704,0
DA:1708,0
DA:1709,0
DA:1710,0
DA:1711,0
DA:1713,0
DA:1715,0
DA:1716,0
DA:1721,0
DA:1724,0
DA:1725,0
DA:1730,0
DA:1733,0
DA:1734,0
DA:1739,0
DA:1742,0
DA:1743,0
DA:1752,0
DA:1755,0
DA:1759,4
DA:1762,0
DA:1763,0
DA:1764,0
DA:1768,0
DA:1769,0
DA:1770,0
DA:1774,0
DA:1778,0
DA:1779,0
DA:1780,0
DA:1781,0
DA:1783,0
DA:1787,0
DA:1788,0
DA:1789,0
DA:1794,0
DA:1798,0
DA:1805,0
DA:1806,0
DA:1809,0
DA:1810,0
DA:1815,0
DA:1819,0
DA:1823,0
DA:1831,0
DA:1834,0
DA:1838,0
DA:1839,0
DA:1840,0
DA:1841,0
DA:1847,0
DA:1851,0
DA:1852,0
DA:1853,0
DA:1854,0
DA:1861,0
DA:1862,0
DA:1864,0
DA:1871,0
DA:1872,0
DA:1879,0
DA:1880,0
DA:1881,0
DA:1883,0
DA:1887,0
DA:1888,0
DA:1890,0
DA:1891,0
DA:1892,0
DA:1895,0
DA:1896,0
DA:1898,0
DA:1900,0
DA:1901,0
DA:1902,0
DA:1903,0
DA:1904,0
DA:1906,0
DA:1908,0
DA:1918,0
DA:1919,0
DA:1920,0
DA:1922,0
DA:1925,0
DA:1935,0
DA:1937,0
DA:1938,0
DA:1944,0
DA:1945,0
DA:1949,0
DA:1958,0
DA:1959,0
DA:1962,0
DA:1971,0
DA:1973,0
DA:1981,0
DA:1982,0
DA:1983,0
DA:1995,0
DA:1996,0
DA:1999,0
DA:2004,1
DA:2008,1
DA:2012,0
DA:2022,0
DA:2025,0
DA:2029,0
DA:2036,0
DA:2039,0
DA:2043,0
DA:2047,0
DA:2051,0
DA:2052,0
DA:2053,0
DA:2054,0
DA:2058,0
DA:2062,0
DA:2063,0
DA:2064,0
DA:2065,0
DA:2066,0
DA:2068,0
DA:2074,0
DA:2075,0
DA:2076,0
DA:2077,0
DA:2080,0
DA:2081,0
DA:2082,0
DA:2083,0
DA:2086,0
DA:2090,0
DA:2091,0
DA:2092,0
DA:2093,0
DA:2095,0
DA:2101,0
DA:2102,0
DA:2103,0
DA:2104,0
DA:2106,0
DA:2107,0
DA:2108,0
DA:2109,0
DA:2112,0
DA:2116,0
DA:2117,0
DA:2118,0
DA:2119,0
DA:2120,0
DA:2121,0
DA:2122,0
DA:2123,0
DA:2124,0
DA:2125,0
DA:2128,0
DA:2131,0
DA:2132,0
DA:2133,0
DA:2134,0
DA:2136,0
DA:2137,0
DA:2138,0
DA:2139,0
DA:2143,0
DA:2145,0
DA:2146,0
DA:2148,0
DA:2153,0
DA:2157,0
DA:2161,0
DA:2162,0
DA:2163,0
DA:2164,0
DA:2166,0
DA:2170,0
DA:2173,0
DA:2174,0
DA:2178,0
DA:2182,0
DA:2183,0
DA:2187,0
DA:2191,0
DA:2195,0
DA:2196,0
DA:2202,0
DA:2206,0
DA:2210,0
DA:2211,0
DA:2212,0
DA:2220,0
DA:2224,0
DA:2225,0
DA:2229,0
DA:2230,0
DA:2234,0
DA:2238,0
DA:2242,0
DA:2243,0
DA:2244,0
DA:2245,0
DA:2252,0
DA:2256,0
DA:2263,0
DA:2267,0
DA:2268,0
DA:2272,0
DA:2273,0
DA:2276,4
LF:733
LH:92
BRDA:15,0,0,3
BRDA:15,0,1,0
BRDA:16,1,0,3
BRDA:16,1,1,3
BRDA:20,2,0,3
BRDA:20,2,1,3
BRDA:21,3,0,3
BRDA:21,3,1,3
BRDA:22,4,0,3
BRDA:22,4,1,3
BRDA:109,5,0,0
BRDA:109,5,1,3
BRDA:110,6,0,0
BRDA:110,6,1,0
BRDA:196,7,0,0
BRDA:196,7,1,0
BRDA:204,8,0,0
BRDA:216,9,0,1
BRDA:216,9,1,0
BRDA:216,10,0,1
BRDA:216,10,1,0
BRDA:229,11,0,0
BRDA:229,11,1,1
BRDA:256,12,0,0
BRDA:256,12,1,0
BRDA:256,13,0,0
BRDA:256,13,1,0
BRDA:256,14,0,0
BRDA:256,14,1,0
BRDA:273,15,0,0
BRDA:273,15,1,0
BRDA:288,16,0,0
BRDA:288,16,1,0
BRDA:310,17,0,0
BRDA:310,17,1,0
BRDA:310,18,0,0
BRDA:310,18,1,0
BRDA:318,19,0,0
BRDA:318,19,1,0
BRDA:347,20,0,0
BRDA:348,21,0,0
BRDA:349,22,0,0
BRDA:350,23,0,0
BRDA:351,24,0,0
BRDA:352,25,0,0
BRDA:353,26,0,0
BRDA:354,27,0,0
BRDA:355,28,0,0
BRDA:357,29,0,1
BRDA:357,29,1,1
BRDA:368,30,0,1
BRDA:368,30,1,0
BRDA:369,31,0,0
BRDA:369,31,1,1
BRDA:390,32,0,0
BRDA:390,32,1,1
BRDA:408,33,0,0
BRDA:408,33,1,1
BRDA:413,34,0,0
BRDA:413,34,1,1
BRDA:420,35,0,0
BRDA:420,35,1,1
BRDA:422,36,0,0
BRDA:422,36,1,1
BRDA:424,37,0,0
BRDA:424,37,1,1
BRDA:426,38,0,0
BRDA:426,38,1,1
BRDA:447,39,0,1
BRDA:447,39,1,0
BRDA:480,40,0,0
BRDA:480,40,1,0
BRDA:500,41,0,0
BRDA:500,41,1,0
BRDA:506,42,0,0
BRDA:506,42,1,0
BRDA:529,43,0,0
BRDA:530,44,0,0
BRDA:530,44,1,0
BRDA:530,45,0,0
BRDA:530,45,1,0
BRDA:535,46,0,0
BRDA:535,46,1,0
BRDA:582,47,0,0
BRDA:582,47,1,0
BRDA:582,48,0,0
BRDA:582,48,1,0
BRDA:591,49,0,0
BRDA:591,49,1,0
BRDA:625,50,0,0
BRDA:630,51,0,2
BRDA:630,51,1,0
BRDA:688,52,0,0
BRDA:688,52,1,0
BRDA:723,53,0,0
BRDA:723,53,1,0
BRDA:729,54,0,0
BRDA:729,54,1,0
BRDA:730,55,0,0
BRDA:730,55,1,0
BRDA:775,56,0,0
BRDA:775,56,1,0
BRDA:777,57,0,0
BRDA:777,57,1,0
BRDA:778,58,0,0
BRDA:778,58,1,0
BRDA:779,59,0,0
BRDA:779,59,1,0
BRDA:780,60,0,0
BRDA:780,60,1,0
BRDA:780,61,0,0
BRDA:780,61,1,0
BRDA:780,61,2,0
BRDA:781,62,0,0
BRDA:781,62,1,0
BRDA:781,63,0,0
BRDA:781,63,1,0
BRDA:782,64,0,0
BRDA:782,64,1,0
BRDA:782,65,0,0
BRDA:782,65,1,0
BRDA:783,66,0,0
BRDA:783,66,1,0
BRDA:784,67,0,0
BRDA:784,67,1,0
BRDA:784,68,0,0
BRDA:784,68,1,0
BRDA:785,69,0,0
BRDA:785,69,1,0
BRDA:785,70,0,0
BRDA:785,70,1,0
BRDA:786,71,0,0
BRDA:786,71,1,0
BRDA:787,72,0,0
BRDA:787,72,1,0
BRDA:788,73,0,0
BRDA:788,73,1,0
BRDA:789,74,0,0
BRDA:789,74,1,0
BRDA:790,75,0,0
BRDA:790,75,1,0
BRDA:791,76,0,0
BRDA:791,76,1,0
BRDA:792,77,0,0
BRDA:792,77,1,0
BRDA:793,78,0,0
BRDA:793,78,1,0
BRDA:794,79,0,0
BRDA:794,79,1,0
BRDA:795,80,0,0
BRDA:795,80,1,0
BRDA:796,81,0,0
BRDA:796,81,1,0
BRDA:796,82,0,0
BRDA:796,82,1,0
BRDA:797,83,0,0
BRDA:797,83,1,0
BRDA:868,84,0,0
BRDA:868,84,1,0
BRDA:871,85,0,0
BRDA:871,85,1,0
BRDA:888,86,0,0
BRDA:888,86,1,0
BRDA:891,87,0,1
BRDA:891,87,1,0
BRDA:892,88,0,1
BRDA:892,88,1,0
BRDA:903,89,0,5
BRDA:903,89,1,0
BRDA:915,90,0,0
BRDA:915,91,0,0
BRDA:915,92,0,0
BRDA:915,93,0,0
BRDA:925,94,0,0
BRDA:925,94,1,0
BRDA:931,95,0,0
BRDA:931,95,1,0
BRDA:937,96,0,0
BRDA:937,96,1,0
BRDA:948,97,0,0
BRDA:948,97,1,0
BRDA:954,98,0,0
BRDA:954,98,1,0
BRDA:960,99,0,0
BRDA:960,99,1,0
BRDA:976,100,0,0
BRDA:976,101,0,0
BRDA:976,102,0,0
BRDA:976,103,0,0
BRDA:976,104,0,0
BRDA:1002,105,0,0
BRDA:1002,105,1,0
BRDA:1008,106,0,0
BRDA:1008,106,1,0
BRDA:1014,107,0,0
BRDA:1014,107,1,0
BRDA:1020,108,0,0
BRDA:1020,108,1,0
BRDA:1031,109,0,0
BRDA:1031,109,1,0
BRDA:1051,110,0,0
BRDA:1051,110,1,0
BRDA:1057,111,0,0
BRDA:1057,111,1,0
BRDA:1063,112,0,0
BRDA:1063,112,1,0
BRDA:1079,113,0,0
BRDA:1079,114,0,0
BRDA:1079,115,0,0
BRDA:1079,116,0,0
BRDA:1079,117,0,0
BRDA:1118,118,0,0
BRDA:1118,118,1,0
BRDA:1124,119,0,0
BRDA:1124,119,1,0
BRDA:1130,120,0,0
BRDA:1130,120,1,0
BRDA:1136,121,0,0
BRDA:1136,121,1,0
BRDA:1173,122,0,0
BRDA:1173,123,0,0
BRDA:1173,124,0,0
BRDA:1173,125,0,0
BRDA:1183,126,0,0
BRDA:1183,126,1,0
BRDA:1189,127,0,0
BRDA:1189,127,1,0
BRDA:1195,128,0,0
BRDA:1195,128,1,0
BRDA:1222,129,0,0
BRDA:1223,130,0,0
BRDA:1223,130,1,0
BRDA:1238,131,0,0
BRDA:1238,131,1,0
BRDA:1244,132,0,0
BRDA:1244,132,1,0
BRDA:1245,133,0,0
BRDA:1245,133,1,0
BRDA:1246,134,0,0
BRDA:1246,134,1,0
BRDA:1247,135,0,0
BRDA:1247,135,1,0
BRDA:1248,136,0,0
BRDA:1248,136,1,0
BRDA:1252,137,0,0
BRDA:1252,137,1,0
BRDA:1253,138,0,0
BRDA:1253,138,1,0
BRDA:1255,139,0,0
BRDA:1255,139,1,0
BRDA:1255,140,0,0
BRDA:1255,140,1,0
BRDA:1258,141,0,0
BRDA:1258,141,1,0
BRDA:1259,142,0,0
BRDA:1259,142,1,0
BRDA:1259,143,0,0
BRDA:1259,143,1,0
BRDA:1271,144,0,0
BRDA:1271,144,1,0
BRDA:1301,145,0,0
BRDA:1301,145,1,0
BRDA:1318,146,0,0
BRDA:1318,146,1,0
BRDA:1324,147,0,0
BRDA:1324,147,1,0
BRDA:1327,148,0,0
BRDA:1327,148,1,0
BRDA:1336,149,0,0
BRDA:1336,149,1,0
BRDA:1354,150,0,0
BRDA:1354,150,1,0
BRDA:1354,151,0,0
BRDA:1354,151,1,0
BRDA:1367,152,0,0
BRDA:1367,152,1,0
BRDA:1376,153,0,0
BRDA:1376,153,1,0
BRDA:1384,154,0,0
BRDA:1384,154,1,0
BRDA:1387,155,0,0
BRDA:1387,156,0,0
BRDA:1387,157,0,0
BRDA:1387,158,0,0
BRDA:1388,159,0,0
BRDA:1388,159,1,0
BRDA:1393,160,0,0
BRDA:1393,160,1,0
BRDA:1408,161,0,0
BRDA:1408,161,1,0
BRDA:1408,162,0,0
BRDA:1408,162,1,0
BRDA:1409,163,0,0
BRDA:1409,163,1,0
BRDA:1416,164,0,0
BRDA:1416,164,1,0
BRDA:1430,165,0,0
BRDA:1430,165,1,0
BRDA:1430,166,0,0
BRDA:1430,166,1,0
BRDA:1447,167,0,0
BRDA:1447,168,0,0
BRDA:1449,169,0,0
BRDA:1449,169,1,0
BRDA:1451,170,0,0
BRDA:1451,170,1,0
BRDA:1464,171,0,0
BRDA:1464,171,1,0
BRDA:1477,172,0,0
BRDA:1477,172,1,0
BRDA:1490,173,0,0
BRDA:1490,173,1,0
BRDA:1512,174,0,0
BRDA:1512,174,1,0
BRDA:1513,175,0,0
BRDA:1513,175,1,0
BRDA:1514,176,0,0
BRDA:1514,176,1,0
BRDA:1515,177,0,0
BRDA:1515,177,1,0
BRDA:1525,178,0,0
BRDA:1525,178,1,0
BRDA:1525,179,0,0
BRDA:1525,179,1,0
BRDA:1537,180,0,0
BRDA:1537,180,1,0
BRDA:1537,181,0,0
BRDA:1537,181,1,0
BRDA:1547,182,0,0
BRDA:1547,182,1,0
BRDA:1561,183,0,0
BRDA:1561,183,1,0
BRDA:1561,184,0,0
BRDA:1561,184,1,0
BRDA:1562,185,0,0
BRDA:1562,185,1,0
BRDA:1569,186,0,0
BRDA:1569,187,0,0
BRDA:1571,188,0,0
BRDA:1571,188,1,0
BRDA:1573,189,0,0
BRDA:1573,189,1,0
BRDA:1582,190,0,0
BRDA:1582,190,1,0
BRDA:1593,191,0,0
BRDA:1593,191,1,0
BRDA:1602,192,0,0
BRDA:1602,192,1,0
BRDA:1622,193,0,0
BRDA:1622,193,1,0
BRDA:1623,194,0,0
BRDA:1623,194,1,0
BRDA:1624,195,0,0
BRDA:1624,195,1,0
BRDA:1625,196,0,0
BRDA:1625,196,1,0
BRDA:1636,197,0,0
BRDA:1636,198,0,0
BRDA:1643,199,0,0
BRDA:1643,199,1,0
BRDA:1645,200,0,0
BRDA:1645,200,1,0
BRDA:1646,201,0,0
BRDA:1646,201,1,0
BRDA:1653,202,0,0
BRDA:1653,202,1,0
BRDA:1657,203,0,0
BRDA:1657,203,1,0
BRDA:1658,204,0,0
BRDA:1658,204,1,0
BRDA:1667,205,0,0
[...]
BRDA:27,9,1,0
BRDA:28,10,0,0
BRDA:28,10,1,0
BRDA:29,11,0,0
BRDA:29,11,1,0
BRDA:29,12,0,0
BRDA:29,12,1,0
BRDA:33,13,0,0
BRDA:33,13,1,0
BRF:28
BRH:4
end_of_record
TN:
SF:src/services/db/admin.js
FN:8,hashAdminPassword
FN:14,verifyAdminPassword
FN:20,verifyAdminLogin
FN:33,createAdminSession
FN:44,getAdminBySessionToken
FN:65,deleteAdminSession
FN:69,listAdmins
FN:76,createAdmin
FN:89,updateAdminRol
FN:99,updateAdminStatus
FN:109,updateAdminPassword
FN:117,deleteAdmin
FNF:12
FNH:0
FNDA:0,hashAdminPassword
FNDA:0,verifyAdminPassword
FNDA:0,verifyAdminLogin
FNDA:0,createAdminSession
FNDA:0,getAdminBySessionToken
FNDA:0,deleteAdminSession
FNDA:0,listAdmins
FNDA:0,createAdmin
FNDA:0,updateAdminRol
FNDA:0,updateAdminStatus
FNDA:0,updateAdminPassword
FNDA:0,deleteAdmin
DA:3,0
DA:4,0
DA:9,0
DA:10,0
DA:11,0
DA:15,0
DA:16,0
DA:17,0
DA:21,0
DA:25,0
DA:26,0
DA:27,0
DA:28,0
DA:30,0
DA:34,0
DA:35,0
DA:36,0
DA:41,0
DA:45,0
DA:52,0
DA:53,0
DA:56,0
DA:57,0
DA:62,0
DA:66,0
DA:70,0
DA:73,0
DA:77,0
DA:78,0
DA:79,0
DA:80,0
DA:86,0
DA:90,0
DA:91,0
DA:92,0
DA:93,0
DA:100,0
DA:101,0
DA:103,0
DA:110,0
DA:111,0
DA:118,0
DA:119,0
DA:120,0
DA:122,0
DA:125,0
LF:46
LH:0
BRDA:26,0,0,0
BRDA:26,0,1,0
BRDA:26,1,0,0
BRDA:26,1,1,0
BRDA:27,2,0,0
BRDA:27,2,1,0
BRDA:28,3,0,0
BRDA:28,3,1,0
BRDA:53,4,0,0
BRDA:53,4,1,0
BRDA:62,5,0,0
BRDA:62,5,1,0
BRDA:76,6,0,0
BRDA:78,7,0,0
BRDA:78,7,1,0
BRDA:91,8,0,0
BRDA:91,8,1,0
BRDA:92,9,0,0
BRDA:92,9,1,0
BRDA:100,10,0,0
BRDA:100,10,1,0
BRDA:119,11,0,0
BRDA:119,11,1,0
BRF:23
BRH:0
end_of_record
TN:
SF:src/services/db/audit.js
FN:8,logAccess
FN:21,logAdminAudit
FN:32,startAcctSession
FN:95,closeExpiredSessions
FN:118,getAdminAuditLogs
FNF:5
FNH:0
FNDA:0,logAccess
FNDA:0,logAdminAudit
FNDA:0,startAcctSession
FNDA:0,closeExpiredSessions
FNDA:0,getAdminAuditLogs
DA:3,0
DA:9,0
DA:10,0
DA:17,0
DA:22,0
DA:33,0
DA:34,0
DA:35,0
DA:37,0
DA:40,0
DA:50,0
DA:52,0
DA:53,0
DA:59,0
DA:60,0
DA:64,0
DA:73,0
DA:74,0
DA:77,0
DA:86,0
DA:88,0
DA:96,0
DA:97,0
DA:98,0
DA:110,0
DA:111,0
DA:114,0
DA:119,0
DA:120,0
DA:122,0
DA:123,0
DA:124,0
DA:127,0
DA:128,0
DA:130,0
DA:132,0
DA:133,0
DA:134,0
DA:135,0
DA:136,0
DA:138,0
DA:140,0
DA:146,0
LF:43
LH:0
BRDA:13,0,0,0
BRDA:13,0,1,0
BRDA:13,1,0,0
BRDA:13,1,1,0
BRDA:13,2,0,0
BRDA:13,2,1,0
BRDA:33,3,0,0
BRDA:33,3,1,0
BRDA:50,4,0,0
BRDA:50,4,1,0
BRDA:52,5,0,0
BRDA:52,5,1,0
BRDA:73,6,0,0
BRDA:73,6,1,0
BRDA:83,7,0,0
BRDA:83,7,1,0
BRDA:97,8,0,0
BRDA:97,8,1,0
BRDA:110,9,0,0
BRDA:110,9,1,0
BRDA:118,10,0,0
BRDA:118,11,0,0
BRDA:118,12,0,0
BRDA:122,13,0,0
BRDA:122,13,1,0
BRDA:134,14,0,0
BRDA:134,14,1,0
BRF:27
BRH:0
end_of_record
TN:
SF:src/services/db/config.js
FN:5,getControllerConfig
FN:13,saveControllerConfig
FN:22,getSsidConfig
FN:30,saveSsidConfig
FN:40,listAllSsidConfigs
FN:47,deleteSsidConfig
FNF:6
FNH:0
FNDA:0,getControllerConfig
FNDA:0,saveControllerConfig
FNDA:0,getSsidConfig
FNDA:0,saveSsidConfig
FNDA:0,listAllSsidConfigs
FNDA:0,deleteSsidConfig
DA:3,0
DA:6,0
DA:10,0
DA:14,0
DA:23,0
DA:27,0
DA:31,0
DA:41,0
DA:44,0
DA:48,0
DA:54,0
LF:11
LH:0
BRDA:10,0,0,0
BRDA:10,0,1,0
BRDA:27,1,0,0
BRDA:27,1,1,0
BRDA:36,2,0,0
BRDA:36,2,1,0
BRF:6
BRH:0
end_of_record
TN:
SF:src/services/db/devices.js
FN:9,getUserDevices
FN:17,registerUserDevice
FN:65,deleteUserDevice
FN:75,getActiveSessions
FN:95,disconnectRadiusClient
FN:128,(anonymous_5)
FN:129,(anonymous_6)
FN:145,getUserDevicesCount
FN:153,isDeviceRegistered
FN:162,getUserByDeviceMac
FN:174,listAllDevices
FN:207,(anonymous_11)
FN:225,updateUserDevice
FN:234,getRandomMacPreview
FN:306,(anonymous_14)
FN:317,(anonymous_15)
FN:328,(anonymous_16)
FN:340,(anonymous_17)
FN:356,getRandomMacStats
FN:423,purgeRandomMacs
FN:494,runScheduledMaintenance
FNF:21
FNH:0
FNDA:0,getUserDevices
FNDA:0,registerUserDevice
FNDA:0,deleteUserDevice
FNDA:0,getActiveSessions
FNDA:0,disconnectRadiusClient
FNDA:0,(anonymous_5)
FNDA:0,(anonymous_6)
FNDA:0,getUserDevicesCount
FNDA:0,isDeviceRegistered
FNDA:0,getUserByDeviceMac
FNDA:0,listAllDevices
FNDA:0,(anonymous_11)
FNDA:0,updateUserDevice
FNDA:0,getRandomMacPreview
FNDA:0,(anonymous_14)
FNDA:0,(anonymous_15)
FNDA:0,(anonymous_16)
FNDA:0,(anonymous_17)
FNDA:0,getRandomMacStats
FNDA:0,purgeRandomMacs
FNDA:0,runScheduledMaintenance
DA:3,0
DA:4,0
DA:5,0
DA:6,0
DA:10,0
DA:14,0
DA:18,0
DA:19,0
DA:20,0
DA:28,0
DA:29,0
DA:30,0
DA:33,0
DA:39,0
DA:40,0
DA:41,0
DA:42,0
DA:43,0
DA:47,0
DA:48,0
DA:50,0
DA:53,0
DA:54,0
DA:55,0
DA:57,0
DA:59,0
DA:60,0
DA:61,0
DA:62,0
DA:66,0
DA:67,0
DA:68,0
DA:72,0
DA:76,0
DA:91,0
DA:92,0
DA:96,0
DA:97,0
DA:98,0
DA:100,0
DA:102,0
DA:112,0
DA:113,0
DA:114,0
DA:115,0
DA:118,0
DA:119,0
DA:120,0
DA:122,0
DA:125,0
DA:126,0
DA:128,0
DA:129,0
DA:130,0
DA:131,0
DA:132,0
DA:134,0
DA:135,0
DA:140,0
DA:141,0
DA:146,0
DA:150,0
DA:154,0
DA:155,0
DA:159,0
DA:163,0
DA:164,0
DA:171,0
DA:175,0
DA:176,0
DA:177,0
DA:178,0
DA:180,0
DA:188,0
DA:207,0
DA:208,0
DA:209,0
DA:210,0
DA:212,0
DA:222,0
DA:226,0
DA:235,0
DA:236,0
DA:238,0
DA:251,0
DA:264,0
DA:277,0
DA:298,0
DA:305,0
DA:307,0
DA:308,0
DA:309,0
DA:318,0
DA:319,0
DA:320,0
DA:329,0
DA:330,0
DA:331,0
DA:341,0
DA:342,0
DA:343,0
DA:357,0
DA:358,0
DA:360,0
DA:369,0
DA:380,0
DA:389,0
DA:408,0
DA:415,0
DA:424,0
DA:425,0
DA:426,0
DA:427,0
DA:429,0
DA:430,0
DA:432,0
DA:433,0
DA:440,0
DA:441,0
DA:444,0
DA:445,0
DA:454,0
DA:455,0
DA:458,0
DA:459,0
DA:466,0
DA:467,0
DA:470,0
DA:471,0
DA:487,0
DA:488,0
DA:491,0
DA:495,0
DA:496,0
DA:497,0
DA:498,0
DA:500,0
DA:502,0
DA:503,0
DA:508,0
DA:511,0
DA:512,0
DA:517,0
DA:520,0
DA:521,0
DA:526,0
DA:529,0
DA:530,0
DA:539,0
DA:542,0
DA:545,0
LF:151
LH:0
BRDA:17,0,0,0
BRDA:18,1,0,0
BRDA:18,1,1,0
BRDA:33,2,0,0
BRDA:33,2,1,0
BRDA:39,3,0,0
BRDA:39,3,1,0
BRDA:40,4,0,0
BRDA:40,4,1,0
BRDA:41,5,0,0
BRDA:41,5,1,0
BRDA:42,6,0,0
BRDA:42,6,1,0
BRDA:43,7,0,0
BRDA:43,7,1,0
BRDA:47,8,0,0
BRDA:47,8,1,0
BRDA:48,9,0,0
BRDA:48,9,1,0
BRDA:50,10,0,0
BRDA:50,10,1,0
BRDA:50,11,0,0
BRDA:50,11,1,0
BRDA:53,12,0,0
BRDA:53,12,1,0
BRDA:54,13,0,0
BRDA:54,13,1,0
BRDA:54,14,0,0
BRDA:54,14,1,0
BRDA:66,15,0,0
BRDA:66,15,1,0
BRDA:96,16,0,0
BRDA:96,16,1,0
BRDA:113,17,0,0
BRDA:113,17,1,0
BRDA:119,18,0,0
BRDA:119,18,1,0
BRDA:122,19,0,0
BRDA:122,19,1,0
BRDA:130,20,0,0
BRDA:130,20,1,0
BRDA:154,21,0,0
BRDA:154,21,1,0
BRDA:163,22,0,0
BRDA:163,22,1,0
BRDA:171,23,0,0
BRDA:171,23,1,0
BRDA:174,24,0,0
BRDA:174,25,0,0
BRDA:174,26,0,0
BRDA:174,27,0,0
BRDA:175,28,0,0
BRDA:175,28,1,0
BRDA:180,29,0,0
BRDA:180,29,1,0
BRDA:195,30,0,0
BRDA:195,30,1,0
BRDA:195,31,0,0
BRDA:195,31,1,0
BRDA:196,32,0,0
BRDA:196,32,1,0
BRDA:203,33,0,0
BRDA:203,33,1,0
BRDA:217,34,0,0
BRDA:217,34,1,0
BRDA:217,35,0,0
BRDA:217,35,1,0
BRDA:234,36,0,0
BRDA:234,37,0,0
BRDA:236,38,0,0
BRDA:236,38,1,0
BRDA:238,39,0,0
BRDA:238,39,1,0
BRDA:251,40,0,0
BRDA:251,40,1,0
BRDA:264,41,0,0
BRDA:264,41,1,0
BRDA:277,42,0,0
BRDA:277,42,1,0
BRDA:299,43,0,0
BRDA:299,43,1,0
BRDA:300,44,0,0
BRDA:300,44,1,0
BRDA:301,45,0,0
BRDA:301,45,1,0
BRDA:302,46,0,0
BRDA:302,46,1,0
BRDA:312,47,0,0
BRDA:312,47,1,0
BRDA:312,48,0,0
BRDA:312,48,1,0
BRDA:324,49,0,0
BRDA:324,49,1,0
BRDA:324,50,0,0
BRDA:324,50,1,0
BRDA:334,51,0,0
BRDA:334,51,1,0
BRDA:348,52,0,0
BRDA:348,52,1,0
BRDA:348,53,0,0
BRDA:348,53,1,0
BRDA:349,54,0,0
BRDA:349,54,1,0
BRDA:356,55,0,0
BRDA:356,56,0,0
BRDA:358,57,0,0
BRDA:358,57,1,0
BRDA:360,58,0,0
BRDA:360,58,1,0
BRDA:369,59,0,0
BRDA:369,59,1,0
BRDA:380,60,0,0
BRDA:380,60,1,0
BRDA:389,61,0,0
BRDA:389,61,1,0
BRDA:409,62,0,0
BRDA:409,62,1,0
BRDA:410,63,0,0
BRDA:410,63,1,0
BRDA:411,64,0,0
BRDA:411,64,1,0
BRDA:412,65,0,0
BRDA:412,65,1,0
BRDA:423,66,0,0
BRDA:423,67,0,0
BRDA:430,68,0,0
BRDA:430,68,1,0
BRDA:432,69,0,0
BRDA:432,69,1,0
BRDA:433,70,0,0
BRDA:433,70,1,0
BRDA:440,71,0,0
BRDA:440,71,1,0
BRDA:444,72,0,0
BRDA:444,72,1,0
BRDA:445,73,0,0
BRDA:445,73,1,0
BRDA:454,74,0,0
BRDA:454,74,1,0
BRDA:458,75,0,0
BRDA:458,75,1,0
BRDA:459,76,0,0
BRDA:459,76,1,0
BRDA:466,77,0,0
BRDA:466,77,1,0
BRDA:470,78,0,0
BRDA:470,78,1,0
BRDA:471,79,0,0
BRDA:471,79,1,0
BRDA:487,80,0,0
BRDA:487,80,1,0
BRDA:502,81,0,0
BRDA:502,81,1,0
BRDA:511,82,0,0
BRDA:511,82,1,0
BRDA:520,83,0,0
BRDA:520,83,1,0
BRDA:529,84,0,0
BRDA:529,84,1,0
BRF:159
BRH:0
end_of_record
TN:
SF:src/services/db/hotelRestaurant.js
FN:7,getHotelGuest
FN:15,createHotelGuest
FN:29,listHotelGuests
FN:34,deleteHotelGuest
FN:39,getRestaurantPin
FN:47,createRestaurantPin
FN:61,incrementPinUsage
FN:72,listRestaurantPins
FN:77,deleteRestaurantPin
FNF:9
FNH:0
FNDA:0,getHotelGuest
FNDA:0,createHotelGuest
FNDA:0,listHotelGuests
FNDA:0,deleteHotelGuest
FNDA:0,getRestaurantPin
FNDA:0,createRestaurantPin
FNDA:0,incrementPinUsage
FNDA:0,listRestaurantPins
FNDA:0,deleteRestaurantPin
DA:3,0
DA:8,0
DA:12,0
DA:16,0
DA:17,0
DA:18,0
DA:26,0
DA:30,0
DA:31,0
DA:35,0
DA:36,0
DA:40,0
DA:44,0
DA:48,0
DA:49,0
DA:50,0
DA:51,0
DA:58,0
DA:62,0
DA:69,0
DA:73,0
DA:74,0
DA:78,0
DA:79,0
DA:82,0
LF:25
LH:0
BRDA:16,0,0,0
BRDA:16,0,1,0
BRDA:24,1,0,0
BRDA:24,1,1,0
BRDA:24,2,0,0
BRDA:24,2,1,0
BRDA:48,3,0,0
BRDA:48,3,1,0
BRDA:49,4,0,0
BRDA:49,4,1,0
BRDA:50,5,0,0
BRDA:50,5,1,0
BRF:12
BRH:0
end_of_record
TN:
SF:src/services/db/index.js
FNF:0
FNH:0
DA:3,0
DA:4,0
DA:5,0
DA:6,0
DA:7,0
DA:8,0
DA:9,0
DA:10,0
DA:11,0
DA:12,0
DA:13,0
DA:14,0
DA:16,0
LF:13
LH:0
BRF:0
BRH:0
end_of_record
TN:
SF:src/services/db/ldapDb.js
FN:5,listLdapGroupVlans
FN:10,createLdapGroupVlan
FN:18,deleteLdapGroupVlan
FN:23,getUsersLocalStatus
FNF:4
FNH:0
FNDA:0,listLdapGroupVlans
FNDA:0,createLdapGroupVlan
FNDA:0,deleteLdapGroupVlan
FNDA:0,getUsersLocalStatus
DA:3,0
DA:6,0
DA:7,0
DA:11,0
DA:15,0
DA:19,0
DA:20,0
DA:24,0
DA:25,0
DA:29,0
DA:32,0
LF:11
LH:0
BRDA:24,0,0,0
BRDA:24,0,1,0
BRDA:24,1,0,0
BRDA:24,1,1,0
BRF:4
BRH:0
end_of_record
TN:
SF:src/services/db/macBypass.js
FN:5,listMacBypass
FN:12,getMacBypassById
FN:20,getMacBypassByMac
FN:31,createMacBypass
FN:59,updateMacBypass
FN:85,bulkUpdateMacBypassPpsk
FN:122,updateMacBypassStatus
FN:130,deleteMacBypass
FNF:8
FNH:0
FNDA:0,listMacBypass
FNDA:0,getMacBypassById
FNDA:0,getMacBypassByMac
FNDA:0,createMacBypass
FNDA:0,updateMacBypass
FNDA:0,bulkUpdateMacBypassPpsk
FNDA:0,updateMacBypassStatus
FNDA:0,deleteMacBypass
DA:3,0
DA:6,0
DA:9,0
DA:13,0
DA:17,0
DA:21,0
DA:22,0
DA:23,0
DA:24,0
DA:28,0
DA:32,0
DA:33,0
DA:34,0
DA:35,0
DA:36,0
DA:38,0
DA:44,0
DA:45,0
DA:46,0
DA:47,0
DA:50,0
DA:51,0
DA:52,0
DA:53,0
DA:56,0
DA:60,0
DA:61,0
DA:62,0
DA:63,0
DA:65,0
DA:71,0
DA:72,0
DA:73,0
DA:74,0
DA:76,0
DA:77,0
DA:78,0
DA:79,0
DA:82,0
DA:86,0
DA:87,0
DA:88,0
DA:89,0
DA:90,0
DA:91,0
DA:92,0
DA:93,0
DA:94,0
DA:95,0
DA:98,0
DA:101,0
DA:102,0
DA:103,0
DA:104,0
DA:106,0
DA:107,0
DA:108,0
DA:109,0
DA:113,0
DA:115,0
DA:116,0
DA:118,0
DA:123,0
DA:127,0
DA:131,0
DA:132,0
DA:133,0
DA:134,0
DA:136,0
DA:140,0
DA:143,0
LF:71
LH:0
BRDA:17,0,0,0
BRDA:17,0,1,0
BRDA:21,1,0,0
BRDA:21,1,1,0
BRDA:28,2,0,0
BRDA:28,2,1,0
BRDA:32,3,0,0
BRDA:32,3,1,0
BRDA:34,4,0,0
BRDA:34,4,1,0
BRDA:35,5,0,0
BRDA:35,5,1,0
BRDA:36,6,0,0
BRDA:36,6,1,0
BRDA:40,7,0,0
BRDA:40,7,1,0
BRDA:50,8,0,0
BRDA:50,8,1,0
BRDA:61,9,0,0
BRDA:61,9,1,0
BRDA:62,10,0,0
BRDA:62,10,1,0
BRDA:63,11,0,0
BRDA:63,11,1,0
BRDA:67,12,0,0
BRDA:67,12,1,0
BRDA:76,13,0,0
BRDA:76,13,1,0
BRDA:86,14,0,0
BRDA:86,14,1,0
BRDA:92,15,0,0
BRDA:92,15,1,0
BRDA:106,16,0,0
BRDA:106,16,1,0
BRDA:125,17,0,0
BRDA:125,17,1,0
BRDA:132,18,0,0
BRDA:132,18,1,0
BRF:38
BRH:0
end_of_record
TN:
SF:src/services/db/pool.js
FN:7,getPool
FN:11,connect
FNF:2
FNH:0
FNDA:0,getPool
FNDA:0,connect
DA:3,0
DA:8,0
DA:12,0
DA:24,0
DA:25,0
DA:26,0
DA:34,0
DA:45,0
DA:57,0
DA:66,0
DA:78,0
DA:91,0
DA:106,0
DA:107,0
DA:108,0
DA:109,0
DA:110,0
DA:111,0
DA:112,0
DA:114,0
DA:119,0
DA:123,0
DA:124,0
DA:128,0
DA:132,0
DA:136,0
DA:142,0
DA:146,0
DA:147,0
DA:166,0
DA:169,0
DA:170,0
DA:173,0
LF:33
LH:0
BRDA:13,0,0,0
BRDA:13,0,1,0
BRDA:14,1,0,0
BRDA:14,1,1,0
BRDA:18,2,0,0
BRDA:18,2,1,0
BRDA:19,3,0,0
BRDA:19,3,1,0
BRDA:20,4,0,0
BRDA:20,4,1,0
BRDA:107,5,0,0
BRDA:107,5,1,0
BRDA:108,6,0,0
BRDA:108,6,1,0
BRF:14
BRH:0
end_of_record
TN:
SF:src/services/db/radiusDb.js
FN:10,listGroups
FN:24,(anonymous_1)
FN:27,(anonymous_2)
FN:32,(anonymous_3)
FN:42,addGroupAttribute
FN:54,deleteGroupAttribute
FN:61,deleteGroup
FNF:7
FNH:0
FNDA:0,listGroups
FNDA:0,(anonymous_1)
FNDA:0,(anonymous_2)
FNDA:0,(anonymous_3)
FNDA:0,addGroupAttribute
FNDA:0,deleteGroupAttribute
FNDA:0,deleteGroup
DA:3,0
DA:11,0
DA:15,0
DA:20,0
DA:23,0
DA:24,0
DA:26,0
DA:27,0
DA:28,0
DA:29,0
DA:32,0
DA:43,0
DA:48,0
DA:55,0
DA:62,0
DA:63,0
DA:64,0
DA:65,0
DA:66,0
DA:67,0
DA:68,0
DA:70,0
DA:71,0
DA:73,0
DA:77,0
LF:25
LH:0
BRDA:28,0,0,0
BRDA:28,0,1,0
BRDA:34,1,0,0
BRDA:34,1,1,0
BRDA:35,2,0,0
BRDA:35,2,1,0
BRF:6
BRH:0
end_of_record
TN:
SF:src/services/db/reports.js
FN:6,getUsersReport
FN:67,getConnectionsReport
FN:170,getConsolidatedConnectionsReport
FN:242,(anonymous_3)
FN:250,getDistinctSsids
FN:261,(anonymous_5)
FN:264,getAccessLogReport
FNF:7
FNH:0
FNDA:0,getUsersReport
FNDA:0,getConnectionsReport
FNDA:0,getConsolidatedConnectionsReport
FNDA:0,(anonymous_3)
FNDA:0,getDistinctSsids
FNDA:0,(anonymous_5)
FNDA:0,getAccessLogReport
DA:3,0
DA:4,0
DA:7,0
DA:13,0
DA:14,0
DA:16,0
DA:17,0
DA:18,0
DA:19,0
DA:22,0
DA:23,0
DA:24,0
DA:25,0
DA:28,0
DA:29,0
DA:30,0
DA:31,0
DA:35,0
DA:36,0
DA:37,0
DA:39,0
DA:40,0
DA:41,0
DA:42,0
DA:45,0
DA:46,0
DA:47,0
DA:48,0
DA:51,0
DA:52,0
DA:53,0
DA:54,0
DA:57,0
DA:59,0
DA:60,0
DA:62,0
DA:64,0
DA:68,0
DA:90,0
DA:91,0
DA:93,0
DA:94,0
DA:95,0
DA:96,0
DA:99,0
DA:100,0
DA:101,0
DA:102,0
DA:105,0
DA:106,0
DA:107,0
DA:108,0
DA:111,0
DA:112,0
DA:113,0
DA:114,0
DA:119,0
DA:120,0
DA:122,0
DA:123,0
DA:136,0
DA:137,0
DA:139,0
DA:142,0
DA:143,0
DA:144,0
DA:145,0
DA:148,0
DA:149,0
DA:150,0
DA:151,0
DA:154,0
DA:155,0
DA:156,0
DA:157,0
DA:160,0
DA:162,0
DA:163,0
DA:165,0
DA:167,0
DA:171,0
DA:206,0
DA:207,0
DA:209,0
DA:210,0
DA:211,0
DA:212,0
DA:215,0
DA:216,0
DA:217,0
DA:218,0
DA:221,0
DA:222,0
DA:223,0
DA:224,0
DA:227,0
DA:228,0
DA:229,0
DA:230,0
DA:233,0
DA:235,0
DA:236,0
DA:238,0
DA:239,0
DA:241,0
DA:242,0
DA:247,0
DA:251,0
DA:261,0
DA:265,0
DA:271,0
DA:272,0
DA:274,0
DA:275,0
DA:276,0
DA:277,0
DA:280,0
DA:281,0
DA:282,0
DA:283,0
DA:286,0
DA:287,0
DA:288,0
DA:289,0
DA:293,0
DA:294,0
DA:296,0
DA:297,0
DA:299,0
DA:301,0
DA:304,0
LF:131
LH:0
BRDA:6,0,0,0
BRDA:6,1,0,0
BRDA:6,2,0,0
BRDA:6,3,0,0
BRDA:16,4,0,0
BRDA:16,4,1,0
BRDA:22,5,0,0
BRDA:22,5,1,0
BRDA:28,6,0,0
BRDA:28,6,1,0
BRDA:39,7,0,0
BRDA:39,7,1,0
BRDA:45,8,0,0
BRDA:45,8,1,0
BRDA:51,9,0,0
BRDA:51,9,1,0
BRDA:67,10,0,0
BRDA:67,11,0,0
BRDA:67,12,0,0
BRDA:67,13,0,0
BRDA:67,14,0,0
BRDA:93,15,0,0
BRDA:93,15,1,0
BRDA:99,16,0,0
BRDA:99,16,1,0
BRDA:105,17,0,0
BRDA:105,17,1,0
BRDA:111,18,0,0
BRDA:111,18,1,0
BRDA:122,19,0,0
BRDA:122,19,1,0
BRDA:142,20,0,0
BRDA:142,20,1,0
BRDA:148,21,0,0
BRDA:148,21,1,0
BRDA:154,22,0,0
BRDA:154,22,1,0
BRDA:170,23,0,0
BRDA:170,24,0,0
BRDA:170,25,0,0
BRDA:170,26,0,0
BRDA:170,27,0,0
BRDA:209,28,0,0
BRDA:209,28,1,0
BRDA:215,29,0,0
BRDA:215,29,1,0
BRDA:221,30,0,0
BRDA:221,30,1,0
BRDA:227,31,0,0
BRDA:227,31,1,0
BRDA:264,32,0,0
BRDA:264,33,0,0
BRDA:264,34,0,0
BRDA:264,35,0,0
BRDA:274,36,0,0
BRDA:274,36,1,0
BRDA:280,37,0,0
BRDA:280,37,1,0
BRDA:286,38,0,0
BRDA:286,38,1,0
BRF:60
BRH:0
end_of_record
TN:
SF:src/services/db/stats.js
FN:8,cleanVendorName
FN:36,getStats
FN:109,(anonymous_2)
FN:110,(anonymous_3)
FN:119,(anonymous_4)
FNF:5
FNH:0
FNDA:0,cleanVendorName
FNDA:0,getStats
FNDA:0,(anonymous_2)
FNDA:0,(anonymous_3)
FNDA:0,(anonymous_4)
DA:3,0
DA:4,0
DA:9,0
DA:10,0
DA:11,0
DA:12,0
DA:13,0
DA:14,0
DA:15,0
DA:16,0
DA:17,0
DA:18,0
DA:19,0
DA:20,0
DA:21,0
DA:22,0
DA:23,0
DA:24,0
DA:25,0
DA:26,0
DA:27,0
DA:28,0
DA:29,0
DA:30,0
DA:31,0
DA:33,0
DA:37,0
DA:100,0
DA:101,0
DA:102,0
DA:103,0
DA:104,0
DA:105,0
DA:108,0
DA:109,0
DA:110,0
DA:113,0
DA:119,0
DA:130,0
LF:39
LH:0
BRDA:9,0,0,0
BRDA:9,0,1,0
BRDA:11,1,0,0
BRDA:11,1,1,0
BRDA:12,2,0,0
BRDA:12,2,1,0
BRDA:13,3,0,0
BRDA:13,3,1,0
BRDA:14,4,0,0
BRDA:14,4,1,0
BRDA:14,5,0,0
BRDA:14,5,1,0
BRDA:14,5,2,0
BRDA:15,6,0,0
BRDA:15,6,1,0
BRDA:15,7,0,0
BRDA:15,7,1,0
BRDA:16,8,0,0
BRDA:16,8,1,0
BRDA:16,9,0,0
BRDA:16,9,1,0
BRDA:17,10,0,0
BRDA:17,10,1,0
BRDA:18,11,0,0
BRDA:18,11,1,0
BRDA:18,12,0,0
BRDA:18,12,1,0
BRDA:19,13,0,0
BRDA:19,13,1,0
BRDA:19,14,0,0
BRDA:19,14,1,0
BRDA:20,15,0,0
BRDA:20,15,1,0
BRDA:21,16,0,0
BRDA:21,16,1,0
BRDA:22,17,0,0
BRDA:22,17,1,0
BRDA:23,18,0,0
BRDA:23,18,1,0
BRDA:24,19,0,0
BRDA:24,19,1,0
BRDA:25,20,0,0
BRDA:25,20,1,0
BRDA:26,21,0,0
BRDA:26,21,1,0
BRDA:27,22,0,0
BRDA:27,22,1,0
BRDA:28,23,0,0
BRDA:28,23,1,0
BRDA:29,24,0,0
BRDA:29,24,1,0
BRDA:30,25,0,0
BRDA:30,25,1,0
BRDA:30,26,0,0
BRDA:30,26,1,0
BRDA:31,27,0,0
BRDA:31,27,1,0
BRDA:102,28,0,0
BRDA:102,28,1,0
BRDA:105,29,0,0
BRDA:105,29,1,0
BRDA:122,30,0,0
BRDA:122,30,1,0
BRDA:125,31,0,0
BRDA:125,31,1,0
BRDA:126,32,0,0
BRDA:126,32,1,0
BRF:67
BRH:0
end_of_record
TN:
SF:src/services/db/users.js
FN:10,userExists
FN:22,getUserByCedula
FN:35,createUser
FN:82,updateTermsAcceptance
FN:95,updateUserType
FN:124,bulkUpdateUserType
FN:162,listUsers
FN:260,(anonymous_7)
FN:271,getUserDetail
FN:307,setUserActive
FN:344,bulkDeleteUsers
FN:396,bulkUpdateUserActive
FN:440,deleteUser
FN:494,setUserGroups
FN:515,setUserMaxDevices
FNF:15
FNH:0
FNDA:0,userExists
FNDA:0,getUserByCedula
FNDA:0,createUser
FNDA:0,updateTermsAcceptance
FNDA:0,updateUserType
FNDA:0,bulkUpdateUserType
FNDA:0,listUsers
FNDA:0,(anonymous_7)
FNDA:0,getUserDetail
FNDA:0,setUserActive
FNDA:0,bulkDeleteUsers
FNDA:0,bulkUpdateUserActive
FNDA:0,deleteUser
FNDA:0,setUserGroups
FNDA:0,setUserMaxDevices
DA:3,0
DA:4,0
DA:11,0
DA:15,0
DA:23,0
DA:27,0
DA:36,0
DA:37,0
DA:39,0
DA:40,0
DA:43,0
DA:50,0
DA:53,0
DA:60,0
DA:61,0
DA:68,0
DA:69,0
DA:70,0
DA:72,0
DA:73,0
DA:75,0
DA:83,0
DA:84,0
DA:91,0
DA:96,0
DA:97,0
DA:98,0
DA:99,0
DA:103,0
DA:106,0
DA:111,0
DA:115,0
DA:117,0
DA:118,0
DA:120,0
DA:125,0
DA:126,0
DA:127,0
DA:128,0
DA:129,0
DA:133,0
DA:136,0
DA:142,0
DA:143,0
DA:148,0
DA:150,0
DA:151,0
DA:153,0
DA:172,0
DA:173,0
DA:174,0
DA:175,0
DA:178,0
DA:183,0
DA:184,0
DA:187,0
DA:201,0
DA:202,0
DA:205,0
DA:206,0
DA:217,0
DA:218,0
DA:219,0
DA:223,0
DA:224,0
DA:225,0
DA:226,0
DA:228,0
DA:229,0
DA:230,0
DA:231,0
DA:235,0
DA:236,0
DA:237,0
DA:238,0
DA:239,0
DA:240,0
DA:241,0
DA:242,0
DA:246,0
DA:249,0
DA:250,0
DA:251,0
DA:252,0
DA:254,0
DA:259,0
DA:260,0
DA:272,0
DA:295,0
DA:296,0
DA:308,0
DA:309,0
DA:310,0
DA:311,0
DA:315,0
DA:317,0
DA:321,0
DA:322,0
DA:330,0
DA:335,0
DA:337,0
DA:338,0
DA:340,0
DA:345,0
DA:346,0
DA:347,0
DA:348,0
DA:350,0
DA:352,0
DA:356,0
DA:357,0
DA:358,0
DA:359,0
DA:360,0
DA:364,0
DA:370,0
DA:376,0
DA:383,0
DA:384,0
DA:385,0
DA:386,0
DA:387,0
DA:389,0
DA:390,0
DA:392,0
DA:397,0
DA:398,0
DA:399,0
DA:400,0
DA:401,0
DA:406,0
DA:408,0
DA:412,0
DA:413,0
DA:422,0
DA:428,0
DA:430,0
DA:431,0
DA:433,0
DA:441,0
DA:442,0
DA:443,0
DA:445,0
DA:447,0
DA:451,0
DA:452,0
DA:453,0
DA:454,0
DA:455,0
DA:459,0
DA:465,0
DA:471,0
DA:478,0
DA:479,0
DA:480,0
DA:481,0
DA:482,0
DA:484,0
DA:485,0
DA:487,0
DA:496,0
DA:497,0
DA:498,0
DA:499,0
DA:500,0
DA:501,0
DA:506,0
DA:508,0
DA:509,0
DA:511,0
DA:516,0
DA:522,0
LF:172
LH:0
BRDA:27,0,0,0
BRDA:27,0,1,0
BRDA:35,1,0,0
BRDA:47,2,0,0
BRDA:47,2,1,0
BRDA:47,3,0,0
BRDA:47,3,1,0
BRDA:60,4,0,0
BRDA:60,4,1,0
BRDA:88,5,0,0
BRDA:88,5,1,0
BRDA:103,6,0,0
BRDA:103,6,1,0
BRDA:125,7,0,0
BRDA:125,7,1,0
BRDA:125,8,0,0
BRDA:125,8,1,0
BRDA:133,9,0,0
BRDA:133,9,1,0
BRDA:162,10,0,0
BRDA:163,11,0,0
BRDA:164,12,0,0
BRDA:165,13,0,0
BRDA:166,14,0,0
BRDA:167,15,0,0
BRDA:168,16,0,0
BRDA:169,17,0,0
BRDA:170,18,0,0
BRDA:172,19,0,0
BRDA:172,19,1,0
BRDA:183,20,0,0
BRDA:183,20,1,0
BRDA:184,21,0,0
BRDA:184,21,1,0
BRDA:205,22,0,0
BRDA:205,22,1,0
BRDA:223,23,0,0
BRDA:223,23,1,0
BRDA:228,24,0,0
BRDA:228,24,1,0
BRDA:235,25,0,0
BRDA:235,25,1,0
BRDA:237,26,0,0
BRDA:237,26,1,0
BRDA:239,27,0,0
BRDA:239,27,1,0
BRDA:241,28,0,0
BRDA:241,28,1,0
BRDA:262,29,0,0
BRDA:262,29,1,0
BRDA:295,30,0,0
BRDA:295,30,1,0
BRDA:315,31,0,0
BRDA:315,31,1,0
BRDA:321,32,0,0
BRDA:321,32,1,0
BRDA:344,33,0,0
BRDA:345,34,0,0
BRDA:345,34,1,0
BRDA:345,35,0,0
BRDA:345,35,1,0
BRDA:350,36,0,0
BRDA:350,36,1,0
BRDA:397,37,0,0
BRDA:397,37,1,0
BRDA:397,38,0,0
BRDA:397,38,1,0
BRDA:406,39,0,0
BRDA:406,39,1,0
BRDA:440,40,0,0
BRDA:445,41,0,0
BRDA:445,41,1,0
BRDA:503,42,0,0
BRDA:503,42,1,0
BRDA:518,43,0,0
BRDA:518,43,1,0
BRDA:518,44,0,0
BRDA:518,44,1,0
BRF:78
BRH:0
end_of_record
